<?xml version="1.0" encoding="UTF-8"?>
<coverage generated="1779309936240" clover="3.2.0">
  <project timestamp="1779309936240" name="All files">
    <metrics statements="737" coveredstatements="333" conditionals="719" coveredconditionals="286" methods="201" coveredmethods="93" elements="1657" coveredelements="712" complexity="0" loc="737" ncloc="737" packages="21" files="77" classes="77"/>
    <package name="components.loads">
      <metrics statements="47" coveredstatements="0" conditionals="93" coveredconditionals="0" methods="12" coveredmethods="0"/>
      <file name="DriverActionBar.tsx" path="C:\Users\ariel\OneDrive\Escritorio\RECRUITING_SMARTER___BRASIL\proyecto_PP2_app_mobile\components\loads\DriverActionBar.tsx">
        <metrics statements="27" coveredstatements="0" conditionals="15" coveredconditionals="0" methods="4" coveredmethods="0"/>
        <line num="28" count="0" type="stmt"/>
        <line num="29" count="0" type="stmt"/>
        <line num="30" count="0" type="stmt"/>
        <line num="32" count="0" type="stmt"/>
        <line num="33" count="0" type="stmt"/>
        <line num="35" count="0" type="stmt"/>
        <line num="36" count="0" type="cond" truecount="0" falsecount="2"/>
        <line num="37" count="0" type="stmt"/>
        <line num="38" count="0" type="stmt"/>
        <line num="40" count="0" type="cond" truecount="0" falsecount="2"/>
        <line num="41" count="0" type="stmt"/>
        <line num="46" count="0" type="stmt"/>
        <line num="48" count="0" type="stmt"/>
        <line num="49" count="0" type="stmt"/>
        <line num="50" count="0" type="stmt"/>
        <line num="51" count="0" type="stmt"/>
        <line num="52" count="0" type="stmt"/>
        <line num="53" count="0" type="stmt"/>
        <line num="57" count="0" type="stmt"/>
        <line num="59" count="0" type="stmt"/>
        <line num="63" count="0" type="cond" truecount="0" falsecount="2"/>
        <line num="64" count="0" type="stmt"/>
        <line num="74" count="0" type="stmt"/>
        <line num="93" count="0" type="stmt"/>
        <line num="94" count="0" type="stmt"/>
        <line num="101" count="0" type="stmt"/>
        <line num="114" count="0" type="stmt"/>
      </file>
      <file name="LoadDetailContent.tsx" path="C:\Users\ariel\OneDrive\Escritorio\RECRUITING_SMARTER___BRASIL\proyecto_PP2_app_mobile\components\loads\LoadDetailContent.tsx">
        <metrics statements="3" coveredstatements="0" conditionals="58" coveredconditionals="0" methods="2" coveredmethods="0"/>
        <line num="37" count="0" type="stmt"/>
        <line num="53" count="0" type="stmt"/>
        <line num="209" count="0" type="stmt"/>
      </file>
      <file name="LoadDetailRow.tsx" path="C:\Users\ariel\OneDrive\Escritorio\RECRUITING_SMARTER___BRASIL\proyecto_PP2_app_mobile\components\loads\LoadDetailRow.tsx">
        <metrics statements="3" coveredstatements="0" conditionals="2" coveredconditionals="0" methods="2" coveredmethods="0"/>
        <line num="12" count="0" type="stmt"/>
        <line num="21" count="0" type="stmt"/>
        <line num="24" count="0" type="stmt"/>
      </file>
      <file name="LoadListItem.tsx" path="C:\Users\ariel\OneDrive\Escritorio\RECRUITING_SMARTER___BRASIL\proyecto_PP2_app_mobile\components\loads\LoadListItem.tsx">
        <metrics statements="4" coveredstatements="0" conditionals="12" coveredconditionals="0" methods="2" coveredmethods="0"/>
        <line num="15" count="0" type="stmt"/>
        <line num="17" count="0" type="stmt"/>
        <line num="20" count="0" type="stmt"/>
        <line num="47" count="0" type="stmt"/>
      </file>
      <file name="LoadsCountBadge.tsx" path="C:\Users\ariel\OneDrive\Escritorio\RECRUITING_SMARTER___BRASIL\proyecto_PP2_app_mobile\components\loads\LoadsCountBadge.tsx">
        <metrics statements="2" coveredstatements="0" conditionals="0" coveredconditionals="0" methods="1" coveredmethods="0"/>
        <line num="10" count="0" type="stmt"/>
        <line num="17" count="0" type="stmt"/>
      </file>
      <file name="LoadsListFooter.tsx" path="C:\Users\ariel\OneDrive\Escritorio\RECRUITING_SMARTER___BRASIL\proyecto_PP2_app_mobile\components\loads\LoadsListFooter.tsx">
        <metrics statements="8" coveredstatements="0" conditionals="6" coveredconditionals="0" methods="1" coveredmethods="0"/>
        <line num="22" count="0" type="cond" truecount="0" falsecount="2"/>
        <line num="23" count="0" type="stmt"/>
        <line num="31" count="0" type="cond" truecount="0" falsecount="2"/>
        <line num="32" count="0" type="stmt"/>
        <line num="35" count="0" type="cond" truecount="0" falsecount="2"/>
        <line num="36" count="0" type="stmt"/>
        <line num="44" count="0" type="stmt"/>
        <line num="51" count="0" type="stmt"/>
      </file>
    </package>
    <package name="components.ui">
      <metrics statements="32" coveredstatements="2" conditionals="61" coveredconditionals="2" methods="12" coveredmethods="1"/>
      <file name="Button.tsx" path="C:\Users\ariel\OneDrive\Escritorio\RECRUITING_SMARTER___BRASIL\proyecto_PP2_app_mobile\components\ui\Button.tsx">
        <metrics statements="6" coveredstatements="0" conditionals="19" coveredconditionals="0" methods="2" coveredmethods="0"/>
        <line num="13" count="0" type="stmt"/>
        <line num="40" count="0" type="cond" truecount="0" falsecount="2"/>
        <line num="42" count="0" type="cond" truecount="0" falsecount="2"/>
        <line num="50" count="0" type="stmt"/>
        <line num="56" count="0" type="stmt"/>
        <line num="73" count="0" type="stmt"/>
      </file>
      <file name="Card.tsx" path="C:\Users\ariel\OneDrive\Escritorio\RECRUITING_SMARTER___BRASIL\proyecto_PP2_app_mobile\components\ui\Card.tsx">
        <metrics statements="4" coveredstatements="0" conditionals="7" coveredconditionals="0" methods="1" coveredmethods="0"/>
        <line num="6" count="0" type="stmt"/>
        <line num="17" count="0" type="stmt"/>
        <line num="18" count="0" type="stmt"/>
        <line num="28" count="0" type="stmt"/>
      </file>
      <file name="EmptyState.tsx" path="C:\Users\ariel\OneDrive\Escritorio\RECRUITING_SMARTER___BRASIL\proyecto_PP2_app_mobile\components\ui\EmptyState.tsx">
        <metrics statements="2" coveredstatements="0" conditionals="1" coveredconditionals="0" methods="1" coveredmethods="0"/>
        <line num="17" count="0" type="stmt"/>
        <line num="26" count="0" type="stmt"/>
      </file>
      <file name="ErrorBanner.tsx" path="C:\Users\ariel\OneDrive\Escritorio\RECRUITING_SMARTER___BRASIL\proyecto_PP2_app_mobile\components\ui\ErrorBanner.tsx">
        <metrics statements="4" coveredstatements="0" conditionals="8" coveredconditionals="0" methods="3" coveredmethods="0"/>
        <line num="20" count="0" type="stmt"/>
        <line num="25" count="0" type="stmt"/>
        <line num="35" count="0" type="cond" truecount="0" falsecount="2"/>
        <line num="43" count="0" type="stmt"/>
      </file>
      <file name="Input.tsx" path="C:\Users\ariel\OneDrive\Escritorio\RECRUITING_SMARTER___BRASIL\proyecto_PP2_app_mobile\components\ui\Input.tsx">
        <metrics statements="4" coveredstatements="0" conditionals="11" coveredconditionals="0" methods="1" coveredmethods="0"/>
        <line num="5" count="0" type="stmt"/>
        <line num="16" count="0" type="stmt"/>
        <line num="17" count="0" type="stmt"/>
        <line num="35" count="0" type="stmt"/>
      </file>
      <file name="Screen.tsx" path="C:\Users\ariel\OneDrive\Escritorio\RECRUITING_SMARTER___BRASIL\proyecto_PP2_app_mobile\components\ui\Screen.tsx">
        <metrics statements="7" coveredstatements="0" conditionals="10" coveredconditionals="0" methods="1" coveredmethods="0"/>
        <line num="7" count="0" type="stmt"/>
        <line num="25" count="0" type="cond" truecount="0" falsecount="2"/>
        <line num="26" count="0" type="cond" truecount="0" falsecount="2"/>
        <line num="28" count="0" type="cond" truecount="0" falsecount="2"/>
        <line num="30" count="0" type="cond" truecount="0" falsecount="2"/>
        <line num="40" count="0" type="stmt"/>
        <line num="47" count="0" type="stmt"/>
      </file>
      <file name="ScreenState.tsx" path="C:\Users\ariel\OneDrive\Escritorio\RECRUITING_SMARTER___BRASIL\proyecto_PP2_app_mobile\components\ui\ScreenState.tsx">
        <metrics statements="3" coveredstatements="0" conditionals="3" coveredconditionals="0" methods="2" coveredmethods="0"/>
        <line num="27" count="0" type="stmt"/>
        <line num="49" count="0" type="stmt"/>
        <line num="57" count="0" type="stmt"/>
      </file>
      <file name="StatusBadge.tsx" path="C:\Users\ariel\OneDrive\Escritorio\RECRUITING_SMARTER___BRASIL\proyecto_PP2_app_mobile\components\ui\StatusBadge.tsx">
        <metrics statements="2" coveredstatements="2" conditionals="2" coveredconditionals="2" methods="1" coveredmethods="1"/>
        <line num="13" count="2" type="stmt"/>
        <line num="27" count="1" type="stmt"/>
      </file>
    </package>
    <package name="context">
      <metrics statements="79" coveredstatements="14" conditionals="21" coveredconditionals="1" methods="23" coveredmethods="5"/>
      <file name="AuthContext.tsx" path="C:\Users\ariel\OneDrive\Escritorio\RECRUITING_SMARTER___BRASIL\proyecto_PP2_app_mobile\context\AuthContext.tsx">
        <metrics statements="56" coveredstatements="1" conditionals="14" coveredconditionals="0" methods="11" coveredmethods="0"/>
        <line num="39" count="4" type="stmt"/>
        <line num="42" count="0" type="stmt"/>
        <line num="43" count="0" type="stmt"/>
        <line num="44" count="0" type="stmt"/>
        <line num="45" count="0" type="stmt"/>
        <line num="47" count="0" type="stmt"/>
        <line num="48" count="0" type="stmt"/>
        <line num="49" count="0" type="stmt"/>
        <line num="50" count="0" type="stmt"/>
        <line num="51" count="0" type="stmt"/>
        <line num="54" count="0" type="stmt"/>
        <line num="55" count="0" type="stmt"/>
        <line num="56" count="0" type="stmt"/>
        <line num="60" count="0" type="cond" truecount="0" falsecount="2"/>
        <line num="61" count="0" type="stmt"/>
        <line num="62" count="0" type="stmt"/>
        <line num="64" count="0" type="stmt"/>
        <line num="67" count="0" type="stmt"/>
        <line num="68" count="0" type="stmt"/>
        <line num="69" count="0" type="stmt"/>
        <line num="70" count="0" type="stmt"/>
        <line num="74" count="0" type="cond" truecount="0" falsecount="2"/>
        <line num="75" count="0" type="stmt"/>
        <line num="76" count="0" type="stmt"/>
        <line num="78" count="0" type="stmt"/>
        <line num="81" count="0" type="stmt"/>
        <line num="82" count="0" type="stmt"/>
        <line num="83" count="0" type="stmt"/>
        <line num="84" count="0" type="stmt"/>
        <line num="85" count="0" type="stmt"/>
        <line num="88" count="0" type="stmt"/>
        <line num="89" count="0" type="stmt"/>
        <line num="90" count="0" type="stmt"/>
        <line num="92" count="0" type="stmt"/>
        <line num="93" count="0" type="stmt"/>
        <line num="94" count="0" type="cond" truecount="0" falsecount="2"/>
        <line num="95" count="0" type="stmt"/>
        <line num="96" count="0" type="stmt"/>
        <line num="97" count="0" type="stmt"/>
        <line num="100" count="0" type="stmt"/>
        <line num="102" count="0" type="stmt"/>
        <line num="103" count="0" type="cond" truecount="0" falsecount="2"/>
        <line num="104" count="0" type="stmt"/>
        <line num="105" count="0" type="stmt"/>
        <line num="106" count="0" type="cond" truecount="0" falsecount="2"/>
        <line num="107" count="0" type="stmt"/>
        <line num="111" count="0" type="stmt"/>
        <line num="112" count="0" type="stmt"/>
        <line num="113" count="0" type="stmt"/>
        <line num="117" count="0" type="stmt"/>
        <line num="118" count="0" type="stmt"/>
        <line num="142" count="0" type="stmt"/>
        <line num="146" count="0" type="stmt"/>
        <line num="147" count="0" type="cond" truecount="0" falsecount="2"/>
        <line num="148" count="0" type="stmt"/>
        <line num="150" count="0" type="stmt"/>
      </file>
      <file name="LoadsContext.tsx" path="C:\Users\ariel\OneDrive\Escritorio\RECRUITING_SMARTER___BRASIL\proyecto_PP2_app_mobile\context\LoadsContext.tsx">
        <metrics statements="23" coveredstatements="13" conditionals="7" coveredconditionals="1" methods="12" coveredmethods="5"/>
        <line num="20" count="2" type="stmt"/>
        <line num="29" count="9" type="stmt"/>
        <line num="31" count="9" type="stmt"/>
        <line num="32" count="9" type="stmt"/>
        <line num="36" count="9" type="stmt"/>
        <line num="37" count="0" type="stmt"/>
        <line num="38" count="0" type="cond" truecount="0" falsecount="2"/>
        <line num="42" count="9" type="stmt"/>
        <line num="43" count="0" type="stmt"/>
        <line num="46" count="9" type="stmt"/>
        <line num="47" count="0" type="stmt"/>
        <line num="48" count="0" type="stmt"/>
        <line num="49" count="0" type="cond" truecount="0" falsecount="2"/>
        <line num="50" count="0" type="stmt"/>
        <line num="51" count="0" type="stmt"/>
        <line num="52" count="0" type="stmt"/>
        <line num="56" count="9" type="stmt"/>
        <line num="57" count="9" type="stmt"/>
        <line num="67" count="9" type="stmt"/>
        <line num="71" count="9" type="stmt"/>
        <line num="72" count="9" type="cond" truecount="1" falsecount="1"/>
        <line num="73" count="0" type="stmt"/>
        <line num="75" count="9" type="stmt"/>
      </file>
    </package>
    <package name="hooks">
      <metrics statements="88" coveredstatements="51" conditionals="83" coveredconditionals="51" methods="19" coveredmethods="8"/>
      <file name="useAssignedLoadsQuery.ts" path="C:\Users\ariel\OneDrive\Escritorio\RECRUITING_SMARTER___BRASIL\proyecto_PP2_app_mobile\hooks\useAssignedLoadsQuery.ts">
        <metrics statements="33" coveredstatements="28" conditionals="29" coveredconditionals="24" methods="8" coveredmethods="6"/>
        <line num="33" count="8" type="stmt"/>
        <line num="34" count="8" type="stmt"/>
        <line num="35" count="8" type="stmt"/>
        <line num="37" count="8" type="cond" truecount="1" falsecount="1"/>
        <line num="38" count="8" type="stmt"/>
        <line num="45" count="8" type="stmt"/>
        <line num="53" count="8" type="stmt"/>
        <line num="59" count="4" type="stmt"/>
        <line num="62" count="4" type="cond" truecount="2" falsecount="0"/>
        <line num="63" count="1" type="stmt"/>
        <line num="65" count="3" type="stmt"/>
        <line num="68" count="12" type="cond" truecount="2" falsecount="0"/>
        <line num="71" count="8" type="stmt"/>
        <line num="72" count="7" type="cond" truecount="2" falsecount="0"/>
        <line num="73" count="7" type="stmt"/>
        <line num="76" count="8" type="stmt"/>
        <line num="77" count="8" type="cond" truecount="2" falsecount="0"/>
        <line num="78" count="8" type="cond" truecount="2" falsecount="0"/>
        <line num="80" count="8" type="stmt"/>
        <line num="81" count="0" type="cond" truecount="0" falsecount="2"/>
        <line num="82" count="0" type="stmt"/>
        <line num="84" count="0" type="stmt"/>
        <line num="87" count="8" type="stmt"/>
        <line num="88" count="0" type="stmt"/>
        <line num="91" count="8" type="stmt"/>
        <line num="93" count="8" type="stmt"/>
        <line num="94" count="1" type="cond" truecount="3" falsecount="1"/>
        <line num="95" count="0" type="stmt"/>
        <line num="97" count="1" type="stmt"/>
        <line num="101" count="8" type="cond" truecount="5" falsecount="0"/>
        <line num="105" count="8" type="cond" truecount="1" falsecount="1"/>
        <line num="108" count="8" type="cond" truecount="4" falsecount="0"/>
        <line num="110" count="8" type="stmt"/>
      </file>
      <file name="useAuth.ts" path="C:\Users\ariel\OneDrive\Escritorio\RECRUITING_SMARTER___BRASIL\proyecto_PP2_app_mobile\hooks\useAuth.ts">
        <metrics statements="0" coveredstatements="0" conditionals="0" coveredconditionals="0" methods="0" coveredmethods="0"/>
      </file>
      <file name="useDriverLoadsRealtime.ts" path="C:\Users\ariel\OneDrive\Escritorio\RECRUITING_SMARTER___BRASIL\proyecto_PP2_app_mobile\hooks\useDriverLoadsRealtime.ts">
        <metrics statements="20" coveredstatements="0" conditionals="14" coveredconditionals="0" methods="6" coveredmethods="0"/>
        <line num="16" count="0" type="stmt"/>
        <line num="17" count="0" type="stmt"/>
        <line num="18" count="0" type="stmt"/>
        <line num="19" count="0" type="cond" truecount="0" falsecount="2"/>
        <line num="20" count="0" type="stmt"/>
        <line num="22" count="0" type="stmt"/>
        <line num="23" count="0" type="cond" truecount="0" falsecount="6"/>
        <line num="24" count="0" type="stmt"/>
        <line num="27" count="0" type="stmt"/>
        <line num="28" count="0" type="stmt"/>
        <line num="34" count="0" type="stmt"/>
        <line num="35" count="0" type="stmt"/>
        <line num="36" count="0" type="stmt"/>
        <line num="40" count="0" type="stmt"/>
        <line num="41" count="0" type="cond" truecount="0" falsecount="4"/>
        <line num="43" count="0" type="stmt"/>
        <line num="44" count="0" type="cond" truecount="0" falsecount="2"/>
        <line num="45" count="0" type="stmt"/>
        <line num="49" count="0" type="stmt"/>
        <line num="50" count="0" type="stmt"/>
      </file>
      <file name="useDriverStatusChange.ts" path="C:\Users\ariel\OneDrive\Escritorio\RECRUITING_SMARTER___BRASIL\proyecto_PP2_app_mobile\hooks\useDriverStatusChange.ts">
        <metrics statements="9" coveredstatements="0" conditionals="6" coveredconditionals="0" methods="2" coveredmethods="0"/>
        <line num="14" count="0" type="stmt"/>
        <line num="15" count="0" type="stmt"/>
        <line num="16" count="0" type="stmt"/>
        <line num="18" count="0" type="stmt"/>
        <line num="20" count="0" type="cond" truecount="0" falsecount="4"/>
        <line num="22" count="0" type="stmt"/>
        <line num="23" count="0" type="cond" truecount="0" falsecount="2"/>
        <line num="24" count="0" type="stmt"/>
        <line num="30" count="0" type="stmt"/>
      </file>
      <file name="useLoadDetailQuery.ts" path="C:\Users\ariel\OneDrive\Escritorio\RECRUITING_SMARTER___BRASIL\proyecto_PP2_app_mobile\hooks\useLoadDetailQuery.ts">
        <metrics statements="26" coveredstatements="23" conditionals="34" coveredconditionals="27" methods="3" coveredmethods="2"/>
        <line num="29" count="9" type="stmt"/>
        <line num="30" count="9" type="stmt"/>
        <line num="31" count="9" type="stmt"/>
        <line num="32" count="9" type="stmt"/>
        <line num="34" count="9" type="cond" truecount="1" falsecount="1"/>
        <line num="35" count="9" type="cond" truecount="1" falsecount="1"/>
        <line num="37" count="9" type="stmt"/>
        <line num="45" count="9" type="cond" truecount="2" falsecount="0"/>
        <line num="53" count="9" type="stmt"/>
        <line num="58" count="4" type="stmt"/>
        <line num="63" count="4" type="cond" truecount="2" falsecount="0"/>
        <line num="64" count="1" type="stmt"/>
        <line num="66" count="3" type="stmt"/>
        <line num="70" count="9" type="stmt"/>
        <line num="71" count="0" type="cond" truecount="0" falsecount="4"/>
        <line num="72" count="0" type="stmt"/>
        <line num="74" count="0" type="stmt"/>
        <line num="77" count="9" type="stmt"/>
        <line num="78" count="9" type="stmt"/>
        <line num="81" count="9" type="cond" truecount="6" falsecount="0"/>
        <line num="86" count="9" type="stmt"/>
        <line num="87" count="9" type="cond" truecount="2" falsecount="0"/>
        <line num="88" count="9" type="cond" truecount="3" falsecount="0"/>
        <line num="90" count="9" type="cond" truecount="4" falsecount="0"/>
        <line num="93" count="9" type="cond" truecount="5" falsecount="0"/>
        <line num="99" count="9" type="stmt"/>
      </file>
      <file name="useProfile.ts" path="C:\Users\ariel\OneDrive\Escritorio\RECRUITING_SMARTER___BRASIL\proyecto_PP2_app_mobile\hooks\useProfile.ts">
        <metrics statements="0" coveredstatements="0" conditionals="0" coveredconditionals="0" methods="0" coveredmethods="0"/>
      </file>
    </package>
    <package name="hooks.testing">
      <metrics statements="9" coveredstatements="9" conditionals="7" coveredconditionals="6" methods="5" coveredmethods="4"/>
      <file name="hooks-test-utils.tsx" path="C:\Users\ariel\OneDrive\Escritorio\RECRUITING_SMARTER___BRASIL\proyecto_PP2_app_mobile\hooks\testing\hooks-test-utils.tsx">
        <metrics statements="9" coveredstatements="9" conditionals="7" coveredconditionals="6" methods="5" coveredmethods="4"/>
        <line num="9" count="2" type="stmt"/>
        <line num="12" count="9" type="stmt"/>
        <line num="19" count="2" type="stmt"/>
        <line num="25" count="2" type="stmt"/>
        <line num="39" count="9" type="cond" truecount="2" falsecount="0"/>
        <line num="42" count="9" type="stmt"/>
        <line num="49" count="9" type="stmt"/>
        <line num="56" count="9" type="cond" truecount="2" falsecount="0"/>
        <line num="57" count="9" type="stmt"/>
      </file>
    </package>
    <package name="hooks.testing.fixtures">
      <metrics statements="1" coveredstatements="1" conditionals="1" coveredconditionals="0" methods="1" coveredmethods="1"/>
      <file name="mock-load-detail.ts" path="C:\Users\ariel\OneDrive\Escritorio\RECRUITING_SMARTER___BRASIL\proyecto_PP2_app_mobile\hooks\testing\fixtures\mock-load-detail.ts">
        <metrics statements="1" coveredstatements="1" conditionals="1" coveredconditionals="0" methods="1" coveredmethods="1"/>
        <line num="8" count="7" type="stmt"/>
      </file>
    </package>
    <package name="lib.auth">
      <metrics statements="4" coveredstatements="1" conditionals="2" coveredconditionals="0" methods="3" coveredmethods="0"/>
      <file name="expected-auth-errors.ts" path="C:\Users\ariel\OneDrive\Escritorio\RECRUITING_SMARTER___BRASIL\proyecto_PP2_app_mobile\lib\auth\expected-auth-errors.ts">
        <metrics statements="2" coveredstatements="1" conditionals="0" coveredconditionals="0" methods="1" coveredmethods="0"/>
        <line num="3" count="4" type="stmt"/>
        <line num="6" count="0" type="stmt"/>
      </file>
      <file name="mock-credentials.ts" path="C:\Users\ariel\OneDrive\Escritorio\RECRUITING_SMARTER___BRASIL\proyecto_PP2_app_mobile\lib\auth\mock-credentials.ts">
        <metrics statements="1" coveredstatements="0" conditionals="2" coveredconditionals="0" methods="1" coveredmethods="0"/>
        <line num="5" count="0" type="stmt"/>
      </file>
      <file name="redirect-uri.ts" path="C:\Users\ariel\OneDrive\Escritorio\RECRUITING_SMARTER___BRASIL\proyecto_PP2_app_mobile\lib\auth\redirect-uri.ts">
        <metrics statements="1" coveredstatements="0" conditionals="0" coveredconditionals="0" methods="1" coveredmethods="0"/>
        <line num="5" count="0" type="stmt"/>
      </file>
    </package>
    <package name="lib.config">
      <metrics statements="7" coveredstatements="0" conditionals="15" coveredconditionals="0" methods="1" coveredmethods="0"/>
      <file name="env.ts" path="C:\Users\ariel\OneDrive\Escritorio\RECRUITING_SMARTER___BRASIL\proyecto_PP2_app_mobile\lib\config\env.ts">
        <metrics statements="7" coveredstatements="0" conditionals="15" coveredconditionals="0" methods="1" coveredmethods="0"/>
        <line num="6" count="0" type="cond" truecount="0" falsecount="2"/>
        <line num="7" count="0" type="stmt"/>
        <line num="11" count="0" type="stmt"/>
        <line num="14" count="0" type="cond" truecount="0" falsecount="2"/>
        <line num="16" count="0" type="cond" truecount="0" falsecount="2"/>
        <line num="17" count="0" type="stmt"/>
        <line num="22" count="0" type="stmt"/>
      </file>
    </package>
    <package name="lib.driver-status">
      <metrics statements="18" coveredstatements="18" conditionals="4" coveredconditionals="3" methods="1" coveredmethods="1"/>
      <file name="index.ts" path="C:\Users\ariel\OneDrive\Escritorio\RECRUITING_SMARTER___BRASIL\proyecto_PP2_app_mobile\lib\driver-status\index.ts">
        <metrics statements="0" coveredstatements="0" conditionals="0" coveredconditionals="0" methods="0" coveredmethods="0"/>
      </file>
      <file name="run-driver-status-change.ts" path="C:\Users\ariel\OneDrive\Escritorio\RECRUITING_SMARTER___BRASIL\proyecto_PP2_app_mobile\lib\driver-status\run-driver-status-change.ts">
        <metrics statements="18" coveredstatements="18" conditionals="4" coveredconditionals="3" methods="1" coveredmethods="1"/>
        <line num="36" count="3" type="stmt"/>
        <line num="38" count="3" type="stmt"/>
        <line num="39" count="3" type="stmt"/>
        <line num="45" count="3" type="stmt"/>
        <line num="52" count="3" type="stmt"/>
        <line num="53" count="3" type="stmt"/>
        <line num="55" count="3" type="cond" truecount="2" falsecount="0"/>
        <line num="56" count="2" type="stmt"/>
        <line num="57" count="2" type="stmt"/>
        <line num="60" count="3" type="stmt"/>
        <line num="61" count="3" type="stmt"/>
        <line num="66" count="2" type="stmt"/>
        <line num="70" count="2" type="stmt"/>
        <line num="75" count="1" type="cond" truecount="1" falsecount="1"/>
        <line num="76" count="1" type="stmt"/>
        <line num="77" count="1" type="stmt"/>
        <line num="79" count="1" type="stmt"/>
        <line num="87" count="1" type="stmt"/>
      </file>
    </package>
    <package name="lib.errors">
      <metrics statements="47" coveredstatements="28" conditionals="82" coveredconditionals="42" methods="9" coveredmethods="6"/>
      <file name="index.ts" path="C:\Users\ariel\OneDrive\Escritorio\RECRUITING_SMARTER___BRASIL\proyecto_PP2_app_mobile\lib\errors\index.ts">
        <metrics statements="0" coveredstatements="0" conditionals="0" coveredconditionals="0" methods="0" coveredmethods="0"/>
      </file>
      <file name="map-api-error.ts" path="C:\Users\ariel\OneDrive\Escritorio\RECRUITING_SMARTER___BRASIL\proyecto_PP2_app_mobile\lib\errors\map-api-error.ts">
        <metrics statements="11" coveredstatements="7" conditionals="12" coveredconditionals="6" methods="2" coveredmethods="2"/>
        <line num="11" count="3" type="cond" truecount="2" falsecount="0"/>
        <line num="12" count="1" type="stmt"/>
        <line num="14" count="2" type="cond" truecount="3" falsecount="1"/>
        <line num="15" count="2" type="stmt"/>
        <line num="17" count="0" type="cond" truecount="0" falsecount="4"/>
        <line num="18" count="0" type="stmt"/>
        <line num="20" count="0" type="stmt"/>
        <line num="25" count="2" type="stmt"/>
        <line num="26" count="2" type="cond" truecount="1" falsecount="1"/>
        <line num="27" count="0" type="stmt"/>
        <line num="29" count="2" type="stmt"/>
      </file>
      <file name="map-status-error.ts" path="C:\Users\ariel\OneDrive\Escritorio\RECRUITING_SMARTER___BRASIL\proyecto_PP2_app_mobile\lib\errors\map-status-error.ts">
        <metrics statements="15" coveredstatements="4" conditionals="33" coveredconditionals="6" methods="5" coveredmethods="2"/>
        <line num="11" count="3" type="cond" truecount="2" falsecount="7"/>
        <line num="14" count="3" type="cond" truecount="1" falsecount="1"/>
        <line num="15" count="2" type="stmt"/>
        <line num="25" count="1" type="stmt"/>
        <line num="31" count="0" type="stmt"/>
        <line num="37" count="0" type="stmt"/>
        <line num="43" count="0" type="stmt"/>
        <line num="44" count="0" type="stmt"/>
        <line num="46" count="0" type="stmt"/>
        <line num="56" count="0" type="stmt"/>
        <line num="62" count="0" type="stmt"/>
        <line num="68" count="0" type="stmt"/>
        <line num="74" count="0" type="stmt"/>
        <line num="84" count="0" type="stmt"/>
        <line num="89" count="0" type="stmt"/>
      </file>
      <file name="map-supabase-error.ts" path="C:\Users\ariel\OneDrive\Escritorio\RECRUITING_SMARTER___BRASIL\proyecto_PP2_app_mobile\lib\errors\map-supabase-error.ts">
        <metrics statements="20" coveredstatements="16" conditionals="37" coveredconditionals="30" methods="2" coveredmethods="2"/>
        <line num="11" count="4" type="cond" truecount="1" falsecount="1"/>
        <line num="12" count="0" type="stmt"/>
        <line num="14" count="4" type="cond" truecount="2" falsecount="0"/>
        <line num="15" count="2" type="stmt"/>
        <line num="16" count="2" type="cond" truecount="2" falsecount="0"/>
        <line num="18" count="2" type="cond" truecount="4" falsecount="1"/>
        <line num="19" count="2" type="stmt"/>
        <line num="20" count="2" type="cond" truecount="2" falsecount="2"/>
        <line num="22" count="0" type="stmt"/>
        <line num="30" count="4" type="stmt"/>
        <line num="31" count="4" type="stmt"/>
        <line num="33" count="4" type="cond" truecount="2" falsecount="0"/>
        <line num="38" count="1" type="stmt"/>
        <line num="45" count="3" type="cond" truecount="2" falsecount="0"/>
        <line num="51" count="2" type="stmt"/>
        <line num="58" count="1" type="cond" truecount="3" falsecount="1"/>
        <line num="59" count="0" type="stmt"/>
        <line num="66" count="1" type="cond" truecount="1" falsecount="1"/>
        <line num="71" count="0" type="stmt"/>
        <line num="78" count="1" type="stmt"/>
      </file>
      <file name="strings.ts" path="C:\Users\ariel\OneDrive\Escritorio\RECRUITING_SMARTER___BRASIL\proyecto_PP2_app_mobile\lib\errors\strings.ts">
        <metrics statements="1" coveredstatements="1" conditionals="0" coveredconditionals="0" methods="0" coveredmethods="0"/>
        <line num="2" count="3" type="stmt"/>
      </file>
      <file name="types.ts" path="C:\Users\ariel\OneDrive\Escritorio\RECRUITING_SMARTER___BRASIL\proyecto_PP2_app_mobile\lib\errors\types.ts">
        <metrics statements="0" coveredstatements="0" conditionals="0" coveredconditionals="0" methods="0" coveredmethods="0"/>
      </file>
    </package>
    <package name="lib.loads">
      <metrics statements="48" coveredstatements="48" conditionals="66" coveredconditionals="60" methods="20" coveredmethods="20"/>
      <file name="active-holds.ts" path="C:\Users\ariel\OneDrive\Escritorio\RECRUITING_SMARTER___BRASIL\proyecto_PP2_app_mobile\lib\loads\active-holds.ts">
        <metrics statements="10" coveredstatements="10" conditionals="14" coveredconditionals="14" methods="2" coveredmethods="2"/>
        <line num="10" count="23" type="stmt"/>
        <line num="11" count="23" type="cond" truecount="2" falsecount="0"/>
        <line num="12" count="23" type="cond" truecount="2" falsecount="0"/>
        <line num="13" count="23" type="cond" truecount="2" falsecount="0"/>
        <line num="14" count="23" type="cond" truecount="2" falsecount="0"/>
        <line num="15" count="23" type="cond" truecount="2" falsecount="0"/>
        <line num="16" count="23" type="cond" truecount="2" falsecount="0"/>
        <line num="17" count="23" type="stmt"/>
        <line num="20" count="8" type="stmt"/>
        <line num="30" count="9" type="cond" truecount="2" falsecount="0"/>
      </file>
      <file name="constants.ts" path="C:\Users\ariel\OneDrive\Escritorio\RECRUITING_SMARTER___BRASIL\proyecto_PP2_app_mobile\lib\loads\constants.ts">
        <metrics statements="3" coveredstatements="3" conditionals="0" coveredconditionals="0" methods="0" coveredmethods="0"/>
        <line num="7" count="8" type="stmt"/>
        <line num="22" count="8" type="stmt"/>
        <line num="32" count="8" type="stmt"/>
      </file>
      <file name="driver-actions.ts" path="C:\Users\ariel\OneDrive\Escritorio\RECRUITING_SMARTER___BRASIL\proyecto_PP2_app_mobile\lib\loads\driver-actions.ts">
        <metrics statements="7" coveredstatements="7" conditionals="4" coveredconditionals="3" methods="6" coveredmethods="6"/>
        <line num="14" count="45" type="stmt"/>
        <line num="16" count="120" type="cond" truecount="2" falsecount="0"/>
        <line num="22" count="29" type="cond" truecount="1" falsecount="1"/>
        <line num="23" count="29" type="stmt"/>
        <line num="27" count="6" type="stmt"/>
        <line num="31" count="2" type="stmt"/>
        <line num="35" count="9" type="stmt"/>
      </file>
      <file name="format.ts" path="C:\Users\ariel\OneDrive\Escritorio\RECRUITING_SMARTER___BRASIL\proyecto_PP2_app_mobile\lib\loads\format.ts">
        <metrics statements="13" coveredstatements="13" conditionals="20" coveredconditionals="19" methods="4" coveredmethods="4"/>
        <line num="3" count="5" type="stmt"/>
        <line num="15" count="11" type="cond" truecount="2" falsecount="0"/>
        <line num="19" count="11" type="cond" truecount="2" falsecount="0"/>
        <line num="20" count="9" type="stmt"/>
        <line num="21" count="9" type="cond" truecount="2" falsecount="0"/>
        <line num="22" count="8" type="stmt"/>
        <line num="34" count="4" type="cond" truecount="4" falsecount="0"/>
        <line num="35" count="3" type="cond" truecount="4" falsecount="0"/>
        <line num="36" count="2" type="stmt"/>
        <line num="37" count="2" type="stmt"/>
        <line num="38" count="2" type="cond" truecount="2" falsecount="0"/>
        <line num="40" count="1" type="cond" truecount="1" falsecount="1"/>
        <line num="44" count="2" type="cond" truecount="2" falsecount="0"/>
      </file>
      <file name="index.ts" path="C:\Users\ariel\OneDrive\Escritorio\RECRUITING_SMARTER___BRASIL\proyecto_PP2_app_mobile\lib\loads\index.ts">
        <metrics statements="0" coveredstatements="0" conditionals="0" coveredconditionals="0" methods="0" coveredmethods="0"/>
      </file>
      <file name="load-detail-helpers.ts" path="C:\Users\ariel\OneDrive\Escritorio\RECRUITING_SMARTER___BRASIL\proyecto_PP2_app_mobile\lib\loads\load-detail-helpers.ts">
        <metrics statements="6" coveredstatements="6" conditionals="20" coveredconditionals="17" methods="5" coveredmethods="5"/>
        <line num="5" count="4" type="stmt"/>
        <line num="6" count="4" type="cond" truecount="2" falsecount="0"/>
        <line num="10" count="2" type="stmt"/>
        <line num="20" count="2" type="stmt"/>
        <line num="31" count="1" type="stmt"/>
        <line num="40" count="2" type="cond" truecount="3" falsecount="0"/>
      </file>
      <file name="optimistic-status.ts" path="C:\Users\ariel\OneDrive\Escritorio\RECRUITING_SMARTER___BRASIL\proyecto_PP2_app_mobile\lib\loads\optimistic-status.ts">
        <metrics statements="5" coveredstatements="5" conditionals="6" coveredconditionals="5" methods="1" coveredmethods="1"/>
        <line num="14" count="9" type="stmt"/>
        <line num="15" count="9" type="cond" truecount="2" falsecount="0"/>
        <line num="16" count="6" type="cond" truecount="2" falsecount="0"/>
        <line num="17" count="4" type="cond" truecount="1" falsecount="1"/>
        <line num="18" count="4" type="stmt"/>
      </file>
      <file name="web-panel-reference.ts" path="C:\Users\ariel\OneDrive\Escritorio\RECRUITING_SMARTER___BRASIL\proyecto_PP2_app_mobile\lib\loads\web-panel-reference.ts">
        <metrics statements="4" coveredstatements="4" conditionals="2" coveredconditionals="2" methods="2" coveredmethods="2"/>
        <line num="7" count="1" type="stmt"/>
        <line num="21" count="1" type="stmt"/>
        <line num="28" count="15" type="stmt"/>
        <line num="30" count="37" type="cond" truecount="2" falsecount="0"/>
      </file>
    </package>
    <package name="lib.logging">
      <metrics statements="26" coveredstatements="3" conditionals="26" coveredconditionals="0" methods="6" coveredmethods="0"/>
      <file name="safe-log.ts" path="C:\Users\ariel\OneDrive\Escritorio\RECRUITING_SMARTER___BRASIL\proyecto_PP2_app_mobile\lib\logging\safe-log.ts">
        <metrics statements="26" coveredstatements="3" conditionals="26" coveredconditionals="0" methods="6" coveredmethods="0"/>
        <line num="3" count="4" type="stmt"/>
        <line num="6" count="4" type="stmt"/>
        <line num="9" count="0" type="cond" truecount="0" falsecount="2"/>
        <line num="10" count="0" type="cond" truecount="0" falsecount="4"/>
        <line num="11" count="0" type="stmt"/>
        <line num="13" count="0" type="stmt"/>
        <line num="17" count="0" type="cond" truecount="0" falsecount="2"/>
        <line num="18" count="0" type="stmt"/>
        <line num="19" count="0" type="stmt"/>
        <line num="20" count="0" type="stmt"/>
        <line num="22" count="0" type="stmt"/>
        <line num="34" count="4" type="stmt"/>
        <line num="36" count="0" type="cond" truecount="0" falsecount="2"/>
        <line num="37" count="0" type="stmt"/>
        <line num="38" count="0" type="cond" truecount="0" falsecount="4"/>
        <line num="39" count="0" type="stmt"/>
        <line num="41" count="0" type="stmt"/>
        <line num="46" count="0" type="cond" truecount="0" falsecount="4"/>
        <line num="47" count="0" type="stmt"/>
        <line num="50" count="0" type="cond" truecount="0" falsecount="2"/>
        <line num="51" count="0" type="stmt"/>
        <line num="55" count="0" type="cond" truecount="0" falsecount="2"/>
        <line num="56" count="0" type="stmt"/>
        <line num="57" count="0" type="cond" truecount="0" falsecount="4"/>
        <line num="58" count="0" type="stmt"/>
        <line num="60" count="0" type="stmt"/>
      </file>
    </package>
    <package name="lib.query">
      <metrics statements="35" coveredstatements="14" conditionals="23" coveredconditionals="14" methods="20" coveredmethods="8"/>
      <file name="QueryProvider.tsx" path="C:\Users\ariel\OneDrive\Escritorio\RECRUITING_SMARTER___BRASIL\proyecto_PP2_app_mobile\lib\query\QueryProvider.tsx">
        <metrics statements="8" coveredstatements="0" conditionals="2" coveredconditionals="0" methods="4" coveredmethods="0"/>
        <line num="8" count="0" type="stmt"/>
        <line num="9" count="0" type="stmt"/>
        <line num="11" count="0" type="stmt"/>
        <line num="12" count="0" type="cond" truecount="0" falsecount="2"/>
        <line num="13" count="0" type="stmt"/>
        <line num="17" count="0" type="stmt"/>
        <line num="25" count="0" type="stmt"/>
        <line num="27" count="0" type="stmt"/>
      </file>
      <file name="driver-query-gate.ts" path="C:\Users\ariel\OneDrive\Escritorio\RECRUITING_SMARTER___BRASIL\proyecto_PP2_app_mobile\lib\query\driver-query-gate.ts">
        <metrics statements="7" coveredstatements="6" conditionals="13" coveredconditionals="11" methods="2" coveredmethods="2"/>
        <line num="12" count="17" type="stmt"/>
        <line num="13" count="17" type="cond" truecount="3" falsecount="1"/>
        <line num="14" count="0" type="stmt"/>
        <line num="16" count="17" type="cond" truecount="2" falsecount="0"/>
        <line num="17" count="2" type="cond" truecount="1" falsecount="1"/>
        <line num="19" count="15" type="stmt"/>
        <line num="29" count="17" type="stmt"/>
      </file>
      <file name="index.ts" path="C:\Users\ariel\OneDrive\Escritorio\RECRUITING_SMARTER___BRASIL\proyecto_PP2_app_mobile\lib\query\index.ts">
        <metrics statements="0" coveredstatements="0" conditionals="0" coveredconditionals="0" methods="0" coveredmethods="0"/>
      </file>
      <file name="invalidate-loads.ts" path="C:\Users\ariel\OneDrive\Escritorio\RECRUITING_SMARTER___BRASIL\proyecto_PP2_app_mobile\lib\query\invalidate-loads.ts">
        <metrics statements="2" coveredstatements="0" conditionals="0" coveredconditionals="0" methods="2" coveredmethods="0"/>
        <line num="13" count="0" type="stmt"/>
        <line num="23" count="0" type="stmt"/>
      </file>
      <file name="patch-load-status.ts" path="C:\Users\ariel\OneDrive\Escritorio\RECRUITING_SMARTER___BRASIL\proyecto_PP2_app_mobile\lib\query\patch-load-status.ts">
        <metrics statements="7" coveredstatements="4" conditionals="6" coveredconditionals="3" methods="5" coveredmethods="3"/>
        <line num="17" count="3" type="stmt"/>
        <line num="19" count="3" type="cond" truecount="2" falsecount="0"/>
        <line num="22" count="3" type="stmt"/>
        <line num="25" count="3" type="cond" truecount="1" falsecount="1"/>
        <line num="26" count="0" type="stmt"/>
        <line num="28" count="0" type="stmt"/>
        <line num="31" count="0" type="cond" truecount="0" falsecount="2"/>
      </file>
      <file name="query-client.ts" path="C:\Users\ariel\OneDrive\Escritorio\RECRUITING_SMARTER___BRASIL\proyecto_PP2_app_mobile\lib\query\query-client.ts">
        <metrics statements="6" coveredstatements="0" conditionals="2" coveredconditionals="0" methods="3" coveredmethods="0"/>
        <line num="4" count="0" type="stmt"/>
        <line num="16" count="0" type="stmt"/>
        <line num="19" count="0" type="cond" truecount="0" falsecount="2"/>
        <line num="20" count="0" type="stmt"/>
        <line num="22" count="0" type="stmt"/>
        <line num="27" count="0" type="stmt"/>
      </file>
      <file name="query-keys.ts" path="C:\Users\ariel\OneDrive\Escritorio\RECRUITING_SMARTER___BRASIL\proyecto_PP2_app_mobile\lib\query\query-keys.ts">
        <metrics statements="5" coveredstatements="4" conditionals="0" coveredconditionals="0" methods="4" coveredmethods="3"/>
        <line num="2" count="5" type="stmt"/>
        <line num="4" count="0" type="stmt"/>
        <line num="6" count="29" type="stmt"/>
        <line num="7" count="12" type="stmt"/>
        <line num="9" count="16" type="stmt"/>
      </file>
    </package>
    <package name="lib.router">
      <metrics statements="4" coveredstatements="4" conditionals="6" coveredconditionals="6" methods="1" coveredmethods="1"/>
      <file name="route-params.ts" path="C:\Users\ariel\OneDrive\Escritorio\RECRUITING_SMARTER___BRASIL\proyecto_PP2_app_mobile\lib\router\route-params.ts">
        <metrics statements="4" coveredstatements="4" conditionals="6" coveredconditionals="6" methods="1" coveredmethods="1"/>
        <line num="5" count="5" type="cond" truecount="2" falsecount="0"/>
        <line num="6" count="4" type="cond" truecount="2" falsecount="0"/>
        <line num="7" count="4" type="stmt"/>
        <line num="8" count="4" type="cond" truecount="2" falsecount="0"/>
      </file>
    </package>
    <package name="lib.supabase">
      <metrics statements="49" coveredstatements="18" conditionals="28" coveredconditionals="11" methods="11" coveredmethods="5"/>
      <file name="assert-anon-key.ts" path="C:\Users\ariel\OneDrive\Escritorio\RECRUITING_SMARTER___BRASIL\proyecto_PP2_app_mobile\lib\supabase\assert-anon-key.ts">
        <metrics statements="11" coveredstatements="11" conditionals="10" coveredconditionals="8" methods="1" coveredmethods="1"/>
        <line num="6" count="3" type="stmt"/>
        <line num="7" count="3" type="cond" truecount="2" falsecount="0"/>
        <line num="8" count="1" type="stmt"/>
        <line num="11" count="2" type="stmt"/>
        <line num="12" count="2" type="stmt"/>
        <line num="13" count="2" type="stmt"/>
        <line num="14" count="2" type="stmt"/>
        <line num="20" count="2" type="cond" truecount="2" falsecount="0"/>
        <line num="21" count="1" type="stmt"/>
        <line num="26" count="1" type="cond" truecount="3" falsecount="1"/>
        <line num="27" count="1" type="stmt"/>
      </file>
      <file name="auth-callback.ts" path="C:\Users\ariel\OneDrive\Escritorio\RECRUITING_SMARTER___BRASIL\proyecto_PP2_app_mobile\lib\supabase\auth-callback.ts">
        <metrics statements="21" coveredstatements="0" conditionals="12" coveredconditionals="0" methods="1" coveredmethods="0"/>
        <line num="15" count="0" type="stmt"/>
        <line num="17" count="0" type="cond" truecount="0" falsecount="2"/>
        <line num="18" count="0" type="stmt"/>
        <line num="19" count="0" type="stmt"/>
        <line num="26" count="0" type="stmt"/>
        <line num="27" count="0" type="stmt"/>
        <line num="29" count="0" type="cond" truecount="0" falsecount="2"/>
        <line num="30" count="0" type="stmt"/>
        <line num="31" count="0" type="cond" truecount="0" falsecount="2"/>
        <line num="32" count="0" type="stmt"/>
        <line num="33" count="0" type="stmt"/>
        <line num="35" count="0" type="stmt"/>
        <line num="38" count="0" type="stmt"/>
        <line num="39" count="0" type="stmt"/>
        <line num="41" count="0" type="cond" truecount="0" falsecount="4"/>
        <line num="42" count="0" type="stmt"/>
        <line num="46" count="0" type="cond" truecount="0" falsecount="2"/>
        <line num="47" count="0" type="stmt"/>
        <line num="48" count="0" type="stmt"/>
        <line num="50" count="0" type="stmt"/>
        <line num="53" count="0" type="stmt"/>
      </file>
      <file name="auth-session.ts" path="C:\Users\ariel\OneDrive\Escritorio\RECRUITING_SMARTER___BRASIL\proyecto_PP2_app_mobile\lib\supabase\auth-session.ts">
        <metrics statements="7" coveredstatements="7" conditionals="4" coveredconditionals="3" methods="4" coveredmethods="4"/>
        <line num="12" count="2" type="stmt"/>
        <line num="13" count="2" type="cond" truecount="2" falsecount="0"/>
        <line num="14" count="1" type="stmt"/>
        <line num="16" count="1" type="cond" truecount="1" falsecount="1"/>
        <line num="28" count="1" type="stmt"/>
        <line num="29" count="1" type="stmt"/>
        <line num="31" count="1" type="stmt"/>
      </file>
      <file name="client.ts" path="C:\Users\ariel\OneDrive\Escritorio\RECRUITING_SMARTER___BRASIL\proyecto_PP2_app_mobile\lib\supabase\client.ts">
        <metrics statements="10" coveredstatements="0" conditionals="2" coveredconditionals="0" methods="5" coveredmethods="0"/>
        <line num="8" count="0" type="stmt"/>
        <line num="9" count="0" type="stmt"/>
        <line num="10" count="0" type="stmt"/>
        <line num="11" count="0" type="stmt"/>
        <line num="14" count="0" type="stmt"/>
        <line num="24" count="0" type="cond" truecount="0" falsecount="2"/>
        <line num="25" count="0" type="stmt"/>
        <line num="26" count="0" type="stmt"/>
        <line num="35" count="0" type="stmt"/>
        <line num="40" count="0" type="stmt"/>
      </file>
      <file name="index.ts" path="C:\Users\ariel\OneDrive\Escritorio\RECRUITING_SMARTER___BRASIL\proyecto_PP2_app_mobile\lib\supabase\index.ts">
        <metrics statements="0" coveredstatements="0" conditionals="0" coveredconditionals="0" methods="0" coveredmethods="0"/>
      </file>
    </package>
    <package name="lib.supabase.hooks">
      <metrics statements="40" coveredstatements="0" conditionals="18" coveredconditionals="0" methods="5" coveredmethods="0"/>
      <file name="useAuth.ts" path="C:\Users\ariel\OneDrive\Escritorio\RECRUITING_SMARTER___BRASIL\proyecto_PP2_app_mobile\lib\supabase\hooks\useAuth.ts">
        <metrics statements="0" coveredstatements="0" conditionals="0" coveredconditionals="0" methods="0" coveredmethods="0"/>
      </file>
      <file name="useProfile.ts" path="C:\Users\ariel\OneDrive\Escritorio\RECRUITING_SMARTER___BRASIL\proyecto_PP2_app_mobile\lib\supabase\hooks\useProfile.ts">
        <metrics statements="40" coveredstatements="0" conditionals="18" coveredconditionals="0" methods="5" coveredmethods="0"/>
        <line num="21" count="0" type="stmt"/>
        <line num="22" count="0" type="stmt"/>
        <line num="23" count="0" type="stmt"/>
        <line num="24" count="0" type="stmt"/>
        <line num="26" count="0" type="stmt"/>
        <line num="27" count="0" type="cond" truecount="0" falsecount="4"/>
        <line num="28" count="0" type="stmt"/>
        <line num="29" count="0" type="stmt"/>
        <line num="30" count="0" type="stmt"/>
        <line num="31" count="0" type="stmt"/>
        <line num="34" count="0" type="stmt"/>
        <line num="35" count="0" type="stmt"/>
        <line num="37" count="0" type="stmt"/>
        <line num="42" count="0" type="stmt"/>
        <line num="43" count="0" type="stmt"/>
        <line num="44" count="0" type="stmt"/>
        <line num="47" count="0" type="stmt"/>
        <line num="48" count="0" type="cond" truecount="0" falsecount="2"/>
        <line num="49" count="0" type="stmt"/>
        <line num="52" count="0" type="stmt"/>
        <line num="54" count="0" type="stmt"/>
        <line num="55" count="0" type="cond" truecount="0" falsecount="4"/>
        <line num="56" count="0" type="cond" truecount="0" falsecount="2"/>
        <line num="57" count="0" type="stmt"/>
        <line num="58" count="0" type="stmt"/>
        <line num="59" count="0" type="stmt"/>
        <line num="61" count="0" type="stmt"/>
        <line num="64" count="0" type="cond" truecount="0" falsecount="2"/>
        <line num="65" count="0" type="stmt"/>
        <line num="66" count="0" type="stmt"/>
        <line num="69" count="0" type="stmt"/>
        <line num="74" count="0" type="cond" truecount="0" falsecount="2"/>
        <line num="75" count="0" type="stmt"/>
        <line num="78" count="0" type="stmt"/>
        <line num="79" count="0" type="stmt"/>
        <line num="80" count="0" type="stmt"/>
        <line num="83" count="0" type="stmt"/>
        <line num="85" count="0" type="stmt"/>
        <line num="86" count="0" type="stmt"/>
        <line num="90" count="0" type="stmt"/>
      </file>
    </package>
    <package name="lib.supabase.queries">
      <metrics statements="77" coveredstatements="42" conditionals="83" coveredconditionals="48" methods="18" coveredmethods="12"/>
      <file name="fetch-driver-loads-page.ts" path="C:\Users\ariel\OneDrive\Escritorio\RECRUITING_SMARTER___BRASIL\proyecto_PP2_app_mobile\lib\supabase\queries\fetch-driver-loads-page.ts">
        <metrics statements="25" coveredstatements="7" conditionals="23" coveredconditionals="2" methods="5" coveredmethods="3"/>
        <line num="18" count="1" type="stmt"/>
        <line num="19" count="1" type="stmt"/>
        <line num="20" count="3" type="cond" truecount="2" falsecount="0"/>
        <line num="21" count="2" type="stmt"/>
        <line num="24" count="1" type="stmt"/>
        <line num="25" count="2" type="stmt"/>
        <line num="26" count="2" type="stmt"/>
        <line num="38" count="0" type="cond" truecount="0" falsecount="2"/>
        <line num="39" count="0" type="cond" truecount="0" falsecount="2"/>
        <line num="40" count="0" type="stmt"/>
        <line num="41" count="0" type="stmt"/>
        <line num="47" count="0" type="stmt"/>
        <line num="54" count="0" type="cond" truecount="0" falsecount="2"/>
        <line num="55" count="0" type="stmt"/>
        <line num="65" count="0" type="cond" truecount="0" falsecount="2"/>
        <line num="66" count="0" type="cond" truecount="0" falsecount="2"/>
        <line num="67" count="0" type="cond" truecount="0" falsecount="2"/>
        <line num="68" count="0" type="stmt"/>
        <line num="78" count="0" type="stmt"/>
        <line num="83" count="0" type="cond" truecount="0" falsecount="2"/>
        <line num="84" count="0" type="stmt"/>
        <line num="94" count="0" type="stmt"/>
        <line num="98" count="0" type="stmt"/>
        <line num="99" count="0" type="cond" truecount="0" falsecount="2"/>
        <line num="101" count="0" type="stmt"/>
      </file>
      <file name="index.ts" path="C:\Users\ariel\OneDrive\Escritorio\RECRUITING_SMARTER___BRASIL\proyecto_PP2_app_mobile\lib\supabase\queries\index.ts">
        <metrics statements="0" coveredstatements="0" conditionals="0" coveredconditionals="0" methods="0" coveredmethods="0"/>
      </file>
      <file name="load-query-select.ts" path="C:\Users\ariel\OneDrive\Escritorio\RECRUITING_SMARTER___BRASIL\proyecto_PP2_app_mobile\lib\supabase\queries\load-query-select.ts">
        <metrics statements="2" coveredstatements="2" conditionals="0" coveredconditionals="0" methods="0" coveredmethods="0"/>
        <line num="2" count="1" type="stmt"/>
        <line num="27" count="1" type="stmt"/>
      </file>
      <file name="loads.ts" path="C:\Users\ariel\OneDrive\Escritorio\RECRUITING_SMARTER___BRASIL\proyecto_PP2_app_mobile\lib\supabase\queries\loads.ts">
        <metrics statements="10" coveredstatements="0" conditionals="6" coveredconditionals="0" methods="3" coveredmethods="0"/>
        <line num="46" count="0" type="stmt"/>
        <line num="55" count="0" type="stmt"/>
        <line num="59" count="0" type="stmt"/>
        <line num="70" count="0" type="stmt"/>
        <line num="77" count="0" type="cond" truecount="0" falsecount="2"/>
        <line num="78" count="0" type="stmt"/>
        <line num="81" count="0" type="cond" truecount="0" falsecount="2"/>
        <line num="82" count="0" type="stmt"/>
        <line num="85" count="0" type="stmt"/>
        <line num="86" count="0" type="stmt"/>
      </file>
      <file name="map-load-row.ts" path="C:\Users\ariel\OneDrive\Escritorio\RECRUITING_SMARTER___BRASIL\proyecto_PP2_app_mobile\lib\supabase\queries\map-load-row.ts">
        <metrics statements="33" coveredstatements="33" conditionals="50" coveredconditionals="46" methods="9" coveredmethods="9"/>
        <line num="71" count="42" type="cond" truecount="2" falsecount="0"/>
        <line num="72" count="11" type="cond" truecount="3" falsecount="1"/>
        <line num="76" count="2" type="cond" truecount="2" falsecount="0"/>
        <line num="77" count="1" type="stmt"/>
        <line num="81" count="3" type="cond" truecount="2" falsecount="0"/>
        <line num="82" count="1" type="cond" truecount="1" falsecount="1"/>
        <line num="85" count="4" type="stmt"/>
        <line num="110" count="18" type="stmt"/>
        <line num="111" count="18" type="stmt"/>
        <line num="113" count="18" type="stmt"/>
        <line num="137" count="2" type="stmt"/>
        <line num="138" count="2" type="stmt"/>
        <line num="139" count="2" type="stmt"/>
        <line num="140" count="2" type="stmt"/>
        <line num="142" count="2" type="stmt"/>
        <line num="169" count="1" type="stmt"/>
        <line num="177" count="2" type="stmt"/>
        <line num="178" count="2" type="stmt"/>
        <line num="179" count="2" type="stmt"/>
        <line num="180" count="5" type="cond" truecount="2" falsecount="0"/>
        <line num="181" count="4" type="stmt"/>
        <line num="182" count="4" type="stmt"/>
        <line num="184" count="2" type="stmt"/>
        <line num="189" count="8" type="stmt"/>
        <line num="190" count="8" type="stmt"/>
        <line num="191" count="7" type="cond" truecount="2" falsecount="0"/>
        <line num="192" count="6" type="stmt"/>
        <line num="195" count="8" type="stmt"/>
        <line num="205" count="5" type="stmt"/>
        <line num="206" count="5" type="cond" truecount="2" falsecount="0"/>
        <line num="207" count="4" type="cond" truecount="2" falsecount="0"/>
        <line num="208" count="2" type="stmt"/>
        <line num="210" count="2" type="stmt"/>
      </file>
      <file name="profile.ts" path="C:\Users\ariel\OneDrive\Escritorio\RECRUITING_SMARTER___BRASIL\proyecto_PP2_app_mobile\lib\supabase\queries\profile.ts">
        <metrics statements="7" coveredstatements="0" conditionals="4" coveredconditionals="0" methods="1" coveredmethods="0"/>
        <line num="10" count="0" type="stmt"/>
        <line num="16" count="0" type="stmt"/>
        <line num="22" count="0" type="cond" truecount="0" falsecount="2"/>
        <line num="23" count="0" type="stmt"/>
        <line num="26" count="0" type="cond" truecount="0" falsecount="2"/>
        <line num="27" count="0" type="stmt"/>
        <line num="30" count="0" type="stmt"/>
      </file>
    </package>
    <package name="lib.supabase.realtime">
      <metrics statements="47" coveredstatements="17" conditionals="32" coveredconditionals="4" methods="12" coveredmethods="5"/>
      <file name="driver-loads-subscription.ts" path="C:\Users\ariel\OneDrive\Escritorio\RECRUITING_SMARTER___BRASIL\proyecto_PP2_app_mobile\lib\supabase\realtime\driver-loads-subscription.ts">
        <metrics statements="47" coveredstatements="17" conditionals="32" coveredconditionals="4" methods="12" coveredmethods="5"/>
        <line num="14" count="1" type="stmt"/>
        <line num="29" count="1" type="stmt"/>
        <line num="30" count="1" type="stmt"/>
        <line num="32" count="1" type="stmt"/>
        <line num="33" count="1" type="cond" truecount="1" falsecount="1"/>
        <line num="34" count="1" type="stmt"/>
        <line num="35" count="1" type="stmt"/>
        <line num="37" count="1" type="stmt"/>
        <line num="40" count="1" type="stmt"/>
        <line num="41" count="2" type="cond" truecount="1" falsecount="1"/>
        <line num="42" count="2" type="cond" truecount="2" falsecount="0"/>
        <line num="43" count="2" type="stmt"/>
        <line num="44" count="1" type="stmt"/>
        <line num="45" count="1" type="stmt"/>
        <line num="46" count="2" type="stmt"/>
        <line num="48" count="1" type="stmt"/>
        <line num="53" count="1" type="stmt"/>
        <line num="60" count="0" type="stmt"/>
        <line num="61" count="0" type="stmt"/>
        <line num="62" count="0" type="cond" truecount="0" falsecount="2"/>
        <line num="68" count="0" type="stmt"/>
        <line num="69" count="0" type="stmt"/>
        <line num="70" count="0" type="cond" truecount="0" falsecount="2"/>
        <line num="82" count="0" type="stmt"/>
        <line num="83" count="0" type="stmt"/>
        <line num="84" count="0" type="stmt"/>
        <line num="85" count="0" type="stmt"/>
        <line num="87" count="0" type="stmt"/>
        <line num="88" count="0" type="cond" truecount="0" falsecount="2"/>
        <line num="90" count="0" type="stmt"/>
        <line num="91" count="0" type="stmt"/>
        <line num="95" count="0" type="cond" truecount="0" falsecount="2"/>
        <line num="96" count="0" type="stmt"/>
        <line num="100" count="0" type="stmt"/>
        <line num="101" count="0" type="cond" truecount="0" falsecount="2"/>
        <line num="102" count="0" type="cond" truecount="0" falsecount="2"/>
        <line num="103" count="0" type="cond" truecount="0" falsecount="2"/>
        <line num="108" count="0" type="cond" truecount="0" falsecount="2"/>
        <line num="109" count="0" type="stmt"/>
        <line num="110" count="0" type="cond" truecount="0" falsecount="2"/>
        <line num="111" count="0" type="stmt"/>
        <line num="116" count="0" type="stmt"/>
        <line num="118" count="0" type="stmt"/>
        <line num="120" count="0" type="stmt"/>
        <line num="121" count="0" type="stmt"/>
        <line num="122" count="0" type="cond" truecount="0" falsecount="2"/>
        <line num="123" count="0" type="cond" truecount="0" falsecount="2"/>
      </file>
    </package>
    <package name="lib.supabase.schema">
      <metrics statements="8" coveredstatements="7" conditionals="0" coveredconditionals="0" methods="1" coveredmethods="0"/>
      <file name="driver-loads.ts" path="C:\Users\ariel\OneDrive\Escritorio\RECRUITING_SMARTER___BRASIL\proyecto_PP2_app_mobile\lib\supabase\schema\driver-loads.ts">
        <metrics statements="8" coveredstatements="7" conditionals="0" coveredconditionals="0" methods="1" coveredmethods="0"/>
        <line num="7" count="1" type="stmt"/>
        <line num="10" count="1" type="stmt"/>
        <line num="12" count="1" type="stmt"/>
        <line num="15" count="1" type="stmt"/>
        <line num="42" count="1" type="stmt"/>
        <line num="48" count="1" type="stmt"/>
        <line num="56" count="1" type="stmt"/>
        <line num="60" count="0" type="stmt"/>
      </file>
    </package>
    <package name="lib.telemetry">
      <metrics statements="7" coveredstatements="0" conditionals="2" coveredconditionals="0" methods="4" coveredmethods="0"/>
      <file name="driver-status.ts" path="C:\Users\ariel\OneDrive\Escritorio\RECRUITING_SMARTER___BRASIL\proyecto_PP2_app_mobile\lib\telemetry\driver-status.ts">
        <metrics statements="7" coveredstatements="0" conditionals="2" coveredconditionals="0" methods="4" coveredmethods="0"/>
        <line num="5" count="0" type="stmt"/>
        <line num="15" count="0" type="cond" truecount="0" falsecount="2"/>
        <line num="16" count="0" type="stmt"/>
        <line num="20" count="0" type="stmt"/>
        <line num="22" count="0" type="stmt"/>
        <line num="25" count="0" type="stmt"/>
        <line num="31" count="0" type="stmt"/>
      </file>
      <file name="index.ts" path="C:\Users\ariel\OneDrive\Escritorio\RECRUITING_SMARTER___BRASIL\proyecto_PP2_app_mobile\lib\telemetry\index.ts">
        <metrics statements="0" coveredstatements="0" conditionals="0" coveredconditionals="0" methods="0" coveredmethods="0"/>
      </file>
    </package>
    <package name="lib.tms">
      <metrics statements="64" coveredstatements="56" conditionals="66" coveredconditionals="38" methods="17" coveredmethods="16"/>
      <file name="assert-driver-status.ts" path="C:\Users\ariel\OneDrive\Escritorio\RECRUITING_SMARTER___BRASIL\proyecto_PP2_app_mobile\lib\tms\assert-driver-status.ts">
        <metrics statements="2" coveredstatements="2" conditionals="2" coveredconditionals="2" methods="1" coveredmethods="1"/>
        <line num="11" count="10" type="cond" truecount="2" falsecount="0"/>
        <line num="12" count="4" type="stmt"/>
      </file>
      <file name="client.ts" path="C:\Users\ariel\OneDrive\Escritorio\RECRUITING_SMARTER___BRASIL\proyecto_PP2_app_mobile\lib\tms\client.ts">
        <metrics statements="8" coveredstatements="8" conditionals="4" coveredconditionals="3" methods="3" coveredmethods="3"/>
        <line num="7" count="9" type="stmt"/>
        <line num="12" count="9" type="stmt"/>
        <line num="13" count="9" type="cond" truecount="2" falsecount="0"/>
        <line num="14" count="2" type="stmt"/>
        <line num="19" count="7" type="stmt"/>
        <line num="24" count="8" type="stmt"/>
        <line num="25" count="7" type="cond" truecount="1" falsecount="1"/>
        <line num="26" count="7" type="stmt"/>
      </file>
      <file name="errors.ts" path="C:\Users\ariel\OneDrive\Escritorio\RECRUITING_SMARTER___BRASIL\proyecto_PP2_app_mobile\lib\tms\errors.ts">
        <metrics statements="8" coveredstatements="5" conditionals="6" coveredconditionals="0" methods="2" coveredmethods="1"/>
        <line num="23" count="18" type="stmt"/>
        <line num="24" count="18" type="stmt"/>
        <line num="25" count="18" type="stmt"/>
        <line num="26" count="18" type="stmt"/>
        <line num="27" count="18" type="stmt"/>
        <line num="33" count="0" type="cond" truecount="0" falsecount="2"/>
        <line num="34" count="0" type="cond" truecount="0" falsecount="4"/>
        <line num="35" count="0" type="stmt"/>
      </file>
      <file name="index.ts" path="C:\Users\ariel\OneDrive\Escritorio\RECRUITING_SMARTER___BRASIL\proyecto_PP2_app_mobile\lib\tms\index.ts">
        <metrics statements="0" coveredstatements="0" conditionals="0" coveredconditionals="0" methods="0" coveredmethods="0"/>
      </file>
      <file name="parse-status-error.ts" path="C:\Users\ariel\OneDrive\Escritorio\RECRUITING_SMARTER___BRASIL\proyecto_PP2_app_mobile\lib\tms\parse-status-error.ts">
        <metrics statements="24" coveredstatements="20" conditionals="47" coveredconditionals="26" methods="5" coveredmethods="5"/>
        <line num="6" count="7" type="cond" truecount="3" falsecount="0"/>
        <line num="10" count="14" type="cond" truecount="2" falsecount="0"/>
        <line num="11" count="6" type="stmt"/>
        <line num="12" count="4" type="cond" truecount="1" falsecount="1"/>
        <line num="20" count="7" type="cond" truecount="1" falsecount="1"/>
        <line num="22" count="7" type="cond" truecount="1" falsecount="1"/>
        <line num="23" count="7" type="cond" truecount="2" falsecount="0"/>
        <line num="24" count="7" type="stmt"/>
        <line num="25" count="7" type="stmt"/>
        <line num="27" count="7" type="cond" truecount="2" falsecount="0"/>
        <line num="28" count="2" type="stmt"/>
        <line num="34" count="5" type="cond" truecount="4" falsecount="0"/>
        <line num="35" count="3" type="cond" truecount="1" falsecount="1"/>
        <line num="36" count="2" type="cond" truecount="1" falsecount="1"/>
        <line num="37" count="2" type="stmt"/>
        <line num="44" count="3" type="cond" truecount="2" falsecount="0"/>
        <line num="45" count="1" type="stmt"/>
        <line num="51" count="2" type="cond" truecount="1" falsecount="1"/>
        <line num="52" count="0" type="cond" truecount="0" falsecount="2"/>
        <line num="55" count="2" type="cond" truecount="1" falsecount="1"/>
        <line num="56" count="2" type="stmt"/>
        <line num="63" count="0" type="cond" truecount="0" falsecount="4"/>
        <line num="64" count="0" type="stmt"/>
        <line num="70" count="0" type="stmt"/>
      </file>
      <file name="patch-load-status.ts" path="C:\Users\ariel\OneDrive\Escritorio\RECRUITING_SMARTER___BRASIL\proyecto_PP2_app_mobile\lib\tms\patch-load-status.ts">
        <metrics statements="16" coveredstatements="15" conditionals="7" coveredconditionals="7" methods="1" coveredmethods="1"/>
        <line num="28" count="8" type="cond" truecount="1" falsecount="0"/>
        <line num="30" count="8" type="cond" truecount="2" falsecount="0"/>
        <line num="31" count="6" type="stmt"/>
        <line num="34" count="7" type="stmt"/>
        <line num="35" count="7" type="stmt"/>
        <line num="38" count="7" type="stmt"/>
        <line num="39" count="7" type="stmt"/>
        <line num="41" count="1" type="stmt"/>
        <line num="47" count="6" type="stmt"/>
        <line num="48" count="6" type="stmt"/>
        <line num="49" count="6" type="cond" truecount="2" falsecount="0"/>
        <line num="50" count="5" type="stmt"/>
        <line num="51" count="5" type="stmt"/>
        <line num="53" count="0" type="stmt"/>
        <line num="57" count="6" type="cond" truecount="2" falsecount="0"/>
        <line num="58" count="3" type="stmt"/>
      </file>
      <file name="status-patch-request.ts" path="C:\Users\ariel\OneDrive\Escritorio\RECRUITING_SMARTER___BRASIL\proyecto_PP2_app_mobile\lib\tms\status-patch-request.ts">
        <metrics statements="6" coveredstatements="6" conditionals="0" coveredconditionals="0" methods="5" coveredmethods="5"/>
        <line num="10" count="12" type="stmt"/>
        <line num="14" count="13" type="stmt"/>
        <line num="18" count="12" type="stmt"/>
        <line num="22" count="12" type="stmt"/>
        <line num="23" count="12" type="stmt"/>
        <line num="41" count="8" type="stmt"/>
      </file>
    </package>
  </project>
</coverage>
