{"C:\\Users\\ariel\\OneDrive\\Escritorio\\RECRUITING_SMARTER___BRASIL\\proyecto_PP2_app_mobile\\components\\loads\\DriverActionBar.tsx": {"path":"C:\\Users\\ariel\\OneDrive\\Escritorio\\RECRUITING_SMARTER___BRASIL\\proyecto_PP2_app_mobile\\components\\loads\\DriverActionBar.tsx","statementMap":{"0":{"start":{"line":22,"column":32},"end":{"line":22,"column":65}},"1":{"start":{"line":23,"column":28},"end":{"line":23,"column":57}},"2":{"start":{"line":24,"column":38},"end":{"line":24,"column":67}},"3":{"start":{"line":26,"column":18},"end":{"line":26,"column":58}},"4":{"start":{"line":27,"column":18},"end":{"line":27,"column":40}},"5":{"start":{"line":29,"column":23},"end":{"line":46,"column":3}},"6":{"start":{"line":30,"column":4},"end":{"line":33,"column":5}},"7":{"start":{"line":31,"column":6},"end":{"line":31,"column":49}},"8":{"start":{"line":32,"column":6},"end":{"line":32,"column":13}},"9":{"start":{"line":34,"column":4},"end":{"line":37,"column":5}},"10":{"start":{"line":35,"column":6},"end":{"line":35,"column":55}},"11":{"start":{"line":36,"column":6},"end":{"line":36,"column":13}},"12":{"start":{"line":38,"column":4},"end":{"line":38,"column":21}},"13":{"start":{"line":39,"column":4},"end":{"line":39,"column":19}},"14":{"start":{"line":40,"column":4},"end":{"line":40,"column":49}},"15":{"start":{"line":40,"column":29},"end":{"line":40,"column":47}},"16":{"start":{"line":41,"column":4},"end":{"line":41,"column":25}},"17":{"start":{"line":42,"column":4},"end":{"line":44,"column":6}},"18":{"start":{"line":45,"column":4},"end":{"line":45,"column":21}},"19":{"start":{"line":48,"column":2},"end":{"line":54,"column":3}},"20":{"start":{"line":49,"column":4},"end":{"line":53,"column":6}},"21":{"start":{"line":56,"column":2},"end":{"line":77,"column":4}},"22":{"start":{"line":66,"column":8},"end":{"line":74,"column":10}},"23":{"start":{"line":72,"column":25},"end":{"line":72,"column":45}},"24":{"start":{"line":80,"column":15},"end":{"line":98,"column":2}}},"fnMap":{"0":{"name":"DriverActionBar","decl":{"start":{"line":17,"column":16},"end":{"line":17,"column":31}},"loc":{"start":{"line":21,"column":25},"end":{"line":78,"column":1}},"line":21},"1":{"name":"(anonymous_1)","decl":{"start":{"line":29,"column":23},"end":{"line":29,"column":24}},"loc":{"start":{"line":29,"column":51},"end":{"line":46,"column":3}},"line":29},"2":{"name":"(anonymous_2)","decl":{"start":{"line":40,"column":22},"end":{"line":40,"column":23}},"loc":{"start":{"line":40,"column":29},"end":{"line":40,"column":47}},"line":40},"3":{"name":"(anonymous_3)","decl":{"start":{"line":65,"column":19},"end":{"line":65,"column":20}},"loc":{"start":{"line":66,"column":8},"end":{"line":74,"column":10}},"line":66},"4":{"name":"(anonymous_4)","decl":{"start":{"line":72,"column":19},"end":{"line":72,"column":20}},"loc":{"start":{"line":72,"column":25},"end":{"line":72,"column":45}},"line":72}},"branchMap":{"0":{"loc":{"start":{"line":30,"column":4},"end":{"line":33,"column":5}},"type":"if","locations":[{"start":{"line":30,"column":4},"end":{"line":33,"column":5}},{"start":{},"end":{}}],"line":30},"1":{"loc":{"start":{"line":34,"column":4},"end":{"line":37,"column":5}},"type":"if","locations":[{"start":{"line":34,"column":4},"end":{"line":37,"column":5}},{"start":{},"end":{}}],"line":34},"2":{"loc":{"start":{"line":48,"column":2},"end":{"line":54,"column":3}},"type":"if","locations":[{"start":{"line":48,"column":2},"end":{"line":54,"column":3}},{"start":{},"end":{}}],"line":48},"3":{"loc":{"start":{"line":59,"column":7},"end":{"line":59,"column":53}},"type":"cond-expr","locations":[{"start":{"line":59,"column":15},"end":{"line":59,"column":46}},{"start":{"line":59,"column":49},"end":{"line":59,"column":53}}],"line":59},"4":{"loc":{"start":{"line":60,"column":7},"end":{"line":64,"column":14}},"type":"cond-expr","locations":[{"start":{"line":61,"column":8},"end":{"line":63,"column":15}},{"start":{"line":64,"column":10},"end":{"line":64,"column":14}}],"line":60},"5":{"loc":{"start":{"line":71,"column":20},"end":{"line":71,"column":71}},"type":"binary-expr","locations":[{"start":{"line":71,"column":20},"end":{"line":71,"column":27}},{"start":{"line":71,"column":32},"end":{"line":71,"column":48}},{"start":{"line":71,"column":52},"end":{"line":71,"column":70}}],"line":71}},"s":{"0":0,"1":0,"2":0,"3":0,"4":0,"5":0,"6":0,"7":0,"8":0,"9":0,"10":0,"11":0,"12":0,"13":0,"14":0,"15":0,"16":0,"17":0,"18":0,"19":0,"20":0,"21":0,"22":0,"23":0,"24":0},"f":{"0":0,"1":0,"2":0,"3":0,"4":0},"b":{"0":[0,0],"1":[0,0],"2":[0,0],"3":[0,0],"4":[0,0],"5":[0,0,0]}}
,"C:\\Users\\ariel\\OneDrive\\Escritorio\\RECRUITING_SMARTER___BRASIL\\proyecto_PP2_app_mobile\\components\\loads\\LoadDetailContent.tsx": {"path":"C:\\Users\\ariel\\OneDrive\\Escritorio\\RECRUITING_SMARTER___BRASIL\\proyecto_PP2_app_mobile\\components\\loads\\LoadDetailContent.tsx","statementMap":{"0":{"start":{"line":37,"column":2},"end":{"line":206,"column":4}},"1":{"start":{"line":53,"column":12},"end":{"line":55,"column":19}},"2":{"start":{"line":209,"column":15},"end":{"line":249,"column":2}}},"fnMap":{"0":{"name":"LoadDetailContent","decl":{"start":{"line":31,"column":16},"end":{"line":31,"column":33}},"loc":{"start":{"line":36,"column":27},"end":{"line":207,"column":1}},"line":36},"1":{"name":"(anonymous_1)","decl":{"start":{"line":52,"column":33},"end":{"line":52,"column":34}},"loc":{"start":{"line":53,"column":12},"end":{"line":55,"column":19}},"line":53}},"branchMap":{"0":{"loc":{"start":{"line":39,"column":7},"end":{"line":45,"column":14}},"type":"cond-expr","locations":[{"start":{"line":40,"column":8},"end":{"line":44,"column":10}},{"start":{"line":45,"column":10},"end":{"line":45,"column":14}}],"line":39},"1":{"loc":{"start":{"line":49,"column":7},"end":{"line":58,"column":14}},"type":"cond-expr","locations":[{"start":{"line":50,"column":8},"end":{"line":57,"column":15}},{"start":{"line":58,"column":10},"end":{"line":58,"column":14}}],"line":49},"2":{"loc":{"start":{"line":75,"column":9},"end":{"line":80,"column":16}},"type":"cond-expr","locations":[{"start":{"line":76,"column":10},"end":{"line":79,"column":12}},{"start":{"line":80,"column":12},"end":{"line":80,"column":16}}],"line":75},"3":{"loc":{"start":{"line":81,"column":9},"end":{"line":83,"column":16}},"type":"cond-expr","locations":[{"start":{"line":82,"column":10},"end":{"line":82,"column":90}},{"start":{"line":83,"column":12},"end":{"line":83,"column":16}}],"line":81},"4":{"loc":{"start":{"line":84,"column":9},"end":{"line":86,"column":16}},"type":"cond-expr","locations":[{"start":{"line":85,"column":10},"end":{"line":85,"column":96}},{"start":{"line":86,"column":12},"end":{"line":86,"column":16}}],"line":84},"5":{"loc":{"start":{"line":87,"column":9},"end":{"line":93,"column":16}},"type":"cond-expr","locations":[{"start":{"line":88,"column":10},"end":{"line":92,"column":12}},{"start":{"line":93,"column":12},"end":{"line":93,"column":16}}],"line":87},"6":{"loc":{"start":{"line":96,"column":7},"end":{"line":110,"column":14}},"type":"cond-expr","locations":[{"start":{"line":97,"column":8},"end":{"line":109,"column":15}},{"start":{"line":110,"column":10},"end":{"line":110,"column":14}}],"line":96},"7":{"loc":{"start":{"line":98,"column":11},"end":{"line":100,"column":18}},"type":"cond-expr","locations":[{"start":{"line":99,"column":12},"end":{"line":99,"column":88}},{"start":{"line":100,"column":14},"end":{"line":100,"column":18}}],"line":98},"8":{"loc":{"start":{"line":101,"column":11},"end":{"line":103,"column":18}},"type":"cond-expr","locations":[{"start":{"line":102,"column":12},"end":{"line":102,"column":90}},{"start":{"line":103,"column":14},"end":{"line":103,"column":18}}],"line":101},"9":{"loc":{"start":{"line":104,"column":11},"end":{"line":104,"column":94}},"type":"cond-expr","locations":[{"start":{"line":104,"column":22},"end":{"line":104,"column":87}},{"start":{"line":104,"column":90},"end":{"line":104,"column":94}}],"line":104},"10":{"loc":{"start":{"line":105,"column":11},"end":{"line":105,"column":97}},"type":"cond-expr","locations":[{"start":{"line":105,"column":23},"end":{"line":105,"column":90}},{"start":{"line":105,"column":93},"end":{"line":105,"column":97}}],"line":105},"11":{"loc":{"start":{"line":106,"column":11},"end":{"line":108,"column":18}},"type":"cond-expr","locations":[{"start":{"line":107,"column":12},"end":{"line":107,"column":93}},{"start":{"line":108,"column":14},"end":{"line":108,"column":18}}],"line":106},"12":{"loc":{"start":{"line":112,"column":7},"end":{"line":133,"column":14}},"type":"cond-expr","locations":[{"start":{"line":113,"column":8},"end":{"line":132,"column":15}},{"start":{"line":133,"column":10},"end":{"line":133,"column":14}}],"line":112},"13":{"loc":{"start":{"line":114,"column":11},"end":{"line":116,"column":18}},"type":"cond-expr","locations":[{"start":{"line":115,"column":12},"end":{"line":115,"column":96}},{"start":{"line":116,"column":14},"end":{"line":116,"column":18}}],"line":114},"14":{"loc":{"start":{"line":117,"column":11},"end":{"line":119,"column":18}},"type":"cond-expr","locations":[{"start":{"line":118,"column":12},"end":{"line":118,"column":98}},{"start":{"line":119,"column":14},"end":{"line":119,"column":18}}],"line":117},"15":{"loc":{"start":{"line":120,"column":11},"end":{"line":122,"column":18}},"type":"cond-expr","locations":[{"start":{"line":121,"column":12},"end":{"line":121,"column":98}},{"start":{"line":122,"column":14},"end":{"line":122,"column":18}}],"line":120},"16":{"loc":{"start":{"line":123,"column":11},"end":{"line":125,"column":18}},"type":"cond-expr","locations":[{"start":{"line":124,"column":12},"end":{"line":124,"column":90}},{"start":{"line":125,"column":14},"end":{"line":125,"column":18}}],"line":123},"17":{"loc":{"start":{"line":126,"column":11},"end":{"line":128,"column":18}},"type":"cond-expr","locations":[{"start":{"line":127,"column":12},"end":{"line":127,"column":92}},{"start":{"line":128,"column":14},"end":{"line":128,"column":18}}],"line":126},"18":{"loc":{"start":{"line":129,"column":11},"end":{"line":131,"column":18}},"type":"cond-expr","locations":[{"start":{"line":130,"column":12},"end":{"line":130,"column":97}},{"start":{"line":131,"column":14},"end":{"line":131,"column":18}}],"line":129},"19":{"loc":{"start":{"line":135,"column":7},"end":{"line":163,"column":14}},"type":"cond-expr","locations":[{"start":{"line":136,"column":8},"end":{"line":162,"column":15}},{"start":{"line":163,"column":10},"end":{"line":163,"column":14}}],"line":135},"20":{"loc":{"start":{"line":137,"column":11},"end":{"line":142,"column":18}},"type":"cond-expr","locations":[{"start":{"line":138,"column":12},"end":{"line":141,"column":14}},{"start":{"line":142,"column":14},"end":{"line":142,"column":18}}],"line":137},"21":{"loc":{"start":{"line":143,"column":11},"end":{"line":148,"column":18}},"type":"cond-expr","locations":[{"start":{"line":144,"column":12},"end":{"line":147,"column":14}},{"start":{"line":148,"column":14},"end":{"line":148,"column":18}}],"line":143},"22":{"loc":{"start":{"line":149,"column":11},"end":{"line":154,"column":18}},"type":"cond-expr","locations":[{"start":{"line":150,"column":12},"end":{"line":153,"column":14}},{"start":{"line":154,"column":14},"end":{"line":154,"column":18}}],"line":149},"23":{"loc":{"start":{"line":155,"column":11},"end":{"line":161,"column":18}},"type":"cond-expr","locations":[{"start":{"line":156,"column":12},"end":{"line":160,"column":14}},{"start":{"line":161,"column":14},"end":{"line":161,"column":18}}],"line":155},"24":{"loc":{"start":{"line":165,"column":7},"end":{"line":181,"column":14}},"type":"cond-expr","locations":[{"start":{"line":166,"column":8},"end":{"line":180,"column":15}},{"start":{"line":181,"column":10},"end":{"line":181,"column":14}}],"line":165},"25":{"loc":{"start":{"line":169,"column":19},"end":{"line":169,"column":82}},"type":"cond-expr","locations":[{"start":{"line":169,"column":36},"end":{"line":169,"column":58}},{"start":{"line":169,"column":61},"end":{"line":169,"column":82}}],"line":169},"26":{"loc":{"start":{"line":173,"column":19},"end":{"line":173,"column":86}},"type":"cond-expr","locations":[{"start":{"line":173,"column":40},"end":{"line":173,"column":62}},{"start":{"line":173,"column":65},"end":{"line":173,"column":86}}],"line":173},"27":{"loc":{"start":{"line":177,"column":19},"end":{"line":177,"column":82}},"type":"cond-expr","locations":[{"start":{"line":177,"column":36},"end":{"line":177,"column":58}},{"start":{"line":177,"column":61},"end":{"line":177,"column":82}}],"line":177},"28":{"loc":{"start":{"line":183,"column":7},"end":{"line":187,"column":14}},"type":"cond-expr","locations":[{"start":{"line":184,"column":8},"end":{"line":186,"column":15}},{"start":{"line":187,"column":10},"end":{"line":187,"column":14}}],"line":183}},"s":{"0":0,"1":0,"2":0},"f":{"0":0,"1":0},"b":{"0":[0,0],"1":[0,0],"2":[0,0],"3":[0,0],"4":[0,0],"5":[0,0],"6":[0,0],"7":[0,0],"8":[0,0],"9":[0,0],"10":[0,0],"11":[0,0],"12":[0,0],"13":[0,0],"14":[0,0],"15":[0,0],"16":[0,0],"17":[0,0],"18":[0,0],"19":[0,0],"20":[0,0],"21":[0,0],"22":[0,0],"23":[0,0],"24":[0,0],"25":[0,0],"26":[0,0],"27":[0,0],"28":[0,0]}}
,"C:\\Users\\ariel\\OneDrive\\Escritorio\\RECRUITING_SMARTER___BRASIL\\proyecto_PP2_app_mobile\\components\\loads\\LoadDetailRow.tsx": {"path":"C:\\Users\\ariel\\OneDrive\\Escritorio\\RECRUITING_SMARTER___BRASIL\\proyecto_PP2_app_mobile\\components\\loads\\LoadDetailRow.tsx","statementMap":{"0":{"start":{"line":12,"column":2},"end":{"line":17,"column":4}},"1":{"start":{"line":21,"column":2},"end":{"line":21,"column":53}},"2":{"start":{"line":24,"column":15},"end":{"line":42,"column":2}}},"fnMap":{"0":{"name":"LoadDetailRow","decl":{"start":{"line":11,"column":16},"end":{"line":11,"column":29}},"loc":{"start":{"line":11,"column":74},"end":{"line":18,"column":1}},"line":11},"1":{"name":"LoadDetailMeta","decl":{"start":{"line":20,"column":16},"end":{"line":20,"column":30}},"loc":{"start":{"line":20,"column":67},"end":{"line":22,"column":1}},"line":20}},"branchMap":{"0":{"loc":{"start":{"line":13,"column":17},"end":{"line":13,"column":49}},"type":"cond-expr","locations":[{"start":{"line":13,"column":25},"end":{"line":13,"column":37}},{"start":{"line":13,"column":40},"end":{"line":13,"column":49}}],"line":13}},"s":{"0":0,"1":0,"2":0},"f":{"0":0,"1":0},"b":{"0":[0,0]}}
,"C:\\Users\\ariel\\OneDrive\\Escritorio\\RECRUITING_SMARTER___BRASIL\\proyecto_PP2_app_mobile\\components\\loads\\LoadListItem.tsx": {"path":"C:\\Users\\ariel\\OneDrive\\Escritorio\\RECRUITING_SMARTER___BRASIL\\proyecto_PP2_app_mobile\\components\\loads\\LoadListItem.tsx","statementMap":{"0":{"start":{"line":15,"column":2},"end":{"line":38,"column":4}},"1":{"start":{"line":18,"column":30},"end":{"line":18,"column":70}},"2":{"start":{"line":41,"column":15},"end":{"line":84,"column":2}}},"fnMap":{"0":{"name":"LoadListItem","decl":{"start":{"line":14,"column":16},"end":{"line":14,"column":28}},"loc":{"start":{"line":14,"column":67},"end":{"line":39,"column":1}},"line":14},"1":{"name":"(anonymous_1)","decl":{"start":{"line":18,"column":13},"end":{"line":18,"column":14}},"loc":{"start":{"line":18,"column":30},"end":{"line":18,"column":70}},"line":18}},"branchMap":{"0":{"loc":{"start":{"line":18,"column":44},"end":{"line":18,"column":69}},"type":"binary-expr","locations":[{"start":{"line":18,"column":44},"end":{"line":18,"column":51}},{"start":{"line":18,"column":55},"end":{"line":18,"column":69}}],"line":18},"1":{"loc":{"start":{"line":23,"column":7},"end":{"line":27,"column":14}},"type":"cond-expr","locations":[{"start":{"line":24,"column":8},"end":{"line":26,"column":15}},{"start":{"line":27,"column":10},"end":{"line":27,"column":14}}],"line":23},"2":{"loc":{"start":{"line":29,"column":9},"end":{"line":29,"column":36}},"type":"binary-expr","locations":[{"start":{"line":29,"column":9},"end":{"line":29,"column":29}},{"start":{"line":29,"column":33},"end":{"line":29,"column":36}}],"line":29},"3":{"loc":{"start":{"line":29,"column":41},"end":{"line":29,"column":70}},"type":"binary-expr","locations":[{"start":{"line":29,"column":41},"end":{"line":29,"column":63}},{"start":{"line":29,"column":67},"end":{"line":29,"column":70}}],"line":29},"4":{"loc":{"start":{"line":34,"column":7},"end":{"line":36,"column":14}},"type":"cond-expr","locations":[{"start":{"line":35,"column":8},"end":{"line":35,"column":67}},{"start":{"line":36,"column":10},"end":{"line":36,"column":14}}],"line":34}},"s":{"0":0,"1":0,"2":0},"f":{"0":0,"1":0},"b":{"0":[0,0],"1":[0,0],"2":[0,0],"3":[0,0],"4":[0,0]}}
,"C:\\Users\\ariel\\OneDrive\\Escritorio\\RECRUITING_SMARTER___BRASIL\\proyecto_PP2_app_mobile\\components\\ui\\Button.tsx": {"path":"C:\\Users\\ariel\\OneDrive\\Escritorio\\RECRUITING_SMARTER___BRASIL\\proyecto_PP2_app_mobile\\components\\ui\\Button.tsx","statementMap":{"0":{"start":{"line":30,"column":21},"end":{"line":30,"column":40}},"1":{"start":{"line":32,"column":2},"end":{"line":52,"column":4}},"2":{"start":{"line":36,"column":30},"end":{"line":42,"column":7}},"3":{"start":{"line":55,"column":15},"end":{"line":79,"column":2}}},"fnMap":{"0":{"name":"Button","decl":{"start":{"line":22,"column":16},"end":{"line":22,"column":22}},"loc":{"start":{"line":29,"column":16},"end":{"line":53,"column":1}},"line":29},"1":{"name":"(anonymous_1)","decl":{"start":{"line":36,"column":13},"end":{"line":36,"column":14}},"loc":{"start":{"line":36,"column":30},"end":{"line":42,"column":7}},"line":36}},"branchMap":{"0":{"loc":{"start":{"line":24,"column":2},"end":{"line":24,"column":21}},"type":"default-arg","locations":[{"start":{"line":24,"column":12},"end":{"line":24,"column":21}}],"line":24},"1":{"loc":{"start":{"line":25,"column":2},"end":{"line":25,"column":17}},"type":"default-arg","locations":[{"start":{"line":25,"column":12},"end":{"line":25,"column":17}}],"line":25},"2":{"loc":{"start":{"line":30,"column":21},"end":{"line":30,"column":40}},"type":"binary-expr","locations":[{"start":{"line":30,"column":21},"end":{"line":30,"column":29}},{"start":{"line":30,"column":33},"end":{"line":30,"column":40}}],"line":30},"3":{"loc":{"start":{"line":39,"column":8},"end":{"line":39,"column":37}},"type":"binary-expr","locations":[{"start":{"line":39,"column":8},"end":{"line":39,"column":18}},{"start":{"line":39,"column":22},"end":{"line":39,"column":37}}],"line":39},"4":{"loc":{"start":{"line":40,"column":8},"end":{"line":40,"column":48}},"type":"binary-expr","locations":[{"start":{"line":40,"column":8},"end":{"line":40,"column":15}},{"start":{"line":40,"column":19},"end":{"line":40,"column":30}},{"start":{"line":40,"column":34},"end":{"line":40,"column":48}}],"line":40},"5":{"loc":{"start":{"line":44,"column":7},"end":{"line":50,"column":7}},"type":"cond-expr","locations":[{"start":{"line":45,"column":8},"end":{"line":47,"column":10}},{"start":{"line":49,"column":8},"end":{"line":49,"column":95}}],"line":44},"6":{"loc":{"start":{"line":46,"column":17},"end":{"line":46,"column":92}},"type":"cond-expr","locations":[{"start":{"line":46,"column":41},"end":{"line":46,"column":64}},{"start":{"line":46,"column":67},"end":{"line":46,"column":92}}],"line":46},"7":{"loc":{"start":{"line":49,"column":35},"end":{"line":49,"column":78}},"type":"binary-expr","locations":[{"start":{"line":49,"column":35},"end":{"line":49,"column":56}},{"start":{"line":49,"column":60},"end":{"line":49,"column":78}}],"line":49}},"s":{"0":0,"1":0,"2":0,"3":0},"f":{"0":0,"1":0},"b":{"0":[0],"1":[0],"2":[0,0],"3":[0,0],"4":[0,0,0],"5":[0,0],"6":[0,0],"7":[0,0]}}
,"C:\\Users\\ariel\\OneDrive\\Escritorio\\RECRUITING_SMARTER___BRASIL\\proyecto_PP2_app_mobile\\components\\ui\\Card.tsx": {"path":"C:\\Users\\ariel\\OneDrive\\Escritorio\\RECRUITING_SMARTER___BRASIL\\proyecto_PP2_app_mobile\\components\\ui\\Card.tsx","statementMap":{"0":{"start":{"line":12,"column":2},"end":{"line":17,"column":4}},"1":{"start":{"line":20,"column":15},"end":{"line":35,"column":2}}},"fnMap":{"0":{"name":"Card","decl":{"start":{"line":11,"column":16},"end":{"line":11,"column":20}},"loc":{"start":{"line":11,"column":53},"end":{"line":18,"column":1}},"line":11}},"branchMap":{"0":{"loc":{"start":{"line":14,"column":7},"end":{"line":14,"column":63}},"type":"cond-expr","locations":[{"start":{"line":14,"column":15},"end":{"line":14,"column":56}},{"start":{"line":14,"column":59},"end":{"line":14,"column":63}}],"line":14}},"s":{"0":0,"1":0},"f":{"0":0},"b":{"0":[0,0]}}
,"C:\\Users\\ariel\\OneDrive\\Escritorio\\RECRUITING_SMARTER___BRASIL\\proyecto_PP2_app_mobile\\components\\ui\\EmptyState.tsx": {"path":"C:\\Users\\ariel\\OneDrive\\Escritorio\\RECRUITING_SMARTER___BRASIL\\proyecto_PP2_app_mobile\\components\\ui\\EmptyState.tsx","statementMap":{"0":{"start":{"line":17,"column":2},"end":{"line":23,"column":4}},"1":{"start":{"line":26,"column":15},"end":{"line":46,"column":2}}},"fnMap":{"0":{"name":"EmptyState","decl":{"start":{"line":12,"column":16},"end":{"line":12,"column":26}},"loc":{"start":{"line":16,"column":20},"end":{"line":24,"column":1}},"line":16}},"branchMap":{"0":{"loc":{"start":{"line":15,"column":2},"end":{"line":15,"column":16}},"type":"default-arg","locations":[{"start":{"line":15,"column":9},"end":{"line":15,"column":16}}],"line":15}},"s":{"0":0,"1":0},"f":{"0":0},"b":{"0":[0]}}
,"C:\\Users\\ariel\\OneDrive\\Escritorio\\RECRUITING_SMARTER___BRASIL\\proyecto_PP2_app_mobile\\components\\ui\\ErrorBanner.tsx": {"path":"C:\\Users\\ariel\\OneDrive\\Escritorio\\RECRUITING_SMARTER___BRASIL\\proyecto_PP2_app_mobile\\components\\ui\\ErrorBanner.tsx","statementMap":{"0":{"start":{"line":12,"column":2},"end":{"line":24,"column":4}},"1":{"start":{"line":19,"column":34},"end":{"line":19,"column":82}},"2":{"start":{"line":27,"column":15},"end":{"line":53,"column":2}}},"fnMap":{"0":{"name":"ErrorBanner","decl":{"start":{"line":11,"column":16},"end":{"line":11,"column":27}},"loc":{"start":{"line":11,"column":82},"end":{"line":25,"column":1}},"line":11},"1":{"name":"(anonymous_1)","decl":{"start":{"line":19,"column":17},"end":{"line":19,"column":18}},"loc":{"start":{"line":19,"column":34},"end":{"line":19,"column":82}},"line":19}},"branchMap":{"0":{"loc":{"start":{"line":15,"column":7},"end":{"line":22,"column":14}},"type":"cond-expr","locations":[{"start":{"line":16,"column":8},"end":{"line":21,"column":20}},{"start":{"line":22,"column":10},"end":{"line":22,"column":14}}],"line":15},"1":{"loc":{"start":{"line":15,"column":7},"end":{"line":15,"column":30}},"type":"binary-expr","locations":[{"start":{"line":15,"column":7},"end":{"line":15,"column":18}},{"start":{"line":15,"column":22},"end":{"line":15,"column":30}}],"line":15},"2":{"loc":{"start":{"line":19,"column":50},"end":{"line":19,"column":81}},"type":"binary-expr","locations":[{"start":{"line":19,"column":50},"end":{"line":19,"column":57}},{"start":{"line":19,"column":61},"end":{"line":19,"column":81}}],"line":19}},"s":{"0":0,"1":0,"2":0},"f":{"0":0,"1":0},"b":{"0":[0,0],"1":[0,0],"2":[0,0]}}
,"C:\\Users\\ariel\\OneDrive\\Escritorio\\RECRUITING_SMARTER___BRASIL\\proyecto_PP2_app_mobile\\components\\ui\\Input.tsx": {"path":"C:\\Users\\ariel\\OneDrive\\Escritorio\\RECRUITING_SMARTER___BRASIL\\proyecto_PP2_app_mobile\\components\\ui\\Input.tsx","statementMap":{"0":{"start":{"line":11,"column":2},"end":{"line":21,"column":4}},"1":{"start":{"line":24,"column":15},"end":{"line":48,"column":2}}},"fnMap":{"0":{"name":"Input","decl":{"start":{"line":10,"column":16},"end":{"line":10,"column":21}},"loc":{"start":{"line":10,"column":68},"end":{"line":22,"column":1}},"line":10}},"branchMap":{"0":{"loc":{"start":{"line":16,"column":30},"end":{"line":16,"column":62}},"type":"cond-expr","locations":[{"start":{"line":16,"column":38},"end":{"line":16,"column":55}},{"start":{"line":16,"column":58},"end":{"line":16,"column":62}}],"line":16},"1":{"loc":{"start":{"line":19,"column":7},"end":{"line":19,"column":63}},"type":"cond-expr","locations":[{"start":{"line":19,"column":15},"end":{"line":19,"column":56}},{"start":{"line":19,"column":59},"end":{"line":19,"column":63}}],"line":19}},"s":{"0":0,"1":0},"f":{"0":0},"b":{"0":[0,0],"1":[0,0]}}
,"C:\\Users\\ariel\\OneDrive\\Escritorio\\RECRUITING_SMARTER___BRASIL\\proyecto_PP2_app_mobile\\components\\ui\\Screen.tsx": {"path":"C:\\Users\\ariel\\OneDrive\\Escritorio\\RECRUITING_SMARTER___BRASIL\\proyecto_PP2_app_mobile\\components\\ui\\Screen.tsx","statementMap":{"0":{"start":{"line":14,"column":18},"end":{"line":22,"column":3}},"1":{"start":{"line":24,"column":2},"end":{"line":28,"column":4}},"2":{"start":{"line":31,"column":15},"end":{"line":44,"column":2}}},"fnMap":{"0":{"name":"Screen","decl":{"start":{"line":13,"column":16},"end":{"line":13,"column":22}},"loc":{"start":{"line":13,"column":73},"end":{"line":29,"column":1}},"line":13}},"branchMap":{"0":{"loc":{"start":{"line":13,"column":35},"end":{"line":13,"column":49}},"type":"default-arg","locations":[{"start":{"line":13,"column":44},"end":{"line":13,"column":49}}],"line":13},"1":{"loc":{"start":{"line":14,"column":18},"end":{"line":22,"column":3}},"type":"cond-expr","locations":[{"start":{"line":15,"column":4},"end":{"line":19,"column":17}},{"start":{"line":21,"column":4},"end":{"line":21,"column":59}}],"line":14}},"s":{"0":0,"1":0,"2":0},"f":{"0":0},"b":{"0":[0],"1":[0,0]}}
,"C:\\Users\\ariel\\OneDrive\\Escritorio\\RECRUITING_SMARTER___BRASIL\\proyecto_PP2_app_mobile\\components\\ui\\ScreenState.tsx": {"path":"C:\\Users\\ariel\\OneDrive\\Escritorio\\RECRUITING_SMARTER___BRASIL\\proyecto_PP2_app_mobile\\components\\ui\\ScreenState.tsx","statementMap":{"0":{"start":{"line":27,"column":2},"end":{"line":32,"column":4}},"1":{"start":{"line":49,"column":2},"end":{"line":54,"column":4}},"2":{"start":{"line":57,"column":15},"end":{"line":76,"column":2}}},"fnMap":{"0":{"name":"LoadingState","decl":{"start":{"line":22,"column":16},"end":{"line":22,"column":28}},"loc":{"start":{"line":26,"column":22},"end":{"line":33,"column":1}},"line":26},"1":{"name":"ErrorState","decl":{"start":{"line":42,"column":16},"end":{"line":42,"column":26}},"loc":{"start":{"line":48,"column":20},"end":{"line":55,"column":1}},"line":48}},"branchMap":{"0":{"loc":{"start":{"line":24,"column":2},"end":{"line":24,"column":40}},"type":"default-arg","locations":[{"start":{"line":24,"column":17},"end":{"line":24,"column":40}}],"line":24},"1":{"loc":{"start":{"line":52,"column":7},"end":{"line":52,"column":66}},"type":"cond-expr","locations":[{"start":{"line":52,"column":16},"end":{"line":52,"column":59}},{"start":{"line":52,"column":62},"end":{"line":52,"column":66}}],"line":52}},"s":{"0":0,"1":0,"2":0},"f":{"0":0,"1":0},"b":{"0":[0],"1":[0,0]}}
,"C:\\Users\\ariel\\OneDrive\\Escritorio\\RECRUITING_SMARTER___BRASIL\\proyecto_PP2_app_mobile\\components\\ui\\StatusBadge.tsx": {"path":"C:\\Users\\ariel\\OneDrive\\Escritorio\\RECRUITING_SMARTER___BRASIL\\proyecto_PP2_app_mobile\\components\\ui\\StatusBadge.tsx","statementMap":{"0":{"start":{"line":13,"column":2},"end":{"line":24,"column":4}},"1":{"start":{"line":27,"column":15},"end":{"line":47,"column":2}}},"fnMap":{"0":{"name":"StatusBadge","decl":{"start":{"line":12,"column":16},"end":{"line":12,"column":27}},"loc":{"start":{"line":12,"column":63},"end":{"line":25,"column":1}},"line":12}},"branchMap":{"0":{"loc":{"start":{"line":18,"column":7},"end":{"line":22,"column":14}},"type":"cond-expr","locations":[{"start":{"line":19,"column":8},"end":{"line":21,"column":15}},{"start":{"line":22,"column":10},"end":{"line":22,"column":14}}],"line":18}},"s":{"0":2,"1":1},"f":{"0":2},"b":{"0":[1,1]},"_coverageSchema":"1a1c01bbd47fc00a2c39e90264f33305004495a9","hash":"dc6a2327798b0a7627b448d916c3a7dd7445b809"}
,"C:\\Users\\ariel\\OneDrive\\Escritorio\\RECRUITING_SMARTER___BRASIL\\proyecto_PP2_app_mobile\\context\\AuthContext.tsx": {"path":"C:\\Users\\ariel\\OneDrive\\Escritorio\\RECRUITING_SMARTER___BRASIL\\proyecto_PP2_app_mobile\\context\\AuthContext.tsx","statementMap":{"0":{"start":{"line":39,"column":20},"end":{"line":39,"column":64}},"1":{"start":{"line":42,"column":44},"end":{"line":42,"column":59}},"2":{"start":{"line":43,"column":32},"end":{"line":43,"column":62}},"3":{"start":{"line":44,"column":44},"end":{"line":44,"column":82}},"4":{"start":{"line":45,"column":36},"end":{"line":45,"column":65}},"5":{"start":{"line":47,"column":25},"end":{"line":52,"column":8}},"6":{"start":{"line":48,"column":21},"end":{"line":48,"column":34}},"7":{"start":{"line":49,"column":44},"end":{"line":49,"column":79}},"8":{"start":{"line":50,"column":4},"end":{"line":50,"column":21}},"9":{"start":{"line":51,"column":4},"end":{"line":51,"column":31}},"10":{"start":{"line":54,"column":29},"end":{"line":65,"column":8}},"11":{"start":{"line":55,"column":21},"end":{"line":55,"column":34}},"12":{"start":{"line":56,"column":22},"end":{"line":59,"column":6}},"13":{"start":{"line":60,"column":4},"end":{"line":63,"column":5}},"14":{"start":{"line":61,"column":6},"end":{"line":61,"column":68}},"15":{"start":{"line":62,"column":6},"end":{"line":62,"column":49}},"16":{"start":{"line":64,"column":4},"end":{"line":64,"column":24}},"17":{"start":{"line":67,"column":30},"end":{"line":79,"column":8}},"18":{"start":{"line":68,"column":21},"end":{"line":68,"column":34}},"19":{"start":{"line":69,"column":23},"end":{"line":69,"column":43}},"20":{"start":{"line":70,"column":22},"end":{"line":73,"column":6}},"21":{"start":{"line":74,"column":4},"end":{"line":77,"column":5}},"22":{"start":{"line":75,"column":6},"end":{"line":75,"column":63}},"23":{"start":{"line":76,"column":6},"end":{"line":76,"column":49}},"24":{"start":{"line":78,"column":4},"end":{"line":78,"column":24}},"25":{"start":{"line":81,"column":18},"end":{"line":86,"column":8}},"26":{"start":{"line":82,"column":21},"end":{"line":82,"column":34}},"27":{"start":{"line":83,"column":4},"end":{"line":83,"column":34}},"28":{"start":{"line":84,"column":4},"end":{"line":84,"column":21}},"29":{"start":{"line":85,"column":4},"end":{"line":85,"column":35}},"30":{"start":{"line":88,"column":2},"end":{"line":115,"column":9}},"31":{"start":{"line":89,"column":21},"end":{"line":89,"column":34}},"32":{"start":{"line":90,"column":18},"end":{"line":90,"column":22}},"33":{"start":{"line":92,"column":22},"end":{"line":98,"column":5}},"34":{"start":{"line":93,"column":49},"end":{"line":93,"column":84}},"35":{"start":{"line":94,"column":6},"end":{"line":94,"column":27}},"36":{"start":{"line":94,"column":20},"end":{"line":94,"column":27}},"37":{"start":{"line":95,"column":6},"end":{"line":95,"column":26}},"38":{"start":{"line":96,"column":6},"end":{"line":96,"column":33}},"39":{"start":{"line":97,"column":6},"end":{"line":97,"column":29}},"40":{"start":{"line":100,"column":4},"end":{"line":100,"column":21}},"41":{"start":{"line":102,"column":25},"end":{"line":109,"column":6}},"42":{"start":{"line":103,"column":6},"end":{"line":103,"column":27}},"43":{"start":{"line":103,"column":20},"end":{"line":103,"column":27}},"44":{"start":{"line":104,"column":6},"end":{"line":104,"column":30}},"45":{"start":{"line":105,"column":6},"end":{"line":105,"column":30}},"46":{"start":{"line":106,"column":6},"end":{"line":108,"column":7}},"47":{"start":{"line":107,"column":8},"end":{"line":107,"column":27}},"48":{"start":{"line":111,"column":4},"end":{"line":114,"column":6}},"49":{"start":{"line":112,"column":6},"end":{"line":112,"column":22}},"50":{"start":{"line":113,"column":6},"end":{"line":113,"column":33}},"51":{"start":{"line":117,"column":16},"end":{"line":140,"column":3}},"52":{"start":{"line":118,"column":11},"end":{"line":129,"column":5}},"53":{"start":{"line":142,"column":2},"end":{"line":142,"column":79}},"54":{"start":{"line":146,"column":14},"end":{"line":146,"column":37}},"55":{"start":{"line":147,"column":2},"end":{"line":149,"column":3}},"56":{"start":{"line":148,"column":4},"end":{"line":148,"column":64}},"57":{"start":{"line":150,"column":2},"end":{"line":150,"column":13}}},"fnMap":{"0":{"name":"AuthProvider","decl":{"start":{"line":41,"column":16},"end":{"line":41,"column":28}},"loc":{"start":{"line":41,"column":68},"end":{"line":143,"column":1}},"line":41},"1":{"name":"(anonymous_1)","decl":{"start":{"line":47,"column":37},"end":{"line":47,"column":38}},"loc":{"start":{"line":47,"column":49},"end":{"line":52,"column":3}},"line":47},"2":{"name":"(anonymous_2)","decl":{"start":{"line":54,"column":41},"end":{"line":54,"column":42}},"loc":{"start":{"line":54,"column":84},"end":{"line":65,"column":3}},"line":54},"3":{"name":"(anonymous_3)","decl":{"start":{"line":67,"column":42},"end":{"line":67,"column":43}},"loc":{"start":{"line":67,"column":67},"end":{"line":79,"column":3}},"line":67},"4":{"name":"(anonymous_4)","decl":{"start":{"line":81,"column":30},"end":{"line":81,"column":31}},"loc":{"start":{"line":81,"column":42},"end":{"line":86,"column":3}},"line":81},"5":{"name":"(anonymous_5)","decl":{"start":{"line":88,"column":12},"end":{"line":88,"column":13}},"loc":{"start":{"line":88,"column":18},"end":{"line":115,"column":3}},"line":88},"6":{"name":"(anonymous_6)","decl":{"start":{"line":92,"column":22},"end":{"line":92,"column":23}},"loc":{"start":{"line":92,"column":34},"end":{"line":98,"column":5}},"line":92},"7":{"name":"(anonymous_7)","decl":{"start":{"line":102,"column":58},"end":{"line":102,"column":59}},"loc":{"start":{"line":102,"column":82},"end":{"line":109,"column":5}},"line":102},"8":{"name":"(anonymous_8)","decl":{"start":{"line":111,"column":11},"end":{"line":111,"column":12}},"loc":{"start":{"line":111,"column":17},"end":{"line":114,"column":5}},"line":111},"9":{"name":"(anonymous_9)","decl":{"start":{"line":118,"column":4},"end":{"line":118,"column":5}},"loc":{"start":{"line":118,"column":11},"end":{"line":129,"column":5}},"line":118},"10":{"name":"useAuth","decl":{"start":{"line":145,"column":16},"end":{"line":145,"column":23}},"loc":{"start":{"line":145,"column":44},"end":{"line":151,"column":1}},"line":145}},"branchMap":{"0":{"loc":{"start":{"line":60,"column":4},"end":{"line":63,"column":5}},"type":"if","locations":[{"start":{"line":60,"column":4},"end":{"line":63,"column":5}},{"start":{},"end":{}}],"line":60},"1":{"loc":{"start":{"line":74,"column":4},"end":{"line":77,"column":5}},"type":"if","locations":[{"start":{"line":74,"column":4},"end":{"line":77,"column":5}},{"start":{},"end":{}}],"line":74},"2":{"loc":{"start":{"line":94,"column":6},"end":{"line":94,"column":27}},"type":"if","locations":[{"start":{"line":94,"column":6},"end":{"line":94,"column":27}},{"start":{},"end":{}}],"line":94},"3":{"loc":{"start":{"line":103,"column":6},"end":{"line":103,"column":27}},"type":"if","locations":[{"start":{"line":103,"column":6},"end":{"line":103,"column":27}},{"start":{},"end":{}}],"line":103},"4":{"loc":{"start":{"line":106,"column":6},"end":{"line":108,"column":7}},"type":"if","locations":[{"start":{"line":106,"column":6},"end":{"line":108,"column":7}},{"start":{},"end":{}}],"line":106},"5":{"loc":{"start":{"line":121,"column":12},"end":{"line":121,"column":33}},"type":"binary-expr","locations":[{"start":{"line":121,"column":12},"end":{"line":121,"column":25}},{"start":{"line":121,"column":29},"end":{"line":121,"column":33}}],"line":121},"6":{"loc":{"start":{"line":147,"column":2},"end":{"line":149,"column":3}},"type":"if","locations":[{"start":{"line":147,"column":2},"end":{"line":149,"column":3}},{"start":{},"end":{}}],"line":147}},"s":{"0":4,"1":0,"2":0,"3":0,"4":0,"5":0,"6":0,"7":0,"8":0,"9":0,"10":0,"11":0,"12":0,"13":0,"14":0,"15":0,"16":0,"17":0,"18":0,"19":0,"20":0,"21":0,"22":0,"23":0,"24":0,"25":0,"26":0,"27":0,"28":0,"29":0,"30":0,"31":0,"32":0,"33":0,"34":0,"35":0,"36":0,"37":0,"38":0,"39":0,"40":0,"41":0,"42":0,"43":0,"44":0,"45":0,"46":0,"47":0,"48":0,"49":0,"50":0,"51":0,"52":0,"53":0,"54":0,"55":0,"56":0,"57":0},"f":{"0":0,"1":0,"2":0,"3":0,"4":0,"5":0,"6":0,"7":0,"8":0,"9":0,"10":0},"b":{"0":[0,0],"1":[0,0],"2":[0,0],"3":[0,0],"4":[0,0],"5":[0,0],"6":[0,0]},"_coverageSchema":"1a1c01bbd47fc00a2c39e90264f33305004495a9","hash":"af6f796014b93f4f0f990b16b78933bbcc137a0e"}
,"C:\\Users\\ariel\\OneDrive\\Escritorio\\RECRUITING_SMARTER___BRASIL\\proyecto_PP2_app_mobile\\context\\LoadsContext.tsx": {"path":"C:\\Users\\ariel\\OneDrive\\Escritorio\\RECRUITING_SMARTER___BRASIL\\proyecto_PP2_app_mobile\\context\\LoadsContext.tsx","statementMap":{"0":{"start":{"line":20,"column":21},"end":{"line":20,"column":66}},"1":{"start":{"line":29,"column":28},"end":{"line":29,"column":64}},"2":{"start":{"line":31,"column":22},"end":{"line":34,"column":3}},"3":{"start":{"line":32,"column":20},"end":{"line":32,"column":50}},"4":{"start":{"line":32,"column":38},"end":{"line":32,"column":49}},"5":{"start":{"line":36,"column":27},"end":{"line":40,"column":8}},"6":{"start":{"line":37,"column":4},"end":{"line":39,"column":6}},"7":{"start":{"line":38,"column":6},"end":{"line":38,"column":59}},"8":{"start":{"line":38,"column":23},"end":{"line":38,"column":57}},"9":{"start":{"line":42,"column":20},"end":{"line":44,"column":8}},"10":{"start":{"line":43,"column":4},"end":{"line":43,"column":19}},"11":{"start":{"line":46,"column":21},"end":{"line":54,"column":8}},"12":{"start":{"line":47,"column":4},"end":{"line":53,"column":7}},"13":{"start":{"line":48,"column":20},"end":{"line":48,"column":59}},"14":{"start":{"line":48,"column":42},"end":{"line":48,"column":58}},"15":{"start":{"line":49,"column":6},"end":{"line":49,"column":47}},"16":{"start":{"line":49,"column":24},"end":{"line":49,"column":47}},"17":{"start":{"line":50,"column":19},"end":{"line":50,"column":28}},"18":{"start":{"line":51,"column":6},"end":{"line":51,"column":25}},"19":{"start":{"line":52,"column":6},"end":{"line":52,"column":18}},"20":{"start":{"line":56,"column":16},"end":{"line":65,"column":3}},"21":{"start":{"line":57,"column":11},"end":{"line":63,"column":5}},"22":{"start":{"line":67,"column":2},"end":{"line":67,"column":81}},"23":{"start":{"line":71,"column":14},"end":{"line":71,"column":38}},"24":{"start":{"line":72,"column":2},"end":{"line":74,"column":3}},"25":{"start":{"line":73,"column":4},"end":{"line":73,"column":66}},"26":{"start":{"line":75,"column":2},"end":{"line":75,"column":13}}},"fnMap":{"0":{"name":"LoadsProvider","decl":{"start":{"line":28,"column":16},"end":{"line":28,"column":29}},"loc":{"start":{"line":28,"column":83},"end":{"line":68,"column":1}},"line":28},"1":{"name":"(anonymous_1)","decl":{"start":{"line":32,"column":4},"end":{"line":32,"column":5}},"loc":{"start":{"line":32,"column":20},"end":{"line":32,"column":50}},"line":32},"2":{"name":"(anonymous_2)","decl":{"start":{"line":32,"column":31},"end":{"line":32,"column":32}},"loc":{"start":{"line":32,"column":38},"end":{"line":32,"column":49}},"line":32},"3":{"name":"(anonymous_3)","decl":{"start":{"line":36,"column":39},"end":{"line":36,"column":40}},"loc":{"start":{"line":36,"column":75},"end":{"line":40,"column":3}},"line":36},"4":{"name":"(anonymous_4)","decl":{"start":{"line":37,"column":13},"end":{"line":37,"column":14}},"loc":{"start":{"line":38,"column":6},"end":{"line":38,"column":59}},"line":38},"5":{"name":"(anonymous_5)","decl":{"start":{"line":38,"column":15},"end":{"line":38,"column":16}},"loc":{"start":{"line":38,"column":23},"end":{"line":38,"column":57}},"line":38},"6":{"name":"(anonymous_6)","decl":{"start":{"line":42,"column":32},"end":{"line":42,"column":33}},"loc":{"start":{"line":42,"column":56},"end":{"line":44,"column":3}},"line":42},"7":{"name":"(anonymous_7)","decl":{"start":{"line":46,"column":33},"end":{"line":46,"column":34}},"loc":{"start":{"line":46,"column":55},"end":{"line":54,"column":3}},"line":46},"8":{"name":"(anonymous_8)","decl":{"start":{"line":47,"column":13},"end":{"line":47,"column":14}},"loc":{"start":{"line":47,"column":23},"end":{"line":53,"column":5}},"line":47},"9":{"name":"(anonymous_9)","decl":{"start":{"line":48,"column":35},"end":{"line":48,"column":36}},"loc":{"start":{"line":48,"column":42},"end":{"line":48,"column":58}},"line":48},"10":{"name":"(anonymous_10)","decl":{"start":{"line":57,"column":4},"end":{"line":57,"column":5}},"loc":{"start":{"line":57,"column":11},"end":{"line":63,"column":5}},"line":57},"11":{"name":"useLoads","decl":{"start":{"line":70,"column":16},"end":{"line":70,"column":24}},"loc":{"start":{"line":70,"column":46},"end":{"line":76,"column":1}},"line":70}},"branchMap":{"0":{"loc":{"start":{"line":28,"column":42},"end":{"line":28,"column":59}},"type":"default-arg","locations":[{"start":{"line":28,"column":57},"end":{"line":28,"column":59}}],"line":28},"1":{"loc":{"start":{"line":38,"column":23},"end":{"line":38,"column":57}},"type":"cond-expr","locations":[{"start":{"line":38,"column":37},"end":{"line":38,"column":53}},{"start":{"line":38,"column":56},"end":{"line":38,"column":57}}],"line":38},"2":{"loc":{"start":{"line":49,"column":6},"end":{"line":49,"column":47}},"type":"if","locations":[{"start":{"line":49,"column":6},"end":{"line":49,"column":47}},{"start":{},"end":{}}],"line":49},"3":{"loc":{"start":{"line":72,"column":2},"end":{"line":74,"column":3}},"type":"if","locations":[{"start":{"line":72,"column":2},"end":{"line":74,"column":3}},{"start":{},"end":{}}],"line":72}},"s":{"0":2,"1":9,"2":9,"3":9,"4":4,"5":9,"6":0,"7":0,"8":0,"9":9,"10":0,"11":9,"12":0,"13":0,"14":0,"15":0,"16":0,"17":0,"18":0,"19":0,"20":9,"21":9,"22":9,"23":9,"24":9,"25":0,"26":9},"f":{"0":9,"1":9,"2":4,"3":0,"4":0,"5":0,"6":0,"7":0,"8":0,"9":0,"10":9,"11":9},"b":{"0":[0],"1":[0,0],"2":[0,0],"3":[0,9]},"_coverageSchema":"1a1c01bbd47fc00a2c39e90264f33305004495a9","hash":"4f6b7316b7c3ccd7bfce308cb50842ad7fe94011"}
,"C:\\Users\\ariel\\OneDrive\\Escritorio\\RECRUITING_SMARTER___BRASIL\\proyecto_PP2_app_mobile\\hooks\\useAssignedLoadsQuery.ts": {"path":"C:\\Users\\ariel\\OneDrive\\Escritorio\\RECRUITING_SMARTER___BRASIL\\proyecto_PP2_app_mobile\\hooks\\useAssignedLoadsQuery.ts","statementMap":{"0":{"start":{"line":31,"column":22},"end":{"line":31,"column":38}},"1":{"start":{"line":32,"column":59},"end":{"line":32,"column":68}},"2":{"start":{"line":33,"column":57},"end":{"line":33,"column":69}},"3":{"start":{"line":35,"column":17},"end":{"line":35,"column":31}},"4":{"start":{"line":36,"column":20},"end":{"line":41,"column":4}},"5":{"start":{"line":43,"column":18},"end":{"line":49,"column":4}},"6":{"start":{"line":51,"column":16},"end":{"line":66,"column":4}},"7":{"start":{"line":56,"column":21},"end":{"line":58,"column":8}},"8":{"start":{"line":59,"column":6},"end":{"line":61,"column":7}},"9":{"start":{"line":60,"column":8},"end":{"line":60,"column":45}},"10":{"start":{"line":62,"column":6},"end":{"line":62,"column":20}},"11":{"start":{"line":65,"column":6},"end":{"line":65,"column":54}},"12":{"start":{"line":68,"column":16},"end":{"line":71,"column":3}},"13":{"start":{"line":69,"column":10},"end":{"line":69,"column":63}},"14":{"start":{"line":69,"column":46},"end":{"line":69,"column":56}},"15":{"start":{"line":73,"column":19},"end":{"line":73,"column":65}},"16":{"start":{"line":74,"column":18},"end":{"line":74,"column":44}},"17":{"start":{"line":75,"column":21},"end":{"line":75,"column":61}},"18":{"start":{"line":77,"column":31},"end":{"line":82,"column":34}},"19":{"start":{"line":78,"column":4},"end":{"line":80,"column":5}},"20":{"start":{"line":79,"column":6},"end":{"line":79,"column":55}},"21":{"start":{"line":81,"column":4},"end":{"line":81,"column":26}},"22":{"start":{"line":84,"column":18},"end":{"line":86,"column":28}},"23":{"start":{"line":85,"column":4},"end":{"line":85,"column":33}},"24":{"start":{"line":88,"column":16},"end":{"line":88,"column":23}},"25":{"start":{"line":90,"column":19},"end":{"line":95,"column":22}},"26":{"start":{"line":91,"column":4},"end":{"line":93,"column":5}},"27":{"start":{"line":92,"column":6},"end":{"line":92,"column":13}},"28":{"start":{"line":94,"column":4},"end":{"line":94,"column":32}},"29":{"start":{"line":98,"column":4},"end":{"line":100,"column":54}},"30":{"start":{"line":102,"column":21},"end":{"line":102,"column":68}},"31":{"start":{"line":105,"column":4},"end":{"line":106,"column":63}},"32":{"start":{"line":108,"column":2},"end":{"line":119,"column":4}}},"fnMap":{"0":{"name":"useAssignedLoadsQuery","decl":{"start":{"line":30,"column":16},"end":{"line":30,"column":37}},"loc":{"start":{"line":30,"column":69},"end":{"line":120,"column":1}},"line":30},"1":{"name":"(anonymous_1)","decl":{"start":{"line":55,"column":13},"end":{"line":55,"column":14}},"loc":{"start":{"line":55,"column":70},"end":{"line":63,"column":5}},"line":55},"2":{"name":"(anonymous_2)","decl":{"start":{"line":64,"column":22},"end":{"line":64,"column":23}},"loc":{"start":{"line":65,"column":6},"end":{"line":65,"column":54}},"line":65},"3":{"name":"(anonymous_3)","decl":{"start":{"line":69,"column":4},"end":{"line":69,"column":5}},"loc":{"start":{"line":69,"column":10},"end":{"line":69,"column":63}},"line":69},"4":{"name":"(anonymous_4)","decl":{"start":{"line":69,"column":36},"end":{"line":69,"column":37}},"loc":{"start":{"line":69,"column":46},"end":{"line":69,"column":56}},"line":69},"5":{"name":"(anonymous_5)","decl":{"start":{"line":77,"column":43},"end":{"line":77,"column":44}},"loc":{"start":{"line":77,"column":55},"end":{"line":82,"column":3}},"line":77},"6":{"name":"(anonymous_6)","decl":{"start":{"line":84,"column":30},"end":{"line":84,"column":31}},"loc":{"start":{"line":84,"column":42},"end":{"line":86,"column":3}},"line":84},"7":{"name":"(anonymous_7)","decl":{"start":{"line":90,"column":31},"end":{"line":90,"column":32}},"loc":{"start":{"line":90,"column":43},"end":{"line":95,"column":3}},"line":90}},"branchMap":{"0":{"loc":{"start":{"line":35,"column":17},"end":{"line":35,"column":31}},"type":"binary-expr","locations":[{"start":{"line":35,"column":17},"end":{"line":35,"column":25}},{"start":{"line":35,"column":29},"end":{"line":35,"column":31}}],"line":35},"1":{"loc":{"start":{"line":59,"column":6},"end":{"line":61,"column":7}},"type":"if","locations":[{"start":{"line":59,"column":6},"end":{"line":61,"column":7}},{"start":{},"end":{}}],"line":59},"2":{"loc":{"start":{"line":65,"column":6},"end":{"line":65,"column":54}},"type":"cond-expr","locations":[{"start":{"line":65,"column":25},"end":{"line":65,"column":42}},{"start":{"line":65,"column":45},"end":{"line":65,"column":54}}],"line":65},"3":{"loc":{"start":{"line":69,"column":10},"end":{"line":69,"column":63}},"type":"binary-expr","locations":[{"start":{"line":69,"column":10},"end":{"line":69,"column":57}},{"start":{"line":69,"column":61},"end":{"line":69,"column":63}}],"line":69},"4":{"loc":{"start":{"line":74,"column":18},"end":{"line":74,"column":44}},"type":"binary-expr","locations":[{"start":{"line":74,"column":18},"end":{"line":74,"column":35}},{"start":{"line":74,"column":39},"end":{"line":74,"column":44}}],"line":74},"5":{"loc":{"start":{"line":75,"column":21},"end":{"line":75,"column":61}},"type":"binary-expr","locations":[{"start":{"line":75,"column":21},"end":{"line":75,"column":53}},{"start":{"line":75,"column":57},"end":{"line":75,"column":61}}],"line":75},"6":{"loc":{"start":{"line":78,"column":4},"end":{"line":80,"column":5}},"type":"if","locations":[{"start":{"line":78,"column":4},"end":{"line":80,"column":5}},{"start":{},"end":{}}],"line":78},"7":{"loc":{"start":{"line":91,"column":4},"end":{"line":93,"column":5}},"type":"if","locations":[{"start":{"line":91,"column":4},"end":{"line":93,"column":5}},{"start":{},"end":{}}],"line":91},"8":{"loc":{"start":{"line":91,"column":8},"end":{"line":91,"column":44}},"type":"binary-expr","locations":[{"start":{"line":91,"column":8},"end":{"line":91,"column":16}},{"start":{"line":91,"column":20},"end":{"line":91,"column":44}}],"line":91},"9":{"loc":{"start":{"line":98,"column":4},"end":{"line":100,"column":54}},"type":"binary-expr","locations":[{"start":{"line":98,"column":4},"end":{"line":98,"column":18}},{"start":{"line":99,"column":4},"end":{"line":99,"column":18}},{"start":{"line":100,"column":5},"end":{"line":100,"column":12}},{"start":{"line":100,"column":16},"end":{"line":100,"column":31}},{"start":{"line":100,"column":35},"end":{"line":100,"column":53}}],"line":98},"10":{"loc":{"start":{"line":102,"column":21},"end":{"line":102,"column":68}},"type":"binary-expr","locations":[{"start":{"line":102,"column":21},"end":{"line":102,"column":39}},{"start":{"line":102,"column":43},"end":{"line":102,"column":68}}],"line":102},"11":{"loc":{"start":{"line":105,"column":4},"end":{"line":106,"column":63}},"type":"binary-expr","locations":[{"start":{"line":105,"column":4},"end":{"line":105,"column":13}},{"start":{"line":106,"column":5},"end":{"line":106,"column":62}}],"line":105},"12":{"loc":{"start":{"line":106,"column":5},"end":{"line":106,"column":62}},"type":"cond-expr","locations":[{"start":{"line":106,"column":36},"end":{"line":106,"column":55}},{"start":{"line":106,"column":58},"end":{"line":106,"column":62}}],"line":106}},"s":{"0":8,"1":8,"2":8,"3":8,"4":8,"5":8,"6":8,"7":4,"8":4,"9":1,"10":3,"11":12,"12":8,"13":7,"14":4,"15":8,"16":8,"17":8,"18":8,"19":0,"20":0,"21":0,"22":8,"23":0,"24":8,"25":8,"26":1,"27":0,"28":1,"29":8,"30":8,"31":8,"32":8},"f":{"0":8,"1":4,"2":12,"3":7,"4":4,"5":0,"6":0,"7":1},"b":{"0":[8,0],"1":[1,3],"2":[5,7],"3":[7,4],"4":[8,5],"5":[8,5],"6":[0,0],"7":[0,1],"8":[1,1],"9":[8,8,8,7,3],"10":[8,0],"11":[8,7],"12":[1,6]},"_coverageSchema":"1a1c01bbd47fc00a2c39e90264f33305004495a9","hash":"60964b8e2a474909f60e33dc4e9c7cb310df56f0"}
,"C:\\Users\\ariel\\OneDrive\\Escritorio\\RECRUITING_SMARTER___BRASIL\\proyecto_PP2_app_mobile\\hooks\\useAuth.ts": {"path":"C:\\Users\\ariel\\OneDrive\\Escritorio\\RECRUITING_SMARTER___BRASIL\\proyecto_PP2_app_mobile\\hooks\\useAuth.ts","statementMap":{},"fnMap":{},"branchMap":{},"s":{},"f":{},"b":{},"_coverageSchema":"1a1c01bbd47fc00a2c39e90264f33305004495a9","hash":"c4c1a19d60eeb17e9239f8445b2df83e61d604f1"}
,"C:\\Users\\ariel\\OneDrive\\Escritorio\\RECRUITING_SMARTER___BRASIL\\proyecto_PP2_app_mobile\\hooks\\useLoadDetailQuery.ts": {"path":"C:\\Users\\ariel\\OneDrive\\Escritorio\\RECRUITING_SMARTER___BRASIL\\proyecto_PP2_app_mobile\\hooks\\useLoadDetailQuery.ts","statementMap":{"0":{"start":{"line":28,"column":22},"end":{"line":28,"column":38}},"1":{"start":{"line":29,"column":59},"end":{"line":29,"column":68}},"2":{"start":{"line":30,"column":57},"end":{"line":30,"column":69}},"3":{"start":{"line":31,"column":26},"end":{"line":31,"column":36}},"4":{"start":{"line":33,"column":17},"end":{"line":33,"column":31}},"5":{"start":{"line":34,"column":21},"end":{"line":34,"column":61}},"6":{"start":{"line":36,"column":20},"end":{"line":41,"column":4}},"7":{"start":{"line":44,"column":4},"end":{"line":50,"column":25}},"8":{"start":{"line":52,"column":16},"end":{"line":67,"column":4}},"9":{"start":{"line":57,"column":21},"end":{"line":61,"column":7}},"10":{"start":{"line":62,"column":6},"end":{"line":64,"column":7}},"11":{"start":{"line":63,"column":8},"end":{"line":63,"column":45}},"12":{"start":{"line":65,"column":6},"end":{"line":65,"column":25}},"13":{"start":{"line":69,"column":31},"end":{"line":74,"column":42}},"14":{"start":{"line":70,"column":4},"end":{"line":72,"column":5}},"15":{"start":{"line":71,"column":6},"end":{"line":71,"column":62}},"16":{"start":{"line":73,"column":4},"end":{"line":73,"column":26}},"17":{"start":{"line":76,"column":18},"end":{"line":76,"column":38}},"18":{"start":{"line":77,"column":16},"end":{"line":77,"column":23}},"19":{"start":{"line":80,"column":4},"end":{"line":83,"column":60}},"20":{"start":{"line":85,"column":21},"end":{"line":85,"column":39}},"21":{"start":{"line":86,"column":22},"end":{"line":86,"column":40}},"22":{"start":{"line":87,"column":22},"end":{"line":87,"column":55}},"23":{"start":{"line":90,"column":4},"end":{"line":91,"column":63}},"24":{"start":{"line":94,"column":4},"end":{"line":98,"column":15}},"25":{"start":{"line":100,"column":2},"end":{"line":108,"column":4}}},"fnMap":{"0":{"name":"useLoadDetailQuery","decl":{"start":{"line":27,"column":16},"end":{"line":27,"column":34}},"loc":{"start":{"line":27,"column":89},"end":{"line":109,"column":1}},"line":27},"1":{"name":"(anonymous_1)","decl":{"start":{"line":56,"column":13},"end":{"line":56,"column":14}},"loc":{"start":{"line":56,"column":53},"end":{"line":66,"column":5}},"line":56},"2":{"name":"(anonymous_2)","decl":{"start":{"line":69,"column":43},"end":{"line":69,"column":44}},"loc":{"start":{"line":69,"column":55},"end":{"line":74,"column":3}},"line":69}},"branchMap":{"0":{"loc":{"start":{"line":33,"column":17},"end":{"line":33,"column":31}},"type":"binary-expr","locations":[{"start":{"line":33,"column":17},"end":{"line":33,"column":25}},{"start":{"line":33,"column":29},"end":{"line":33,"column":31}}],"line":33},"1":{"loc":{"start":{"line":34,"column":21},"end":{"line":34,"column":61}},"type":"cond-expr","locations":[{"start":{"line":34,"column":30},"end":{"line":34,"column":49}},{"start":{"line":34,"column":52},"end":{"line":34,"column":61}}],"line":34},"2":{"loc":{"start":{"line":44,"column":4},"end":{"line":50,"column":25}},"type":"binary-expr","locations":[{"start":{"line":44,"column":4},"end":{"line":50,"column":6}},{"start":{"line":50,"column":10},"end":{"line":50,"column":25}}],"line":44},"3":{"loc":{"start":{"line":53,"column":45},"end":{"line":53,"column":57}},"type":"binary-expr","locations":[{"start":{"line":53,"column":45},"end":{"line":53,"column":51}},{"start":{"line":53,"column":55},"end":{"line":53,"column":57}}],"line":53},"4":{"loc":{"start":{"line":62,"column":6},"end":{"line":64,"column":7}},"type":"if","locations":[{"start":{"line":62,"column":6},"end":{"line":64,"column":7}},{"start":{},"end":{}}],"line":62},"5":{"loc":{"start":{"line":70,"column":4},"end":{"line":72,"column":5}},"type":"if","locations":[{"start":{"line":70,"column":4},"end":{"line":72,"column":5}},{"start":{},"end":{}}],"line":70},"6":{"loc":{"start":{"line":70,"column":8},"end":{"line":70,"column":24}},"type":"binary-expr","locations":[{"start":{"line":70,"column":8},"end":{"line":70,"column":14}},{"start":{"line":70,"column":18},"end":{"line":70,"column":24}}],"line":70},"7":{"loc":{"start":{"line":80,"column":4},"end":{"line":83,"column":60}},"type":"binary-expr","locations":[{"start":{"line":80,"column":4},"end":{"line":80,"column":11}},{"start":{"line":81,"column":4},"end":{"line":81,"column":18}},{"start":{"line":82,"column":4},"end":{"line":82,"column":18}},{"start":{"line":83,"column":5},"end":{"line":83,"column":12}},{"start":{"line":83,"column":16},"end":{"line":83,"column":31}},{"start":{"line":83,"column":35},"end":{"line":83,"column":59}}],"line":80},"8":{"loc":{"start":{"line":86,"column":22},"end":{"line":86,"column":40}},"type":"binary-expr","locations":[{"start":{"line":86,"column":22},"end":{"line":86,"column":32}},{"start":{"line":86,"column":36},"end":{"line":86,"column":40}}],"line":86},"9":{"loc":{"start":{"line":87,"column":22},"end":{"line":87,"column":55}},"type":"binary-expr","locations":[{"start":{"line":87,"column":22},"end":{"line":87,"column":33}},{"start":{"line":87,"column":37},"end":{"line":87,"column":47}},{"start":{"line":87,"column":51},"end":{"line":87,"column":55}}],"line":87},"10":{"loc":{"start":{"line":90,"column":4},"end":{"line":91,"column":63}},"type":"binary-expr","locations":[{"start":{"line":90,"column":4},"end":{"line":90,"column":13}},{"start":{"line":91,"column":5},"end":{"line":91,"column":62}}],"line":90},"11":{"loc":{"start":{"line":91,"column":5},"end":{"line":91,"column":62}},"type":"cond-expr","locations":[{"start":{"line":91,"column":36},"end":{"line":91,"column":55}},{"start":{"line":91,"column":58},"end":{"line":91,"column":62}}],"line":91},"12":{"loc":{"start":{"line":94,"column":4},"end":{"line":98,"column":15}},"type":"binary-expr","locations":[{"start":{"line":94,"column":4},"end":{"line":94,"column":19}},{"start":{"line":95,"column":4},"end":{"line":95,"column":11}},{"start":{"line":96,"column":4},"end":{"line":96,"column":19}},{"start":{"line":97,"column":4},"end":{"line":97,"column":24}},{"start":{"line":98,"column":4},"end":{"line":98,"column":15}}],"line":94}},"s":{"0":9,"1":9,"2":9,"3":9,"4":9,"5":9,"6":9,"7":9,"8":9,"9":4,"10":4,"11":1,"12":3,"13":9,"14":0,"15":0,"16":0,"17":9,"18":9,"19":9,"20":9,"21":9,"22":9,"23":9,"24":9,"25":9},"f":{"0":9,"1":4,"2":0},"b":{"0":[9,0],"1":[9,0],"2":[9,8],"3":[9,0],"4":[1,3],"5":[0,0],"6":[0,0],"7":[9,9,9,9,8,2],"8":[9,5],"9":[9,5,4],"10":[9,8],"11":[1,7],"12":[9,9,8,5,1]},"_coverageSchema":"1a1c01bbd47fc00a2c39e90264f33305004495a9","hash":"7b7dbf8c92c7efb0b2c804c875dcff51cdfc883e"}
,"C:\\Users\\ariel\\OneDrive\\Escritorio\\RECRUITING_SMARTER___BRASIL\\proyecto_PP2_app_mobile\\hooks\\useProfile.ts": {"path":"C:\\Users\\ariel\\OneDrive\\Escritorio\\RECRUITING_SMARTER___BRASIL\\proyecto_PP2_app_mobile\\hooks\\useProfile.ts","statementMap":{},"fnMap":{},"branchMap":{},"s":{},"f":{},"b":{},"_coverageSchema":"1a1c01bbd47fc00a2c39e90264f33305004495a9","hash":"f2248a406f72cb2f5451e8b7da96fe6675a7626c"}
,"C:\\Users\\ariel\\OneDrive\\Escritorio\\RECRUITING_SMARTER___BRASIL\\proyecto_PP2_app_mobile\\hooks\\testing\\hooks-test-utils.tsx": {"path":"C:\\Users\\ariel\\OneDrive\\Escritorio\\RECRUITING_SMARTER___BRASIL\\proyecto_PP2_app_mobile\\hooks\\testing\\hooks-test-utils.tsx","statementMap":{"0":{"start":{"line":9,"column":30},"end":{"line":9,"column":48}},"1":{"start":{"line":12,"column":2},"end":{"line":16,"column":5}},"2":{"start":{"line":19,"column":31},"end":{"line":23,"column":1}},"3":{"start":{"line":25,"column":34},"end":{"line":31,"column":1}},"4":{"start":{"line":39,"column":22},"end":{"line":39,"column":68}},"5":{"start":{"line":42,"column":4},"end":{"line":46,"column":6}},"6":{"start":{"line":49,"column":2},"end":{"line":49,"column":17}},"7":{"start":{"line":56,"column":58},"end":{"line":56,"column":71}},"8":{"start":{"line":57,"column":2},"end":{"line":60,"column":5}}},"fnMap":{"0":{"name":"createTestQueryClient","decl":{"start":{"line":11,"column":16},"end":{"line":11,"column":37}},"loc":{"start":{"line":11,"column":53},"end":{"line":17,"column":1}},"line":11},"1":{"name":"(anonymous_1)","decl":{"start":{"line":30,"column":11},"end":{"line":30,"column":12}},"loc":{"start":{"line":30,"column":23},"end":{"line":30,"column":25}},"line":30},"2":{"name":"createHookWrapper","decl":{"start":{"line":38,"column":16},"end":{"line":38,"column":33}},"loc":{"start":{"line":38,"column":68},"end":{"line":50,"column":1}},"line":38},"3":{"name":"Wrapper","decl":{"start":{"line":41,"column":11},"end":{"line":41,"column":18}},"loc":{"start":{"line":41,"column":58},"end":{"line":47,"column":3}},"line":41},"4":{"name":"renderDriverHook","decl":{"start":{"line":52,"column":16},"end":{"line":52,"column":32}},"loc":{"start":{"line":55,"column":2},"end":{"line":61,"column":1}},"line":55}},"branchMap":{"0":{"loc":{"start":{"line":38,"column":34},"end":{"line":38,"column":66}},"type":"default-arg","locations":[{"start":{"line":38,"column":64},"end":{"line":38,"column":66}}],"line":38},"1":{"loc":{"start":{"line":39,"column":22},"end":{"line":39,"column":68}},"type":"binary-expr","locations":[{"start":{"line":39,"column":22},"end":{"line":39,"column":41}},{"start":{"line":39,"column":45},"end":{"line":39,"column":68}}],"line":39},"2":{"loc":{"start":{"line":44,"column":37},"end":{"line":44,"column":63}},"type":"binary-expr","locations":[{"start":{"line":44,"column":37},"end":{"line":44,"column":57}},{"start":{"line":44,"column":61},"end":{"line":44,"column":63}}],"line":44},"3":{"loc":{"start":{"line":56,"column":58},"end":{"line":56,"column":71}},"type":"binary-expr","locations":[{"start":{"line":56,"column":58},"end":{"line":56,"column":65}},{"start":{"line":56,"column":69},"end":{"line":56,"column":71}}],"line":56}},"s":{"0":2,"1":9,"2":2,"3":2,"4":9,"5":9,"6":9,"7":9,"8":9},"f":{"0":9,"1":0,"2":9,"3":9,"4":9},"b":{"0":[0],"1":[9,9],"2":[9,7],"3":[9,7]},"_coverageSchema":"1a1c01bbd47fc00a2c39e90264f33305004495a9","hash":"01b0b04d7b53cae7b44fc94a97e787bc0212559f"}
,"C:\\Users\\ariel\\OneDrive\\Escritorio\\RECRUITING_SMARTER___BRASIL\\proyecto_PP2_app_mobile\\hooks\\testing\\fixtures\\mock-load-detail.ts": {"path":"C:\\Users\\ariel\\OneDrive\\Escritorio\\RECRUITING_SMARTER___BRASIL\\proyecto_PP2_app_mobile\\hooks\\testing\\fixtures\\mock-load-detail.ts","statementMap":{"0":{"start":{"line":8,"column":2},"end":{"line":14,"column":4}}},"fnMap":{"0":{"name":"createMockLoadDetail","decl":{"start":{"line":5,"column":16},"end":{"line":5,"column":36}},"loc":{"start":{"line":7,"column":14},"end":{"line":15,"column":1}},"line":7}},"branchMap":{"0":{"loc":{"start":{"line":6,"column":2},"end":{"line":6,"column":57}},"type":"default-arg","locations":[{"start":{"line":6,"column":55},"end":{"line":6,"column":57}}],"line":6}},"s":{"0":7},"f":{"0":7},"b":{"0":[0]},"_coverageSchema":"1a1c01bbd47fc00a2c39e90264f33305004495a9","hash":"17f51af1002c1e6c4e0479573951e1cf388ca19c"}
,"C:\\Users\\ariel\\OneDrive\\Escritorio\\RECRUITING_SMARTER___BRASIL\\proyecto_PP2_app_mobile\\lib\\auth\\expected-auth-errors.ts": {"path":"C:\\Users\\ariel\\OneDrive\\Escritorio\\RECRUITING_SMARTER___BRASIL\\proyecto_PP2_app_mobile\\lib\\auth\\expected-auth-errors.ts","statementMap":{"0":{"start":{"line":3,"column":2},"end":{"line":3,"column":91}},"1":{"start":{"line":6,"column":2},"end":{"line":6,"column":45}}},"fnMap":{"0":{"name":"isExpectedAuthError","decl":{"start":{"line":5,"column":16},"end":{"line":5,"column":35}},"loc":{"start":{"line":5,"column":62},"end":{"line":7,"column":1}},"line":5}},"branchMap":{},"s":{"0":4,"1":0},"f":{"0":0},"b":{},"_coverageSchema":"1a1c01bbd47fc00a2c39e90264f33305004495a9","hash":"5a6eb40d494d43ff26868223d762628157d7b4ac"}
,"C:\\Users\\ariel\\OneDrive\\Escritorio\\RECRUITING_SMARTER___BRASIL\\proyecto_PP2_app_mobile\\lib\\auth\\mock-credentials.ts": {"path":"C:\\Users\\ariel\\OneDrive\\Escritorio\\RECRUITING_SMARTER___BRASIL\\proyecto_PP2_app_mobile\\lib\\auth\\mock-credentials.ts","statementMap":{"0":{"start":{"line":5,"column":2},"end":{"line":8,"column":4}}},"fnMap":{"0":{"name":"isMockCredentials","decl":{"start":{"line":4,"column":16},"end":{"line":4,"column":33}},"loc":{"start":{"line":4,"column":76},"end":{"line":9,"column":1}},"line":4}},"branchMap":{"0":{"loc":{"start":{"line":6,"column":4},"end":{"line":7,"column":36}},"type":"binary-expr","locations":[{"start":{"line":6,"column":4},"end":{"line":6,"column":51}},{"start":{"line":7,"column":4},"end":{"line":7,"column":36}}],"line":6}},"s":{"0":0},"f":{"0":0},"b":{"0":[0,0]}}
,"C:\\Users\\ariel\\OneDrive\\Escritorio\\RECRUITING_SMARTER___BRASIL\\proyecto_PP2_app_mobile\\lib\\auth\\redirect-uri.ts": {"path":"C:\\Users\\ariel\\OneDrive\\Escritorio\\RECRUITING_SMARTER___BRASIL\\proyecto_PP2_app_mobile\\lib\\auth\\redirect-uri.ts","statementMap":{"0":{"start":{"line":5,"column":2},"end":{"line":8,"column":5}}},"fnMap":{"0":{"name":"getAuthRedirectUri","decl":{"start":{"line":4,"column":16},"end":{"line":4,"column":34}},"loc":{"start":{"line":4,"column":45},"end":{"line":9,"column":1}},"line":4}},"branchMap":{},"s":{"0":0},"f":{"0":0},"b":{},"_coverageSchema":"1a1c01bbd47fc00a2c39e90264f33305004495a9","hash":"38f39440a09fa408bf54d82c4eb133b6355c74f6"}
,"C:\\Users\\ariel\\OneDrive\\Escritorio\\RECRUITING_SMARTER___BRASIL\\proyecto_PP2_app_mobile\\lib\\config\\env.ts": {"path":"C:\\Users\\ariel\\OneDrive\\Escritorio\\RECRUITING_SMARTER___BRASIL\\proyecto_PP2_app_mobile\\lib\\config\\env.ts","statementMap":{"0":{"start":{"line":6,"column":2},"end":{"line":10,"column":3}},"1":{"start":{"line":7,"column":4},"end":{"line":9,"column":6}},"2":{"start":{"line":11,"column":2},"end":{"line":11,"column":22}},"3":{"start":{"line":14,"column":14},"end":{"line":14,"column":55}},"4":{"start":{"line":16,"column":0},"end":{"line":20,"column":1}},"5":{"start":{"line":17,"column":2},"end":{"line":19,"column":4}},"6":{"start":{"line":22,"column":19},"end":{"line":43,"column":10}}},"fnMap":{"0":{"name":"requireEnv","decl":{"start":{"line":5,"column":9},"end":{"line":5,"column":19}},"loc":{"start":{"line":5,"column":69},"end":{"line":12,"column":1}},"line":5}},"branchMap":{"0":{"loc":{"start":{"line":6,"column":2},"end":{"line":10,"column":3}},"type":"if","locations":[{"start":{"line":6,"column":2},"end":{"line":10,"column":3}},{"start":{},"end":{}}],"line":6},"1":{"loc":{"start":{"line":14,"column":14},"end":{"line":14,"column":55}},"type":"binary-expr","locations":[{"start":{"line":14,"column":14},"end":{"line":14,"column":44}},{"start":{"line":14,"column":48},"end":{"line":14,"column":55}}],"line":14},"2":{"loc":{"start":{"line":16,"column":0},"end":{"line":20,"column":1}},"type":"if","locations":[{"start":{"line":16,"column":0},"end":{"line":20,"column":1}},{"start":{},"end":{}}],"line":16},"3":{"loc":{"start":{"line":25,"column":4},"end":{"line":25,"column":80}},"type":"binary-expr","locations":[{"start":{"line":25,"column":4},"end":{"line":25,"column":40}},{"start":{"line":25,"column":44},"end":{"line":25,"column":80}}],"line":25},"4":{"loc":{"start":{"line":29,"column":4},"end":{"line":30,"column":47}},"type":"binary-expr","locations":[{"start":{"line":29,"column":4},"end":{"line":29,"column":45}},{"start":{"line":30,"column":6},"end":{"line":30,"column":47}}],"line":29},"5":{"loc":{"start":{"line":34,"column":4},"end":{"line":36,"column":6}},"type":"binary-expr","locations":[{"start":{"line":34,"column":4},"end":{"line":34,"column":39}},{"start":{"line":35,"column":4},"end":{"line":35,"column":35}},{"start":{"line":36,"column":4},"end":{"line":36,"column":6}}],"line":34},"6":{"loc":{"start":{"line":42,"column":4},"end":{"line":42,"column":61}},"type":"binary-expr","locations":[{"start":{"line":42,"column":4},"end":{"line":42,"column":9}},{"start":{"line":42,"column":13},"end":{"line":42,"column":61}}],"line":42}},"s":{"0":0,"1":0,"2":0,"3":0,"4":0,"5":0,"6":0},"f":{"0":0},"b":{"0":[0,0],"1":[0,0],"2":[0,0],"3":[0,0],"4":[0,0],"5":[0,0,0],"6":[0,0]}}
,"C:\\Users\\ariel\\OneDrive\\Escritorio\\RECRUITING_SMARTER___BRASIL\\proyecto_PP2_app_mobile\\lib\\loads\\active-holds.ts": {"path":"C:\\Users\\ariel\\OneDrive\\Escritorio\\RECRUITING_SMARTER___BRASIL\\proyecto_PP2_app_mobile\\lib\\loads\\active-holds.ts","statementMap":{"0":{"start":{"line":10,"column":25},"end":{"line":10,"column":27}},"1":{"start":{"line":11,"column":2},"end":{"line":11,"column":61}},"2":{"start":{"line":11,"column":35},"end":{"line":11,"column":61}},"3":{"start":{"line":12,"column":2},"end":{"line":12,"column":61}},"4":{"start":{"line":12,"column":35},"end":{"line":12,"column":61}},"5":{"start":{"line":13,"column":2},"end":{"line":13,"column":63}},"6":{"start":{"line":13,"column":36},"end":{"line":13,"column":63}},"7":{"start":{"line":14,"column":2},"end":{"line":14,"column":55}},"8":{"start":{"line":14,"column":32},"end":{"line":14,"column":55}},"9":{"start":{"line":15,"column":2},"end":{"line":15,"column":57}},"10":{"start":{"line":15,"column":33},"end":{"line":15,"column":57}},"11":{"start":{"line":16,"column":2},"end":{"line":16,"column":59}},"12":{"start":{"line":16,"column":33},"end":{"line":16,"column":59}},"13":{"start":{"line":17,"column":2},"end":{"line":17,"column":14}},"14":{"start":{"line":20,"column":44},"end":{"line":27,"column":1}},"15":{"start":{"line":30,"column":2},"end":{"line":30,"column":60}}},"fnMap":{"0":{"name":"getActiveHoldKeysFromLoad","decl":{"start":{"line":2,"column":16},"end":{"line":2,"column":41}},"loc":{"start":{"line":9,"column":13},"end":{"line":18,"column":1}},"line":9},"1":{"name":"formatHoldLabel","decl":{"start":{"line":29,"column":16},"end":{"line":29,"column":31}},"loc":{"start":{"line":29,"column":57},"end":{"line":31,"column":1}},"line":29}},"branchMap":{"0":{"loc":{"start":{"line":11,"column":2},"end":{"line":11,"column":61}},"type":"if","locations":[{"start":{"line":11,"column":2},"end":{"line":11,"column":61}},{"start":{},"end":{}}],"line":11},"1":{"loc":{"start":{"line":12,"column":2},"end":{"line":12,"column":61}},"type":"if","locations":[{"start":{"line":12,"column":2},"end":{"line":12,"column":61}},{"start":{},"end":{}}],"line":12},"2":{"loc":{"start":{"line":13,"column":2},"end":{"line":13,"column":63}},"type":"if","locations":[{"start":{"line":13,"column":2},"end":{"line":13,"column":63}},{"start":{},"end":{}}],"line":13},"3":{"loc":{"start":{"line":14,"column":2},"end":{"line":14,"column":55}},"type":"if","locations":[{"start":{"line":14,"column":2},"end":{"line":14,"column":55}},{"start":{},"end":{}}],"line":14},"4":{"loc":{"start":{"line":15,"column":2},"end":{"line":15,"column":57}},"type":"if","locations":[{"start":{"line":15,"column":2},"end":{"line":15,"column":57}},{"start":{},"end":{}}],"line":15},"5":{"loc":{"start":{"line":16,"column":2},"end":{"line":16,"column":59}},"type":"if","locations":[{"start":{"line":16,"column":2},"end":{"line":16,"column":59}},{"start":{},"end":{}}],"line":16},"6":{"loc":{"start":{"line":30,"column":9},"end":{"line":30,"column":59}},"type":"binary-expr","locations":[{"start":{"line":30,"column":9},"end":{"line":30,"column":29}},{"start":{"line":30,"column":33},"end":{"line":30,"column":59}}],"line":30}},"s":{"0":20,"1":20,"2":4,"3":20,"4":1,"5":20,"6":1,"7":20,"8":1,"9":20,"10":1,"11":20,"12":3,"13":20,"14":4,"15":3},"f":{"0":20,"1":3},"b":{"0":[4,16],"1":[1,19],"2":[1,19],"3":[1,19],"4":[1,19],"5":[3,17],"6":[3,1]},"_coverageSchema":"1a1c01bbd47fc00a2c39e90264f33305004495a9","hash":"cfbe49e5d4a499aa6b8434e873b51b89b382fda6"}
,"C:\\Users\\ariel\\OneDrive\\Escritorio\\RECRUITING_SMARTER___BRASIL\\proyecto_PP2_app_mobile\\lib\\loads\\constants.ts": {"path":"C:\\Users\\ariel\\OneDrive\\Escritorio\\RECRUITING_SMARTER___BRASIL\\proyecto_PP2_app_mobile\\lib\\loads\\constants.ts","statementMap":{"0":{"start":{"line":4,"column":62},"end":{"line":16,"column":2}},"1":{"start":{"line":23,"column":71},"end":{"line":39,"column":1}}},"fnMap":{},"branchMap":{},"s":{"0":2,"1":2},"f":{},"b":{},"_coverageSchema":"1a1c01bbd47fc00a2c39e90264f33305004495a9","hash":"dccf88ed2464f2fca6604c3795b2b38b2caf77d3"}
,"C:\\Users\\ariel\\OneDrive\\Escritorio\\RECRUITING_SMARTER___BRASIL\\proyecto_PP2_app_mobile\\lib\\loads\\driver-actions.ts": {"path":"C:\\Users\\ariel\\OneDrive\\Escritorio\\RECRUITING_SMARTER___BRASIL\\proyecto_PP2_app_mobile\\lib\\loads\\driver-actions.ts","statementMap":{"0":{"start":{"line":7,"column":15},"end":{"line":7,"column":50}},"1":{"start":{"line":8,"column":2},"end":{"line":8,"column":79}},"2":{"start":{"line":8,"column":28},"end":{"line":8,"column":77}},"3":{"start":{"line":12,"column":2},"end":{"line":12,"column":54}}},"fnMap":{"0":{"name":"getDriverActionsForStatus","decl":{"start":{"line":6,"column":16},"end":{"line":6,"column":41}},"loc":{"start":{"line":6,"column":76},"end":{"line":9,"column":1}},"line":6},"1":{"name":"(anonymous_1)","decl":{"start":{"line":8,"column":21},"end":{"line":8,"column":22}},"loc":{"start":{"line":8,"column":28},"end":{"line":8,"column":77}},"line":8},"2":{"name":"canDriverTransition","decl":{"start":{"line":11,"column":16},"end":{"line":11,"column":35}},"loc":{"start":{"line":11,"column":79},"end":{"line":13,"column":1}},"line":11}},"branchMap":{"0":{"loc":{"start":{"line":7,"column":15},"end":{"line":7,"column":50}},"type":"binary-expr","locations":[{"start":{"line":7,"column":15},"end":{"line":7,"column":44}},{"start":{"line":7,"column":48},"end":{"line":7,"column":50}}],"line":7},"1":{"loc":{"start":{"line":8,"column":28},"end":{"line":8,"column":77}},"type":"binary-expr","locations":[{"start":{"line":8,"column":28},"end":{"line":8,"column":56}},{"start":{"line":8,"column":60},"end":{"line":8,"column":77}}],"line":8}},"s":{"0":4,"1":4,"2":10,"3":2},"f":{"0":4,"1":10,"2":2},"b":{"0":[4,0],"1":[10,4]},"_coverageSchema":"1a1c01bbd47fc00a2c39e90264f33305004495a9","hash":"fb6ed2a20985f8cf27d6e9277ecc952e0da4c996"}
,"C:\\Users\\ariel\\OneDrive\\Escritorio\\RECRUITING_SMARTER___BRASIL\\proyecto_PP2_app_mobile\\lib\\loads\\format.ts": {"path":"C:\\Users\\ariel\\OneDrive\\Escritorio\\RECRUITING_SMARTER___BRASIL\\proyecto_PP2_app_mobile\\lib\\loads\\format.ts","statementMap":{"0":{"start":{"line":3,"column":59},"end":{"line":12,"column":1}},"1":{"start":{"line":15,"column":2},"end":{"line":15,"column":41}},"2":{"start":{"line":19,"column":2},"end":{"line":19,"column":36}},"3":{"start":{"line":19,"column":12},"end":{"line":19,"column":36}},"4":{"start":{"line":20,"column":12},"end":{"line":20,"column":25}},"5":{"start":{"line":21,"column":2},"end":{"line":21,"column":57}},"6":{"start":{"line":21,"column":33},"end":{"line":21,"column":57}},"7":{"start":{"line":22,"column":2},"end":{"line":27,"column":5}},"8":{"start":{"line":34,"column":2},"end":{"line":34,"column":51}},"9":{"start":{"line":34,"column":20},"end":{"line":34,"column":51}},"10":{"start":{"line":35,"column":2},"end":{"line":39,"column":3}},"11":{"start":{"line":36,"column":18},"end":{"line":36,"column":41}},"12":{"start":{"line":37,"column":16},"end":{"line":37,"column":37}},"13":{"start":{"line":38,"column":4},"end":{"line":38,"column":55}},"14":{"start":{"line":40,"column":2},"end":{"line":40,"column":39}},"15":{"start":{"line":44,"column":2},"end":{"line":44,"column":65}}},"fnMap":{"0":{"name":"formatLoadStatus","decl":{"start":{"line":14,"column":16},"end":{"line":14,"column":32}},"loc":{"start":{"line":14,"column":61},"end":{"line":16,"column":1}},"line":14},"1":{"name":"formatAppointment","decl":{"start":{"line":18,"column":16},"end":{"line":18,"column":33}},"loc":{"start":{"line":18,"column":62},"end":{"line":28,"column":1}},"line":18},"2":{"name":"formatAppointmentRange","decl":{"start":{"line":30,"column":16},"end":{"line":30,"column":38}},"loc":{"start":{"line":33,"column":10},"end":{"line":41,"column":1}},"line":33},"3":{"name":"formatReference","decl":{"start":{"line":43,"column":16},"end":{"line":43,"column":31}},"loc":{"start":{"line":43,"column":59},"end":{"line":45,"column":1}},"line":43}},"branchMap":{"0":{"loc":{"start":{"line":15,"column":9},"end":{"line":15,"column":40}},"type":"binary-expr","locations":[{"start":{"line":15,"column":9},"end":{"line":15,"column":30}},{"start":{"line":15,"column":34},"end":{"line":15,"column":40}}],"line":15},"1":{"loc":{"start":{"line":19,"column":2},"end":{"line":19,"column":36}},"type":"if","locations":[{"start":{"line":19,"column":2},"end":{"line":19,"column":36}},{"start":{},"end":{}}],"line":19},"2":{"loc":{"start":{"line":21,"column":2},"end":{"line":21,"column":57}},"type":"if","locations":[{"start":{"line":21,"column":2},"end":{"line":21,"column":57}},{"start":{},"end":{}}],"line":21},"3":{"loc":{"start":{"line":34,"column":2},"end":{"line":34,"column":51}},"type":"if","locations":[{"start":{"line":34,"column":2},"end":{"line":34,"column":51}},{"start":{},"end":{}}],"line":34},"4":{"loc":{"start":{"line":34,"column":6},"end":{"line":34,"column":18}},"type":"binary-expr","locations":[{"start":{"line":34,"column":6},"end":{"line":34,"column":11}},{"start":{"line":34,"column":15},"end":{"line":34,"column":18}}],"line":34},"5":{"loc":{"start":{"line":35,"column":2},"end":{"line":39,"column":3}},"type":"if","locations":[{"start":{"line":35,"column":2},"end":{"line":39,"column":3}},{"start":{},"end":{}}],"line":35},"6":{"loc":{"start":{"line":35,"column":6},"end":{"line":35,"column":16}},"type":"binary-expr","locations":[{"start":{"line":35,"column":6},"end":{"line":35,"column":10}},{"start":{"line":35,"column":14},"end":{"line":35,"column":16}}],"line":35},"7":{"loc":{"start":{"line":38,"column":11},"end":{"line":38,"column":54}},"type":"cond-expr","locations":[{"start":{"line":38,"column":27},"end":{"line":38,"column":32}},{"start":{"line":38,"column":35},"end":{"line":38,"column":54}}],"line":38},"8":{"loc":{"start":{"line":40,"column":27},"end":{"line":40,"column":37}},"type":"binary-expr","locations":[{"start":{"line":40,"column":27},"end":{"line":40,"column":31}},{"start":{"line":40,"column":35},"end":{"line":40,"column":37}}],"line":40},"9":{"loc":{"start":{"line":44,"column":9},"end":{"line":44,"column":64}},"type":"cond-expr","locations":[{"start":{"line":44,"column":37},"end":{"line":44,"column":46}},{"start":{"line":44,"column":49},"end":{"line":44,"column":64}}],"line":44}},"s":{"0":2,"1":11,"2":11,"3":2,"4":9,"5":9,"6":1,"7":8,"8":4,"9":1,"10":3,"11":2,"12":2,"13":2,"14":1,"15":2},"f":{"0":11,"1":11,"2":4,"3":2},"b":{"0":[11,1],"1":[2,9],"2":[1,8],"3":[1,3],"4":[4,1],"5":[2,1],"6":[3,3],"7":[1,1],"8":[1,0],"9":[1,1]},"_coverageSchema":"1a1c01bbd47fc00a2c39e90264f33305004495a9","hash":"140bb61fc39097112ad9a27c9de8cfda1e145750"}
,"C:\\Users\\ariel\\OneDrive\\Escritorio\\RECRUITING_SMARTER___BRASIL\\proyecto_PP2_app_mobile\\lib\\loads\\index.ts": {"path":"C:\\Users\\ariel\\OneDrive\\Escritorio\\RECRUITING_SMARTER___BRASIL\\proyecto_PP2_app_mobile\\lib\\loads\\index.ts","statementMap":{},"fnMap":{},"branchMap":{},"s":{},"f":{},"b":{},"_coverageSchema":"1a1c01bbd47fc00a2c39e90264f33305004495a9","hash":"093aa90dca1da58853ec740e397bd77dd732daf2"}
,"C:\\Users\\ariel\\OneDrive\\Escritorio\\RECRUITING_SMARTER___BRASIL\\proyecto_PP2_app_mobile\\lib\\loads\\load-detail-helpers.ts": {"path":"C:\\Users\\ariel\\OneDrive\\Escritorio\\RECRUITING_SMARTER___BRASIL\\proyecto_PP2_app_mobile\\lib\\loads\\load-detail-helpers.ts","statementMap":{"0":{"start":{"line":5,"column":18},"end":{"line":5,"column":31}},"1":{"start":{"line":6,"column":2},"end":{"line":6,"column":55}},"2":{"start":{"line":10,"column":2},"end":{"line":16,"column":4}},"3":{"start":{"line":20,"column":2},"end":{"line":27,"column":4}},"4":{"start":{"line":31,"column":2},"end":{"line":36,"column":4}},"5":{"start":{"line":40,"column":2},"end":{"line":40,"column":64}}},"fnMap":{"0":{"name":"formatDisplayValue","decl":{"start":{"line":4,"column":16},"end":{"line":4,"column":34}},"loc":{"start":{"line":4,"column":77},"end":{"line":7,"column":1}},"line":4},"1":{"name":"hasShipmentInfo","decl":{"start":{"line":9,"column":16},"end":{"line":9,"column":31}},"loc":{"start":{"line":9,"column":59},"end":{"line":17,"column":1}},"line":9},"2":{"name":"hasContainerInfo","decl":{"start":{"line":19,"column":16},"end":{"line":19,"column":32}},"loc":{"start":{"line":19,"column":60},"end":{"line":28,"column":1}},"line":19},"3":{"name":"hasTimeline","decl":{"start":{"line":30,"column":16},"end":{"line":30,"column":27}},"loc":{"start":{"line":30,"column":55},"end":{"line":37,"column":1}},"line":30},"4":{"name":"hasLoadFlags","decl":{"start":{"line":39,"column":16},"end":{"line":39,"column":28}},"loc":{"start":{"line":39,"column":56},"end":{"line":41,"column":1}},"line":39}},"branchMap":{"0":{"loc":{"start":{"line":6,"column":9},"end":{"line":6,"column":54}},"type":"cond-expr","locations":[{"start":{"line":6,"column":19},"end":{"line":6,"column":26}},{"start":{"line":6,"column":29},"end":{"line":6,"column":54}}],"line":6},"1":{"loc":{"start":{"line":11,"column":4},"end":{"line":15,"column":20}},"type":"binary-expr","locations":[{"start":{"line":11,"column":4},"end":{"line":11,"column":18}},{"start":{"line":12,"column":6},"end":{"line":12,"column":21}},{"start":{"line":13,"column":6},"end":{"line":13,"column":14}},{"start":{"line":14,"column":6},"end":{"line":14,"column":15}},{"start":{"line":15,"column":6},"end":{"line":15,"column":20}}],"line":11},"2":{"loc":{"start":{"line":21,"column":4},"end":{"line":26,"column":25}},"type":"binary-expr","locations":[{"start":{"line":21,"column":4},"end":{"line":21,"column":25}},{"start":{"line":22,"column":6},"end":{"line":22,"column":25}},{"start":{"line":23,"column":6},"end":{"line":23,"column":25}},{"start":{"line":24,"column":6},"end":{"line":24,"column":21}},{"start":{"line":25,"column":6},"end":{"line":25,"column":22}},{"start":{"line":26,"column":6},"end":{"line":26,"column":25}}],"line":21},"3":{"loc":{"start":{"line":32,"column":4},"end":{"line":35,"column":25}},"type":"binary-expr","locations":[{"start":{"line":32,"column":4},"end":{"line":32,"column":25}},{"start":{"line":33,"column":6},"end":{"line":33,"column":24}},{"start":{"line":34,"column":6},"end":{"line":34,"column":26}},{"start":{"line":35,"column":6},"end":{"line":35,"column":25}}],"line":32},"4":{"loc":{"start":{"line":40,"column":9},"end":{"line":40,"column":63}
[...]
6,"column":42},"end":{"line":45,"column":3}},"line":26},"2":{"name":"(anonymous_2)","decl":{"start":{"line":47,"column":12},"end":{"line":47,"column":13}},"loc":{"start":{"line":47,"column":18},"end":{"line":88,"column":3}},"line":47},"3":{"name":"(anonymous_3)","decl":{"start":{"line":54,"column":16},"end":{"line":54,"column":17}},"loc":{"start":{"line":54,"column":28},"end":{"line":81,"column":5}},"line":54},"4":{"name":"(anonymous_4)","decl":{"start":{"line":85,"column":11},"end":{"line":85,"column":12}},"loc":{"start":{"line":85,"column":17},"end":{"line":87,"column":5}},"line":85}},"branchMap":{"0":{"loc":{"start":{"line":27,"column":4},"end":{"line":32,"column":5}},"type":"if","locations":[{"start":{"line":27,"column":4},"end":{"line":32,"column":5}},{"start":{},"end":{}}],"line":27},"1":{"loc":{"start":{"line":27,"column":8},"end":{"line":27,"column":45}},"type":"binary-expr","locations":[{"start":{"line":27,"column":8},"end":{"line":27,"column":17}},{"start":{"line":27,"column":21},"end":{"line":27,"column":45}}],"line":27},"2":{"loc":{"start":{"line":48,"column":4},"end":{"line":50,"column":5}},"type":"if","locations":[{"start":{"line":48,"column":4},"end":{"line":50,"column":5}},{"start":{},"end":{}}],"line":48},"3":{"loc":{"start":{"line":55,"column":6},"end":{"line":62,"column":7}},"type":"if","locations":[{"start":{"line":55,"column":6},"end":{"line":62,"column":7}},{"start":{},"end":{}}],"line":55},"4":{"loc":{"start":{"line":55,"column":10},"end":{"line":55,"column":47}},"type":"binary-expr","locations":[{"start":{"line":55,"column":10},"end":{"line":55,"column":19}},{"start":{"line":55,"column":23},"end":{"line":55,"column":47}}],"line":55},"5":{"loc":{"start":{"line":56,"column":8},"end":{"line":60,"column":9}},"type":"if","locations":[{"start":{"line":56,"column":8},"end":{"line":60,"column":9}},{"start":{},"end":{}}],"line":56},"6":{"loc":{"start":{"line":64,"column":6},"end":{"line":67,"column":7}},"type":"if","locations":[{"start":{"line":64,"column":6},"end":{"line":67,"column":7}},{"start":{},"end":{}}],"line":64},"7":{"loc":{"start":{"line":74,"column":6},"end":{"line":76,"column":7}},"type":"if","locations":[{"start":{"line":74,"column":6},"end":{"line":76,"column":7}},{"start":{},"end":{}}],"line":74},"8":{"loc":{"start":{"line":92,"column":13},"end":{"line":92,"column":38}},"type":"binary-expr","locations":[{"start":{"line":92,"column":13},"end":{"line":92,"column":27}},{"start":{"line":92,"column":31},"end":{"line":92,"column":38}}],"line":92}},"s":{"0":0,"1":0,"2":0,"3":0,"4":0,"5":0,"6":0,"7":0,"8":0,"9":0,"10":0,"11":0,"12":0,"13":0,"14":0,"15":0,"16":0,"17":0,"18":0,"19":0,"20":0,"21":0,"22":0,"23":0,"24":0,"25":0,"26":0,"27":0,"28":0,"29":0,"30":0,"31":0,"32":0,"33":0,"34":0,"35":0,"36":0,"37":0,"38":0,"39":0},"f":{"0":0,"1":0,"2":0,"3":0,"4":0},"b":{"0":[0,0],"1":[0,0],"2":[0,0],"3":[0,0],"4":[0,0],"5":[0,0],"6":[0,0],"7":[0,0],"8":[0,0]},"_coverageSchema":"1a1c01bbd47fc00a2c39e90264f33305004495a9","hash":"8ac9a89466cf195ced573850c3cd9c0e6b8a319a"}
,"C:\\Users\\ariel\\OneDrive\\Escritorio\\RECRUITING_SMARTER___BRASIL\\proyecto_PP2_app_mobile\\lib\\supabase\\queries\\index.ts": {"path":"C:\\Users\\ariel\\OneDrive\\Escritorio\\RECRUITING_SMARTER___BRASIL\\proyecto_PP2_app_mobile\\lib\\supabase\\queries\\index.ts","statementMap":{},"fnMap":{},"branchMap":{},"s":{},"f":{},"b":{}}
,"C:\\Users\\ariel\\OneDrive\\Escritorio\\RECRUITING_SMARTER___BRASIL\\proyecto_PP2_app_mobile\\lib\\supabase\\queries\\loads.ts": {"path":"C:\\Users\\ariel\\OneDrive\\Escritorio\\RECRUITING_SMARTER___BRASIL\\proyecto_PP2_app_mobile\\lib\\supabase\\queries\\loads.ts","statementMap":{"0":{"start":{"line":33,"column":32},"end":{"line":55,"column":1}},"1":{"start":{"line":58,"column":34},"end":{"line":109,"column":1}},"2":{"start":{"line":124,"column":15},"end":{"line":124,"column":45}},"3":{"start":{"line":125,"column":19},"end":{"line":125,"column":58}},"4":{"start":{"line":126,"column":15},"end":{"line":126,"column":30}},"5":{"start":{"line":127,"column":13},"end":{"line":127,"column":32}},"6":{"start":{"line":129,"column":33},"end":{"line":134,"column":20}},"7":{"start":{"line":136,"column":2},"end":{"line":145,"column":3}},"8":{"start":{"line":137,"column":4},"end":{"line":144,"column":6}},"9":{"start":{"line":147,"column":15},"end":{"line":147,"column":55}},"10":{"start":{"line":148,"column":16},"end":{"line":148,"column":42}},"11":{"start":{"line":149,"column":21},"end":{"line":149,"column":34}},"12":{"start":{"line":151,"column":2},"end":{"line":158,"column":4}},"13":{"start":{"line":167,"column":17},"end":{"line":170,"column":4}},"14":{"start":{"line":171,"column":2},"end":{"line":171,"column":68}},"15":{"start":{"line":182,"column":26},"end":{"line":187,"column":18}},"16":{"start":{"line":189,"column":2},"end":{"line":191,"column":3}},"17":{"start":{"line":190,"column":4},"end":{"line":190,"column":72}},"18":{"start":{"line":193,"column":2},"end":{"line":195,"column":3}},"19":{"start":{"line":194,"column":4},"end":{"line":194,"column":62}},"20":{"start":{"line":197,"column":15},"end":{"line":197,"column":73}},"21":{"start":{"line":198,"column":2},"end":{"line":198,"column":55}}},"fnMap":{"0":{"name":"fetchDriverLoadsPage","decl":{"start":{"line":119,"column":22},"end":{"line":119,"column":42}},"loc":{"start":{"line":123,"column":34},"end":{"line":159,"column":1}},"line":123},"1":{"name":"fetchLoadsForDriver","decl":{"start":{"line":162,"column":22},"end":{"line":162,"column":41}},"loc":{"start":{"line":166,"column":29},"end":{"line":172,"column":1}},"line":166},"2":{"name":"fetchLoadDetailForDriver","decl":{"start":{"line":177,"column":22},"end":{"line":177,"column":46}},"loc":{"start":{"line":181,"column":34},"end":{"line":199,"column":1}},"line":181}},"branchMap":{"0":{"loc":{"start":{"line":122,"column":2},"end":{"line":122,"column":43}},"type":"default-arg","locations":[{"start":{"line":122,"column":41},"end":{"line":122,"column":43}}],"line":122},"1":{"loc":{"start":{"line":124,"column":27},"end":{"line":124,"column":44}},"type":"binary-expr","locations":[{"start":{"line":124,"column":27},"end":{"line":124,"column":39}},{"start":{"line":124,"column":43},"end":{"line":124,"column":44}}],"line":124},"2":{"loc":{"start":{"line":125,"column":19},"end":{"line":125,"column":58}},"type":"binary-expr","locations":[{"start":{"line":125,"column":19},"end":{"line":125,"column":35}},{"start":{"line":125,"column":39},"end":{"line":125,"column":58}}],"line":125},"3":{"loc":{"start":{"line":136,"column":2},"end":{"line":145,"column":3}},"type":"if","locations":[{"start":{"line":136,"column":2},"end":{"line":145,"column":3}},{"start":{},"end":{}}],"line":136},"4":{"loc":{"start":{"line":147,"column":16},"end":{"line":147,"column":26}},"type":"binary-expr","locations":[{"start":{"line":147,"column":16},"end":{"line":147,"column":20}},{"start":{"line":147,"column":24},"end":{"line":147,"column":26}}],"line":147},"5":{"loc":{"start":{"line":149,"column":21},"end":{"line":149,"column":34}},"type":"binary-expr","locations":[{"start":{"line":149,"column":21},"end":{"line":149,"column":26}},{"start":{"line":149,"column":30},"end":{"line":149,"column":34}}],"line":149},"6":{"loc":{"start":{"line":165,"column":2},"end":{"line":165,"column":29}},"type":"default-arg","locations":[{"start":{"line":165,"column":10},"end":{"line":165,"column":29}}],"line":165},"7":{"loc":{"start":{"line":189,"column":2},"end":{"line":191,"column":3}},"type":"if","locations":[{"start":{"line":189,"column":2},"end":{"line":191,"column":3}},{"start":{},"end":{}}],"line":189},"8":{"loc":{"start":{"line":193,"column":2},"end":{"line":195,"column":3}},"type":"if","locations":[{"start":{"line":193,"column":2},"end":{"line":195,"column":3}},{"start":{},"end":{}}],"line":193}},"s":{"0":0,"1":0,"2":0,"3":0,"4":0,"5":0,"6":0,"7":0,"8":0,"9":0,"10":0,"11":0,"12":0,"13":0,"14":0,"15":0,"16":0,"17":0,"18":0,"19":0,"20":0,"21":0},"f":{"0":0,"1":0,"2":0},"b":{"0":[0],"1":[0,0],"2":[0,0],"3":[0,0],"4":[0,0],"5":[0,0],"6":[0],"7":[0,0],"8":[0,0]}}
,"C:\\Users\\ariel\\OneDrive\\Escritorio\\RECRUITING_SMARTER___BRASIL\\proyecto_PP2_app_mobile\\lib\\supabase\\queries\\map-load-row.ts": {"path":"C:\\Users\\ariel\\OneDrive\\Escritorio\\RECRUITING_SMARTER___BRASIL\\proyecto_PP2_app_mobile\\lib\\supabase\\queries\\map-load-row.ts","statementMap":{"0":{"start":{"line":71,"column":2},"end":{"line":71,"column":26}},"1":{"start":{"line":71,"column":14},"end":{"line":71,"column":26}},"2":{"start":{"line":72,"column":2},"end":{"line":72,"column":59}},"3":{"start":{"line":76,"column":2},"end":{"line":76,"column":29}},"4":{"start":{"line":76,"column":17},"end":{"line":76,"column":29}},"5":{"start":{"line":77,"column":16},"end":{"line":81,"column":40}},"6":{"start":{"line":81,"column":18},"end":{"line":81,"column":39}},"7":{"start":{"line":82,"column":2},"end":{"line":82,"column":49}},"8":{"start":{"line":85,"column":24},"end":{"line":107,"column":31}},"9":{"start":{"line":110,"column":20},"end":{"line":110,"column":46}},"10":{"start":{"line":111,"column":19},"end":{"line":111,"column":44}},"11":{"start":{"line":113,"column":2},"end":{"line":133,"column":4}},"12":{"start":{"line":137,"column":15},"end":{"line":137,"column":38}},"13":{"start":{"line":138,"column":20},"end":{"line":138,"column":46}},"14":{"start":{"line":139,"column":19},"end":{"line":139,"column":44}},"15":{"start":{"line":140,"column":17},"end":{"line":140,"column":40}},"16":{"start":{"line":142,"column":2},"end":{"line":165,"column":4}},"17":{"start":{"line":169,"column":2},"end":{"line":169,"column":38}},"18":{"start":{"line":179,"column":51},"end":{"line":179,"column":57}},"19":{"start":{"line":180,"column":2},"end":{"line":180,"column":35}},"20":{"start":{"line":180,"column":22},"end":{"line":180,"column":35}},"21":{"start":{"line":181,"column":2},"end":{"line":183,"column":3}},"22":{"start":{"line":182,"column":4},"end":{"line":182,"column":51}},"23":{"start":{"line":184,"column":2},"end":{"line":184,"column":31}}},"fnMap":{"0":{"name":"firstEmbed","decl":{"start":{"line":70,"column":9},"end":{"line":70,"column":19}},"loc":{"start":{"line":70,"column":68},"end":{"line":73,"column":1}},"line":70},"1":{"name":"formatCustomerAddress","decl":{"start":{"line":75,"column":9},"end":{"line":75,"column":30}},"loc":{"start":{"line":75,"column":78},"end":{"line":83,"column":1}},"line":75},"2":{"name":"(anonymous_2)","decl":{"start":{"line":81,"column":11},"end":{"line":81,"column":12}},"loc":{"start":{"line":81,"column":18},"end":{"line":81,"column":39}},"line":81},"3":{"name":"mapLoadRowToDetail","decl":{"start":{"line":109,"column":16},"end":{"line":109,"column":34}},"loc":{"start":{"line":109,"column":65},"end":{"line":134,"column":1}},"line":109},"4":{"name":"mapLoadDetailRowToDetail","decl":{"start":{"line":136,"column":16},"end":{"line":136,"column":40}},"loc":{"start":{"line":136,"column":73},"end":{"line":166,"column":1}},"line":136},"5":{"name":"mapLoadRowsToDetails","decl":{"start":{"line":168,"column":16},"end":{"line":168,"column":36}},"loc":{"start":{"line":168,"column":72},"end":{"line":170,"column":1}},"line":168},"6":{"name":"hasMoreDriverLoads","decl":{"start":{"line":173,"column":16},"end":{"line":173,"column":34}},"loc":{"start":{"line":178,"column":12},"end":{"line":185,"column":1}},"line":178}},"branchMap":{"0":{"loc":{"start":{"line":71,"column":2},"end":{"line":71,"column":26}},"type":"if","locations":[{"start":{"line":71,"column":2},"end":{"line":71,"column":26}},{"start":{},"end":{}}],"line":71},"1":{"loc":{"start":{"line":72,"column":9},"end":{"line":72,"column":58}},"type":"cond-expr","locations":[{"start":{"line":72,"column":33},"end":{"line":72,"column":49}},{"start":{"line":72,"column":53},"end":{"line":72,"column":58}}],"line":72},"2":{"loc":{"start":{"line":72,"column":33},"end":{"line":72,"column":49}},"type":"binary-expr","locations":[{"start":{"line":72,"column":33},"end":{"line":72,"column":41}},{"start":{"line":72,"column":45},"end":{"line":72,"column":49}}],"line":72},"3":{"loc":{"start":{"line":76,"column":2},"end":{"line":76,"column":29}},"type":"if","locations":[{"start":{"line":76,"column":2},"end":{"line":76,"column":29}},{"start":{},"end":{}}],"line":76},"4":{"loc":{"start":{"line":81,"column":18},"end":{"line":81,"column":39}},"type":"binary-expr","locations":[{"start":{"line":81,"column":18},"end":{"line":81,"column":19}},{"start":{"line":81,"column":23},"end":{"line":81,"column":39}}],"line":81},"5":{"loc":{"start":{"line":82,"column":9},"end":{"line":82,"column":48}},"type":"cond-expr","locations":[{"start":{"line":82,"column":24},"end":{"line":82,"column":41}},{"start":{"line":82,"column":44},"end":{"line":82,"column":48}}],"line":82},"6":{"loc":{"start":{"line":117,"column":22},"end":{"line":117,"column":57}},"type":"binary-expr","locations":[{"start":{"line":117,"column":22},"end":{"line":117,"column":49}},{"start":{"line":117,"column":53},"end":{"line":117,"column":57}}],"line":117},"7":{"loc":{"start":{"line":127,"column":19},"end":{"line":127,"column":41}},"type":"binary-expr","locations":[{"start":{"line":127,"column":19},"end":{"line":127,"column":33}},{"start":{"line":127,"column":37},"end":{"line":127,"column":41}}],"line":127},"8":{"loc":{"start":{"line":130,"column":16},"end":{"line":130,"column":45}},"type":"binary-expr","locations":[{"start":{"line":130,"column":16},"end":{"line":130,"column":37}},{"start":{"line":130,"column":41},"end":{"line":130,"column":45}}],"line":130},"9":{"loc":{"start":{"line":131,"column":20},"end":{"line":131,"column":43}},"type":"binary-expr","locations":[{"start":{"line":131,"column":20},"end":{"line":131,"column":35}},{"start":{"line":131,"column":39},"end":{"line":131,"column":43}}],"line":131},"10":{"loc":{"start":{"line":132,"column":17},"end":{"line":132,"column":47}},"type":"binary-expr","locations":[{"start":{"line":132,"column":17},"end":{"line":132,"column":39}},{"start":{"line":132,"column":43},"end":{"line":132,"column":47}}],"line":132},"11":{"loc":{"start":{"line":149,"column":17},"end":{"line":149,"column":78}},"type":"binary-expr","locations":[{"start":{"line":149,"column":17},"end":{"line":149,"column":32}},{"start":{"line":149,"column":36},"end":{"line":149,"column":58}},{"start":{"line":149,"column":62},"end":{"line":149,"column":78}}],"line":149},"12":{"loc":{"start":{"line":151,"column":20},"end":{"line":151,"column":65}},"type":"binary-expr","locations":[{"start":{"line":151,"column":20},"end":{"line":151,"column":38}},{"start":{"line":151,"column":42},"end":{"line":151,"column":57}},{"start":{"line":151,"column":61},"end":{"line":151,"column":65}}],"line":151},"13":{"loc":{"start":{"line":152,"column":20},"end":{"line":152,"column":43}},"type":"binary-expr","locations":[{"start":{"line":152,"column":20},"end":{"line":152,"column":35}},{"start":{"line":152,"column":39},"end":{"line":152,"column":43}}],"line":152},"14":{"loc":{"start":{"line":153,"column":16},"end":{"line":153,"column":45}},"type":"binary-expr","locations":[{"start":{"line":153,"column":16},"end":{"line":153,"column":37}},{"start":{"line":153,"column":41},"end":{"line":153,"column":45}}],"line":153},"15":{"loc":{"start":{"line":159,"column":20},"end":{"line":159,"column":43}},"type":"binary-expr","locations":[{"start":{"line":159,"column":20},"end":{"line":159,"column":35}},{"start":{"line":159,"column":39},"end":{"line":159,"column":43}}],"line":159},"16":{"loc":{"start":{"line":161,"column":17},"end":{"line":161,"column":37}},"type":"binary-expr","locations":[{"start":{"line":161,"column":17},"end":{"line":161,"column":29}},{"start":{"line":161,"column":33},"end":{"line":161,"column":37}}],"line":161},"17":{"loc":{"start":{"line":162,"column":15},"end":{"line":162,"column":37}},"type":"binary-expr","locations":[{"start":{"line":162,"column":15},"end":{"line":162,"column":28}},{"start":{"line":162,"column":32},"end":{"line":162,"column":37}}],"line":162},"18":{"loc":{"start":{"line":163,"column":19},"end":{"line":163,"column":45}},"type":"binary-expr","locations":[{"start":{"line":163,"column":19},"end":{"line":163,"column":36}},{"start":{"line":163,"column":40},"end":{"line":163,"column":45}}],"line":163},"19":{"loc":{"start":{"line":164,"column":15},"end":{"line":164,"column":37}},"type":"binary-expr","locations":[{"start":{"line":164,"column":15},"end":{"line":164,"column":28}},{"start":{"line":164,"column":32},"end":{"line":164,"column":37}}],"line":164},"20":{"loc":{"start":{"line":180,"column":2},"end":{"line":180,"column":35}},"type":"if","locations":[{"start":{"line":180,"column":2},"end":{"line":180,"column":35}},{"start":{},"end":{}}],"line":180},"21":{"loc":{"start":{"line":181,"column":2},"end":{"line":183,"column":3}},"type":"if","locations":[{"start":{"line":181,"column":2},"end":{"line":183,"column":3}},{"start":{},"end":{}}],"line":181}},"s":{"0":36,"1":25,"2":11,"3":2,"4":1,"5":1,"6":3,"7":1,"8":3,"9":15,"10":15,"11":15,"12":2,"13":2,"14":2,"15":2,"16":2,"17":1,"18":5,"19":5,"20":1,"21":4,"22":2,"23":2},"f":{"0":36,"1":2,"2":3,"3":15,"4":2,"5":1,"6":5},"b":{"0":[25,11],"1":[2,9],"2":[2,0],"3":[1,1],"4":[3,3],"5":[1,0],"6":[15,11],"7":[15,12],"8":[15,14],"9":[15,14],"10":[15,13],"11":[2,0,0],"12":[2,1,1],"13":[2,1],"14":[2,1],"15":[2,1],"16":[2,1],"17":[2,1],"18":[2,2],"19":[2,1],"20":[1,4],"21":[2,2]},"_coverageSchema":"1a1c01bbd47fc00a2c39e90264f33305004495a9","hash":"7a4a444d12d2e14e26454635b25399a8fbb0de3b"}
,"C:\\Users\\ariel\\OneDrive\\Escritorio\\RECRUITING_SMARTER___BRASIL\\proyecto_PP2_app_mobile\\lib\\supabase\\queries\\profile.ts": {"path":"C:\\Users\\ariel\\OneDrive\\Escritorio\\RECRUITING_SMARTER___BRASIL\\proyecto_PP2_app_mobile\\lib\\supabase\\queries\\profile.ts","statementMap":{"0":{"start":{"line":10,"column":24},"end":{"line":10,"column":52}},"1":{"start":{"line":16,"column":26},"end":{"line":20,"column":18}},"2":{"start":{"line":22,"column":2},"end":{"line":24,"column":3}},"3":{"start":{"line":23,"column":4},"end":{"line":23,"column":58}},"4":{"start":{"line":26,"column":2},"end":{"line":28,"column":3}},"5":{"start":{"line":27,"column":4},"end":{"line":27,"column":82}},"6":{"start":{"line":30,"column":2},"end":{"line":39,"column":4}}},"fnMap":{"0":{"name":"fetchUserProfile","decl":{"start":{"line":12,"column":22},"end":{"line":12,"column":38}},"loc":{"start":{"line":15,"column":31},"end":{"line":40,"column":1}},"line":15}},"branchMap":{"0":{"loc":{"start":{"line":22,"column":2},"end":{"line":24,"column":3}},"type":"if","locations":[{"start":{"line":22,"column":2},"end":{"line":24,"column":3}},{"start":{},"end":{}}],"line":22},"1":{"loc":{"start":{"line":26,"column":2},"end":{"line":28,"column":3}},"type":"if","locations":[{"start":{"line":26,"column":2},"end":{"line":28,"column":3}},{"start":{},"end":{}}],"line":26}},"s":{"0":0,"1":0,"2":0,"3":0,"4":0,"5":0,"6":0},"f":{"0":0},"b":{"0":[0,0],"1":[0,0]}}
,"C:\\Users\\ariel\\OneDrive\\Escritorio\\RECRUITING_SMARTER___BRASIL\\proyecto_PP2_app_mobile\\lib\\supabase\\schema\\driver-loads.ts": {"path":"C:\\Users\\ariel\\OneDrive\\Escritorio\\RECRUITING_SMARTER___BRASIL\\proyecto_PP2_app_mobile\\lib\\supabase\\schema\\driver-loads.ts","statementMap":{"0":{"start":{"line":7,"column":27},"end":{"line":7,"column":43}},"1":{"start":{"line":10,"column":29},"end":{"line":10,"column":47}},"2":{"start":{"line":12,"column":35},"end":{"line":12,"column":59}},"3":{"start":{"line":15,"column":33},"end":{"line":39,"column":10}},"4":{"start":{"line":42,"column":32},"end":{"line":45,"column":10}},"5":{"start":{"line":48,"column":35},"end":{"line":53,"column":10}},"6":{"start":{"line":56,"column":35},"end":{"line":56,"column":37}},"7":{"start":{"line":60,"column":2},"end":{"line":63,"column":4}}},"fnMap":{"0":{"name":"driverLoadsFilter","decl":{"start":{"line":59,"column":16},"end":{"line":59,"column":33}},"loc":{"start":{"line":59,"column":56},"end":{"line":64,"column":1}},"line":59}},"branchMap":{},"s":{"0":0,"1":0,"2":0,"3":0,"4":0,"5":0,"6":0,"7":0},"f":{"0":0},"b":{}}
}
