{"C:\\Users\\ariel\\OneDrive\\Escritorio\\RECRUITING_SMARTER___BRASIL\\proyecto_PP2_app_mobile\\components\\loads\\DriverActionBar.tsx": {"path":"C:\\Users\\ariel\\OneDrive\\Escritorio\\RECRUITING_SMARTER___BRASIL\\proyecto_PP2_app_mobile\\components\\loads\\DriverActionBar.tsx","statementMap":{"0":{"start":{"line":28,"column":32},"end":{"line":28,"column":65}},"1":{"start":{"line":29,"column":40},"end":{"line":29,"column":78}},"2":{"start":{"line":30,"column":38},"end":{"line":30,"column":67}},"3":{"start":{"line":32,"column":18},"end":{"line":32,"column":58}},"4":{"start":{"line":33,"column":18},"end":{"line":33,"column":40}},"5":{"start":{"line":35,"column":23},"end":{"line":61,"column":3}},"6":{"start":{"line":36,"column":4},"end":{"line":39,"column":5}},"7":{"start":{"line":37,"column":6},"end":{"line":37,"column":57}},"8":{"start":{"line":38,"column":6},"end":{"line":38,"column":13}},"9":{"start":{"line":40,"column":4},"end":{"line":47,"column":5}},"10":{"start":{"line":41,"column":6},"end":{"line":45,"column":9}},"11":{"start":{"line":46,"column":6},"end":{"line":46,"column":13}},"12":{"start":{"line":48,"column":4},"end":{"line":48,"column":21}},"13":{"start":{"line":49,"column":4},"end":{"line":49,"column":25}},"14":{"start":{"line":50,"column":4},"end":{"line":50,"column":24}},"15":{"start":{"line":51,"column":4},"end":{"line":60,"column":5}},"16":{"start":{"line":52,"column":6},"end":{"line":52,"column":33}},"17":{"start":{"line":53,"column":6},"end":{"line":55,"column":8}},"18":{"start":{"line":57,"column":6},"end":{"line":57,"column":48}},"19":{"start":{"line":59,"column":6},"end":{"line":59,"column":23}},"20":{"start":{"line":63,"column":2},"end":{"line":72,"column":3}},"21":{"start":{"line":64,"column":4},"end":{"line":71,"column":6}},"22":{"start":{"line":74,"column":2},"end":{"line":111,"column":4}},"23":{"start":{"line":93,"column":22},"end":{"line":93,"column":46}},"24":{"start":{"line":94,"column":8},"end":{"line":108,"column":10}},"25":{"start":{"line":101,"column":27},"end":{"line":101,"column":47}},"26":{"start":{"line":114,"column":15},"end":{"line":133,"column":2}}},"fnMap":{"0":{"name":"DriverActionBar","decl":{"start":{"line":23,"column":16},"end":{"line":23,"column":31}},"loc":{"start":{"line":27,"column":25},"end":{"line":112,"column":1}},"line":27},"1":{"name":"(anonymous_1)","decl":{"start":{"line":35,"column":23},"end":{"line":35,"column":24}},"loc":{"start":{"line":35,"column":51},"end":{"line":61,"column":3}},"line":35},"2":{"name":"(anonymous_2)","decl":{"start":{"line":92,"column":19},"end":{"line":92,"column":20}},"loc":{"start":{"line":92,"column":31},"end":{"line":109,"column":7}},"line":92},"3":{"name":"(anonymous_3)","decl":{"start":{"line":101,"column":21},"end":{"line":101,"column":22}},"loc":{"start":{"line":101,"column":27},"end":{"line":101,"column":47}},"line":101}},"branchMap":{"0":{"loc":{"start":{"line":36,"column":4},"end":{"line":39,"column":5}},"type":"if","locations":[{"start":{"line":36,"column":4},"end":{"line":39,"column":5}},{"start":{},"end":{}}],"line":36},"1":{"loc":{"start":{"line":40,"column":4},"end":{"line":47,"column":5}},"type":"if","locations":[{"start":{"line":40,"column":4},"end":{"line":47,"column":5}},{"start":{},"end":{}}],"line":40},"2":{"loc":{"start":{"line":63,"column":2},"end":{"line":72,"column":3}},"type":"if","locations":[{"start":{"line":63,"column":2},"end":{"line":72,"column":3}},{"start":{},"end":{}}],"line":63},"3":{"loc":{"start":{"line":80,"column":7},"end":{"line":86,"column":14}},"type":"cond-expr","locations":[{"start":{"line":81,"column":8},"end":{"line":85,"column":10}},{"start":{"line":86,"column":10},"end":{"line":86,"column":14}}],"line":80},"4":{"loc":{"start":{"line":87,"column":7},"end":{"line":91,"column":14}},"type":"cond-expr","locations":[{"start":{"line":88,"column":8},"end":{"line":90,"column":15}},{"start":{"line":91,"column":10},"end":{"line":91,"column":14}}],"line":87},"5":{"loc":{"start":{"line":100,"column":22},"end":{"line":100,"column":73}},"type":"binary-expr","locations":[{"start":{"line":100,"column":22},"end":{"line":100,"column":29}},{"start":{"line":100,"column":34},"end":{"line":100,"column":50}},{"start":{"line":100,"column":54},"end":{"line":100,"column":72}}],"line":100},"6":{"loc":{"start":{"line":105,"column":14},"end":{"line":105,"column":76}},"type":"cond-expr","locations":[{"start":{"line":105,"column":24},"end":{"line":105,"column":64}},{"start":{"line":105,"column":67},"end":{"line":105,"column":76}}],"line":105}},"s":{"0":0,"1":0,"2":0,"3":0,"4":0,"5":0,"6":0,"7":0,"8":0,"9":0,"10":0,"11":0,"12":0,"13":0,"14":0,"15":0,"16":0,"17":0,"18":0,"19":0,"20":0,"21":0,"22":0,"23":0,"24":0,"25":0,"26":0},"f":{"0":0,"1":0,"2":0,"3":0},"b":{"0":[0,0],"1":[0,0],"2":[0,0],"3":[0,0],"4":[0,0],"5":[0,0,0],"6":[0,0]}}
,"C:\\Users\\ariel\\OneDrive\\Escritorio\\RECRUITING_SMARTER___BRASIL\\proyecto_PP2_app_mobile\\components\\loads\\LoadDetailContent.tsx": {"path":"C:\\Users\\ariel\\OneDrive\\Escritorio\\RECRUITING_SMARTER___BRASIL\\proyecto_PP2_app_mobile\\components\\loads\\LoadDetailContent.tsx","statementMap":{"0":{"start":{"line":52,"column":2},"end":{"line":225,"column":4}},"1":{"start":{"line":68,"column":12},"end":{"line":70,"column":19}},"2":{"start":{"line":228,"column":15},"end":{"line":248,"column":2}}},"fnMap":{"0":{"name":"LoadDetailContent","decl":{"start":{"line":40,"column":16},"end":{"line":40,"column":33}},"loc":{"start":{"line":51,"column":27},"end":{"line":226,"column":1}},"line":51},"1":{"name":"(anonymous_1)","decl":{"start":{"line":67,"column":33},"end":{"line":67,"column":34}},"loc":{"start":{"line":68,"column":12},"end":{"line":70,"column":19}},"line":68}},"branchMap":{"0":{"loc":{"start":{"line":54,"column":7},"end":{"line":60,"column":14}},"type":"cond-expr","locations":[{"start":{"line":55,"column":8},"end":{"line":59,"column":10}},{"start":{"line":60,"column":10},"end":{"line":60,"column":14}}],"line":54},"1":{"loc":{"start":{"line":64,"column":7},"end":{"line":73,"column":14}},"type":"cond-expr","locations":[{"start":{"line":65,"column":8},"end":{"line":72,"column":15}},{"start":{"line":73,"column":10},"end":{"line":73,"column":14}}],"line":64},"2":{"loc":{"start":{"line":90,"column":9},"end":{"line":95,"column":16}},"type":"cond-expr","locations":[{"start":{"line":91,"column":10},"end":{"line":94,"column":12}},{"start":{"line":95,"column":12},"end":{"line":95,"column":16}}],"line":90},"3":{"loc":{"start":{"line":96,"column":9},"end":{"line":98,"column":16}},"type":"cond-expr","locations":[{"start":{"line":97,"column":10},"end":{"line":97,"column":90}},{"start":{"line":98,"column":12},"end":{"line":98,"column":16}}],"line":96},"4":{"loc":{"start":{"line":99,"column":9},"end":{"line":101,"column":16}},"type":"cond-expr","locations":[{"start":{"line":100,"column":10},"end":{"line":100,"column":96}},{"start":{"line":101,"column":12},"end":{"line":101,"column":16}}],"line":99},"5":{"loc":{"start":{"line":102,"column":9},"end":{"line":108,"column":16}},"type":"cond-expr","locations":[{"start":{"line":103,"column":10},"end":{"line":107,"column":12}},{"start":{"line":108,"column":12},"end":{"line":108,"column":16}}],"line":102},"6":{"loc":{"start":{"line":111,"column":7},"end":{"line":125,"column":14}},"type":"cond-expr","locations":[{"start":{"line":112,"column":8},"end":{"line":124,"column":15}},{"start":{"line":125,"column":10},"end":{"line":125,"column":14}}],"line":111},"7":{"loc":{"start":{"line":113,"column":11},"end":{"line":115,"column":18}},"type":"cond-expr","locations":[{"start":{"line":114,"column":12},"end":{"line":114,"column":88}},{"start":{"line":115,"column":14},"end":{"line":115,"column":18}}],"line":113},"8":{"loc":{"start":{"line":116,"column":11},"end":{"line":118,"column":18}},"type":"cond-expr","locations":[{"start":{"line":117,"column":12},"end":{"line":117,"column":90}},{"start":{"line":118,"column":14},"end":{"line":118,"column":18}}],"line":116},"9":{"loc":{"start":{"line":119,"column":11},"end":{"line":119,"column":94}},"type":"cond-expr","locations":[{"start":{"line":119,"column":22},"end":{"line":119,"column":87}},{"start":{"line":119,"column":90},"end":{"line":119,"column":94}}],"line":119},"10":{"loc":{"start":{"line":120,"column":11},"end":{"line":120,"column":97}},"type":"cond-expr","locations":[{"start":{"line":120,"column":23},"end":{"line":120,"column":90}},{"start":{"line":120,"column":93},"end":{"line":120,"column":97}}],"line":120},"11":{"loc":{"start":{"line":121,"column":11},"end":{"line":123,"column":18}},"type":"cond-expr","locations":[{"start":{"line":122,"column":12},"end":{"line":122,"column":93}},{"start":{"line":123,"column":14},"end":{"line":123,"column":18}}],"line":121},"12":{"loc":{"start":{"line":127,"column":7},"end":{"line":148,"column":14}},"type":"cond-expr","locations":[{"start":{"line":128,"column":8},"end":{"line":147,"column":15}},{"start":{"line":148,"column":10},"end":{"line":148,"column":14}}],"line":127},"13":{"loc":{"start":{"line":129,"column":11},"end":{"line":131,"column":18}},"type":"cond-expr","locations":[{"start":{"line":130,"column":12},"end":{"line":130,"column":96}},{"start":{"line":131,"column":14},"end":{"line":131,"column":18}}],"line":129},"14":{"loc":{"start":{"line":132,"column":11},"end":{"line":134,"column":18}},"type":"cond-expr","locations":[{"start":{"line":133,"column":12},"end":{"line":133,"column":98}},{"start":{"line":134,"column":14},"end":{"line":134,"column":18}}],"line":132},"15":{"loc":{"start":{"line":135,"column":11},"end":{"line":137,"column":18}},"type":"cond-expr","locations":[{"start":{"line":136,"column":12},"end":{"line":136,"column":98}},{"start":{"line":137,"column":14},"end":{"line":137,"column":18}}],"line":135},"16":{"loc":{"start":{"line":138,"column":11},"end":{"line":140,"column":18}},"type":"cond-expr","locations":[{"start":{"line":139,"column":12},"end":{"line":139,"column":90}},{"start":{"line":140,"column":14},"end":{"line":140,"column":18}}],"line":138},"17":{"loc":{"start":{"line":141,"column":11},"end":{"line":143,"column":18}},"type":"cond-expr","locations":[{"start":{"line":142,"column":12},"end":{"line":142,"column":92}},{"start":{"line":143,"column":14},"end":{"line":143,"column":18}}],"line":141},"18":{"loc":{"start":{"line":144,"column":11},"end":{"line":146,"column":18}},"type":"cond-expr","locations":[{"start":{"line":145,"column":12},"end":{"line":145,"column":97}},{"start":{"line":146,"column":14},"end":{"line":146,"column":18}}],"line":144},"19":{"loc":{"start":{"line":150,"column":7},"end":{"line":178,"column":14}},"type":"cond-expr","locations":[{"start":{"line":151,"column":8},"end":{"line":177,"column":15}},{"start":{"line":178,"column":10},"end":{"line":178,"column":14}}],"line":150},"20":{"loc":{"start":{"line":152,"column":11},"end":{"line":157,"column":18}},"type":"cond-expr","locations":[{"start":{"line":153,"column":12},"end":{"line":156,"column":14}},{"start":{"line":157,"column":14},"end":{"line":157,"column":18}}],"line":152},"21":{"loc":{"start":{"line":158,"column":11},"end":{"line":163,"column":18}},"type":"cond-expr","locations":[{"start":{"line":159,"column":12},"end":{"line":162,"column":14}},{"start":{"line":163,"column":14},"end":{"line":163,"column":18}}],"line":158},"22":{"loc":{"start":{"line":164,"column":11},"end":{"line":169,"column":18}},"type":"cond-expr","locations":[{"start":{"line":165,"column":12},"end":{"line":168,"column":14}},{"start":{"line":169,"column":14},"end":{"line":169,"column":18}}],"line":164},"23":{"loc":{"start":{"line":170,"column":11},"end":{"line":176,"column":18}},"type":"cond-expr","locations":[{"start":{"line":171,"column":12},"end":{"line":175,"column":14}},{"start":{"line":176,"column":14},"end":{"line":176,"column":18}}],"line":170},"24":{"loc":{"start":{"line":180,"column":7},"end":{"line":196,"column":14}},"type":"cond-expr","locations":[{"start":{"line":181,"column":8},"end":{"line":195,"column":15}},{"start":{"line":196,"column":10},"end":{"line":196,"column":14}}],"line":180},"25":{"loc":{"start":{"line":184,"column":19},"end":{"line":184,"column":82}},"type":"cond-expr","locations":[{"start":{"line":184,"column":36},"end":{"line":184,"column":58}},{"start":{"line":184,"column":61},"end":{"line":184,"column":82}}],"line":184},"26":{"loc":{"start":{"line":188,"column":19},"end":{"line":188,"column":86}},"type":"cond-expr","locations":[{"start":{"line":188,"column":40},"end":{"line":188,"column":62}},{"start":{"line":188,"column":65},"end":{"line":188,"column":86}}],"line":188},"27":{"loc":{"start":{"line":192,"column":19},"end":{"line":192,"column":82}},"type":"cond-expr","locations":[{"start":{"line":192,"column":36},"end":{"line":192,"column":58}},{"start":{"line":192,"column":61},"end":{"line":192,"column":82}}],"line":192},"28":{"loc":{"start":{"line":198,"column":7},"end":{"line":202,"column":14}},"type":"cond-expr","locations":[{"start":{"line":199,"column":8},"end":{"line":201,"column":15}},{"start":{"line":202,"column":10},"end":{"line":202,"column":14}}],"line":198}},"s":{"0":0,"1":0,"2":0},"f":{"0":0,"1":0},"b":{"0":[0,0],"1":[0,0],"2":[0,0],"3":[0,0],"4":[0,0],"5":[0,0],"6":[0,0],"7":[0,0],"8":[0,0],"9":[0,0],"10":[0,0],"11":[0,0],"12":[0,0],"13":[0,0],"14":[0,0],"15":[0,0],"16":[0,0],"17":[0,0],"18":[0,0],"19":[0,0],"20":[0,0],"21":[0,0],"22":[0,0],"23":[0,0],"24":[0,0],"25":[0,0],"26":[0,0],"27":[0,0],"28":[0,0]}}
,"C:\\Users\\ariel\\OneDrive\\Escritorio\\RECRUITING_SMARTER___BRASIL\\proyecto_PP2_app_mobile\\components\\loads\\LoadDetailRow.tsx": {"path":"C:\\Users\\ariel\\OneDrive\\Escritorio\\RECRUITING_SMARTER___BRASIL\\proyecto_PP2_app_mobile\\components\\loads\\LoadDetailRow.tsx","statementMap":{"0":{"start":{"line":12,"column":2},"end":{"line":17,"column":4}},"1":{"start":{"line":21,"column":2},"end":{"line":21,"column":53}},"2":{"start":{"line":24,"column":15},"end":{"line":42,"column":2}}},"fnMap":{"0":{"name":"LoadDetailRow","decl":{"start":{"line":11,"column":16},"end":{"line":11,"column":29}},"loc":{"start":{"line":11,"column":74},"end":{"line":18,"column":1}},"line":11},"1":{"name":"LoadDetailMeta","decl":{"start":{"line":20,"column":16},"end":{"line":20,"column":30}},"loc":{"start":{"line":20,"column":67},"end":{"line":22,"column":1}},"line":20}},"branchMap":{"0":{"loc":{"start":{"line":13,"column":17},"end":{"line":13,"column":49}},"type":"cond-expr","locations":[{"start":{"line":13,"column":25},"end":{"line":13,"column":37}},{"start":{"line":13,"column":40},"end":{"line":13,"column":49}}],"line":13}},"s":{"0":0,"1":0,"2":0},"f":{"0":0,"1":0},"b":{"0":[0,0]}}
,"C:\\Users\\ariel\\OneDrive\\Escritorio\\RECRUITING_SMARTER___BRASIL\\proyecto_PP2_app_mobile\\components\\loads\\LoadDocumentsSection.tsx": {"path":"C:\\Users\\ariel\\OneDrive\\Escritorio\\RECRUITING_SMARTER___BRASIL\\proyecto_PP2_app_mobile\\components\\loads\\LoadDocumentsSection.tsx","statementMap":{"0":{"start":{"line":32,"column":21},"end":{"line":47,"column":8}},"1":{"start":{"line":33,"column":4},"end":{"line":36,"column":5}},"2":{"start":{"line":34,"column":6},"end":{"line":34,"column":91}},"3":{"start":{"line":35,"column":6},"end":{"line":35,"column":13}},"4":{"start":{"line":37,"column":4},"end":{"line":46,"column":5}},"5":{"start":{"line":38,"column":22},"end":{"line":38,"column":55}},"6":{"start":{"line":39,"column":6},"end":{"line":42,"column":7}},"7":{"start":{"line":40,"column":8},"end":{"line":40,"column":93}},"8":{"start":{"line":41,"column":8},"end":{"line":41,"column":15}},"9":{"start":{"line":43,"column":6},"end":{"line":43,"column":37}},"10":{"start":{"line":45,"column":6},"end":{"line":45,"column":91}},"11":{"start":{"line":49,"column":23},"end":{"line":55,"column":3}},"12":{"start":{"line":51,"column":6},"end":{"line":51,"column":27}},"13":{"start":{"line":52,"column":6},"end":{"line":52,"column":26}},"14":{"start":{"line":57,"column":2},"end":{"line":110,"column":4}},"15":{"start":{"line":82,"column":8},"end":{"line":101,"column":15}},"16":{"start":{"line":97,"column":27},"end":{"line":97,"column":47}},"17":{"start":{"line":113,"column":15},"end":{"line":164,"column":2}}},"fnMap":{"0":{"name":"LoadDocumentsSection","decl":{"start":{"line":24,"column":16},"end":{"line":24,"column":36}},"loc":{"start":{"line":31,"column":30},"end":{"line":111,"column":1}},"line":31},"1":{"name":"(anonymous_1)","decl":{"start":{"line":32,"column":33},"end":{"line":32,"column":34}},"loc":{"start":{"line":32,"column":62},"end":{"line":47,"column":3}},"line":32},"2":{"name":"(anonymous_2)","decl":{"start":{"line":50,"column":4},"end":{"line":50,"column":5}},"loc":{"start":{"line":50,"column":45},"end":{"line":53,"column":5}},"line":50},"3":{"name":"(anonymous_3)","decl":{"start":{"line":81,"column":21},"end":{"line":81,"column":22}},"loc":{"start":{"line":82,"column":8},"end":{"line":101,"column":15}},"line":82},"4":{"name":"(anonymous_4)","decl":{"start":{"line":97,"column":21},"end":{"line":97,"column":22}},"loc":{"start":{"line":97,"column":27},"end":{"line":97,"column":47}},"line":97}},"branchMap":{"0":{"loc":{"start":{"line":33,"column":4},"end":{"line":36,"column":5}},"type":"if","locations":[{"start":{"line":33,"column":4},"end":{"line":36,"column":5}},{"start":{},"end":{}}],"line":33},"1":{"loc":{"start":{"line":39,"column":6},"end":{"line":42,"column":7}},"type":"if","locations":[{"start":{"line":39,"column":6},"end":{"line":42,"column":7}},{"start":{},"end":{}}],"line":39},"2":{"loc":{"start":{"line":61,"column":7},"end":{"line":67,"column":14}},"type":"cond-expr","locations":[{"start":{"line":62,"column":8},"end":{"line":66,"column":10}},{"start":{"line":67,"column":10},"end":{"line":67,"column":14}}],"line":61},"3":{"loc":{"start":{"line":69,"column":7},"end":{"line":75,"column":14}},"type":"cond-expr","locations":[{"start":{"line":70,"column":8},"end":{"line":74,"column":10}},{"start":{"line":75,"column":10},"end":{"line":75,"column":14}}],"line":69},"4":{"loc":{"start":{"line":77,"column":7},"end":{"line":79,"column":14}},"type":"cond-expr","locations":[{"start":{"line":78,"column":8},"end":{"line":78,"column":74}},{"start":{"line":79,"column":10},"end":{"line":79,"column":14}}],"line":77},"5":{"loc":{"start":{"line":77,"column":7},"end":{"line":77,"column":41}},"type":"binary-expr","locations":[{"start":{"line":77,"column":7},"end":{"line":77,"column":15}},{"start":{"line":77,"column":19},"end":{"line":77,"column":41}}],"line":77},"6":{"loc":{"start":{"line":89,"column":15},"end":{"line":91,"column":20}},"type":"cond-expr","locations":[{"start":{"line":90,"column":18},"end":{"line":90,"column":60}},{"start":{"line":91,"column":18},"end":{"line":91,"column":20}}],"line":89}},"s":{"0":0,"1":0,"2":0,"3":0,"4":0,"5":0,"6":0,"7":0,"8":0,"9":0,"10":0,"11":0,"12":0,"13":0,"14":0,"15":0,"16":0,"17":0},"f":{"0":0,"1":0,"2":0,"3":0,"4":0},"b":{"0":[0,0],"1":[0,0],"2":[0,0],"3":[0,0],"4":[0,0],"5":[0,0],"6":[0,0]}}
,"C:\\Users\\ariel\\OneDrive\\Escritorio\\RECRUITING_SMARTER___BRASIL\\proyecto_PP2_app_mobile\\components\\loads\\LoadListItem.tsx": {"path":"C:\\Users\\ariel\\OneDrive\\Escritorio\\RECRUITING_SMARTER___BRASIL\\proyecto_PP2_app_mobile\\components\\loads\\LoadListItem.tsx","statementMap":{"0":{"start":{"line":15,"column":16},"end":{"line":15,"column":27}},"1":{"start":{"line":17,"column":2},"end":{"line":44,"column":4}},"2":{"start":{"line":20,"column":30},"end":{"line":24,"column":7}},"3":{"start":{"line":47,"column":15},"end":{"line":93,"column":2}}},"fnMap":{"0":{"name":"LoadListItem","decl":{"start":{"line":14,"column":16},"end":{"line":14,"column":28}},"loc":{"start":{"line":14,"column":67},"end":{"line":45,"column":1}},"line":14},"1":{"name":"(anonymous_1)","decl":{"start":{"line":20,"column":13},"end":{"line":20,"column":14}},"loc":{"start":{"line":20,"column":30},"end":{"line":24,"column":7}},"line":20}},"branchMap":{"0":{"loc":{"start":{"line":22,"column":8},"end":{"line":22,"column":31}},"type":"binary-expr","locations":[{"start":{"line":22,"column":8},"end":{"line":22,"column":13}},{"start":{"line":22,"column":17},"end":{"line":22,"column":31}}],"line":22},"1":{"loc":{"start":{"line":23,"column":8},"end":{"line":23,"column":33}},"type":"binary-expr","locations":[{"start":{"line":23,"column":8},"end":{"line":23,"column":15}},{"start":{"line":23,"column":19},"end":{"line":23,"column":33}}],"line":23},"2":{"loc":{"start":{"line":29,"column":7},"end":{"line":33,"column":14}},"type":"cond-expr","locations":[{"start":{"line":30,"column":8},"end":{"line":32,"column":15}},{"start":{"line":33,"column":10},"end":{"line":33,"column":14}}],"line":29},"3":{"loc":{"start":{"line":35,"column":9},"end":{"line":35,"column":36}},"type":"binary-expr","locations":[{"start":{"line":35,"column":9},"end":{"line":35,"column":29}},{"start":{"line":35,"column":33},"end":{"line":35,"column":36}}],"line":35},"4":{"loc":{"start":{"line":35,"column":41},"end":{"line":35,"column":70}},"type":"binary-expr","locations":[{"start":{"line":35,"column":41},"end":{"line":35,"column":63}},{"start":{"line":35,"column":67},"end":{"line":35,"column":70}}],"line":35},"5":{"loc":{"start":{"line":40,"column":7},"end":{"line":42,"column":14}},"type":"cond-expr","locations":[{"start":{"line":41,"column":8},"end":{"line":41,"column":67}},{"start":{"line":42,"column":10},"end":{"line":42,"column":14}}],"line":40}},"s":{"0":0,"1":0,"2":0,"3":0},"f":{"0":0,"1":0},"b":{"0":[0,0],"1":[0,0],"2":[0,0],"3":[0,0],"4":[0,0],"5":[0,0]}}
,"C:\\Users\\ariel\\OneDrive\\Escritorio\\RECRUITING_SMARTER___BRASIL\\proyecto_PP2_app_mobile\\components\\loads\\LoadsCountBadge.tsx": {"path":"C:\\Users\\ariel\\OneDrive\\Escritorio\\RECRUITING_SMARTER___BRASIL\\proyecto_PP2_app_mobile\\components\\loads\\LoadsCountBadge.tsx","statementMap":{"0":{"start":{"line":10,"column":2},"end":{"line":14,"column":4}},"1":{"start":{"line":17,"column":15},"end":{"line":33,"column":2}}},"fnMap":{"0":{"name":"LoadsCountBadge","decl":{"start":{"line":9,"column":16},"end":{"line":9,"column":31}},"loc":{"start":{"line":9,"column":65},"end":{"line":15,"column":1}},"line":9}},"branchMap":{},"s":{"0":0,"1":0},"f":{"0":0},"b":{}}
,"C:\\Users\\ariel\\OneDrive\\Escritorio\\RECRUITING_SMARTER___BRASIL\\proyecto_PP2_app_mobile\\components\\loads\\LoadsListFooter.tsx": {"path":"C:\\Users\\ariel\\OneDrive\\Escritorio\\RECRUITING_SMARTER___BRASIL\\proyecto_PP2_app_mobile\\components\\loads\\LoadsListFooter.tsx","statementMap":{"0":{"start":{"line":22,"column":2},"end":{"line":29,"column":3}},"1":{"start":{"line":23,"column":4},"end":{"line":28,"column":6}},"2":{"start":{"line":31,"column":2},"end":{"line":33,"column":3}},"3":{"start":{"line":32,"column":4},"end":{"line":32,"column":16}},"4":{"start":{"line":35,"column":2},"end":{"line":42,"column":3}},"5":{"start":{"line":36,"column":4},"end":{"line":41,"column":6}},"6":{"start":{"line":44,"column":2},"end":{"line":48,"column":4}},"7":{"start":{"line":51,"column":15},"end":{"line":98,"column":2}}},"fnMap":{"0":{"name":"LoadsListFooter","decl":{"start":{"line":14,"column":16},"end":{"line":14,"column":31}},"loc":{"start":{"line":21,"column":25},"end":{"line":49,"column":1}},"line":21}},"branchMap":{"0":{"loc":{"start":{"line":22,"column":2},"end":{"line":29,"column":3}},"type":"if","locations":[{"start":{"line":22,"column":2},"end":{"line":29,"column":3}},{"start":{},"end":{}}],"line":22},"1":{"loc":{"start":{"line":31,"column":2},"end":{"line":33,"column":3}},"type":"if","locations":[{"start":{"line":31,"column":2},"end":{"line":33,"column":3}},{"start":{},"end":{}}],"line":31},"2":{"loc":{"start":{"line":35,"column":2},"end":{"line":42,"column":3}},"type":"if","locations":[{"start":{"line":35,"column":2},"end":{"line":42,"column":3}},{"start":{},"end":{}}],"line":35}},"s":{"0":0,"1":0,"2":0,"3":0,"4":0,"5":0,"6":0,"7":0},"f":{"0":0},"b":{"0":[0,0],"1":[0,0],"2":[0,0]}}
,"C:\\Users\\ariel\\OneDrive\\Escritorio\\RECRUITING_SMARTER___BRASIL\\proyecto_PP2_app_mobile\\components\\loads\\PodUploadSection.tsx": {"path":"C:\\Users\\ariel\\OneDrive\\Escritorio\\RECRUITING_SMARTER___BRASIL\\proyecto_PP2_app_mobile\\components\\loads\\PodUploadSection.tsx","statementMap":{"0":{"start":{"line":28,"column":32},"end":{"line":28,"column":67}},"1":{"start":{"line":29,"column":36},"end":{"line":29,"column":51}},"2":{"start":{"line":30,"column":32},"end":{"line":30,"column":47}},"3":{"start":{"line":31,"column":40},"end":{"line":31,"column":78}},"4":{"start":{"line":32,"column":46},"end":{"line":32,"column":75}},"5":{"start":{"line":34,"column":23},"end":{"line":36,"column":8}},"6":{"start":{"line":35,"column":4},"end":{"line":35,"column":21}},"7":{"start":{"line":38,"column":27},"end":{"line":54,"column":8}},"8":{"start":{"line":39,"column":4},"end":{"line":39,"column":21}},"9":{"start":{"line":40,"column":4},"end":{"line":40,"column":25}},"10":{"start":{"line":41,"column":4},"end":{"line":41,"column":28}},"11":{"start":{"line":42,"column":4},"end":{"line":53,"column":5}},"12":{"start":{"line":43,"column":20},"end":{"line":43,"column":32}},"13":{"start":{"line":44,"column":6},"end":{"line":44,"column":25}},"14":{"start":{"line":44,"column":18},"end":{"line":44,"column":25}},"15":{"start":{"line":46,"column":21},"end":{"line":46,"column":54}},"16":{"start":{"line":47,"column":23},"end":{"line":47,"column":58}},"17":{"start":{"line":48,"column":6},"end":{"line":48,"column":60}},"18":{"start":{"line":50,"column":6},"end":{"line":50,"column":48}},"19":{"start":{"line":52,"column":6},"end":{"line":52,"column":24}},"20":{"start":{"line":56,"column":20},"end":{"line":61,"column":24}},"21":{"start":{"line":57,"column":4},"end":{"line":60,"column":7}},"22":{"start":{"line":58,"column":22},"end":{"line":58,"column":68}},"23":{"start":{"line":59,"column":23},"end":{"line":59,"column":70}},"24":{"start":{"line":63,"column":23},"end":{"line":67,"column":31}},"25":{"start":{"line":64,"column":4},"end":{"line":64,"column":26}},"26":{"start":{"line":64,"column":19},"end":{"line":64,"column":26}},"27":{"start":{"line":65,"column":4},"end":{"line":65,"column":19}},"28":{"start":{"line":66,"column":4},"end":{"line":66,"column":25}},"29":{"start":{"line":69,"column":24},"end":{"line":89,"column":50}},"30":{"start":{"line":70,"column":4},"end":{"line":70,"column":38}},"31":{"start":{"line":70,"column":31},"end":{"line":70,"column":38}},"32":{"start":{"line":72,"column":4},"end":{"line":72,"column":23}},"33":{"start":{"line":73,"column":4},"end":{"line":73,"column":25}},"34":{"start":{"line":74,"column":4},"end":{"line":74,"column":28}},"35":{"start":{"line":75,"column":4},"end":{"line":88,"column":5}},"36":{"start":{"line":76,"column":6},"end":{"line":81,"column":9}},"37":{"start":{"line":82,"column":6},"end":{"line":82,"column":21}},"38":{"start":{"line":83,"column":6},"end":{"line":83,"column":61}},"39":{"start":{"line":85,"column":6},"end":{"line":85,"column":48}},"40":{"start":{"line":87,"column":6},"end":{"line":87,"column":26}},"41":{"start":{"line":91,"column":29},"end":{"line":104,"column":20}},"42":{"start":{"line":92,"column":4},"end":{"line":103,"column":6}},"43":{"start":{"line":106,"column":2},"end":{"line":162,"column":4}},"44":{"start":{"line":138,"column":27},"end":{"line":138,"column":47}},"45":{"start":{"line":165,"column":15},"end":{"line":195,"column":2}}},"fnMap":{"0":{"name":"PodUploadSection","decl":{"start":{"line":27,"column":16},"end":{"line":27,"column":32}},"loc":{"start":{"line":27,"column":70},"end":{"line":163,"column":1}},"line":27},"1":{"name":"(anonymous_1)","decl":{"start":{"line":34,"column":35},"end":{"line":34,"column":36}},"loc":{"start":{"line":34,"column":41},"end":{"line":36,"column":3}},"line":34},"2":{"name":"(anonymous_2)","decl":{"start":{"line":38,"column":39},"end":{"line":38,"column":40}},"loc":{"start":{"line":38,"column":95},"end":{"line":54,"column":3}},"line":38},"3":{"name":"(anonymous_3)","decl":{"start":{"line":56,"column":32},"end":{"line":56,"column":33}},"loc":{"start":{"line":56,"column":38},"end":{"line":61,"column":3}},"line":56},"4":{"name":"(anonymous_4)","decl":{"start":{"line":58,"column":16},"end":{"line":58,"column":17}},"loc":{"start":{"line":58,"column":22},"end":{"line":58,"column":68}},"line":58},"5":{"name":"(anonymous_5)","decl":{"start":{"line":59,"column":17},"end":{"line":59,"column":18}},"loc":{"start":{"line":59,"column":23},"end":{"line":59,"column":70}},"line":59},"6":{"name":"(anonymous_6)","decl":{"start":{"line":63,"column":35},"end":{"line":63,"column":36}},"loc":{"start":{"line":63,"column":41},"end":{"line":67,"column":3}},"line":63},"7":{"name":"(anonymous_7)","decl":{"start":{"line":69,"column":36},"end":{"line":69,"column":37}},"loc":{"start":{"line":69,"column":48},"end":{"line":89,"column":3}},"line":69},"8":{"name":"(anonymous_8)","decl":{"start":{"line":91,"column":41},"end":{"line":91,"column":42}},"loc":{"start":{"line":91,"column":47},"end":{"line":104,"column":3}},"line":91},"9":{"name":"(anonymous_9)","decl":{"start":{"line":138,"column":21},"end":{"line":138,"column":22}},"loc":{"start":{"line":138,"column":27},"end":{"line":138,"column":47}},"line":138}},"branchMap":{"0":{"loc":{"start":{"line":44,"column":6},"end":{"line":44,"column":25}},"type":"if","locations":[{"start":{"line":44,"column":6},"end":{"line":44,"column":25}},{"start":{},"end":{}}],"line":44},"1":{"loc":{"start":{"line":64,"column":4},"end":{"line":64,"column":26}},"type":"if","locations":[{"start":{"line":64,"column":4},"end":{"line":64,"column":26}},{"start":{},"end":{}}],"line":64},"2":{"loc":{"start":{"line":70,"column":4},"end":{"line":70,"column":38}},"type":"if","locations":[{"start":{"line":70,"column":4},"end":{"line":70,"column":38}},{"start":{},"end":{}}],"line":70},"3":{"loc":{"start":{"line":70,"column":8},"end":{"line":70,"column":29}},"type":"binary-expr","locations":[{"start":{"line":70,"column":8},"end":{"line":70,"column":16}},{"start":{"line":70,"column":20},"end":{"line":70,"column":29}}],"line":70},"4":{"loc":{"start":{"line":108,"column":7},"end":{"line":114,"column":14}},"type":"cond-expr","locations":[{"start":{"line":109,"column":8},"end":{"line":113,"column":10}},{"start":{"line":114,"column":10},"end":{"line":114,"column":14}}],"line":108},"5":{"loc":{"start":{"line":116,"column":7},"end":{"line":120,"column":14}},"type":"cond-expr","locations":[{"start":{"line":117,"column":8},"end":{"line":119,"column":15}},{"start":{"line":120,"column":10},"end":{"line":120,"column":14}}],"line":116},"6":{"loc":{"start":{"line":122,"column":7},"end":{"line":160,"column":7}},"type":"cond-expr","locations":[{"start":{"line":123,"column":8},"end":{"line":150,"column":15}},{"start":{"line":152,"column":8},"end":{"line":159,"column":10}}],"line":122},"7":{"loc":{"start":{"line":156,"column":20},"end":{"line":156,"column":40}},"type":"binary-expr","locations":[{"start":{"line":156,"column":20},"end":{"line":156,"column":27}},{"start":{"line":156,"column":31},"end":{"line":156,"column":40}}],"line":156}},"s":{"0":0,"1":0,"2":0,"3":0,"4":0,"5":0,"6":0,"7":0,"8":0,"9":0,"10":0,"11":0,"12":0,"13":0,"14":0,"15":0,"16":0,"17":0,"18":0,"19":0,"20":0,"21":0,"22":0,"23":0,"24":0,"25":0,"26":0,"27":0,"28":0,"29":0,"30":0,"31":0,"32":0,"33":0,"34":0,"35":0,"36":0,"37":0,"38":0,"39":0,"40":0,"41":0,"42":0,"43":0,"44":0,"45":0},"f":{"0":0,"1":0,"2":0,"3":0,"4":0,"5":0,"6":0,"7":0,"8":0,"9":0},"b":{"0":[0,0],"1":[0,0],"2":[0,0],"3":[0,0],"4":[0,0],"5":[0,0],"6":[0,0],"7":[0,0]}}
,"C:\\Users\\ariel\\OneDrive\\Escritorio\\RECRUITING_SMARTER___BRASIL\\proyecto_PP2_app_mobile\\components\\ui\\Button.tsx": {"path":"C:\\Users\\ariel\\OneDrive\\Escritorio\\RECRUITING_SMARTER___BRASIL\\proyecto_PP2_app_mobile\\components\\ui\\Button.tsx","statementMap":{"0":{"start":{"line":13,"column":12},"end":{"line":13,"column":31}},"1":{"start":{"line":40,"column":21},"end":{"line":40,"column":40}},"2":{"start":{"line":42,"column":4},"end":{"line":48,"column":37}},"3":{"start":{"line":50,"column":2},"end":{"line":70,"column":4}},"4":{"start":{"line":56,"column":30},"end":{"line":62,"column":7}},"5":{"start":{"line":73,"column":15},"end":{"line":114,"column":2}}},"fnMap":{"0":{"name":"Button","decl":{"start":{"line":31,"column":16},"end":{"line":31,"column":22}},"loc":{"start":{"line":39,"column":16},"end":{"line":71,"column":1}},"line":39},"1":{"name":"(anonymous_1)","decl":{"start":{"line":56,"column":13},"end":{"line":56,"column":14}},"loc":{"start":{"line":56,"column":30},"end":{"line":62,"column":7}},"line":56}},"branchMap":{"0":{"loc":{"start":{"line":33,"column":2},"end":{"line":33,"column":21}},"type":"default-arg","locations":[{"start":{"line":33,"column":12},"end":{"line":33,"column":21}}],"line":33},"1":{"loc":{"start":{"line":34,"column":2},"end":{"line":34,"column":17}},"type":"default-arg","locations":[{"start":{"line":34,"column":12},"end":{"line":34,"column":17}}],"line":34},"2":{"loc":{"start":{"line":40,"column":21},"end":{"line":40,"column":40}},"type":"binary-expr","locations":[{"start":{"line":40,"column":21},"end":{"line":40,"column":29}},{"start":{"line":40,"column":33},"end":{"line":40,"column":40}}],"line":40},"3":{"loc":{"start":{"line":42,"column":4},"end":{"line":48,"column":37}},"type":"cond-expr","locations":[{"start":{"line":43,"column":8},"end":{"line":43,"column":31}},{"start":{"line":44,"column":8},"end":{"line":48,"column":37}}],"line":42},"4":{"loc":{"start":{"line":44,"column":8},"end":{"line":48,"column":37}},"type":"cond-expr","locations":[{"start":{"line":45,"column":10},"end":{"line":45,"column":23}},{"start":{"line":46,"column":10},"end":{"line":48,"column":37}}],"line":44},"5":{"loc":{"start":{"line":46,"column":10},"end":{"line":48,"column":37}},"type":"cond-expr","locations":[{"start":{"line":47,"column":12},"end":{"line":47,"column":29}},{"start":{"line":48,"column":12},"end":{"line":48,"column":37}}],"line":46},"6":{"loc":{"start":{"line":53,"column":26},"end":{"line":53,"column":53}},"type":"binary-expr","locations":[{"start":{"line":53,"column":26},"end":{"line":53,"column":44}},{"start":{"line":53,"column":48},"end":{"line":53,"column":53}}],"line":53},"7":{"loc":{"start":{"line":59,"column":8},"end":{"line":59,"column":37}},"type":"binary-expr","locations":[{"start":{"line":59,"column":8},"end":{"line":59,"column":18}},{"start":{"line":59,"column":22},"end":{"line":59,"column":37}}],"line":59},"8":{"loc":{"start":{"line":60,"column":8},"end":{"line":60,"column":48}},"type":"binary-expr","locations":[{"start":{"line":60,"column":8},"end":{"line":60,"column":15}},{"start":{"line":60,"column":19},"end":{"line":60,"column":30}},{"start":{"line":60,"column":34},"end":{"line":60,"column":48}}],"line":60},"9":{"loc":{"start":{"line":64,"column":7},"end":{"line":68,"column":7}},"type":"cond-expr","locations":[{"start":{"line":65,"column":8},"end":{"line":65,"column":50}},{"start":{"line":67,"column":8},"end":{"line":67,"column":77}}],"line":64}},"s":{"0":0,"1":0,"2":0,"3":0,"4":0,"5":0},"f":{"0":0,"1":0},"b":{"0":[0],"1":[0],"2":[0,0],"3":[0,0],"4":[0,0],"5":[0,0],"6":[0,0],"7":[0,0],"8":[0,0,0],"9":[0,0]}}
,"C:\\Users\\ariel\\OneDrive\\Escritorio\\RECRUITING_SMARTER___BRASIL\\proyecto_PP2_app_mobile\\components\\ui\\Card.tsx": {"path":"C:\\Users\\ariel\\OneDrive\\Escritorio\\RECRUITING_SMARTER___BRASIL\\proyecto_PP2_app_mobile\\components\\ui\\Card.tsx","statementMap":{"0":{"start":{"line":6,"column":12},"end":{"line":6,"column":31}},"1":{"start":{"line":17,"column":19},"end":{"line":17,"column":39}},"2":{"start":{"line":18,"column":2},"end":{"line":25,"column":4}},"3":{"start":{"line":28,"column":15},"end":{"line":50,"column":2}}},"fnMap":{"0":{"name":"Card","decl":{"start":{"line":16,"column":16},"end":{"line":16,"column":20}},"loc":{"start":{"line":16,"column":74},"end":{"line":26,"column":1}},"line":16}},"branchMap":{"0":{"loc":{"start":{"line":16,"column":40},"end":{"line":16,"column":59}},"type":"default-arg","locations":[{"start":{"line":16,"column":50},"end":{"line":16,"column":59}}],"line":16},"1":{"loc":{"start":{"line":19,"column":31},"end":{"line":19,"column":60}},"type":"binary-expr","locations":[{"start":{"line":19,"column":31},"end":{"line":19,"column":39}},{"start":{"line":19,"column":43},"end":{"line":19,"column":60}}],"line":19},"2":{"loc":{"start":{"line":20,"column":7},"end":{"line":22,"column":14}},"type":"cond-expr","locations":[{"start":{"line":21,"column":8},"end":{"line":21,"column":83}},{"start":{"line":22,"column":10},"end":{"line":22,"column":14}}],"line":20},"3":{"loc":{"start":{"line":21,"column":36},"end":{"line":21,"column":66}},"type":"binary-expr","locations":[{"start":{"line":21,"column":36},"end":{"line":21,"column":44}},{"start":{"line":21,"column":48},"end":{"line":21,"column":66}}],"line":21}},"s":{"0":0,"1":0,"2":0,"3":0},"f":{"0":0},"b":{"0":[0],"1":[0,0],"2":[0,0],"3":[0,0]}}
,"C:\\Users\\ariel\\OneDrive\\Escritorio\\RECRUITING_SMARTER___BRASIL\\proyecto_PP2_app_mobile\\components\\ui\\EmptyState.tsx": {"path":"C:\\Users\\ariel\\OneDrive\\Escritorio\\RECRUITING_SMARTER___BRASIL\\proyecto_PP2_app_mobile\\components\\ui\\EmptyState.tsx","statementMap":{"0":{"start":{"line":17,"column":2},"end":{"line":23,"column":4}},"1":{"start":{"line":26,"column":15},"end":{"line":46,"column":2}}},"fnMap":{"0":{"name":"EmptyState","decl":{"start":{"line":12,"column":16},"end":{"line":12,"column":26}},"loc":{"start":{"line":16,"column":20},"end":{"line":24,"column":1}},"line":16}},"branchMap":{"0":{"loc":{"start":{"line":15,"column":2},"end":{"line":15,"column":16}},"type":"default-arg","locations":[{"start":{"line":15,"column":9},"end":{"line":15,"column":16}}],"line":15}},"s":{"0":0,"1":0},"f":{"0":0},"b":{"0":[0]}}
,"C:\\Users\\ariel\\OneDrive\\Escritorio\\RECRUITING_SMARTER___BRASIL\\proyecto_PP2_app_mobile\\components\\ui\\ErrorBanner.tsx": {"path":"C:\\Users\\ariel\\OneDrive\\Escritorio\\RECRUITING_SMARTER___BRASIL\\proyecto_PP2_app_mobile\\components\\ui\\ErrorBanner.tsx","statementMap":{"0":{"start":{"line":20,"column":2},"end":{"line":40,"column":4}},"1":{"start":{"line":25,"column":8},"end":{"line":27,"column":15}},"2":{"start":{"line":35,"column":34},"end":{"line":35,"column":82}},"3":{"start":{"line":43,"column":15},"end":{"line":82,"column":2}}},"fnMap":{"0":{"name":"ErrorBanner","decl":{"start":{"line":13,"column":16},"end":{"line":13,"column":27}},"loc":{"start":{"line":19,"column":21},"end":{"line":41,"column":1}},"line":19},"1":{"name":"(anonymous_1)","decl":{"start":{"line":24,"column":20},"end":{"line":24,"column":21}},"loc":{"start":{"line":25,"column":8},"end":{"line":27,"column":15}},"line":25},"2":{"name":"(anonymous_2)","decl":{"start":{"line":35,"column":17},"end":{"line":35,"column":18}},"loc":{"start":{"line":35,"column":34},"end":{"line":35,"column":82}},"line":35}},"branchMap":{"0":{"loc":{"start":{"line":22,"column":7},"end":{"line":22,"column":63}},"type":"cond-expr","locations":[{"start":{"line":22,"column":15},"end":{"line":22,"column":56}},{"start":{"line":22,"column":59},"end":{"line":22,"column":63}}],"line":22},"1":{"loc":{"start":{"line":29,"column":7},"end":{"line":38,"column":14}},"type":"cond-expr","locations":[{"start":{"line":30,"column":8},"end":{"line":37,"column":20}},{"start":{"line":38,"column":10},"end":{"line":38,"column":14}}],"line":29},"2":{"loc":{"start":{"line":29,"column":7},"end":{"line":29,"column":30}},"type":"binary-expr","locations":[{"start":{"line":29,"column":7},"end":{"line":29,"column":18}},{"start":{"line":29,"column":22},"end":{"line":29,"column":30}}],"line":29},"3":{"loc":{"start":{"line":35,"column":50},"end":{"line":35,"column":81}},"type":"binary-expr","locations":[{"start":{"line":35,"column":50},"end":{"line":35,"column":57}},{"start":{"line":35,"column":61},"end":{"line":35,"column":81}}],"line":35}},"s":{"0":0,"1":0,"2":0,"3":0},"f":{"0":0,"1":0,"2":0},"b":{"0":[0,0],"1":[0,0],"2":[0,0],"3":[0,0]}}
,"C:\\Users\\ariel\\OneDrive\\Escritorio\\RECRUITING_SMARTER___BRASIL\\proyecto_PP2_app_mobile\\components\\ui\\Input.tsx": {"path":"C:\\Users\\ariel\\OneDrive\\Escritorio\\RECRUITING_SMARTER___BRASIL\\proyecto_PP2_app_mobile\\components\\ui\\Input.tsx","statementMap":{"0":{"start":{"line":5,"column":12},"end":{"line":5,"column":31}},"1":{"start":{"line":16,"column":19},"end":{"line":16,"column":39}},"2":{"start":{"line":17,"column":2},"end":{"line":32,"column":4}},"3":{"start":{"line":35,"column":15},"end":{"line":69,"column":2}}},"fnMap":{"0":{"name":"Input","decl":{"start":{"line":15,"column":16},"end":{"line":15,"column":21}},"loc":{"start":{"line":15,"column":89},"end":{"line":33,"column":1}},"line":15}},"branchMap":{"0":{"loc":{"start":{"line":15,"column":45},"end":{"line":15,"column":64}},"type":"default-arg","locations":[{"start":{"line":15,"column":55},"end":{"line":15,"column":64}}],"line":15},"1":{"loc":{"start":{"line":19,"column":34},"end":{"line":19,"column":64}},"type":"binary-expr","locations":[{"start":{"line":19,"column":34},"end":{"line":19,"column":42}},{"start":{"line":19,"column":46},"end":{"line":19,"column":64}}],"line":19},"2":{"loc":{"start":{"line":21,"column":30},"end":{"line":21,"column":80}},"type":"cond-expr","locations":[{"start":{"line":21,"column":41},"end":{"line":21,"column":52}},{"start":{"line":21,"column":55},"end":{"line":21,"column":80}}],"line":21},"3":{"loc":{"start":{"line":24,"column":10},"end":{"line":24,"column":40}},"type":"binary-expr","locations":[{"start":{"line":24,"column":10},"end":{"line":24,"column":18}},{"start":{"line":24,"column":22},"end":{"line":24,"column":40}}],"line":24},"4":{"loc":{"start":{"line":25,"column":10},"end":{"line":25,"column":42}},"type":"cond-expr","locations":[{"start":{"line":25,"column":18},"end":{"line":25,"column":35}},{"start":{"line":25,"column":38},"end":{"line":25,"column":42}}],"line":25},"5":{"loc":{"start":{"line":30,"column":7},"end":{"line":30,"column":63}},"type":"cond-expr","locations":[{"start":{"line":30,"column":15},"end":{"line":30,"column":56}},{"start":{"line":30,"column":59},"end":{"line":30,"column":63}}],"line":30}},"s":{"0":0,"1":0,"2":0,"3":0},"f":{"0":0},"b":{"0":[0],"1":[0,0],"2":[0,0],"3":[0,0],"4":[0,0],"5":[0,0]}}
,"C:\\Users\\ariel\\OneDrive\\Escritorio\\RECRUITING_SMARTER___BRASIL\\proyecto_PP2_app_mobile\\components\\ui\\Screen.tsx": {"path":"C:\\Users\\ariel\\OneDrive\\Escritorio\\RECRUITING_SMARTER___BRASIL\\proyecto_PP2_app_mobile\\components\\ui\\Screen.tsx","statementMap":{"0":{"start":{"line":7,"column":12},"end":{"line":7,"column":31}},"1":{"start":{"line":25,"column":20},"end":{"line":25,"column":74}},"2":{"start":{"line":26,"column":23},"end":{"line":26,"column":83}},"3":{"start":{"line":28,"column":4},"end":{"line":28,"column":76}},"4":{"start":{"line":30,"column":18},"end":{"line":38,"column":3}},"5":{"start":{"line":40,"column":2},"end":{"line":44,"column":4}},"6":{"start":{"line":47,"column":15},"end":{"line":72,"column":2}}},"fnMap":{"0":{"name":"Screen","decl":{"start":{"line":19,"column":16},"end":{"line":19,"column":22}},"loc":{"start":{"line":24,"column":16},"end":{"line":45,"column":1}},"line":24}},"branchMap":{"0":{"loc":{"start":{"line":21,"column":2},"end":{"line":21,"column":16}},"type":"default-arg","locations":[{"start":{"line":21,"column":11},"end":{"line":21,"column":16}}],"line":21},"1":{"loc":{"start":{"line":23,"column":2},"end":{"line":23,"column":21}},"type":"default-arg","locations":[{"start":{"line":23,"column":12},"end":{"line":23,"column":21}}],"line":23},"2":{"loc":{"start":{"line":25,"column":20},"end":{"line":25,"column":74}},"type":"cond-expr","locations":[{"start":{"line":25,"column":43},"end":{"line":25,"column":60}},{"start":{"line":25,"column":63},"end":{"line":25,"column":74}}],"line":25},"3":{"loc":{"start":{"line":26,"column":23},"end":{"line":26,"column":83}},"type":"cond-expr","locations":[{"start":{"line":26,"column":46},"end":{"line":26,"column":66}},{"start":{"line":26,"column":69},"end":{"line":26,"column":83}}],"line":26},"4":{"loc":{"start":{"line":28,"column":4},"end":{"line":28,"column":76}},"type":"cond-expr","locations":[{"start":{"line":28,"column":27},"end":{"line":28,"column":53}},{"start":{"line":28,"column":56},"end":{"line":28,"column":76}}],"line":28},"5":{"loc":{"start":{"line":30,"column":18},"end":{"line":38,"column":3}},"type":"cond-expr","locations":[{"start":{"line":31,"column":4},"end":{"line":35,"column":17}},{"start":{"line":37,"column":4},"end":{"line":37,"column":57}}],"line":30}},"s":{"0":0,"1":0,"2":0,"3":0,"4":0,"5":0,"6":0},"f":{"0":0},"b":{"0":[0],"1":[0],"2":[0,0],"3":[0,0],"4":[0,0],"5":[0,0]}}
,"C:\\Users\\ariel\\OneDrive\\Escritorio\\RECRUITING_SMARTER___BRASIL\\proyecto_PP2_app_mobile\\components\\ui\\ScreenState.tsx": {"path":"C:\\Users\\ariel\\OneDrive\\Escritorio\\RECRUITING_SMARTER___BRASIL\\proyecto_PP2_app_mobile\\components\\ui\\ScreenState.tsx","statementMap":{"0":{"start":{"line":27,"column":2},"end":{"line":32,"column":4}},"1":{"start":{"line":49,"column":2},"end":{"line":54,"column":4}},"2":{"start":{"line":57,"column":15},"end":{"line":76,"column":2}}},"fnMap":{"0":{"name":"LoadingState","decl":{"start":{"line":22,"column":16},"end":{"line":22,"column":28}},"loc":{"start":{"line":26,"column":22},"end":{"line":33,"column":1}},"line":26},"1":{"name":"ErrorState","decl":{"start":{"line":42,"column":16},"end":{"line":42,"column":26}},"loc":{"start":{"line":48,"column":20},"end":{"line":55,"column":1}},"line":48}},"branchMap":{"0":{"loc":{"start":{"line":24,"column":2},"end":{"line":24,"column":40}},"type":"default-arg","locations":[{"start":{"line":24,"column":17},"end":{"line":24,"column":40}}],"line":24},"1":{"loc":{"start":{"line":52,"column":7},"end":{"line":52,"column":66}},"type":"cond-expr","locations":[{"start":{"line":52,"column":16},"end":{"line":52,"column":59}},{"start":{"line":52,"column":62},"end":{"line":52,"column":66}}],"line":52}},"s":{"0":0,"1":0,"2":0},"f":{"0":0,"1":0},"b":{"0":[0],"1":[0,0]}}
,"C:\\Users\\ariel\\OneDrive\\Escritorio\\RECRUITING_SMARTER___BRASIL\\proyecto_PP2_app_mobile\\components\\ui\\StatusBadge.tsx": {"path":"C:\\Users\\ariel\\OneDrive\\Escritorio\\RECRUITING_SMARTER___BRASIL\\proyecto_PP2_app_mobile\\components\\ui\\StatusBadge.tsx","statementMap":{"0":{"start":{"line":13,"column":2},"end":{"line":24,"column":4}},"1":{"start":{"line":27,"column":15},"end":{"line":47,"column":2}}},"fnMap":{"0":{"name":"StatusBadge","decl":{"start":{"line":12,"column":16},"end":{"line":12,"column":27}},"loc":{"start":{"line":12,"column":63},"end":{"line":25,"column":1}},"line":12}},"branchMap":{"0":{"loc":{"start":{"line":18,"column":7},"end":{"line":22,"column":14}},"type":"cond-expr","locations":[{"start":{"line":19,"column":8},"end":{"line":21,"column":15}},{"start":{"line":22,"column":10},"end":{"line":22,"column":14}}],"line":18}},"s":{"0":2,"1":1},"f":{"0":2},"b":{"0":[1,1]},"_coverageSchema":"1a1c01bbd47fc00a2c39e90264f33305004495a9","hash":"dc6a2327798b0a7627b448d916c3a7dd7445b809"}
,"C:\\Users\\ariel\\OneDrive\\Escritorio\\RECRUITING_SMARTER___BRASIL\\proyecto_PP2_app_mobile\\context\\AuthContext.tsx": {"path":"C:\\Users\\ariel\\OneDrive\\Escritorio\\RECRUITING_SMARTER___BRASIL\\proyecto_PP2_app_mobile\\context\\AuthContext.tsx","statementMap":{"0":{"start":{"line":39,"column":20},"end":{"line":39,"column":64}},"1":{"start":{"line":42,"column":44},"end":{"line":42,"column":59}},"2":{"start":{"line":43,"column":32},"end":{"line":43,"column":62}},"3":{"start":{"line":44,"column":44},"end":{"line":44,"column":82}},"4":{"start":{"line":45,"column":36},"end":{"line":45,"column":65}},"5":{"start":{"line":47,"column":25},"end":{"line":52,"column":8}},"6":{"start":{"line":48,"column":21},"end":{"line":48,"column":34}},"7":{"start":{"line":49,"column":44},"end":{"line":49,"column":79}},"8":{"start":{"line":50,"column":4},"end":{"line":50,"column":21}},"9":{"start":{"line":51,"column":4},"end":{"line":51,"column":31}},"10":{"start":{"line":54,"column":29},"end":{"line":65,"column":8}},"11":{"start":{"line":55,"column":21},"end":{"line":55,"column":34}},"12":{"start":{"line":56,"column":22},"end":{"line":59,"column":6}},"13":{"start":{"line":60,"column":4},"end":{"line":63,"column":5}},"14":{"start":{"line":61,"column":6},"end":{"line":61,"column":68}},"15":{"start":{"line":62,"column":6},"end":{"line":62,"column":49}},"16":{"start":{"line":64,"column":4},"end":{"line":64,"column":24}},"17":{"start":{"line":67,"column":30},"end":{"line":79,"column":8}},"18":{"start":{"line":68,"column":21},"end":{"line":68,"column":34}},"19":{"start":{"line":69,"column":23},"end":{"line":69,"column":43}},"20":{"start":{"line":70,"column":22},"end":{"line":73,"column":6}},"21":{"start":{"line":74,"column":4},"end":{"line":77,"column":5}},"22":{"start":{"line":75,"column":6},"end":{"line":75,"column":63}},"23":{"start":{"line":76,"column":6},"end":{"line":76,"column":49}},"24":{"start":{"line":78,"column":4},"end":{"line":78,"column":24}},"25":{"start":{"line":81,"column":18},"end":{"line":86,"column":8}},"26":{"start":{"line":82,"column":21},"end":{"line":82,"column":34}},"27":{"start":{"line":83,"column":4},"end":{"line":83,"column":34}},"28":{"start":{"line":84,"column":4},"end":{"line":84,"column":21}},"29":{"start":{"line":85,"column":4},"end":{"line":85,"column":35}},"30":{"start":{"line":88,"column":2},"end":{"line":115,"column":9}},"31":{"start":{"line":89,"column":21},"end":{"line":89,"column":34}},"32":{"start":{"line":90,"column":18},"end":{"line":90,"column":22}},"33":{"start":{"line":92,"column":22},"end":{"line":98,"column":5}},"34":{"start":{"line":93,"column":49},"end":{"line":93,"column":84}},"35":{"start":{"line":94,"column":6},"end":{"line":94,"column":27}},"36":{"start":{"line":94,"column":20},"end":{"line":94,"column":27}},"37":{"start":{"line":95,"column":6},"end":{"line":95,"column":26}},"38":{"start":{"line":96,"column":6},"end":{"line":96,"column":33}},"39":{"start":{"line":97,"column":6},"end":{"line":97,"column":29}},"40":{"start":{"line":100,"column":4},"end":{"line":100,"column":21}},"41":{"start":{"line":102,"column":25},"end":{"line":109,"column":6}},"42":{"start":{"line":103,"column":6},"end":{"line":103,"column":27}},"43":{"start":{"line":103,"column":20},"end":{"line":103,"column":27}},"44":{"start":{"line":104,"column":6},"end":{"line":104,"column":30}},"45":{"start":{"line":105,"column":6},"end":{"line":105,"column":30}},"46":{"start":{"line":106,"column":6},"end":{"line":108,"column":7}},"47":{"start":{"line":107,"column":8},"end":{"line":107,"column":27}},"48":{"start":{"line":111,"column":4},"end":{"line":114,"column":6}},"49":{"start":{"line":112,"column":6},"end":{"line":112,"column":22}},"50":{"start":{"line":113,"column":6},"end":{"line":113,"column":33}},"51":{"start":{"line":117,"column":16},"end":{"line":140,"column":3}},"52":{"start":{"line":118,"column":11},"end":{"line":129,"column":5}},"53":{"start":{"line":142,"column":2},"end":{"line":142,"column":79}},"54":{"start":{"line":146,"column":14},"end":{"line":146,"column":37}},"55":{"start":{"line":147,"column":2},"end":{"line":149,"column":3}},"56":{"start":{"line":148,"column":4},"end":{"line":148,"column":64}},"57":{"start":{"line":150,"column":2},"end":{"line":150,"column":13}}},"fnMap":{"0":{"name":"AuthProvider","decl":{"start":{"line":41,"column":16},"end":{"line":41,"column":28}},"loc":{"start":{"line":41,"column":68},"end":{"line":143,"column":1}},"line":41},"1":{"name":"(anonymous_1)","decl":{"start":{"line":47,"column":37},"end":{"line":47,"column":38}},"loc":{"start":{"line":47,"column":49},"end":{"line":52,"column":3}},"line":47},"2":{"name":"(anonymous_2)","decl":{"start":{"line":54,"column":41},"end":{"line":54,"column":42}},"loc":{"start":{"line":54,"column":84},"end":{"line":65,"column":3}},"line":54},"3":{"name":"(anonymous_3)","decl":{"start":{"line":67,"column":42},"end":{"line":67,"column":43}},"loc":{"start":{"line":67,"column":67},"end":{"line":79,"column":3}},"line":67},"4":{"name":"(anonymous_4)","decl":{"start":{"line":81,"column":30},"end":{"line":81,"column":31}},"loc":{"start":{"line":81,"column":42},"end":{"line":86,"column":3}},"line":81},"5":{"name":"(anonymous_5)","decl":{"start":{"line":88,"column":12},"end":{"line":88,"column":13}},"loc":{"start":{"line":88,"column":18},"end":{"line":115,"column":3}},"line":88},"6":{"name":"(anonymous_6)","decl":{"start":{"line":92,"column":22},"end":{"line":92,"column":23}},"loc":{"start":{"line":92,"column":34},"end":{"line":98,"column":5}},"line":92},"7":{"name":"(anonymous_7)","decl":{"start":{"line":102,"column":58},"end":{"line":102,"column":59}},"loc":{"start":{"line":102,"column":82},"end":{"line":109,"column":5}},"line":102},"8":{"name":"(anonymous_8)","decl":{"start":{"line":111,"column":11},"end":{"line":111,"column":12}},"loc":{"start":{"line":111,"column":17},"end":{"line":114,"column":5}},"line":111},"9":{"name":"(anonymous_9)","decl":{"start":{"line":118,"column":4},"end":{"line":118,"column":5}},"loc":{"start":{"line":118,"column":11},"end":{"line":129,"column":5}},"line":118},"10":{"name":"useAuth","decl":{"start":{"line":145,"column":16},"end":{"line":145,"column":23}},"loc":{"start":{"line":145,"column":44},"end":{"line":151,"column":1}},"line":145}},"branchMap":{"0":{"loc":{"start":{"line":60,"column":4},"end":{"line":63,"column":5}},"type":"if","locations":[{"start":{"line":60,"column":4},"end":{"line":63,"column":5}},{"start":{},"end":{}}],"line":60},"1":{"loc":{"start":{"line":74,"column":4},"end":{"line":77,"column":5}},"type":"if","locations":[{"start":{"line":74,"column":4},"end":{"line":77,"column":5}},{"start":{},"end":{}}],"line":74},"2":{"loc":{"start":{"line":94,"column":6},"end":{"line":94,"column":27}},"type":"if","locations":[{"start":{"line":94,"column":6},"end":{"line":94,"column":27}},{"start":{},"end":{}}],"line":94},"3":{"loc":{"start":{"line":103,"column":6},"end":{"line":103,"column":27}},"type":"if","locations":[{"start":{"line":103,"column":6},"end":{"line":103,"column":27}},{"start":{},"end":{}}],"line":103},"4":{"loc":{"start":{"line":106,"column":6},"end":{"line":108,"column":7}},"type":"if","locations":[{"start":{"line":106,"column":6},"end":{"line":108,"column":7}},{"start":{},"end":{}}],"line":106},"5":{"loc":{"start":{"line":121,"column":12},"end":{"line":121,"column":33}},"type":"binary-expr","locations":[{"start":{"line":121,"column":12},"end":{"line":121,"column":25}},{"start":{"line":121,"column":29},"end":{"line":121,"column":33}}],"line":121},"6":{"loc":{"start":{"line":147,"column":2},"end":{"line":149,"column":3}},"type":"if","locations":[{"start":{"line":147,"column":2},"end":{"line":149,"column":3}},{"start":{},"end":{}}],"line":147}},"s":{"0":4,"1":0,"2":0,"3":0,"4":0,"5":0,"6":0,"7":0,"8":0,"9":0,"10":0,"11":0,"12":0,"13":0,"14":0,"15":0,"16":0,"17":0,"18":0,"19":0,"20":0,"21":0,"22":0,"23":0,"24":0,"25":0,"26":0,"27":0,"28":0,"29":0,"30":0,"31":0,"32":0,"33":0,"34":0,"35":0,"36":0,"37":0,"38":0,"39":0,"40":0,"41":0,"42":0,"43":0,"44":0,"45":0,"46":0,"47":0,"48":0,"49":0,"50":0,"51":0,"52":0,"53":0,"54":0,"55":0,"56":0,"57":0},"f":{"0":0,"1":0,"2":0,"3":0,"4":0,"5":0,"6":0,"7":0,"8":0,"9":0,"10":0},"b":{"0":[0,0],"1":[0,0],"2":[0,0],"3":[0,0],"4":[0,0],"5":[0,0],"6":[0,0]},"_coverageSchema":"1a1c01bbd47fc00a2c39e90264f33305004495a9","hash":"af6f796014b93f4f0f990b16b78933bbcc137a0e"}
,"C:\\Users\\ariel\\OneDrive\\Escritorio\\RECRUITING_SMARTER___BRASIL\\proyecto_PP2_app_mobile\\context\\LoadsContext.tsx": {"path":"C:\\Users\\ariel\\OneDrive\\Escritorio\\RECRUITING_SMARTER___BRASIL\\proyecto_PP2_app_mobile\\context\\LoadsContext.tsx","statementMap":{"0":{"start":{"line":20,"column":21},"end":{"line":20,"column":66}},"1":{"start":{"line":29,"column":28},"end":{"line":29,"column":64}},"2":{"start":{"line":31,"column":22},"end":{"line":34,"column":3}},"3":{"start":{"line":32,"column":20},"end":{"line":32,"column":50}},"4":{"start":{"line":32,"column":38},"end":{"line":32,"column":49}},"5":{"start":{"line":36,"column":27},"end":{"line":40,"column":8}},"6":{"start":{"line":37,"column":4},"end":{"line":39,"column":6}},"7":{"start":{"line":38,"column":6},"end":{"line":38,"column":59}},"8":{"start":{"line":38,"column":23},"end":{"line":38,"column":57}},"9":{"start":{"line":42,"column":20},"end":{"line":44,"column":8}},"10":{"start":{"line":43,"column":4},"end":{"line":43,"column":19}},"11":{"start":{"line":46,"column":21},"end":{"line":54,"column":8}},"12":{"start":{"line":47,"column":4},"end":{"line":53,"column":7}},"13":{"start":{"line":48,"column":20},"end":{"line":48,"column":59}},"14":{"start":{"line":48,"column":42},"end":{"line":48,"column":58}},"15":{"start":{"line":49,"column":6},"end":{"line":49,"column":47}},"16":{"start":{"line":49,"column":24},"end":{"line":49,"column":47}},"17":{"start":{"line":50,"column":19},"end":{"line":50,"column":28}},"18":{"start":{"line":51,"column":6},"end":{"line":51,"column":25}},"19":{"start":{"line":52,"column":6},"end":{"line":52,"column":18}},"20":{"start":{"line":56,"column":16},"end":{"line":65,"column":3}},"21":{"start":{"line":57,"column":11},"end":{"line":63,"column":5}},"22":{"start":{"line":67,"column":2},"end":{"line":67,"column":81}},"23":{"start":{"line":71,"column":14},"end":{"line":71,"column":38}},"24":{"start":{"line":72,"column":2},"end":{"line":74,"column":3}},"25":{"start":{"line":73,"column":4},"end":{"line":73,"column":66}},"26":{"start":{"line":75,"column":2},"end":{"line":75,"column":13}}},"fnMap":{"0":{"name":"LoadsProvider","decl":{"start":{"line":28,"column":16},"end":{"line":28,"column":29}},"loc":{"start":{"line":28,"column":83},"end":{"line":68,"column":1}},"line":28},"1":{"name":"(anonymous_1)","decl":{"start":{"line":32,"column":4},"end":{"line":32,"column":5}},"loc":{"start":{"line":32,"column":20},"end":{"line":32,"column":50}},"line":32},"2":{"name":"(anonymous_2)","decl":{"start":{"line":32,"column":31},"end":{"line":32,"column":32}},"loc":{"start":{"line":32,"column":38},"end":{"line":32,"column":49}},"line":32},"3":{"name":"(anonymous_3)","decl":{"start":{"line":36,"column":39},"end":{"line":36,"column":40}},"loc":{"start":{"line":36,"column":75},"end":{"line":40,"column":3}},"line":36},"4":{"name":"(anonymous_4)","decl":{"start":{"line":37,"column":13},"end":{"line":37,"column":14}},"loc":{"start":{"line":38,"column":6},"end":{"line":38,"column":59}},"line":38},"5":{"name":"(anonymous_5)","decl":{"start":{"line":38,"column":15},"end":{"line":38,"column":16}},"loc":{"start":{"line":38,"column":23},"end":{"line":38,"column":57}},"line":38},"6":{"name":"(anonymous_6)","decl":{"start":{"line":42,"column":32},"end":{"line":42,"column":33}},"loc":{"start":{"line":42,"column":56},"end":{"line":44,"column":3}},"line":42},"7":{"name":"(anonymous_7)","decl":{"start":{"line":46,"column":33},"end":{"line":46,"column":34}},"loc":{"start":{"line":46,"column":55},"end":{"line":54,"column":3}},"line":46},"8":{"name":"(anonymous_8)","decl":{"start":{"line":47,"column":13},"end":{"line":47,"column":14}},"loc":{"start":{"line":47,"column":23},"end":{"line":53,"column":5}},"line":47},"9":{"name":"(anonymous_9)","decl":{"start":{"line":48,"column":35},"end":{"line":48,"column":36}},"loc":{"start":{"line":48,"column":42},"end":{"line":48,"column":58}},"line":48},"10":{"name":"(anonymous_10)","decl":{"start":{"line":57,"column":4},"end":{"line":57,"column":5}},"loc":{"start":{"line":57,"column":11},"end":{"line":63,"column":5}},"line":57},"11":{"name":"useLoads","decl":{"start":{"line":70,"column":16},"end":{"line":70,"column":24}},"loc":{"start":{"line":70,"column":46},"end":{"line":76,"column":1}},"line":70}},"branchMap":{"0":{"loc":{"start":{"line":28,"column":42},"end":{"line":28,"column":59}},"type":"default-arg","locations":[{"start":{"line":28,"column":57},"end":{"line":28,"column":59}}],"line":28},"1":{"loc":{"start":{"line":38,"column":23},"end":{"line":38,"column":57}},"type":"cond-expr","locations":[{"start":{"line":38,"column":37},"end":{"line":38,"column":53}},{"start":{"line":38,"column":56},"end":{"line":38,"column":57}}],"line":38},"2":{"loc":{"start":{"line":49,"column":6},"end":{"line":49,"column":47}},"type":"if","locations":[{"start":{"line":49,"column":6},"end":{"line":49,"column":47}},{"start":{},"end":{}}],"line":49},"3":{"loc":{"start":{"line":72,"column":2},"end":{"line":74,"column":3}},"type":"if","locations":[{"start":{"line":72,"column":2},"end":{"line":74,"column":3}},{"start":{},"end":{}}],"line":72}},"s":{"0":2,"1":9,"2":9,"3":9,"4":4,"5":9,"6":0,"7":0,"8":0,"9":9,"10":0,"11":9,"12":0,"13":0,"14":0,"15":0,"16":0,"17":0,"18":0,"19":0,"20":9,"21":9,"22":9,"23":9,"24":9,"25":0,"26":9},"f":{"0":9,"1":9,"2":4,"3":0,"4":0,"5":0,"6":0,"7":0,"8":0,"9":0,"10":9,"11":9},"b":{"0":[0],"1":[0,0],"2":[0,0],"3":[0,9]},"_coverageSchema":"1a1c01bbd47fc00a2c39e90264f33305004495a9","hash":"4f6b7316b7c3ccd7bfce308cb50842ad7fe94011"}
,"C:\\Users\\ariel\\OneDrive\\Escritorio\\RECRUITING_SMARTER___BRASIL\\proyecto_PP2_app_mobile\\hooks\\useAssignedLoadsQuery.ts": {"path":"C:\\Users\\ariel\\OneDrive\\Escritorio\\RECRUITING_SMARTER___BRASIL\\proyecto_PP2_app_mobile\\hooks\\useAssignedLoadsQuery.ts","statementMap":{"0":{"start":{"line":33,"column":22},"end":{"line":33,"column":38}},"1":{"start":{"line":34,"column":59},"end":{"line":34,"column":68}},"2":{"start":{"line":35,"column":57},"end":{"line":35,"column":69}},"3":{"start":{"line":37,"column":17},"end":{"line":37,"column":31}},"4":{"start":{"line":38,"column":20},"end":{"line":43,"column":4}},"5":{"start":{"line":45,"column":18},"end":{"line":51,"column":4}},"6":{"start":{"line":53,"column":16},"end":{"line":69,"column":4}},"7":{"start":{"line":59,"column":21},"end":{"line":61,"column":8}},"8":{"start":{"line":62,"column":6},"end":{"line":64,"column":7}},"9":{"start":{"line":63,"column":8},"end":{"line":63,"column":45}},"10":{"start":{"line":65,"column":6},"end":{"line":65,"column":20}},"11":{"start":{"line":68,"column":6},"end":{"line":68,"column":54}},"12":{"start":{"line":71,"column":16},"end":{"line":74,"column":18}},"13":{"start":{"line":72,"column":17},"end":{"line":72,"column":70}},"14":{"start":{"line":72,"column":53},"end":{"line":72,"column":63}},"15":{"start":{"line":73,"column":4},"end":{"line":73,"column":33}},"16":{"start":{"line":76,"column":19},"end":{"line":76,"column":65}},"17":{"start":{"line":77,"column":18},"end":{"line":77,"column":44}},"18":{"start":{"line":78,"column":21},"end":{"line":78,"column":61}},"19":{"start":{"line":80,"column":31},"end":{"line":85,"column":34}},"20":{"start":{"line":81,"column":4},"end":{"line":83,"column":5}},"21":{"start":{"line":82,"column":6},"end":{"line":82,"column":55}},"22":{"start":{"line":84,"column":4},"end":{"line":84,"column":26}},"23":{"start":{"line":87,"column":18},"end":{"line":89,"column":28}},"24":{"start":{"line":88,"column":4},"end":{"line":88,"column":33}},"25":{"start":{"line":91,"column":16},"end":{"line":91,"column":23}},"26":{"start":{"line":93,"column":19},"end":{"line":98,"column":22}},"27":{"start":{"line":94,"column":4},"end":{"line":96,"column":5}},"28":{"start":{"line":95,"column":6},"end":{"line":95,"column":13}},"29":{"start":{"line":97,"column":4},"end":{"line":97,"column":32}},"30":{"start":{"line":101,"column":4},"end":{"line":103,"column":54}},"31":{"start":{"line":105,"column":21},"end":{"line":105,"column":68}},"32":{"start":{"line":108,"column":4},"end":{"line":108,"column":73}},"33":{"start":{"line":110,"column":2},"end":{"line":121,"column":4}}},"fnMap":{"0":{"name":"useAssignedLoadsQuery","decl":{"start":{"line":32,"column":16},"end":{"line":32,"column":37}},"loc":{"start":{"line":32,"column":69},"end":{"line":122,"column":1}},"line":32},"1":{"name":"(anonymous_1)","decl":{"start":{"line":58,"column":13},"end":{"line":58,"column":14}},"loc":{"start":{"line":58,"column":70},"end":{"line":66,"column":5}},"line":58},"2":{"name":"(anonymous_2)","decl":{"start":{"line":67,"column":22},"end":{"line":67,"column":23}},"loc":{"start":{"line":68,"column":6},"end":{"line":68,"column":54}},"line":68},"3":{"name":"(anonymous_3)","decl":{"start":{"line":71,"column":24},"end":{"line":71,"column":25}},"loc":{"start":{"line":71,"column":30},"end":{"line":74,"column":3}},"line":71},"4":{"name":"(anonymous_4)","decl":{"start":{"line":72,"column":43},"end":{"line":72,"column":44}},"loc":{"start":{"line":72,"column":53},"end":{"line":72,"column":63}},"line":72},"5":{"name":"(anonymous_5)","decl":{"start":{"line":80,"column":43},"end":{"line":80,"column":44}},"loc":{"start":{"line":80,"column":55},"end":{"line":85,"column":3}},"line":80},"6":{"name":"(anonymous_6)","decl":{"start":{"line":87,"column":30},"end":{"line":87,"column":31}},"loc":{"start":{"line":87,"column":42},"end":{"line":89,"column":3}},"line":87},"7":{"name":"(anonymous_7)","decl":{"start":{"line":93,"column":31},"end":{"line":93,"column":32}},"loc":{"start":{"line":93,"column":43},"end":{"line":98,"column":3}},"line":93}},"branchMap":{"0":{"loc":{"start":{"line":37,"column":17},"end":{"line":37,"column":31}},"type":"binary-expr","locations":[{"start":{"line":37,"column":17},"end":{"line":37,"column":25}},{"start":{"line":37,"column":29},"end":{"line":37,"column":31}}],"line":37},"1":{"loc":{"start":{"line":62,"column":6},"end":{"line":64,"column":7}},"type":"if","locations":[{"start":{"line":62,"column":6},"end":{"line":64,"column":7}},{"start":{},"end":{}}],"line":62},"2":{"loc":{"start":{"line":68,"column":6},"end":{"line":68,"column":54}},"type":"cond-expr","locations":[{"start":{"line":68,"column":25},"end":{"line":68,"column":42}},{"start":{"line":68,"column":45},"end":{"line":68,"column":54}}],"line":68},"3":{"loc":{"start":{"line":72,"column":17},"end":{"line":72,"column":70}},"type":"binary-expr","locations":[{"start":{"line":72,"column":17},"end":{"line":72,"column":64}},{"start":{"line":72,"column":68},"end":{"line":72,"column":70}}],"line":72},"4":{"loc":{"start":{"line":77,"column":18},"end":{"line":77,"column":44}},"type":"binary-expr","locations":[{"start":{"line":77,"column":18},"end":{"line":77,"column":35}},{"start":{"line":77,"column":39},"end":{"line":77,"column":44}}],"line":77},"5":{"loc":{"start":{"line":78,"column":21},"end":{"line":78,"column":61}},"type":"binary-expr","locations":[{"start":{"line":78,"column":21},"end":{"line":78,"column":53}},{"start":{"line":78,"column":57},"end":{"line":78,"column":61}}],"line":78},"6":{"loc":{"start":{"line":81,"column":4},"end":{"line":83,"column":5}},"type":"if","locations":[{"start":{"line":81,"column":4},"end":{"line":83,"column":5}},{"start":{},"end":{}}],"line":81},"7":{"loc":{"start":{"line":94,"column":4},"end":{"line":96,"column":5}},"type":"if","locations":[{"start":{"line":94,"column":4},"end":{"line":96,"column":5}},{"start":{},"end":{}}],"line":94},"8":{"loc":{"start":{"line":94,"column":8},"end":{"line":94,"column":44}},"type":"binary-expr","locations":[{"start":{"line":94,"column":8},"end":{"line":94,"column":16}},{"start":{"line":94,"column":20},"end":{"line":94,"column":44}}],"line":94},"9":{"loc":{"start":{"line":101,"column":4},"end":{"line":103,"column":54}},"type":"binary-expr","locations":[{"start":{"line":101,"column":4},"end":{"line":101,"column":18}},{"start":{"line":102,"column":4},"end":{"line":102,"column":18}},{"start":{"line":103,"column":5},"end":{"line":103,"column":12}},{"start":{"line":103,"column":16},"end":{"line":103,"column":31}},{"start":{"line":103,"column":35},"end":{"line":103,"column":53}}],"line":101},"10":{"loc":{"start":{"line":105,"column":21},"end":{"line":105,"column":68}},"type":"binary-expr","locations":[{"start":{"line":105,"column":21},"end":{"line":105,"column":39}},{"start":{"line":105,"column":43},"end":{"line":105,"column":68}}],"line":105},"11":{"loc":{"start":{"line":108,"column":4},"end":{"line":108,"column":73}},"type":"binary-expr","locations":[{"start":{"line":108,"column":4},"end":{"line":108,"column":13}},{"start":{"line":108,"column":18},"end":{"line":108,"column":72}}],"line":108},"12":{"loc":{"start":{"line":108,"column":18},"end":{"line":108,"column":72}},"type":"cond-expr","locations":[{"start":{"line":108,"column":32},"end":{"line":108,"column":65}},{"start":{"line":108,"column":68},"end":{"line":108,"column":72}}],"line":108}},"s":{"0":8,"1":8,"2":8,"3":8,"4":8,"5":8,"6":8,"7":4,"8":4,"9":1,"10":3,"11":12,"12":8,"13":7,"14":4,"15":7,"16":8,"17":8,"18":8,"19":8,"20":0,"21":0,"22":0,"23":8,"24":0,"25":8,"26":8,"27":1,"28":0,"29":1,"30":8,"31":8,"32":8,"33":8},"f":{"0":8,"1":4,"2":12,"3":7,"4":4,"5":0,"6":0,"7":1},"b":{"0":[8,0],"1":[1,3],"2":[5,7],"3":[7,4],"4":[8,5],"5":[8,5],"6":[0,0],"7":[0,1],"8":[1,1],"9":[8,8,8,7,3],"10":[8,0],"11":[8,7],"12":[1,6]},"_coverageSchema":"1a1c01bbd47fc00a2c39e90264f33305004495a9","hash":"d45d19f7462186da9d544a0d1d309dcd09ea581a"}
,"C:\\Users\\ariel\\OneDrive\\Escritorio\\RECRUITING_SMARTER___BRASIL\\proyecto_PP2_app_mobile\\hooks\\useAuth.ts": {"path":"C:\\Users\\ariel\\OneDrive\\Escritorio\\RECRUITING_SMARTER___BRASIL\\proyecto_PP2_app_mobile\\hooks\\useAuth.ts","statementMap":{},"fnMap":{},"branchMap":{},"s":{},"f":{},"b":{},"_coverageSchema":"1a1c01bbd47fc00a2c39e90264f33305004495a9","hash":"c4c1a19d60eeb17e9239f8445b2df83e61d604f1"}
,"C:\\Users\\ariel\\OneDrive\\Escritorio\\RECRUITING_SMARTER___BRASIL\\proyecto_PP2_app_mobile\\hooks\\useDriverLoadsRealtime.ts": {"path":"C:\\Users\\ariel\\OneDrive\\Escritorio\\RECRUITING_SMARTER___BRASIL\\proyecto_PP2_app_mobile\\hooks\\useDriverLoadsRealtime.ts","statementMap":{"0":{"start":{"line":16,"column":22},"end":{"line":16,"column":38}},"1":{"start":{"line":17,"column":44},"end":{"line":17,"column":53}},"2":{"start":{"line":18,"column":48},"end":{"line":18,"column":60}},"3":{"start":{"line":19,"column":17},"end":{"line":19,"column":31}},"4":{"start":{"line":20,"column":26},"end":{"line":20,"column":74}},"5":{"start":{"line":22,"column":2},"end":{"line":38,"column":79}},"6":{"start":{"line":23,"column":4},"end":{"line":25,"column":5}},"7":{"start":{"line":24,"column":6},"end":{"line":24,"column":13}},"8":{"start":{"line":27,"column":21},"end":{"line":27,"column":34}},"9":{"start":{"line":28,"column":4},"end":{"line":32,"column":6}},"10":{"start":{"line":34,"column":4},"end":{"line":37,"column":6}},"11":{"start":{"line":35,"column":6},"end":{"line":35,"column":45}},"12":{"start":{"line":36,"column":6},"end":{"line":36,"column":37}},"13":{"start":{"line":40,"column":2},"end":{"line":51,"column":38}},"14":{"start":{"line":41,"column":4},"end":{"line":41,"column":37}},"15":{"start":{"line":41,"column":30},"end":{"line":41,"column":37}},"16":{"start":{"line":43,"column":23},"end":{"line":47,"column":5}},"17":{"start":{"line":44,"column":6},"end":{"line":46,"column":7}},"18":{"start":{"line":45,"column":8},"end":{"line":45,"column":56}},"19":{"start":{"line":49,"column":25},"end":{"line":49,"column":72}},"20":{"start":{"line":50,"column":4},"end":{"line":50,"column":39}},"21":{"start":{"line":50,"column":17},"end":{"line":50,"column":38}}},"fnMap":{"0":{"name":"useDriverLoadsRealtime","decl":{"start":{"line":15,"column":16},"end":{"line":15,"column":38}},"loc":{"start":{"line":15,"column":47},"end":{"line":52,"column":1}},"line":15},"1":{"name":"(anonymous_1)","decl":{"start":{"line":22,"column":12},"end":{"line":22,"column":13}},"loc":{"start":{"line":22,"column":18},"end":{"line":38,"column":3}},"line":22},"2":{"name":"(anonymous_2)","decl":{"start":{"line":34,"column":11},"end":{"line":34,"column":12}},"loc":{"start":{"line":34,"column":17},"end":{"line":37,"column":5}},"line":34},"3":{"name":"(anonymous_3)","decl":{"start":{"line":40,"column":12},"end":{"line":40,"column":13}},"loc":{"start":{"line":40,"column":18},"end":{"line":51,"column":3}},"line":40},"4":{"name":"(anonymous_4)","decl":{"start":{"line":43,"column":23},"end":{"line":43,"column":24}},"loc":{"start":{"line":43,"column":54},"end":{"line":47,"column":5}},"line":43},"5":{"name":"(anonymous_5)","decl":{"start":{"line":50,"column":11},"end":{"line":50,"column":12}},"loc":{"start":{"line":50,"column":17},"end":{"line":50,"column":38}},"line":50}},"branchMap":{"0":{"loc":{"start":{"line":19,"column":17},"end":{"line":19,"column":31}},"type":"binary-expr","locations":[{"start":{"line":19,"column":17},"end":{"line":19,"column":25}},{"start":{"line":19,"column":29},"end":{"line":19,"column":31}}],"line":19},"1":{"loc":{"start":{"line":23,"column":4},"end":{"line":25,"column":5}},"type":"if","locations":[{"start":{"line":23,"column":4},"end":{"line":25,"column":5}},{"start":{},"end":{}}],"line":23},"2":{"loc":{"start":{"line":23,"column":8},"end":{"line":23,"column":74}},"type":"binary-expr","locations":[{"start":{"line":23,"column":8},"end":{"line":23,"column":32}},{"start":{"line":23,"column":36},"end":{"line":23,"column":50}},{"start":{"line":23,"column":54},"end":{"line":23,"column":63}},{"start":{"line":23,"column":67},"end":{"line":23,"column":74}}],"line":23},"3":{"loc":{"start":{"line":41,"column":4},"end":{"line":41,"column":37}},"type":"if","locations":[{"start":{"line":41,"column":4},"end":{"line":41,"column":37}},{"start":{},"end":{}}],"line":41},"4":{"loc":{"start":{"line":41,"column":8},"end":{"line":41,"column":28}},"type":"binary-expr","locations":[{"start":{"line":41,"column":8},"end":{"line":41,"column":15}},{"start":{"line":41,"column":19},"end":{"line":41,"column":28}}],"line":41},"5":{"loc":{"start":{"line":44,"column":6},"end":{"line":46,"column":7}},"type":"if","locations":[{"start":{"line":44,"column":6},"end":{"line":46,"column":7}},{"start":{},"end":{}}],"line":44}},"s":{"0":0,"1":0,"2":0,"3":0,"4":0,"5":0,"6":0,"7":0,"8":0,"9":0,"10":0,"11":0,"12":0,"13":0,"14":0,"15":0,"16":0,"17":0,"18":0,"19":0,"20":0,"21":0},"f":{"0":0,"1":0,"2":0,"3":0,"4":0,"5":0},"b":{"0":[0,0],"1":[0,0],"2":[0,0,0,0],"3":[0,0],"4":[0,0],"5":[0,0]}}
,"C:\\Users\\ariel\\OneDrive\\Escritorio\\RECRUITING_SMARTER___BRASIL\\proyecto_PP2_app_mobile\\hooks\\useDriverStatusChange.ts": {"path":"C:\\Users\\ariel\\OneDrive\\Escritorio\\RECRUITING_SMARTER___BRASIL\\proyecto_PP2_app_mobile\\hooks\\useDriverStatusChange.ts","statementMap":{"0":{"start":{"line":14,"column":22},"end":{"line":14,"column":38}},"1":{"start":{"line":15,"column":19},"end":{"line":15,"column":28}},"2":{"start":{"line":16,"column":31},"end":{"line":16,"column":41}},"3":{"start":{"line":18,"column":2},"end":{"line":38,"column":4}},"4":{"start":{"line":20,"column":6},"end":{"line":20,"column":37}},"5":{"start":{"line":20,"column":30},"end":{"line":20,"column":37}},"6":{"start":{"line":22,"column":26},"end":{"line":22,"column":60}},"7":{"start":{"line":24,"column":6},"end":{"line":35,"column":7}},"8":{"start":{"line":25,"column":8},"end":{"line":32,"column":11}},"9":{"start":{"line":34,"column":8},"end":{"line":34,"column":41}}},"fnMap":{"0":{"name":"useDriverStatusChange","decl":{"start":{"line":13,"column":16},"end":{"line":13,"column":37}},"loc":{"start":{"line":13,"column":63},"end":{"line":39,"column":1}},"line":13},"1":{"name":"(anonymous_1)","decl":{"start":{"line":19,"column":4},"end":{"line":19,"column":5}},"loc":{"start":{"line":19,"column":34},"end":{"line":36,"column":5}},"line":19}},"branchMap":{"0":{"loc":{"start":{"line":20,"column":6},"end":{"line":20,"column":37}},"type":"if","locations":[{"start":{"line":20,"column":6},"end":{"line":20,"column":37}},{"start":{},"end":{}}],"line":20},"1":{"loc":{"start":{"line":20,"column":10},"end":{"line":20,"column":28}},"type":"binary-expr","locations":[{"start":{"line":20,"column":10},"end":{"line":20,"column":15}},{"start":{"line":20,"column":19},"end":{"line":20,"column":28}}],"line":20}},"s":{"0":0,"1":0,"2":0,"3":0,"4":0,"5":0,"6":0,"7":0,"8":0,"9":0},"f":{"0":0,"1":0},"b":{"0":[0,0],"1":[0,0]}}
,"C:\\Users\\ariel\\OneDrive\\Escritorio\\RECRUITING_SMARTER___BRASIL\\proyecto_PP2_app_mobile\\hooks\\useLoadDetailQuery.ts": {"path":"C:\\Users\\ariel\\OneDrive\\Escritorio\\RECRUITING_SMARTER___BRASIL\\proyecto_PP2_app_mobile\\hooks\\useLoadDetailQuery.ts","statementMap":{"0":{"start":{"line":29,"column":22},"end":{"line":29,"column":38}},"1":{"start":{"line":30,"column":59},"end":{"line":30,"column":68}},"2":{"start":{"line":31,"column":57},"end":{"line":31,"column":69}},"3":{"start":{"line":32,"column":26},"end":{"line":32,"column":36}},"4":{"start":{"line":34,"column":17},"end":{"line":34,"column":31}},"5":{"start":{"line":35,"column":21},"end":{"line":35,"column":61}},"6":{"start":{"line":37,"column":20},"end":{"line":42,"column":4}},"7":{"start":{"line":45,"column":4},"end":{"line":51,"column":25}},"8":{"start":{"line":53,"column":16},"end":{"line":68,"column":4}},"9":{"start":{"line":58,"column":21},"end":{"line":62,"column":7}},"10":{"start":{"line":63,"column":6},"end":{"line":65,"column":7}},"11":{"start":{"line":64,"column":8},"end":{"line":64,"column":45}},"12":{"start":{"line":66,"column":6},"end":{"line":66,"column":25}},"13":{"start":{"line":70,"column":31},"end":{"line":75,"column":42}},"14":{"start":{"line":71,"column":4},"end":{"line":73,"column":5}},"15":{"start":{"line":72,"column":6},"end":{"line":72,"column":62}},"16":{"start":{"line":74,"column":4},"end":{"line":74,"column":26}},"17":{"start":{"line":77,"column":18},"end":{"line":77,"column":38}},"18":{"start":{"line":78,"column":16},"end":{"line":78,"column":23}},"19":{"start":{"line":81,"column":4},"end":{"line":84,"column":60}},"20":{"start":{"line":86,"column":21},"end":{"line":86,"column":39}},"21":{"start":{"line":87,"column":22},"end":{"line":87,"column":40}},"22":{"start":{"line":88,"column":22},"end":{"line":88,"column":55}},"23":{"start":{"line":90,"column":16},"end":{"line":90,"column":85}},"24":{"start":{"line":93,"column":4},"end":{"line":97,"column":15}},"25":{"start":{"line":99,"column":2},"end":{"line":107,"column":4}}},"fnMap":{"0":{"name":"useLoadDetailQuery","decl":{"start":{"line":28,"column":16},"end":{"line":28,"column":34}},"loc":{"start":{"line":28,"column":89},"end":{"line":108,"column":1}},"line":28},"1":{"name":"(anonymous_1)","decl":{"start":{"line":57,"column":13},"end":{"line":57,"column":14}},"loc":{"start":{"line":57,"column":53},"end":{"line":67,"column":5}},"line":57},"2":{"name":"(anonymous_2)","decl":{"start":{"line":70,"column":43},"end":{"line":70,"column":44}},"loc":{"start":{"line":70,"column":55},"end":{"line":75,"column":3}},"line":70}},"branchMap":{"0":{"loc":{"start":{"line":34,"column":17},"end":{"line":34,"column":31}},"type":"binary-expr","locations":[{"start":{"line":34,"column":17},"end":{"line":34,"column":25}},{"start":{"line":34,"column":29},"end":{"line":34,"column":31}}],"line":34},"1":{"loc":{"start":{"line":35,"column":21},"end":{"line":35,"column":61}},"type":"cond-expr","locations":[{"start":{"line":35,"column":30},"end":{"line":35,"column":49}},{"start":{"line":35,"column":52},"end":{"line":35,"column":61}}],"line":35},"2":{"loc":{"start":{"line":45,"column":4},"end":{"line":51,"column":25}},"type":"binary-expr","locations":[{"start":{"line":45,"column":4},"end":{"line":51,"column":6}},{"start":{"line":51,"column":10},"end":{"line":51,"column":25}}],"line":45},"3":{"loc":{"start":{"line":54,"column":45},"end":{"line":54,"column":57}},"type":"binary-expr","locations":[{"start":{"line":54,"column":45},"end":{"line":54,"column":51}},{"start":{"line":54,"column":55},"end":{"line":54,"column":57}}],"line":54},"4":{"loc":{"start":{"line":63,"column":6},"end":{"line":65,"column":7}},"type":"if","locations":[{"start":{"line":63,"column":6},"end":{"line":65,"column":7}},{"start":{},"end":{}}],"line":63},"5":{"loc":{"start":{"line":71,"column":4},"end":{"line":73,"column":5}},"type":"if","locations":[{"start":{"line":71,"column":4},"end":{"line":73,"column":5}},{"start":{},"end":{}}],"line":71},"6":{"loc":{"start":{"line":71,"column":8},"end":{"line":71,"column":24}},"type":"binary-expr","locations":[{"start":{"line":71,"column":8},"end":{"line":71,"column":14}},{"start":{"line":71,"column":18},"end":{"line":71,"column":24}}],"line":71},"7":{"loc":{"start":{"line":81,"column":4},"end":{"line":84,"column":60}},"type":"binary-expr","locations":[{"start":{"line":81,"column":4},"end":{"line":81,"column":11}},{"start":{"line":82,"column":4},"end":
[...]
ine":11},"3":{"name":"parseStatusPatchError","decl":{"start":{"line":16,"column":16},"end":{"line":16,"column":37}},"loc":{"start":{"line":19,"column":24},"end":{"line":74,"column":1}},"line":19},"4":{"name":"(anonymous_4)","decl":{"start":{"line":35,"column":40},"end":{"line":35,"column":41}},"loc":{"start":{"line":35,"column":49},"end":{"line":35,"column":69}},"line":35}},"branchMap":{"0":{"loc":{"start":{"line":6,"column":9},"end":{"line":6,"column":77}},"type":"binary-expr","locations":[{"start":{"line":6,"column":9},"end":{"line":6,"column":34}},{"start":{"line":6,"column":38},"end":{"line":6,"column":52}},{"start":{"line":6,"column":56},"end":{"line":6,"column":77}}],"line":6},"1":{"loc":{"start":{"line":10,"column":2},"end":{"line":10,"column":46}},"type":"if","locations":[{"start":{"line":10,"column":2},"end":{"line":10,"column":46}},{"start":{},"end":{}}],"line":10},"2":{"loc":{"start":{"line":12,"column":9},"end":{"line":12,"column":45}},"type":"cond-expr","locations":[{"start":{"line":12,"column":28},"end":{"line":12,"column":33}},{"start":{"line":12,"column":36},"end":{"line":12,"column":45}}],"line":12},"3":{"loc":{"start":{"line":20,"column":15},"end":{"line":20,"column":41}},"type":"cond-expr","locations":[{"start":{"line":20,"column":32},"end":{"line":20,"column":36}},{"start":{"line":20,"column":39},"end":{"line":20,"column":41}}],"line":20},"4":{"loc":{"start":{"line":22,"column":4},"end":{"line":22,"column":59}},"type":"cond-expr","locations":[{"start":{"line":22,"column":37},"end":{"line":22,"column":47}},{"start":{"line":22,"column":50},"end":{"line":22,"column":59}}],"line":22},"5":{"loc":{"start":{"line":23,"column":15},"end":{"line":23,"column":68}},"type":"cond-expr","locations":[{"start":{"line":23,"column":47},"end":{"line":23,"column":56}},{"start":{"line":23,"column":59},"end":{"line":23,"column":68}}],"line":23},"6":{"loc":{"start":{"line":27,"column":2},"end":{"line":32,"column":3}},"type":"if","locations":[{"start":{"line":27,"column":2},"end":{"line":32,"column":3}},{"start":{},"end":{}}],"line":27},"7":{"loc":{"start":{"line":29,"column":6},"end":{"line":29,"column":48}},"type":"binary-expr","locations":[{"start":{"line":29,"column":6},"end":{"line":29,"column":11}},{"start":{"line":29,"column":15},"end":{"line":29,"column":48}}],"line":29},"8":{"loc":{"start":{"line":34,"column":2},"end":{"line":42,"column":3}},"type":"if","locations":[{"start":{"line":34,"column":2},"end":{"line":42,"column":3}},{"start":{},"end":{}}],"line":34},"9":{"loc":{"start":{"line":34,"column":6},"end":{"line":34,"column":51}},"type":"binary-expr","locations":[{"start":{"line":34,"column":6},"end":{"line":34,"column":24}},{"start":{"line":34,"column":28},"end":{"line":34,"column":51}}],"line":34},"10":{"loc":{"start":{"line":35,"column":23},"end":{"line":35,"column":76}},"type":"binary-expr","locations":[{"start":{"line":35,"column":23},"end":{"line":35,"column":70}},{"start":{"line":35,"column":74},"end":{"line":35,"column":76}}],"line":35},"11":{"loc":{"start":{"line":36,"column":24},"end":{"line":36,"column":78}},"type":"cond-expr","locations":[{"start":{"line":36,"column":44},"end":{"line":36,"column":73}},{"start":{"line":36,"column":76},"end":{"line":36,"column":78}}],"line":36},"12":{"loc":{"start":{"line":38,"column":9},"end":{"line":38,"column":68}},"type":"binary-expr","locations":[{"start":{"line":38,"column":9},"end":{"line":38,"column":14}},{"start":{"line":38,"column":18},"end":{"line":38,"column":68}}],"line":38},"13":{"loc":{"start":{"line":44,"column":2},"end":{"line":49,"column":3}},"type":"if","locations":[{"start":{"line":44,"column":2},"end":{"line":49,"column":3}},{"start":{},"end":{}}],"line":44},"14":{"loc":{"start":{"line":46,"column":6},"end":{"line":46,"column":70}},"type":"binary-expr","locations":[{"start":{"line":46,"column":6},"end":{"line":46,"column":11}},{"start":{"line":46,"column":15},"end":{"line":46,"column":70}}],"line":46},"15":{"loc":{"start":{"line":51,"column":2},"end":{"line":53,"column":3}},"type":"if","locations":[{"start":{"line":51,"column":2},"end":{"line":53,"column":3}},{"start":{},"end":{}}],"line":51},"16":{"loc":{"start":{"line":52,"column":36},"end":{"line":52,"column":62}},"type":"binary-expr","locations":[{"start":{"line":52,"column":36},"end":{"line":52,"column":41}},{"start":{"line":52,"column":45},"end":{"line":52,"column":62}}],"line":52},"17":{"loc":{"start":{"line":55,"column":2},"end":{"line":61,"column":3}},"type":"if","locations":[{"start":{"line":55,"column":2},"end":{"line":61,"column":3}},{"start":{},"end":{}}],"line":55},"18":{"loc":{"start":{"line":57,"column":6},"end":{"line":57,"column":43}},"type":"binary-expr","locations":[{"start":{"line":57,"column":6},"end":{"line":57,"column":11}},{"start":{"line":57,"column":15},"end":{"line":57,"column":43}}],"line":57},"19":{"loc":{"start":{"line":63,"column":2},"end":{"line":68,"column":3}},"type":"if","locations":[{"start":{"line":63,"column":2},"end":{"line":68,"column":3}},{"start":{},"end":{}}],"line":63},"20":{"loc":{"start":{"line":63,"column":6},"end":{"line":63,"column":43}},"type":"binary-expr","locations":[{"start":{"line":63,"column":6},"end":{"line":63,"column":23}},{"start":{"line":63,"column":27},"end":{"line":63,"column":43}}],"line":63},"21":{"loc":{"start":{"line":65,"column":6},"end":{"line":65,"column":48}},"type":"binary-expr","locations":[{"start":{"line":65,"column":6},"end":{"line":65,"column":11}},{"start":{"line":65,"column":15},"end":{"line":65,"column":48}}],"line":65},"22":{"loc":{"start":{"line":71,"column":4},"end":{"line":71,"column":39}},"type":"binary-expr","locations":[{"start":{"line":71,"column":4},"end":{"line":71,"column":9}},{"start":{"line":71,"column":13},"end":{"line":71,"column":39}}],"line":71}},"s":{"0":7,"1":14,"2":10,"3":4,"4":6,"5":4,"6":7,"7":7,"8":7,"9":7,"10":7,"11":7,"12":2,"13":5,"14":2,"15":3,"16":2,"17":2,"18":3,"19":1,"20":2,"21":0,"22":2,"23":2,"24":0,"25":0,"26":0},"f":{"0":7,"1":14,"2":6,"3":7,"4":3},"b":{"0":[7,7,7],"1":[10,4],"2":[4,0],"3":[7,0],"4":[7,0],"5":[2,5],"6":[2,5],"7":[2,0],"8":[2,3],"9":[5,3],"10":[2,0],"11":[2,0],"12":[2,0],"13":[1,2],"14":[1,0],"15":[0,2],"16":[0,0],"17":[2,0],"18":[2,0],"19":[0,0],"20":[0,0],"21":[0,0],"22":[0,0]},"_coverageSchema":"1a1c01bbd47fc00a2c39e90264f33305004495a9","hash":"8cf53a0f14f9e70f1d97f282dcb5e094c9e91992"}
,"C:\\Users\\ariel\\OneDrive\\Escritorio\\RECRUITING_SMARTER___BRASIL\\proyecto_PP2_app_mobile\\lib\\tms\\patch-load-status.ts": {"path":"C:\\Users\\ariel\\OneDrive\\Escritorio\\RECRUITING_SMARTER___BRASIL\\proyecto_PP2_app_mobile\\lib\\tms\\patch-load-status.ts","statementMap":{"0":{"start":{"line":29,"column":73},"end":{"line":29,"column":79}},"1":{"start":{"line":31,"column":2},"end":{"line":33,"column":3}},"2":{"start":{"line":32,"column":4},"end":{"line":32,"column":42}},"3":{"start":{"line":35,"column":2},"end":{"line":35,"column":36}},"4":{"start":{"line":37,"column":14},"end":{"line":37,"column":54}},"5":{"start":{"line":38,"column":15},"end":{"line":38,"column":63}},"6":{"start":{"line":41,"column":2},"end":{"line":48,"column":3}},"7":{"start":{"line":42,"column":4},"end":{"line":42,"column":38}},"8":{"start":{"line":44,"column":4},"end":{"line":47,"column":6}},"9":{"start":{"line":50,"column":14},"end":{"line":50,"column":35}},"10":{"start":{"line":51,"column":22},"end":{"line":51,"column":26}},"11":{"start":{"line":52,"column":2},"end":{"line":58,"column":3}},"12":{"start":{"line":53,"column":4},"end":{"line":57,"column":5}},"13":{"start":{"line":54,"column":6},"end":{"line":54,"column":40}},"14":{"start":{"line":56,"column":6},"end":{"line":56,"column":18}},"15":{"start":{"line":60,"column":2},"end":{"line":62,"column":3}},"16":{"start":{"line":61,"column":4},"end":{"line":61,"column":55}}},"fnMap":{"0":{"name":"patchLoadStatus","decl":{"start":{"line":26,"column":22},"end":{"line":26,"column":37}},"loc":{"start":{"line":28,"column":17},"end":{"line":63,"column":1}},"line":28}},"branchMap":{"0":{"loc":{"start":{"line":29,"column":39},"end":{"line":29,"column":68}},"type":"default-arg","locations":[{"start":{"line":29,"column":64},"end":{"line":29,"column":68}}],"line":29},"1":{"loc":{"start":{"line":31,"column":2},"end":{"line":33,"column":3}},"type":"if","locations":[{"start":{"line":31,"column":2},"end":{"line":33,"column":3}},{"start":{},"end":{}}],"line":31},"2":{"loc":{"start":{"line":52,"column":2},"end":{"line":58,"column":3}},"type":"if","locations":[{"start":{"line":52,"column":2},"end":{"line":58,"column":3}},{"start":{},"end":{}}],"line":52},"3":{"loc":{"start":{"line":60,"column":2},"end":{"line":62,"column":3}},"type":"if","locations":[{"start":{"line":60,"column":2},"end":{"line":62,"column":3}},{"start":{},"end":{}}],"line":60}},"s":{"0":8,"1":8,"2":6,"3":7,"4":7,"5":7,"6":7,"7":7,"8":1,"9":6,"10":6,"11":6,"12":5,"13":5,"14":0,"15":6,"16":3},"f":{"0":8},"b":{"0":[6],"1":[6,2],"2":[5,1],"3":[3,3]},"_coverageSchema":"1a1c01bbd47fc00a2c39e90264f33305004495a9","hash":"f6e5ca5c34a6877a6773ccd4aac41ec976464586"}
,"C:\\Users\\ariel\\OneDrive\\Escritorio\\RECRUITING_SMARTER___BRASIL\\proyecto_PP2_app_mobile\\lib\\tms\\resolve-access-token.ts": {"path":"C:\\Users\\ariel\\OneDrive\\Escritorio\\RECRUITING_SMARTER___BRASIL\\proyecto_PP2_app_mobile\\lib\\tms\\resolve-access-token.ts","statementMap":{"0":{"start":{"line":5,"column":27},"end":{"line":5,"column":29}},"1":{"start":{"line":8,"column":2},"end":{"line":8,"column":87}},"2":{"start":{"line":12,"column":2},"end":{"line":12,"column":31}},"3":{"start":{"line":12,"column":18},"end":{"line":12,"column":31}},"4":{"start":{"line":13,"column":2},"end":{"line":13,"column":68}},"5":{"start":{"line":20,"column":19},"end":{"line":20,"column":32}},"6":{"start":{"line":21,"column":26},"end":{"line":21,"column":58}},"7":{"start":{"line":23,"column":2},"end":{"line":25,"column":3}},"8":{"start":{"line":24,"column":4},"end":{"line":24,"column":34}},"9":{"start":{"line":27,"column":16},"end":{"line":27,"column":28}},"10":{"start":{"line":28,"column":2},"end":{"line":34,"column":3}},"11":{"start":{"line":29,"column":53},"end":{"line":29,"column":89}},"12":{"start":{"line":30,"column":4},"end":{"line":32,"column":5}},"13":{"start":{"line":31,"column":6},"end":{"line":31,"column":36}},"14":{"start":{"line":33,"column":4},"end":{"line":33,"column":32}},"15":{"start":{"line":36,"column":2},"end":{"line":36,"column":30}}},"fnMap":{"0":{"name":"sessionExpiredMessage","decl":{"start":{"line":7,"column":9},"end":{"line":7,"column":30}},"loc":{"start":{"line":7,"column":57},"end":{"line":9,"column":1}},"line":7},"1":{"name":"isExpired","decl":{"start":{"line":11,"column":9},"end":{"line":11,"column":18}},"loc":{"start":{"line":11,"column":59},"end":{"line":14,"column":1}},"line":11},"2":{"name":"resolveSupabaseAccessToken","decl":{"start":{"line":19,"column":22},"end":{"line":19,"column":48}},"loc":{"start":{"line":19,"column":68},"end":{"line":37,"column":1}},"line":19}},"branchMap":{"0":{"loc":{"start":{"line":12,"column":2},"end":{"line":12,"column":31}},"type":"if","locations":[{"start":{"line":12,"column":2},"end":{"line":12,"column":31}},{"start":{},"end":{}}],"line":12},"1":{"loc":{"start":{"line":23,"column":2},"end":{"line":25,"column":3}},"type":"if","locations":[{"start":{"line":23,"column":2},"end":{"line":25,"column":3}},{"start":{},"end":{}}],"line":23},"2":{"loc":{"start":{"line":28,"column":2},"end":{"line":34,"column":3}},"type":"if","locations":[{"start":{"line":28,"column":2},"end":{"line":34,"column":3}},{"start":{},"end":{}}],"line":28},"3":{"loc":{"start":{"line":28,"column":6},"end":{"line":28,"column":61}},"type":"binary-expr","locations":[{"start":{"line":28,"column":6},"end":{"line":28,"column":28}},{"start":{"line":28,"column":32},"end":{"line":28,"column":61}}],"line":28},"4":{"loc":{"start":{"line":30,"column":4},"end":{"line":32,"column":5}},"type":"if","locations":[{"start":{"line":30,"column":4},"end":{"line":32,"column":5}},{"start":{},"end":{}}],"line":30},"5":{"loc":{"start":{"line":30,"column":8},"end":{"line":30,"column":56}},"type":"binary-expr","locations":[{"start":{"line":30,"column":8},"end":{"line":30,"column":20}},{"start":{"line":30,"column":24},"end":{"line":30,"column":56}}],"line":30}},"s":{"0":0,"1":0,"2":0,"3":0,"4":0,"5":0,"6":0,"7":0,"8":0,"9":0,"10":0,"11":0,"12":0,"13":0,"14":0,"15":0},"f":{"0":0,"1":0,"2":0},"b":{"0":[0,0],"1":[0,0],"2":[0,0],"3":[0,0],"4":[0,0],"5":[0,0]}}
,"C:\\Users\\ariel\\OneDrive\\Escritorio\\RECRUITING_SMARTER___BRASIL\\proyecto_PP2_app_mobile\\lib\\tms\\status-patch-request.ts": {"path":"C:\\Users\\ariel\\OneDrive\\Escritorio\\RECRUITING_SMARTER___BRASIL\\proyecto_PP2_app_mobile\\lib\\tms\\status-patch-request.ts","statementMap":{"0":{"start":{"line":10,"column":2},"end":{"line":10,"column":70}},"1":{"start":{"line":14,"column":2},"end":{"line":14,"column":20}},"2":{"start":{"line":18,"column":2},"end":{"line":18,"column":57}},"3":{"start":{"line":22,"column":16},"end":{"line":22,"column":34}},"4":{"start":{"line":23,"column":2},"end":{"line":27,"column":4}},"5":{"start":{"line":41,"column":2},"end":{"line":45,"column":4}}},"fnMap":{"0":{"name":"buildStatusPatchPath","decl":{"start":{"line":9,"column":16},"end":{"line":9,"column":36}},"loc":{"start":{"line":9,"column":61},"end":{"line":11,"column":1}},"line":9},"1":{"name":"buildStatusPatchPayload","decl":{"start":{"line":13,"column":16},"end":{"line":13,"column":39}},"loc":{"start":{"line":13,"column":80},"end":{"line":15,"column":1}},"line":13},"2":{"name":"buildStatusPatchBody","decl":{"start":{"line":17,"column":16},"end":{"line":17,"column":36}},"loc":{"start":{"line":17,"column":65},"end":{"line":19,"column":1}},"line":17},"3":{"name":"buildStatusPatchHeaders","decl":{"start":{"line":21,"column":16},"end":{"line":21,"column":39}},"loc":{"start":{"line":21,"column":85},"end":{"line":28,"column":1}},"line":21},"4":{"name":"buildStatusPatchRequestInit","decl":{"start":{"line":37,"column":16},"end":{"line":37,"column":43}},"loc":{"start":{"line":40,"column":26},"end":{"line":46,"column":1}},"line":40}},"branchMap":{},"s":{"0":12,"1":13,"2":12,"3":12,"4":12,"5":8},"f":{"0":12,"1":13,"2":12,"3":12,"4":8},"b":{},"_coverageSchema":"1a1c01bbd47fc00a2c39e90264f33305004495a9","hash":"18f5c8d7df3ef3a817c41ffea6b3b83173651401"}
,"C:\\Users\\ariel\\OneDrive\\Escritorio\\RECRUITING_SMARTER___BRASIL\\proyecto_PP2_app_mobile\\lib\\tms\\tms-unauthorized-helpers.ts": {"path":"C:\\Users\\ariel\\OneDrive\\Escritorio\\RECRUITING_SMARTER___BRASIL\\proyecto_PP2_app_mobile\\lib\\tms\\tms-unauthorized-helpers.ts","statementMap":{"0":{"start":{"line":5,"column":2},"end":{"line":8,"column":4}},"1":{"start":{"line":16,"column":2},"end":{"line":22,"column":3}},"2":{"start":{"line":21,"column":4},"end":{"line":21,"column":34}},"3":{"start":{"line":23,"column":2},"end":{"line":25,"column":3}},"4":{"start":{"line":24,"column":4},"end":{"line":24,"column":84}},"5":{"start":{"line":26,"column":2},"end":{"line":26,"column":12}}},"fnMap":{"0":{"name":"tmsRejectedJwtMessage","decl":{"start":{"line":4,"column":9},"end":{"line":4,"column":30}},"loc":{"start":{"line":4,"column":57},"end":{"line":9,"column":1}},"line":4},"1":{"name":"rethrowIfTmsApiUnauthorized","decl":{"start":{"line":15,"column":16},"end":{"line":15,"column":43}},"loc":{"start":{"line":15,"column":65},"end":{"line":27,"column":1}},"line":15}},"branchMap":{"0":{"loc":{"start":{"line":16,"column":2},"end":{"line":22,"column":3}},"type":"if","locations":[{"start":{"line":16,"column":2},"end":{"line":22,"column":3}},{"start":{},"end":{}}],"line":16},"1":{"loc":{"start":{"line":17,"column":4},"end":{"line":19,"column":42}},"type":"binary-expr","locations":[{"start":{"line":17,"column":4},"end":{"line":17,"column":41}},{"start":{"line":18,"column":4},"end":{"line":18,"column":31}},{"start":{"line":19,"column":4},"end":{"line":19,"column":42}}],"line":17},"2":{"loc":{"start":{"line":23,"column":2},"end":{"line":25,"column":3}},"type":"if","locations":[{"start":{"line":23,"column":2},"end":{"line":25,"column":3}},{"start":{},"end":{}}],"line":23},"3":{"loc":{"start":{"line":23,"column":6},"end":{"line":23,"column":72}},"type":"binary-expr","locations":[{"start":{"line":23,"column":6},"end":{"line":23,"column":41}},{"start":{"line":23,"column":45},"end":{"line":23,"column":72}}],"line":23}},"s":{"0":2,"1":3,"2":1,"3":2,"4":1,"5":1},"f":{"0":2,"1":3},"b":{"0":[1,2],"1":[3,2,2],"2":[1,1],"3":[2,1]},"_coverageSchema":"1a1c01bbd47fc00a2c39e90264f33305004495a9","hash":"abfd8732d240655bd1a6015be5ca5ddeddc17c43"}
,"C:\\Users\\ariel\\OneDrive\\Escritorio\\RECRUITING_SMARTER___BRASIL\\proyecto_PP2_app_mobile\\lib\\tms\\upload-load-document.ts": {"path":"C:\\Users\\ariel\\OneDrive\\Escritorio\\RECRUITING_SMARTER___BRASIL\\proyecto_PP2_app_mobile\\lib\\tms\\upload-load-document.ts","statementMap":{"0":{"start":{"line":49,"column":6},"end":{"line":49,"column":12}},"1":{"start":{"line":51,"column":2},"end":{"line":53,"column":3}},"2":{"start":{"line":52,"column":4},"end":{"line":52,"column":49}},"3":{"start":{"line":55,"column":2},"end":{"line":55,"column":36}},"4":{"start":{"line":57,"column":14},"end":{"line":57,"column":65}},"5":{"start":{"line":58,"column":15},"end":{"line":58,"column":82}},"6":{"start":{"line":61,"column":2},"end":{"line":68,"column":3}},"7":{"start":{"line":62,"column":4},"end":{"line":62,"column":38}},"8":{"start":{"line":64,"column":4},"end":{"line":67,"column":6}},"9":{"start":{"line":70,"column":14},"end":{"line":70,"column":35}},"10":{"start":{"line":71,"column":22},"end":{"line":71,"column":26}},"11":{"start":{"line":72,"column":2},"end":{"line":78,"column":3}},"12":{"start":{"line":73,"column":4},"end":{"line":77,"column":5}},"13":{"start":{"line":74,"column":6},"end":{"line":74,"column":40}},"14":{"start":{"line":76,"column":6},"end":{"line":76,"column":18}},"15":{"start":{"line":80,"column":2},"end":{"line":82,"column":3}},"16":{"start":{"line":81,"column":4},"end":{"line":81,"column":58}},"17":{"start":{"line":84,"column":2},"end":{"line":86,"column":3}},"18":{"start":{"line":85,"column":4},"end":{"line":85,"column":90}},"19":{"start":{"line":88,"column":2},"end":{"line":88,"column":36}}},"fnMap":{"0":{"name":"uploadLoadDocument","decl":{"start":{"line":40,"column":22},"end":{"line":40,"column":40}},"loc":{"start":{"line":42,"column":31},"end":{"line":89,"column":1}},"line":42}},"branchMap":{"0":{"loc":{"start":{"line":48,"column":4},"end":{"line":48,"column":40}},"type":"default-arg","locations":[{"start":{"line":48,"column":36},"end":{"line":48,"column":40}}],"line":48},"1":{"loc":{"start":{"line":51,"column":2},"end":{"line":53,"column":3}},"type":"if","locations":[{"start":{"line":51,"column":2},"end":{"line":53,"column":3}},{"start":{},"end":{}}],"line":51},"2":{"loc":{"start":{"line":72,"column":2},"end":{"line":78,"column":3}},"type":"if","locations":[{"start":{"line":72,"column":2},"end":{"line":78,"column":3}},{"start":{},"end":{}}],"line":72},"3":{"loc":{"start":{"line":80,"column":2},"end":{"line":82,"column":3}},"type":"if","locations":[{"start":{"line":80,"column":2},"end":{"line":82,"column":3}},{"start":{},"end":{}}],"line":80},"4":{"loc":{"start":{"line":84,"column":2},"end":{"line":86,"column":3}},"type":"if","locations":[{"start":{"line":84,"column":2},"end":{"line":86,"column":3}},{"start":{},"end":{}}],"line":84},"5":{"loc":{"start":{"line":84,"column":6},"end":{"line":84,"column":62}},"type":"binary-expr","locations":[{"start":{"line":84,"column":6},"end":{"line":84,"column":11}},{"start":{"line":84,"column":15},"end":{"line":84,"column":39}},{"start":{"line":84,"column":43},"end":{"line":84,"column":62}}],"line":84}},"s":{"0":2,"1":2,"2":2,"3":2,"4":2,"5":2,"6":2,"7":2,"8":0,"9":2,"10":2,"11":2,"12":2,"13":2,"14":0,"15":2,"16":1,"17":1,"18":0,"19":1},"f":{"0":2},"b":{"0":[2],"1":[2,0],"2":[2,0],"3":[1,1],"4":[0,1],"5":[1,1,1]},"_coverageSchema":"1a1c01bbd47fc00a2c39e90264f33305004495a9","hash":"8e67ca92c5f4fcca62113292297d53720f9cf81b"}
}
