TN:
SF:components\loads\DriverActionBar.tsx
FN:23,DriverActionBar
FN:35,(anonymous_1)
FN:92,(anonymous_2)
FN:101,(anonymous_3)
FNF:4
FNH:0
FNDA:0,DriverActionBar
FNDA:0,(anonymous_1)
FNDA:0,(anonymous_2)
FNDA:0,(anonymous_3)
DA:28,0
DA:29,0
DA:30,0
DA:32,0
DA:33,0
DA:35,0
DA:36,0
DA:37,0
DA:38,0
DA:40,0
DA:41,0
DA:46,0
DA:48,0
DA:49,0
DA:50,0
DA:51,0
DA:52,0
DA:53,0
DA:57,0
DA:59,0
DA:63,0
DA:64,0
DA:74,0
DA:93,0
DA:94,0
DA:101,0
DA:114,0
LF:27
LH:0
BRDA:36,0,0,0
BRDA:36,0,1,0
BRDA:40,1,0,0
BRDA:40,1,1,0
BRDA:63,2,0,0
BRDA:63,2,1,0
BRDA:80,3,0,0
BRDA:80,3,1,0
BRDA:87,4,0,0
BRDA:87,4,1,0
BRDA:100,5,0,0
BRDA:100,5,1,0
BRDA:100,5,2,0
BRDA:105,6,0,0
BRDA:105,6,1,0
BRF:15
BRH:0
end_of_record
TN:
SF:components\loads\LoadDetailContent.tsx
FN:31,LoadDetailContent
FN:52,(anonymous_1)
FNF:2
FNH:0
FNDA:0,LoadDetailContent
FNDA:0,(anonymous_1)
DA:37,0
DA:53,0
DA:209,0
LF:3
LH:0
BRDA:39,0,0,0
BRDA:39,0,1,0
BRDA:49,1,0,0
BRDA:49,1,1,0
BRDA:75,2,0,0
BRDA:75,2,1,0
BRDA:81,3,0,0
BRDA:81,3,1,0
BRDA:84,4,0,0
BRDA:84,4,1,0
BRDA:87,5,0,0
BRDA:87,5,1,0
BRDA:96,6,0,0
BRDA:96,6,1,0
BRDA:98,7,0,0
BRDA:98,7,1,0
BRDA:101,8,0,0
BRDA:101,8,1,0
BRDA:104,9,0,0
BRDA:104,9,1,0
BRDA:105,10,0,0
BRDA:105,10,1,0
BRDA:106,11,0,0
BRDA:106,11,1,0
BRDA:112,12,0,0
BRDA:112,12,1,0
BRDA:114,13,0,0
BRDA:114,13,1,0
BRDA:117,14,0,0
BRDA:117,14,1,0
BRDA:120,15,0,0
BRDA:120,15,1,0
BRDA:123,16,0,0
BRDA:123,16,1,0
BRDA:126,17,0,0
BRDA:126,17,1,0
BRDA:129,18,0,0
BRDA:129,18,1,0
BRDA:135,19,0,0
BRDA:135,19,1,0
BRDA:137,20,0,0
BRDA:137,20,1,0
BRDA:143,21,0,0
BRDA:143,21,1,0
BRDA:149,22,0,0
BRDA:149,22,1,0
BRDA:155,23,0,0
BRDA:155,23,1,0
BRDA:165,24,0,0
BRDA:165,24,1,0
BRDA:169,25,0,0
BRDA:169,25,1,0
BRDA:173,26,0,0
BRDA:173,26,1,0
BRDA:177,27,0,0
BRDA:177,27,1,0
BRDA:183,28,0,0
BRDA:183,28,1,0
BRF:58
BRH:0
end_of_record
TN:
SF:components\loads\LoadDetailRow.tsx
FN:11,LoadDetailRow
FN:20,LoadDetailMeta
FNF:2
FNH:0
FNDA:0,LoadDetailRow
FNDA:0,LoadDetailMeta
DA:12,0
DA:21,0
DA:24,0
LF:3
LH:0
BRDA:13,0,0,0
BRDA:13,0,1,0
BRF:2
BRH:0
end_of_record
TN:
SF:components\loads\LoadListItem.tsx
FN:14,LoadListItem
FN:20,(anonymous_1)
FNF:2
FNH:0
FNDA:0,LoadListItem
FNDA:0,(anonymous_1)
DA:15,0
DA:17,0
DA:20,0
DA:47,0
LF:4
LH:0
BRDA:22,0,0,0
BRDA:22,0,1,0
BRDA:23,1,0,0
BRDA:23,1,1,0
BRDA:29,2,0,0
BRDA:29,2,1,0
BRDA:35,3,0,0
BRDA:35,3,1,0
BRDA:35,4,0,0
BRDA:35,4,1,0
BRDA:40,5,0,0
BRDA:40,5,1,0
BRF:12
BRH:0
end_of_record
TN:
SF:components\loads\LoadsCountBadge.tsx
FN:9,LoadsCountBadge
FNF:1
FNH:0
FNDA:0,LoadsCountBadge
DA:10,0
DA:17,0
LF:2
LH:0
BRF:0
BRH:0
end_of_record
TN:
SF:components\loads\LoadsListFooter.tsx
FN:14,LoadsListFooter
FNF:1
FNH:0
FNDA:0,LoadsListFooter
DA:22,0
DA:23,0
DA:31,0
DA:32,0
DA:35,0
DA:36,0
DA:44,0
DA:51,0
LF:8
LH:0
BRDA:22,0,0,0
BRDA:22,0,1,0
BRDA:31,1,0,0
BRDA:31,1,1,0
BRDA:35,2,0,0
BRDA:35,2,1,0
BRF:6
BRH:0
end_of_record
TN:
SF:components\ui\Button.tsx
FN:31,Button
FN:56,(anonymous_1)
FNF:2
FNH:0
FNDA:0,Button
FNDA:0,(anonymous_1)
DA:13,0
DA:40,0
DA:42,0
DA:50,0
DA:56,0
DA:73,0
LF:6
LH:0
BRDA:33,0,0,0
BRDA:34,1,0,0
BRDA:40,2,0,0
BRDA:40,2,1,0
BRDA:42,3,0,0
BRDA:42,3,1,0
BRDA:44,4,0,0
BRDA:44,4,1,0
BRDA:46,5,0,0
BRDA:46,5,1,0
BRDA:53,6,0,0
BRDA:53,6,1,0
BRDA:59,7,0,0
BRDA:59,7,1,0
BRDA:60,8,0,0
BRDA:60,8,1,0
BRDA:60,8,2,0
BRDA:64,9,0,0
BRDA:64,9,1,0
BRF:19
BRH:0
end_of_record
TN:
SF:components\ui\Card.tsx
FN:16,Card
FNF:1
FNH:0
FNDA:0,Card
DA:6,0
DA:17,0
DA:18,0
DA:28,0
LF:4
LH:0
BRDA:16,0,0,0
BRDA:19,1,0,0
BRDA:19,1,1,0
BRDA:20,2,0,0
BRDA:20,2,1,0
BRDA:21,3,0,0
BRDA:21,3,1,0
BRF:7
BRH:0
end_of_record
TN:
SF:components\ui\EmptyState.tsx
FN:12,EmptyState
FNF:1
FNH:0
FNDA:0,EmptyState
DA:17,0
DA:26,0
LF:2
LH:0
BRDA:15,0,0,0
BRF:1
BRH:0
end_of_record
TN:
SF:components\ui\ErrorBanner.tsx
FN:13,ErrorBanner
FN:24,(anonymous_1)
FN:35,(anonymous_2)
FNF:3
FNH:0
FNDA:0,ErrorBanner
FNDA:0,(anonymous_1)
FNDA:0,(anonymous_2)
DA:20,0
DA:25,0
DA:35,0
DA:43,0
LF:4
LH:0
BRDA:22,0,0,0
BRDA:22,0,1,0
BRDA:29,1,0,0
BRDA:29,1,1,0
BRDA:29,2,0,0
BRDA:29,2,1,0
BRDA:35,3,0,0
BRDA:35,3,1,0
BRF:8
BRH:0
end_of_record
TN:
SF:components\ui\Input.tsx
FN:15,Input
FNF:1
FNH:0
FNDA:0,Input
DA:5,0
DA:16,0
DA:17,0
DA:35,0
LF:4
LH:0
BRDA:15,0,0,0
BRDA:19,1,0,0
BRDA:19,1,1,0
BRDA:21,2,0,0
BRDA:21,2,1,0
BRDA:24,3,0,0
BRDA:24,3,1,0
BRDA:25,4,0,0
BRDA:25,4,1,0
BRDA:30,5,0,0
BRDA:30,5,1,0
BRF:11
BRH:0
end_of_record
TN:
SF:components\ui\Screen.tsx
FN:19,Screen
FNF:1
FNH:0
FNDA:0,Screen
DA:7,0
DA:25,0
DA:26,0
DA:28,0
DA:30,0
DA:40,0
DA:47,0
LF:7
LH:0
BRDA:21,0,0,0
BRDA:23,1,0,0
BRDA:25,2,0,0
BRDA:25,2,1,0
BRDA:26,3,0,0
BRDA:26,3,1,0
BRDA:28,4,0,0
BRDA:28,4,1,0
BRDA:30,5,0,0
BRDA:30,5,1,0
BRF:10
BRH:0
end_of_record
TN:
SF:components\ui\ScreenState.tsx
FN:22,LoadingState
FN:42,ErrorState
FNF:2
FNH:0
FNDA:0,LoadingState
FNDA:0,ErrorState
DA:27,0
DA:49,0
DA:57,0
LF:3
LH:0
BRDA:24,0,0,0
BRDA:52,1,0,0
BRDA:52,1,1,0
BRF:3
BRH:0
end_of_record
TN:
SF:components\ui\StatusBadge.tsx
FN:12,StatusBadge
FNF:1
FNH:1
FNDA:2,StatusBadge
DA:13,2
DA:27,1
LF:2
LH:2
BRDA:18,0,0,1
BRDA:18,0,1,1
BRF:2
BRH:2
end_of_record
TN:
SF:context\AuthContext.tsx
FN:41,AuthProvider
FN:47,(anonymous_1)
FN:54,(anonymous_2)
FN:67,(anonymous_3)
FN:81,(anonymous_4)
FN:88,(anonymous_5)
FN:92,(anonymous_6)
FN:102,(anonymous_7)
FN:111,(anonymous_8)
FN:118,(anonymous_9)
FN:145,useAuth
FNF:11
FNH:0
FNDA:0,AuthProvider
FNDA:0,(anonymous_1)
FNDA:0,(anonymous_2)
FNDA:0,(anonymous_3)
FNDA:0,(anonymous_4)
FNDA:0,(anonymous_5)
FNDA:0,(anonymous_6)
FNDA:0,(anonymous_7)
FNDA:0,(anonymous_8)
FNDA:0,(anonymous_9)
FNDA:0,useAuth
DA:39,4
DA:42,0
DA:43,0
DA:44,0
DA:45,0
DA:47,0
DA:48,0
DA:49,0
DA:50,0
DA:51,0
DA:54,0
DA:55,0
DA:56,0
DA:60,0
DA:61,0
DA:62,0
DA:64,0
DA:67,0
DA:68,0
DA:69,0
DA:70,0
DA:74,0
DA:75,0
DA:76,0
DA:78,0
DA:81,0
DA:82,0
DA:83,0
DA:84,0
DA:85,0
DA:88,0
DA:89,0
DA:90,0
DA:92,0
DA:93,0
DA:94,0
DA:95,0
DA:96,0
DA:97,0
DA:100,0
DA:102,0
DA:103,0
DA:104,0
DA:105,0
DA:106,0
DA:107,0
DA:111,0
DA:112,0
DA:113,0
DA:117,0
DA:118,0
DA:142,0
DA:146,0
DA:147,0
DA:148,0
DA:150,0
LF:56
LH:1
BRDA:60,0,0,0
BRDA:60,0,1,0
BRDA:74,1,0,0
BRDA:74,1,1,0
BRDA:94,2,0,0
BRDA:94,2,1,0
BRDA:103,3,0,0
BRDA:103,3,1,0
BRDA:106,4,0,0
BRDA:106,4,1,0
BRDA:121,5,0,0
BRDA:121,5,1,0
BRDA:147,6,0,0
BRDA:147,6,1,0
BRF:14
BRH:0
end_of_record
TN:
SF:context\LoadsContext.tsx
FN:28,LoadsProvider
FN:32,(anonymous_1)
FN:32,(anonymous_2)
FN:36,(anonymous_3)
FN:37,(anonymous_4)
FN:38,(anonymous_5)
FN:42,(anonymous_6)
FN:46,(anonymous_7)
FN:47,(anonymous_8)
FN:48,(anonymous_9)
FN:57,(anonymous_10)
FN:70,useLoads
FNF:12
FNH:5
FNDA:9,LoadsProvider
FNDA:9,(anonymous_1)
FNDA:4,(anonymous_2)
FNDA:0,(anonymous_3)
FNDA:0,(anonymous_4)
FNDA:0,(anonymous_5)
FNDA:0,(anonymous_6)
FNDA:0,(anonymous_7)
FNDA:0,(anonymous_8)
FNDA:0,(anonymous_9)
FNDA:9,(anonymous_10)
FNDA:9,useLoads
DA:20,2
DA:29,9
DA:31,9
DA:32,9
DA:36,9
DA:37,0
DA:38,0
DA:42,9
DA:43,0
DA:46,9
DA:47,0
DA:48,0
DA:49,0
DA:50,0
DA:51,0
DA:52,0
DA:56,9
DA:57,9
DA:67,9
DA:71,9
DA:72,9
DA:73,0
DA:75,9
LF:23
LH:13
BRDA:28,0,0,0
BRDA:38,1,0,0
BRDA:38,1,1,0
BRDA:49,2,0,0
BRDA:49,2,1,0
BRDA:72,3,0,0
BRDA:72,3,1,9
BRF:7
BRH:1
end_of_record
TN:
SF:hooks\useAssignedLoadsQuery.ts
FN:32,useAssignedLoadsQuery
FN:58,(anonymous_1)
FN:67,(anonymous_2)
FN:71,(anonymous_3)
FN:72,(anonymous_4)
FN:80,(anonymous_5)
FN:87,(anonymous_6)
FN:93,(anonymous_7)
FNF:8
FNH:6
FNDA:8,useAssignedLoadsQuery
FNDA:4,(anonymous_1)
FNDA:12,(anonymous_2)
FNDA:7,(anonymous_3)
FNDA:4,(anonymous_4)
FNDA:0,(anonymous_5)
FNDA:0,(anonymous_6)
FNDA:1,(anonymous_7)
DA:33,8
DA:34,8
DA:35,8
DA:37,8
DA:38,8
DA:45,8
DA:53,8
DA:59,4
DA:62,4
DA:63,1
DA:65,3
DA:68,12
DA:71,8
DA:72,7
DA:73,7
DA:76,8
DA:77,8
DA:78,8
DA:80,8
DA:81,0
DA:82,0
DA:84,0
DA:87,8
DA:88,0
DA:91,8
DA:93,8
DA:94,1
DA:95,0
DA:97,1
DA:101,8
DA:105,8
DA:108,8
DA:110,8
LF:33
LH:28
BRDA:37,0,0,8
BRDA:37,0,1,0
BRDA:62,1,0,1
BRDA:62,1,1,3
BRDA:68,2,0,5
BRDA:68,2,1,7
BRDA:72,3,0,7
BRDA:72,3,1,4
BRDA:77,4,0,8
BRDA:77,4,1,5
BRDA:78,5,0,8
BRDA:78,5,1,5
BRDA:81,6,0,0
BRDA:81,6,1,0
BRDA:94,7,0,0
BRDA:94,7,1,1
BRDA:94,8,0,1
BRDA:94,8,1,1
BRDA:101,9,0,8
BRDA:101,9,1,8
BRDA:101,9,2,8
BRDA:101,9,3,7
BRDA:101,9,4,3
BRDA:105,10,0,8
BRDA:105,10,1,0
BRDA:108,11,0,8
BRDA:108,11,1,7
BRDA:108,12,0,1
BRDA:108,12,1,6
BRF:29
BRH:24
end_of_record
TN:
SF:hooks\useAuth.ts
FNF:0
FNH:0
LF:0
LH:0
BRF:0
BRH:0
end_of_record
TN:
SF:hooks\useDriverLoadsRealtime.ts
FN:15,useDriverLoadsRealtime
FN:22,(anonymous_1)
FN:34,(anonymous_2)
FN:40,(anonymous_3)
FN:43,(anonymous_4)
FN:50,(anonymous_5)
FNF:6
FNH:0
FNDA:0,useDriverLoadsRealtime
FNDA:0,(anonymous_1)
FNDA:0,(anonymous_2)
FNDA:0,(anonymous_3)
FNDA:0,(anonymous_4)
FNDA:0,(anonymous_5)
DA:16,0
DA:17,0
DA:18,0
DA:19,0
DA:20,0
DA:22,0
DA:23,0
DA:24,0
DA:27,0
DA:28,0
DA:34,0
DA:35,0
DA:36,0
DA:40,0
DA:41,0
DA:43,0
DA:44,0
DA:45,0
DA:49,0
DA:50,0
LF:20
LH:0
BRDA:19,0,0,0
BRDA:19,0,1,0
BRDA:23,1,0,0
BRDA:23,1,1,0
BRDA:23,2,0,0
BRDA:23,2,1,0
BRDA:23,2,2,0
BRDA:23,2,3,0
BRDA:41,3,0,0
BRDA:41,3,1,0
BRDA:41,4,0,0
BRDA:41,4,1,0
BRDA:44,5,0,0
BRDA:44,5,1,0
BRF:14
BRH:0
end_of_record
TN:
SF:hooks\useDriverStatusChange.ts
FN:13,useDriverStatusChange
FN:19,(anonymous_1)
FNF:2
FNH:0
FNDA:0,useDriverStatusChange
FNDA:0,(anonymous_1)
DA:14,0
DA:15,0
DA:16,0
DA:18,0
DA:20,0
DA:22,0
DA:23,0
DA:24,0
DA:30,0
LF:9
LH:0
BRDA:20,0,0,0
BRDA:20,0,1,0
BRDA:20,1,0,0
BRDA:20,1,1,0
BRDA:23,2,0,0
BRDA:23,2,1,0
BRF:6
BRH:0
end_of_record
TN:
SF:hooks\useLoadDetailQuery.ts
FN:28,useLoadDetailQuery
FN:57,(anonymous_1)
FN:70,(anonymous_2)
FNF:3
FNH:2
FNDA:9,useLoadDetailQuery
FNDA:4,(anonymous_1)
FNDA:0,(anonymous_2)
DA:29,9
DA:30,9
DA:31,9
DA:32,9
DA:34,9
DA:35,9
DA:37,9
DA:45,9
DA:53,9
DA:58,4
DA:63,4
DA:64,1
DA:66,3
DA:70,9
DA:71,0
DA:72,0
DA:74,0
DA:77,9
DA:78,9
DA:81,9
DA:86,9
DA:87,9
DA:88,9
DA:90,9
DA:93,9
DA:99,9
LF:26
LH:23
BRDA:34,0,0,9
BRDA:34,0,1,0
BRDA:35,1,0,9
BRDA:35,1,1,0
BRDA:45,2,0,9
BRDA:45,2,1,8
BRDA:54,3,0,9
BRDA:54,3,1,0
BRDA:63,4,0,1
BRDA:63,4,1,3
BRDA:71,5,0,0
BRDA:71,5,1,0
BRDA:71,6,0,0
BRDA:71,6,1,0
BRDA:81,7,0,9
BRDA:81,7,1,9
BRDA:81,7,2,9
BRDA:81,7,3,9
BRDA:81,7,4,8
BRDA:81,7,5,2
BRDA:87,8,0,9
BRDA:87,8,1,5
BRDA:88,9,0,9
BRDA:88,9,1,5
BRDA:88,9,2,4
BRDA:90,10,0,9
BRDA:90,10,1,8
BRDA:90,11,0,1
BRDA:90,11,1,7
BRDA:93,12,0,9
BRDA:93,12,1,9
BRDA:93,12,2,8
BRDA:93,12,3,5
BRDA:93,12,4,1
BRF:34
BRH:27
end_of_record
TN:
SF:hooks\useProfile.ts
FNF:0
FNH:0
LF:0
LH:0
BRF:0
BRH:0
end_of_record
TN:
SF:hooks\testing\hooks-test-utils.tsx
FN:11,createTestQueryClient
FN:30,(anonymous_1)
FN:38,createHookWrapper
FN:41,Wrapper
FN:52,renderDriverHook
FNF:5
FNH:4
FNDA:9,createTestQueryClient
FNDA:0,(anonymous_1)
FNDA:9,createHookWrapper
FNDA:9,Wrapper
FNDA:9,renderDriverHook
DA:9,2
DA:12,9
DA:19,2
DA:25,2
DA:39,9
DA:42,9
DA:49,9
DA:56,9
DA:57,9
LF:9
LH:9
BRDA:38,0,0,0
BRDA:39,1,0,9
BRDA:39,1,1,9
BRDA:44,2,0,9
BRDA:44,2,1,7
BRDA:56,3,0,9
BRDA:56,3,1,7
BRF:7
BRH:6
end_of_record
TN:
SF:hooks\testing\fixtures\mock-load-detail.ts
FN:5,createMockLoadDetail
FNF:1
FNH:1
FNDA:7,createMockLoadDetail
DA:8,7
LF:1
LH:1
BRDA:6,0,0,0
BRF:1
BRH:0
end_of_record
TN:
SF:lib\auth\expected-auth-errors.ts
FN:5,isExpectedAuthError
FNF:1
FNH:0
FNDA:0,isExpectedAuthError
DA:3,4
DA:6,0
LF:2
LH:1
BRF:0
BRH:0
end_of_record
TN:
SF:lib\auth\mock-credentials.ts
FN:4,isMockCredentials
FNF:1
FNH:0
FNDA:0,isMockCredentials
DA:5,0
LF:1
LH:0
BRDA:6,0,0,0
BRDA:6,0,1,0
BRF:2
BRH:0
end_of_record
TN:
SF:lib\auth\redirect-uri.ts
FN:4,getAuthRedirectUri
FNF:1
FNH:0
FNDA:0,getAuthRedirectUri
DA:5,0
LF:1
LH:0
BRF:0
BRH:0
end_of_record
TN:
SF:lib\config\env.ts
FN:5,requireEnv
FNF:1
FNH:0
FNDA:0,requireEnv
DA:6,0
DA:7,0
DA:11,0
DA:14,0
DA:16,0
DA:17,0
DA:22,0
LF:7
LH:0
BRDA:6,0,0,0
BRDA:6,0,1,0
BRDA:14,1,0,0
BRDA:14,1,1,0
BRDA:16,2,0,0
BRDA:16,2,1,0
BRDA:25,3,0,0
BRDA:25,3,1,0
BRDA:29,4,0,0
BRDA:29,4,1,0
BRDA:34,5,0,0
BRDA:34,5,1,0
BRDA:34,5,2,0
BRDA:42,6,0,0
BRDA:42,6,1,0
BRF:15
BRH:0
end_of_record
TN:
SF:lib\driver-status\index.ts
FNF:0
FNH:0
LF:0
LH:0
BRF:0
BRH:0
end_of_record
TN:
SF:lib\driver-status\run-driver-status-change.ts
FN:26,runDriverStatusChange
FNF:1
FNH:1
FNDA:3,runDriverStatusChange
DA:36,3
DA:38,3
DA:39,3
DA:45,3
DA:52,3
DA:53,3
DA:55,3
DA:56,2
DA:57,2
DA:60,3
DA:61,3
DA:66,2
DA:70,2
DA:75,1
DA:76,1
DA:77,1
DA:79,1
DA:87,1
LF:18
LH:18
BRDA:55,0,0,2
BRDA:55,0,1,1
BRDA:75,1,0,1
BRDA:75,1,1,0
BRF:4
BRH:3
end_of_record
TN:
SF:lib\errors\index.ts
FNF:0
FNH:0
LF:0
LH:0
BRF:0
BRH:0
end_of_record
TN:
SF:lib\errors\map-api-error.ts
FN:10,mapErrorToUserFacing
FN:24,getUserFacingMessage
FNF:2
FNH:2
FNDA:3,mapErrorToUserFacing
FNDA:2,getUserFacingMessage
DA:11,3
DA:12,1
DA:14,2
DA:15,2
DA:17,0
DA:18,0
DA:20,0
DA:25,2
DA:26,2
DA:27,0
DA:29,2
LF:11
LH:7
BRDA:11,0,0,1
BRDA:11,0,1,2
BRDA:14,1,0,2
BRDA:14,1,1,0
BRDA:14,2,0,2
BRDA:14,2,1,2
BRDA:17,3,0,0
BRDA:17,3,1,0
BRDA:17,4,0,0
BRDA:17,4,1,0
BRDA:26,5,0,0
BRDA:26,5,1,2
BRF:12
BRH:6
end_of_record
TN:
SF:lib\errors\map-status-error.ts
FN:10,mapStatusChangeError
FN:14,(anonymous_1)
FN:43,(anonymous_2)
FN:83,mapActiveHoldsPreview
FN:89,(anonymous_4)
FNF:5
FNH:2
FNDA:3,mapStatusChangeError
FNDA:3,(anonymous_1)
FNDA:0,(anonymous_2)
FNDA:0,mapActiveHoldsPreview
FNDA:0,(anonymous_4)
DA:11,3
DA:14,3
DA:15,2
DA:25,1
DA:31,0
DA:37,0
DA:43,0
DA:44,0
DA:46,0
DA:56,0
DA:62,0
DA:68,0
DA:74,0
DA:84,0
DA:89,0
LF:15
LH:4
BRDA:11,0,0,2
BRDA:11,0,1,1
BRDA:11,0,2,0
BRDA:11,0,3,0
BRDA:11,0,4,0
BRDA:11,0,5,0
BRDA:11,0,6,0
BRDA:11,0,7,0
BRDA:11,0,8,0
BRDA:14,1,0,2
BRDA:14,1,1,0
BRDA:18,2,0,2
BRDA:18,2,1,0
BRDA:19,3,0,2
BRDA:19,3,1,0
BRDA:28,4,0,1
BRDA:28,4,1,0
BRDA:34,5,0,0
BRDA:34,5,1,0
BRDA:40,6,0,0
BRDA:40,6,1,0
BRDA:49,7,0,0
BRDA:49,7,1,0
BRDA:50,8,0,0
BRDA:50,8,1,0
BRDA:59,9,0,0
BRDA:59,9,1,0
BRDA:65,10,0,0
BRDA:65,10,1,0
BRDA:71,11,0,0
BRDA:71,11,1,0
BRDA:77,12,0,0
BRDA:77,12,1,0
BRF:33
BRH:6
end_of_record
TN:
SF:lib\errors\map-supabase-error.ts
FN:10,extractMessage
FN:29,mapSupabaseError
FNF:2
FNH:2
FNDA:4,extractMessage
FNDA:4,mapSupabaseError
DA:11,4
DA:12,0
DA:14,4
DA:15,2
DA:16,2
DA:18,2
DA:19,2
DA:20,2
DA:22,0
DA:30,4
DA:31,4
DA:33,4
DA:38,1
DA:45,3
DA:51,2
DA:58,1
DA:59,0
DA:66,1
DA:71,0
DA:78,1
LF:20
LH:16
BRDA:11,0,0,0
BRDA:11,0,1,4
BRDA:14,1,0,2
BRDA:14,1,1,2
BRDA:16,2,0,2
BRDA:16,2,1,2
BRDA:18,3,0,2
BRDA:18,3,1,0
BRDA:18,4,0,2
BRDA:18,4,1,2
BRDA:18,4,2,2
BRDA:20,5,0,2
BRDA:20,5,1,0
BRDA:20,6,0,2
BRDA:20,6,1,0
BRDA:33,7,0,1
BRDA:33,7,1,3
BRDA:34,8,0,4
BRDA:34,8,1,3
BRDA:34,8,2,3
BRDA:45,9,0,2
BRDA:45,9,1,1
BRDA:46,10,0,3
BRDA:46,10,1,2
BRDA:46,10,2,1
BRDA:46,10,3,1
BRDA:58,11,0,0
BRDA:58,11,1,1
BRDA:58,12,0,1
BRDA:58,12,1,1
BRDA:66,13,0,0
BRDA:66,13,1,1
BRDA:67,14,0,1
BRDA:67,14,1,1
BRDA:67,14,2,1
BRDA:81,15,0,1
BRDA:81,15,1,0
BRF:37
BRH:30
end_of_record
TN:
SF:lib\errors\strings.ts
FNF:0
FNH:0
DA:2,3
LF:1
LH:1
BRF:0
BRH:0
end_of_record
TN:
SF:lib\errors\types.ts
FNF:0
FNH:0
LF:0
LH:0
BRF:0
BRH:0
end_of_record
TN:
SF:lib\loads\active-holds.ts
FN:2,getActiveHoldKeysFromLoad
FN:29,formatHoldLabel
FNF:2
FNH:2
FNDA:23,getActiveHoldKeysFromLoad
FNDA:9,formatHoldLabel
DA:10,23
DA:11,23
DA:12,23
DA:13,23
DA:14,23
DA:15,23
DA:16,23
DA:17,23
DA:20,8
DA:30,9
LF:10
LH:10
BRDA:11,0,0,4
BRDA:11,0,1,19
BRDA:12,1,0,1
BRDA:12,1,1,22
BRDA:13,2,0,1
BRDA:13,2,1,22
BRDA:14,3,0,1
BRDA:14,3,1,22
BRDA:15,4,0,1
BRDA:15,4,1,22
BRDA:16,5,0,3
BRDA:16,5,1,20
BRDA:30,6,0,9
BRDA:30,6,1,1
BRF:14
BRH:14
end_of_record
TN:
SF:lib\loads\constants.ts
FNF:0
FNH:0
DA:7,8
DA:22,8
DA:32,8
LF:3
LH:3
BRF:0
BRH:0
end_of_record
TN:
SF:lib\loads\driver-actions.ts
FN:13,filterDriverFieldActions
FN:15,(anonymous_1)
FN:21,getDriverActionsForStatus
FN:26,isDriverFieldStatus
FN:30,isFinalLoadStatus
FN:34,canDriverTransition
FNF:6
FNH:6
FNDA:45,filterDriverFieldActions
FNDA:120,(anonymous_1)
FNDA:29,getDriverActionsForStatus
FNDA:6,isDriverFieldStatus
FNDA:2,isFinalLoadStatus
FNDA:9,canDriverTransition
DA:14,45
DA:16,120
DA:22,29
DA:23,29
DA:27,6
DA:31,2
DA:35,9
LF:7
LH:7
BRDA:16,0,0,120
BRDA:16,0,1,63
BRDA:22,1,0,29
BRDA:22,1,1,0
BRF:4
BRH:3
end_of_record
TN:
SF:lib\loads\format.ts
FN:14,formatLoadStatus
FN:18,formatAppointment
FN:30,formatAppointmentRange
FN:43,formatReference
FNF:4
FNH:4
FNDA:11,formatLoadStatus
FNDA:11,formatAppointment
FNDA:4,formatAppointmentRange
FNDA:2,formatReference
DA:3,5
DA:15,11
DA:19,11
DA:20,9
DA:21,9
DA:22,8
DA:34,4
DA:35,3
DA:36,2
DA:37,2
DA:38,2
DA:40,1
DA:44,2
LF:13
LH:13
BRDA:15,0,0,11
BRDA:15,0,1,1
BRDA:19,1,0,2
BRDA:19,1,1,9
BRDA:21,2,0,1
BRDA:21,2,1,8
BRDA:34,3,0,1
BRDA:34,3,1,3
BRDA:34,4,0,4
BRDA:34,4,1,1
BRDA:35,5,0,2
BRDA:35,5,1,1
BRDA:35,6,0,3
BRDA:35,6,1,3
BRDA:38,7,0,1
BRDA:38,7,1,1
BRDA:40,8,0,1
BRDA:40,8,1,0
BRDA:44,9,0,1
BRDA:44,9,1,1
BRF:20
BRH:19
end_of_record
TN:
SF:lib\loads\index.ts
FNF:0
FNH:0
LF:0
LH:0
BRF:0
BRH:0
end_of_record
TN:
SF:lib\loads\load-detail-helpers.ts
FN:4,formatDisplayValue
FN:9,hasShipmentInfo
FN:19,hasContainerInfo
FN:30,hasTimeline
FN:39,hasLoadFlags
FNF:5
FNH:5
FNDA:4,formatDisplayValue
FNDA:2,hasShipmentInfo
FNDA:2,hasContainerInfo
FNDA:1,hasTimeline
FNDA:2,hasLoadFlags
DA:5,4
DA:6,4
DA:10,2
DA:20,2
DA:31,1
DA:40,2
LF:6
LH:6
BRDA:6,0,0,1
BRDA:6,0,1,3
BRDA:11,1,0,2
BRDA:11,1,1,2
BRDA:11,1,2,2
BRDA:11,1,3,1
BRDA:11,1,4,1
BRDA:21,2,0,2
BRDA:21,2,1,1
BRDA:21,2,2,1
BRDA:21,2,3,1
BRDA:21,2,4,1
BRDA:21,2,5,1
BRDA:32,3,0,1
BRDA:32,3,1,0
BRDA:32,3,2,0
BRDA:32,3,3,0
BRDA:40,4,0,2
BRDA:40,4,1,1
BRDA:40,4,2,1
BRF:20
BRH:17
end_of_record
TN:
SF:lib\loads\optimistic-status.ts
FN:9,canOptimisticallyUpdateLoadStatus
FNF:1
FNH:1
FNDA:9,canOptimisticallyUpdateLoadStatus
DA:14,9
DA:15,9
DA:16,6
DA:17,4
DA:18,4
LF:5
LH:5
BRDA:15,0,0,3
BRDA:15,0,1,6
BRDA:16,1,0,2
BRDA:16,1,1,4
BRDA:17,2,0,0
BRDA:17,2,1,4
BRF:6
BRH:5
end_of_record
TN:
SF:lib\loads\web-panel-reference.ts
FN:27,filterWebDriverPanelActions
FN:29,(anonymous_1)
FNF:2
FNH:2
FNDA:15,filterWebDriverPanelActions
FNDA:37,(anonymous_1)
DA:7,1
DA:21,1
DA:28,15
DA:30,37
LF:4
LH:4
BRDA:30,0,0,37
BRDA:30,0,1,19
BRF:2
BRH:2
end_of_record
TN:
SF:lib\logging\safe-log.ts
FN:8,redactValue
FN:16,sanitizeMeta
FN:35,(anonymous_2)
FN:45,(anonymous_3)
FN:49,(anonymous_4)
FN:54,(anonymous_5)
FNF:6
FNH:0
FNDA:0,redactValue
FNDA:0,sanitizeMeta
FNDA:0,(anonymous_2)
FNDA:0,(anonymous_3)
FNDA:0,(anonymous_4)
FNDA:0,(anonymous_5)
DA:3,4
DA:6,4
DA:9,0
DA:10,0
DA:11,0
DA:13,0
DA:17,0
DA:18,0
DA:19,0
DA:20,0
DA:22,0
DA:34,4
DA:36,0
DA:37,0
DA:38,0
DA:39,0
DA:41,0
DA:46,0
DA:47,0
DA:50,0
DA:51,0
DA:55,0
DA:56,0
DA:57,0
DA:58,0
DA:60,0
LF:26
LH:3
BRDA:9,0,0,0
BRDA:9,0,1,0
BRDA:10,1,0,0
BRDA:10,1,1,0
BRDA:10,2,0,0
BRDA:10,2,1,0
BRDA:17,3,0,0
BRDA:17,3,1,0
BRDA:36,4,0,0
BRDA:36,4,1,0
BRDA:38,5,0,0
BRDA:38,5,1,0
BRDA:38,6,0,0
BRDA:38,6,1,0
BRDA:46,7,0,0
BRDA:46,7,1,0
BRDA:46,8,0,0
BRDA:46,8,1,0
BRDA:50,9,0,0
BRDA:50,9,1,0
BRDA:55,10,0,0
BRDA:55,10,1,0
BRDA:57,11,0,0
BRDA:57,11,1,0
BRDA:57,12,0,0
BRDA:57,12,1,0
BRF:26
BRH:0
end_of_record
TN:
SF:lib\query\QueryProvider.tsx
FN:7,QueryCacheAuthSync
FN:11,(anonymous_1)
FN:24,QueryProvider
FN:25,(anonymous_3)
FNF:4
FNH:0
FNDA:0,QueryCacheAuthSync
FNDA:0,(anonymous_1)
FNDA:0,QueryProvider
FNDA:0,(anonymous_3)
DA:8,0
DA:9,0
DA:11,0
DA:12,0
DA:13,0
DA:17,0
DA:25,0
DA:27,0
LF:8
LH:0
BRDA:12,0,0,0
BRDA:12,0,1,0
BRF:2
BRH:0
end_of_record
TN:
SF:lib\query\driver-query-gate.ts
FN:11,getDriverQueryGateError
FN:22,isDriverLoadsQueryEnabled
FNF:2
FNH:2
FNDA:17,getDriverQueryGateError
FNDA:17,isDriverLoadsQueryEnabled
DA:12,17
DA:13,17
DA:14,0
DA:16,17
DA:17,2
DA:19,15
DA:29,17
LF:7
LH:6
BRDA:13,0,0,0
BRDA:13,0,1,17
BRDA:13,1,0,17
BRDA:13,1,1,17
BRDA:16,2,0,2
BRDA:16,2,1,15
BRDA:17,3,0,2
BRDA:17,3,1,0
BRDA:30,4,0,17
BRDA:30,4,1,17
BRDA:30,4,2,17
BRDA:30,4,3,17
BRDA:30,4,4,15
BRF:13
BRH:11
end_of_record
TN:
SF:lib\query\index.ts
FNF:0
FNH:0
LF:0
LH:0
BRF:0
BRH:0
end_of_record
TN:
SF:lib\query\invalidate-loads.ts
FN:9,invalidateDriverLoads
FN:18,invalidateLoadDetail
FNF:2
FNH:0
FNDA:0,invalidateDriverLoads
FNDA:0,invalidateLoadDetail
DA:13,0
DA:23,0
LF:2
LH:0
BRF:0
BRH:0
end_of_record
TN:
SF:lib\query\patch-load-status.ts
FN:11,setLoadStatusInCache
FN:19,(anonymous_1)
FN:24,(anonymous_2)
FN:28,(anonymous_3)
FN:30,(anonymous_4)
FNF:5
FNH:3
FNDA:3,setLoadStatusInCache
FNDA:3,(anonymous_1)
FNDA:3,(anonymous_2)
FNDA:0,(anonymous_3)
FNDA:0,(anonymous_4)
DA:17,3
DA:19,3
DA:22,3
DA:25,3
DA:26,0
DA:28,0
DA:31,0
LF:7
LH:4
BRDA:19,0,0,2
BRDA:19,0,1,1
BRDA:25,1,0,3
BRDA:25,1,1,0
BRDA:31,2,0,0
BRDA:31,2,1,0
BRF:6
BRH:3
end_of_record
TN:
SF:lib\query\query-client.ts
FN:3,createAppQueryClient
FN:18,getQueryClient
FN:26,resetQueryClientForTests
FNF:3
FNH:0
FNDA:0,createAppQueryClient
FNDA:0,getQueryClient
FNDA:0,resetQueryClientForTests
DA:4,0
DA:16,0
DA:19,0
DA:20,0
DA:22,0
DA:27,0
LF:6
LH:0
BRDA:19,0,0,0
BRDA:19,0,1,0
BRF:2
BRH:0
end_of_record
TN:
SF:lib\query\query-keys.ts
FN:4,(anonymous_0)
FN:6,(anonymous_1)
FN:7,(anonymous_2)
FN:8,(anonymous_3)
FNF:4
FNH:3
FNDA:0,(anonymous_0)
FNDA:29,(anonymous_1)
FNDA:12,(anonymous_2)
FNDA:16,(anonymous_3)
DA:2,5
DA:4,0
DA:6,29
DA:7,12
DA:9,16
LF:5
LH:4
BRF:0
BRH:0
end_of_record
TN:
SF:lib\router\route-params.ts
FN:2,resolveRouteParam
FNF:1
FNH:1
FNDA:5,resolveRouteParam
DA:5,5
DA:6,4
DA:7,4
DA:8,4
LF:4
LH:4
BRDA:5,0,0,1
BRDA:5,0,1,4
BRDA:6,1,0,2
BRDA:6,1,1,2
BRDA:8,2,0,2
BRDA:8,2,1,2
BRF:6
BRH:6
end_of_record
TN:
SF:lib\supabase\assert-anon-key.ts
FN:5,assertSupabaseAnonKey
FNF:1
FNH:1
FNDA:3,assertSupabaseAnonKey
DA:6,3
DA:7,3
DA:8,1
DA:11,2
DA:12,2
DA:13,2
DA:14,2
DA:20,2
DA:21,1
DA:26,1
DA:27,1
LF:11
LH:11
BRDA:7,0,0,1
BRDA:7,0,1,2
BRDA:15,1,0,2
BRDA:15,1,1,0
BRDA:20,2,0,1
BRDA:20,2,1,1
BRDA:26,3,0,1
BRDA:26,3,1,0
BRDA:26,4,0,1
BRDA:26,4,1,1
BRF:10
BRH:8
end_of_record
TN:
SF:lib\supabase\auth-callback.ts
FN:14,handleAuthCallbackUrl
FNF:1
FNH:0
FNDA:0,handleAuthCallbackUrl
DA:15,0
DA:17,0
DA:18,0
DA:19,0
DA:26,0
DA:27,0
DA:29,0
DA:30,0
DA:31,0
DA:32,0
DA:33,0
DA:35,0
DA:38,0
DA:39,0
DA:41,0
DA:42,0
DA:46,0
DA:47,0
DA:48,0
DA:50,0
DA:53,0
LF:21
LH:0
BRDA:17,0,0,0
BRDA:17,0,1,0
BRDA:29,1,0,0
BRDA:29,1,1,0
BRDA:31,2,0,0
BRDA:31,2,1,0
BRDA:41,3,0,0
BRDA:41,3,1,0
BRDA:41,4,0,0
BRDA:41,4,1,0
BRDA:46,5,0,0
BRDA:46,5,1,0
BRF:12
BRH:0
end_of_record
TN:
SF:lib\supabase\auth-session.ts
FN:9,fetchInitialSession
FN:24,subscribeToAuthChanges
FN:28,(anonymous_2)
FN:31,(anonymous_3)
FNF:4
FNH:4
FNDA:2,fetchInitialSession
FNDA:1,subscribeToAuthChanges
FNDA:1,(anonymous_2)
FNDA:1,(anonymous_3)
DA:12,2
DA:13,2
DA:14,1
DA:16,1
DA:28,1
DA:29,1
DA:31,1
LF:7
LH:7
BRDA:13,0,0,1
BRDA:13,0,1,1
BRDA:16,1,0,1
BRDA:16,1,1,0
BRF:4
BRH:3
end_of_record
TN:
SF:lib\supabase\client.ts
FN:9,(anonymous_0)
FN:10,(anonymous_1)
FN:11,(anonymous_2)
FN:23,getSupabase
FN:39,resetSupabaseClientForTests
FNF:5
FNH:0
FNDA:0,(anonymous_0)
FNDA:0,(anonymous_1)
FNDA:0,(anonymous_2)
FNDA:0,getSupabase
FNDA:0,resetSupabaseClientForTests
DA:8,0
DA:9,0
DA:10,0
DA:11,0
DA:14,0
DA:24,0
DA:25,0
DA:26,0
DA:35,0
DA:40,0
LF:10
LH:0
BRDA:24,0,0,0
BRDA:24,0,1,0
BRF:2
BRH:0
end_of_record
TN:
SF:lib\supabase\index.ts
FNF:0
FNH:0
LF:0
LH:0
BRF:0
BRH:0
end_of_record
TN:
SF:lib\supabase\hooks\useAuth.ts
FNF:0
FNH:0
LF:0
LH:0
BRF:0
BRH:0
end_of_record
TN:
SF:lib\supabase\hooks\useProfile.ts
FN:20,useProfile
FN:26,(anonymous_1)
FN:47,(anonymous_2)
FN:54,(anonymous_3)
FN:85,(anonymous_4)
FNF:5
FNH:0
FNDA:0,useProfile
FNDA:0,(anonymous_1)
FNDA:0,(anonymous_2)
FNDA:0,(anonymous_3)
FNDA:0,(anonymous_4)
DA:21,0
DA:22,0
DA:23,0
DA:24,0
DA:26,0
DA:27,0
DA:28,0
DA:29,0
DA:30,0
DA:31,0
DA:34,0
DA:35,0
DA:37,0
DA:42,0
DA:43,0
DA:44,0
DA:47,0
DA:48,0
DA:49,0
DA:52,0
DA:54,0
DA:55,0
DA:56,0
DA:57,0
DA:58,0
DA:59,0
DA:61,0
DA:64,0
DA:65,0
DA:66,0
DA:69,0
DA:74,0
DA:75,0
DA:78,0
DA:79,0
DA:80,0
DA:83,0
DA:85,0
DA:86,0
DA:90,0
LF:40
LH:0
BRDA:27,0,0,0
BRDA:27,0,1,0
BRDA:27,1,0,0
BRDA:27,1,1,0
BRDA:48,2,0,0
BRDA:48,2,1,0
BRDA:55,3,0,0
BRDA:55,3,1,0
BRDA:55,4,0,0
BRDA:55,4,1,0
BRDA:56,5,0,0
BRDA:56,5,1,0
BRDA:64,6,0,0
BRDA:64,6,1,0
BRDA:74,7,0,0
BRDA:74,7,1,0
BRDA:92,8,0,0
BRDA:92,8,1,0
BRF:18
BRH:0
end_of_record
TN:
SF:lib\supabase\queries\fetch-driver-loads-page.ts
FN:14,orderLoadListRowsByIds
FN:25,(anonymous_1)
FN:26,(anonymous_2)
FN:33,fetchDriverLoadsPageImpl
FN:65,(anonymous_4)
FNF:5
FNH:3
FNDA:1,orderLoadListRowsByIds
FNDA:2,(anonymous_1)
FNDA:2,(anonymous_2)
FNDA:0,fetchDriverLoadsPageImpl
FNDA:0,(anonymous_4)
DA:18,1
DA:19,1
DA:20,3
DA:21,2
DA:24,1
DA:25,2
DA:26,2
DA:38,0
DA:39,0
DA:40,0
DA:41,0
DA:47,0
DA:54,0
DA:55,0
DA:65,0
DA:66,0
DA:67,0
DA:68,0
DA:78,0
DA:83,0
DA:84,0
DA:94,0
DA:98,0
DA:99,0
DA:101,0
LF:25
LH:7
BRDA:20,0,0,2
BRDA:20,0,1,1
BRDA:36,1,0,0
BRDA:38,2,0,0
BRDA:38,2,1,0
BRDA:39,3,0,0
BRDA:39,3,1,0
BRDA:54,4,0,0
BRDA:54,4,1,0
BRDA:65,5,0,0
BRDA:65,5,1,0
BRDA:66,6,0,0
BRDA:66,6,1,0
BRDA:67,7,0,0
BRDA:67,7,1,0
BRDA:83,8,0,0
BRDA:83,8,1,0
BRDA:88,9,0,0
BRDA:88,9,1,0
BRDA:96,10,0,0
BRDA:96,10,1,0
BRDA:99,11,0,0
BRDA:99,11,1,0
BRF:23
BRH:2
end_of_record
TN:
SF:lib\supabase\queries\index.ts
FNF:0
FNH:0
LF:0
LH:0
BRF:0
BRH:0
end_of_record
TN:
SF:lib\supabase\queries\load-query-select.ts
FNF:0
FNH:0
DA:2,1
DA:27,1
LF:2
LH:2
BRF:0
BRH:0
end_of_record
TN:
SF:lib\supabase\queries\loads.ts
FN:41,fetchDriverLoadsPage
FN:50,fetchLoadsForDriver
FN:65,fetchLoadDetailForDriver
FNF:3
FNH:0
FNDA:0,fetchDriverLoadsPage
FNDA:0,fetchLoadsForDriver
FNDA:0,fetchLoadDetailForDriver
DA:46,0
DA:55,0
DA:59,0
DA:70,0
DA:77,0
DA:78,0
DA:81,0
DA:82,0
DA:85,0
DA:86,0
LF:10
LH:0
BRDA:44,0,0,0
BRDA:53,1,0,0
BRDA:77,2,0,0
BRDA:77,2,1,0
BRDA:81,3,0,0
BRDA:81,3,1,0
BRF:6
BRH:0
end_of_record
TN:
SF:lib\supabase\queries\map-load-row.ts
FN:70,firstEmbed
FN:75,formatCustomerAddress
FN:81,(anonymous_2)
FN:109,mapLoadRowToDetail
FN:136,mapLoadDetailRowToDetail
FN:168,mapLoadRowsToDetails
FN:176,dedupeLoadListRows
FN:188,dedupeLoadsById
FN:199,hasMoreDriverLoads
FNF:9
FNH:9
FNDA:42,firstEmbed
FNDA:2,formatCustomerAddress
FNDA:3,(anonymous_2)
FNDA:18,mapLoadRowToDetail
FNDA:2,mapLoadDetailRowToDetail
FNDA:1,mapLoadRowsToDetails
FNDA:2,dedupeLoadListRows
FNDA:8,dedupeLoadsById
FNDA:5,hasMoreDriverLoads
DA:71,42
DA:72,11
DA:76,2
DA:77,1
DA:81,3
DA:82,1
DA:85,4
DA:110,18
DA:111,18
DA:113,18
DA:137,2
DA:138,2
DA:139,2
DA:140,2
DA:142,2
DA:169,1
DA:177,2
DA:178,2
DA:179,2
DA:180,5
DA:181,4
DA:182,4
DA:184,2
DA:189,8
DA:190,8
DA:191,7
DA:192,6
DA:195,8
DA:205,5
DA:206,5
DA:207,4
DA:208,2
DA:210,2
LF:33
LH:33
BRDA:71,0,0,31
BRDA:71,0,1,11
BRDA:72,1,0,2
BRDA:72,1,1,9
BRDA:72,2,0,2
BRDA:72,2,1,0
BRDA:76,3,0,1
BRDA:76,3,1,1
BRDA:81,4,0,3
BRDA:81,4,1,3
BRDA:82,5,0,1
BRDA:82,5,1,0
BRDA:117,6,0,18
BRDA:117,6,1,14
BRDA:127,7,0,18
BRDA:127,7,1,15
BRDA:130,8,0,18
BRDA:130,8,1,17
BRDA:131,9,0,18
BRDA:131,9,1,17
BRDA:132,10,0,18
BRDA:132,10,1,16
BRDA:149,11,0,2
BRDA:149,11,1,0
BRDA:149,11,2,0
BRDA:151,12,0,2
BRDA:151,12,1,1
BRDA:151,12,2,1
BRDA:152,13,0,2
BRDA:152,13,1,1
BRDA:153,14,0,2
BRDA:153,14,1,1
BRDA:159,15,0,2
BRDA:159,15,1,1
BRDA:161,16,0,2
BRDA:161,16,1,1
BRDA:162,17,0,2
BRDA:162,17,1,1
BRDA:163,18,0,2
BRDA:163,18,1,2
BRDA:164,19,0,2
BRDA:164,19,1,1
BRDA:180,20,0,1
BRDA:180,20,1,4
BRDA:191,21,0,6
BRDA:191,21,1,1
BRDA:206,22,0,1
BRDA:206,22,1,4
BRDA:207,23,0,2
BRDA:207,23,1,2
BRF:50
BRH:46
end_of_record
TN:
SF:lib\supabase\queries\profile.ts
FN:12,fetchUserProfile
FNF:1
FNH:0
FNDA:0,fetchUserProfile
DA:10,0
DA:16,0
DA:22,0
DA:23,0
DA:26,0
DA:27,0
DA:30,0
LF:7
LH:0
BRDA:22,0,0,0
BRDA:22,0,1,0
BRDA:26,1,0,0
BRDA:26,1,1,0
BRF:4
BRH:0
end_of_record
TN:
SF:lib\supabase\realtime\driver-loads-subscription.ts
FN:24,createDriverLoadsRealtimeHandler
FN:32,(anonymous_1)
FN:40,(anonymous_2)
FN:43,(anonymous_3)
FN:44,(anonymous_4)
FN:56,affectsDriver
FN:65,loadIdFromPayload
FN:77,subscribeDriverLoadsRealtime
FN:87,(anonymous_8)
FN:94,(anonymous_9)
FN:100,(anonymous_10)
FN:119,(anonymous_11)
FNF:12
FNH:5
FNDA:1,createDriverLoadsRealtimeHandler
FNDA:1,(anonymous_1)
FNDA:2,(anonymous_2)
FNDA:1,(anonymous_3)
FNDA:1,(anonymous_4)
FNDA:0,affectsDriver
FNDA:0,loadIdFromPayload
FNDA:0,subscribeDriverLoadsRealtime
FNDA:0,(anonymous_8)
FNDA:0,(anonymous_9)
FNDA:0,(anonymous_10)
FNDA:0,(anonymous_11)
DA:14,1
DA:29,1
DA:30,1
DA:32,1
DA:33,1
DA:34,1
DA:35,1
DA:37,1
DA:40,1
DA:41,2
DA:42,2
DA:43,2
DA:44,1
DA:45,1
DA:46,2
DA:48,1
DA:53,1
DA:60,0
DA:61,0
DA:62,0
DA:68,0
DA:69,0
DA:70,0
DA:82,0
DA:83,0
DA:84,0
DA:85,0
DA:87,0
DA:88,0
DA:90,0
DA:91,0
DA:95,0
DA:96,0
DA:100,0
DA:101,0
DA:102,0
DA:103,0
DA:108,0
DA:109,0
DA:110,0
DA:111,0
DA:116,0
DA:118,0
DA:120,0
DA:121,0
DA:122,0
DA:123,0
LF:47
LH:17
BRDA:27,0,0,0
BRDA:33,1,0,1
BRDA:33,1,1,0
BRDA:41,2,0,2
BRDA:41,2,1,0
BRDA:42,3,0,1
BRDA:42,3,1,1
BRDA:62,4,0,0
BRDA:62,4,1,0
BRDA:70,5,0,0
BRDA:70,5,1,0
BRDA:88,6,0,0
BRDA:88,6,1,0
BRDA:95,7,0,0
BRDA:95,7,1,0
BRDA:101,8,0,0
BRDA:101,8,1,0
BRDA:102,9,0,0
BRDA:102,9,1,0
BRDA:103,10,0,0
BRDA:103,10,1,0
BRDA:104,11,0,0
BRDA:104,11,1,0
BRDA:104,11,2,0
BRDA:108,12,0,0
BRDA:108,12,1,0
BRDA:110,13,0,0
BRDA:110,13,1,0
BRDA:122,14,0,0
BRDA:122,14,1,0
BRDA:123,15,0,0
BRDA:123,15,1,0
BRF:32
BRH:4
end_of_record
TN:
SF:lib\supabase\schema\driver-loads.ts
FN:59,driverLoadsFilter
FNF:1
FNH:0
FNDA:0,driverLoadsFilter
DA:7,1
DA:10,1
DA:12,1
DA:15,1
DA:42,1
DA:48,1
DA:56,1
DA:60,0
LF:8
LH:7
BRF:0
BRH:0
end_of_record
TN:
SF:lib\telemetry\driver-status.ts
FN:14,statusErrorCode
FN:21,(anonymous_1)
FN:24,(anonymous_2)
FN:27,(anonymous_3)
FNF:4
FNH:0
FNDA:0,statusErrorCode
FNDA:0,(anonymous_1)
FNDA:0,(anonymous_2)
FNDA:0,(anonymous_3)
DA:5,0
DA:15,0
DA:16,0
DA:20,0
DA:22,0
DA:25,0
DA:31,0
LF:7
LH:0
BRDA:15,0,0,0
BRDA:15,0,1,0
BRF:2
BRH:0
end_of_record
TN:
SF:lib\telemetry\index.ts
FNF:0
FNH:0
LF:0
LH:0
BRF:0
BRH:0
end_of_record
TN:
SF:lib\tms\assert-driver-status.ts
FN:10,assertDriverFieldStatusTarget
FNF:1
FNH:1
FNDA:10,assertDriverFieldStatusTarget
DA:11,10
DA:12,4
LF:2
LH:2
BRDA:11,0,0,4
BRDA:11,0,1,6
BRF:2
BRH:2
end_of_record
TN:
SF:lib\tms\client.ts
FN:6,getTmsApiUrl
FN:11,requireTmsApiUrl
FN:23,tmsApiPath
FNF:3
FNH:3
FNDA:9,getTmsApiUrl
FNDA:9,requireTmsApiUrl
FNDA:8,tmsApiPath
DA:7,9
DA:12,9
DA:13,9
DA:14,2
DA:19,7
DA:24,8
DA:25,7
DA:26,7
LF:8
LH:8
BRDA:13,0,0,2
BRDA:13,0,1,7
BRDA:25,1,0,7
BRDA:25,1,1,0
BRF:4
BRH:3
end_of_record
TN:
SF:lib\tms\errors.ts
FN:18,(anonymous_0)
FN:32,getStatusChangeErrorMessage
FNF:2
FNH:1
FNDA:18,(anonymous_0)
FNDA:0,getStatusChangeErrorMessage
DA:23,18
DA:24,18
DA:25,18
DA:26,18
DA:27,18
DA:33,0
DA:34,0
DA:35,0
LF:8
LH:5
BRDA:33,0,0,0
BRDA:33,0,1,0
BRDA:34,1,0,0
BRDA:34,1,1,0
BRDA:34,2,0,0
BRDA:34,2,1,0
BRF:6
BRH:0
end_of_record
TN:
SF:lib\tms\index.ts
FNF:0
FNH:0
LF:0
LH:0
BRF:0
BRH:0
end_of_record
TN:
SF:lib\tms\parse-status-error.ts
FN:5,isRecord
FN:9,readStringArray
FN:11,(anonymous_2)
FN:16,parseStatusPatchError
FN:35,(anonymous_4)
FNF:5
FNH:5
FNDA:7,isRecord
FNDA:14,readStringArray
FNDA:6,(anonymous_2)
FNDA:7,parseStatusPatchError
FNDA:3,(anonymous_4)
DA:6,7
DA:10,14
DA:11,6
DA:12,4
DA:20,7
DA:22,7
DA:23,7
DA:24,7
DA:25,7
DA:27,7
DA:28,2
DA:34,5
DA:35,3
DA:36,2
DA:37,2
DA:44,3
DA:45,1
DA:51,2
DA:52,0
DA:55,2
DA:56,2
DA:63,0
DA:64,0
DA:70,0
LF:24
LH:20
BRDA:6,0,0,7
BRDA:6,0,1,7
BRDA:6,0,2,7
BRDA:10,1,0,10
BRDA:10,1,1,4
BRDA:12,2,0,4
BRDA:12,2,1,0
BRDA:20,3,0,7
BRDA:20,3,1,0
BRDA:22,4,0,7
BRDA:22,4,1,0
BRDA:23,5,0,2
BRDA:23,5,1,5
BRDA:27,6,0,2
BRDA:27,6,1,5
BRDA:29,7,0,2
BRDA:29,7,1,0
BRDA:34,8,0,2
BRDA:34,8,1,3
BRDA:34,9,0,5
BRDA:34,9,1,3
BRDA:35,10,0,2
BRDA:35,10,1,0
BRDA:36,11,0,2
BRDA:36,11,1,0
BRDA:38,12,0,2
BRDA:38,12,1,0
BRDA:44,13,0,1
BRDA:44,13,1,2
BRDA:46,14,0,1
BRDA:46,14,1,0
BRDA:51,15,0,0
BRDA:51,15,1,2
BRDA:52,16,0,0
BRDA:52,16,1,0
BRDA:55,17,0,2
BRDA:55,17,1,0
BRDA:57,18,0,2
BRDA:57,18,1,0
BRDA:63,19,0,0
BRDA:63,19,1,0
BRDA:63,20,0,0
BRDA:63,20,1,0
BRDA:65,21,0,0
BRDA:65,21,1,0
BRDA:71,22,0,0
BRDA:71,22,1,0
BRF:47
BRH:26
end_of_record
TN:
SF:lib\tms\patch-load-status.ts
FN:25,patchLoadStatus
FNF:1
FNH:1
FNDA:8,patchLoadStatus
DA:28,8
DA:30,8
DA:31,6
DA:34,7
DA:35,7
DA:38,7
DA:39,7
DA:41,1
DA:47,6
DA:48,6
DA:49,6
DA:50,5
DA:51,5
DA:53,0
DA:57,6
DA:58,3
LF:16
LH:15
BRDA:28,0,0,6
BRDA:30,1,0,6
BRDA:30,1,1,2
BRDA:49,2,0,5
BRDA:49,2,1,1
BRDA:57,3,0,3
BRDA:57,3,1,3
BRF:7
BRH:7
end_of_record
TN:
SF:lib\tms\status-patch-request.ts
FN:9,buildStatusPatchPath
FN:13,buildStatusPatchPayload
FN:17,buildStatusPatchBody
FN:21,buildStatusPatchHeaders
FN:37,buildStatusPatchRequestInit
FNF:5
FNH:5
FNDA:12,buildStatusPatchPath
FNDA:13,buildStatusPatchPayload
FNDA:12,buildStatusPatchBody
FNDA:12,buildStatusPatchHeaders
FNDA:8,buildStatusPatchRequestInit
DA:10,12
DA:14,13
DA:18,12
DA:22,12
DA:23,12
DA:41,8
LF:6
LH:6
BRF:0
BRH:0
end_of_record
