TN:
SF:components\loads\DriverActionBar.tsx
FN:17,DriverActionBar
FN:29,(anonymous_1)
FN:40,(anonymous_2)
FN:65,(anonymous_3)
FN:72,(anonymous_4)
FNF:5
FNH:0
FNDA:0,DriverActionBar
FNDA:0,(anonymous_1)
FNDA:0,(anonymous_2)
FNDA:0,(anonymous_3)
FNDA:0,(anonymous_4)
DA:22,0
DA:23,0
DA:24,0
DA:26,0
DA:27,0
DA:29,0
DA:30,0
DA:31,0
DA:32,0
DA:34,0
DA:35,0
DA:36,0
DA:38,0
DA:39,0
DA:40,0
DA:41,0
DA:42,0
DA:45,0
DA:48,0
DA:49,0
DA:56,0
DA:66,0
DA:72,0
DA:80,0
LF:24
LH:0
BRDA:30,0,0,0
BRDA:30,0,1,0
BRDA:34,1,0,0
BRDA:34,1,1,0
BRDA:48,2,0,0
BRDA:48,2,1,0
BRDA:59,3,0,0
BRDA:59,3,1,0
BRDA:60,4,0,0
BRDA:60,4,1,0
BRDA:71,5,0,0
BRDA:71,5,1,0
BRDA:71,5,2,0
BRF:13
BRH:0
end_of_record
TN:
SF:components\loads\LoadDetailContent.tsx
FN:31,LoadDetailContent
FN:52,(anonymous_1)
FNF:2
FNH:0
FNDA:0,LoadDetailContent
FNDA:0,(anonymous_1)
DA:37,0
DA:53,0
DA:209,0
LF:3
LH:0
BRDA:39,0,0,0
BRDA:39,0,1,0
BRDA:49,1,0,0
BRDA:49,1,1,0
BRDA:75,2,0,0
BRDA:75,2,1,0
BRDA:81,3,0,0
BRDA:81,3,1,0
BRDA:84,4,0,0
BRDA:84,4,1,0
BRDA:87,5,0,0
BRDA:87,5,1,0
BRDA:96,6,0,0
BRDA:96,6,1,0
BRDA:98,7,0,0
BRDA:98,7,1,0
BRDA:101,8,0,0
BRDA:101,8,1,0
BRDA:104,9,0,0
BRDA:104,9,1,0
BRDA:105,10,0,0
BRDA:105,10,1,0
BRDA:106,11,0,0
BRDA:106,11,1,0
BRDA:112,12,0,0
BRDA:112,12,1,0
BRDA:114,13,0,0
BRDA:114,13,1,0
BRDA:117,14,0,0
BRDA:117,14,1,0
BRDA:120,15,0,0
BRDA:120,15,1,0
BRDA:123,16,0,0
BRDA:123,16,1,0
BRDA:126,17,0,0
BRDA:126,17,1,0
BRDA:129,18,0,0
BRDA:129,18,1,0
BRDA:135,19,0,0
BRDA:135,19,1,0
BRDA:137,20,0,0
BRDA:137,20,1,0
BRDA:143,21,0,0
BRDA:143,21,1,0
BRDA:149,22,0,0
BRDA:149,22,1,0
BRDA:155,23,0,0
BRDA:155,23,1,0
BRDA:165,24,0,0
BRDA:165,24,1,0
BRDA:169,25,0,0
BRDA:169,25,1,0
BRDA:173,26,0,0
BRDA:173,26,1,0
BRDA:177,27,0,0
BRDA:177,27,1,0
BRDA:183,28,0,0
BRDA:183,28,1,0
BRF:58
BRH:0
end_of_record
TN:
SF:components\loads\LoadDetailRow.tsx
FN:11,LoadDetailRow
FN:20,LoadDetailMeta
FNF:2
FNH:0
FNDA:0,LoadDetailRow
FNDA:0,LoadDetailMeta
DA:12,0
DA:21,0
DA:24,0
LF:3
LH:0
BRDA:13,0,0,0
BRDA:13,0,1,0
BRF:2
BRH:0
end_of_record
TN:
SF:components\loads\LoadListItem.tsx
FN:14,LoadListItem
FN:18,(anonymous_1)
FNF:2
FNH:0
FNDA:0,LoadListItem
FNDA:0,(anonymous_1)
DA:15,0
DA:18,0
DA:41,0
LF:3
LH:0
BRDA:18,0,0,0
BRDA:18,0,1,0
BRDA:23,1,0,0
BRDA:23,1,1,0
BRDA:29,2,0,0
BRDA:29,2,1,0
BRDA:29,3,0,0
BRDA:29,3,1,0
BRDA:34,4,0,0
BRDA:34,4,1,0
BRF:10
BRH:0
end_of_record
TN:
SF:components\ui\Button.tsx
FN:22,Button
FN:36,(anonymous_1)
FNF:2
FNH:0
FNDA:0,Button
FNDA:0,(anonymous_1)
DA:30,0
DA:32,0
DA:36,0
DA:55,0
LF:4
LH:0
BRDA:24,0,0,0
BRDA:25,1,0,0
BRDA:30,2,0,0
BRDA:30,2,1,0
BRDA:39,3,0,0
BRDA:39,3,1,0
BRDA:40,4,0,0
BRDA:40,4,1,0
BRDA:40,4,2,0
BRDA:44,5,0,0
BRDA:44,5,1,0
BRDA:46,6,0,0
BRDA:46,6,1,0
BRDA:49,7,0,0
BRDA:49,7,1,0
BRF:15
BRH:0
end_of_record
TN:
SF:components\ui\Card.tsx
FN:11,Card
FNF:1
FNH:0
FNDA:0,Card
DA:12,0
DA:20,0
LF:2
LH:0
BRDA:14,0,0,0
BRDA:14,0,1,0
BRF:2
BRH:0
end_of_record
TN:
SF:components\ui\EmptyState.tsx
FN:12,EmptyState
FNF:1
FNH:0
FNDA:0,EmptyState
DA:17,0
DA:26,0
LF:2
LH:0
BRDA:15,0,0,0
BRF:1
BRH:0
end_of_record
TN:
SF:components\ui\ErrorBanner.tsx
FN:11,ErrorBanner
FN:19,(anonymous_1)
FNF:2
FNH:0
FNDA:0,ErrorBanner
FNDA:0,(anonymous_1)
DA:12,0
DA:19,0
DA:27,0
LF:3
LH:0
BRDA:15,0,0,0
BRDA:15,0,1,0
BRDA:15,1,0,0
BRDA:15,1,1,0
BRDA:19,2,0,0
BRDA:19,2,1,0
BRF:6
BRH:0
end_of_record
TN:
SF:components\ui\Input.tsx
FN:10,Input
FNF:1
FNH:0
FNDA:0,Input
DA:11,0
DA:24,0
LF:2
LH:0
BRDA:16,0,0,0
BRDA:16,0,1,0
BRDA:19,1,0,0
BRDA:19,1,1,0
BRF:4
BRH:0
end_of_record
TN:
SF:components\ui\Screen.tsx
FN:13,Screen
FNF:1
FNH:0
FNDA:0,Screen
DA:14,0
DA:24,0
DA:31,0
LF:3
LH:0
BRDA:13,0,0,0
BRDA:14,1,0,0
BRDA:14,1,1,0
BRF:3
BRH:0
end_of_record
TN:
SF:components\ui\ScreenState.tsx
FN:22,LoadingState
FN:42,ErrorState
FNF:2
FNH:0
FNDA:0,LoadingState
FNDA:0,ErrorState
DA:27,0
DA:49,0
DA:57,0
LF:3
LH:0
BRDA:24,0,0,0
BRDA:52,1,0,0
BRDA:52,1,1,0
BRF:3
BRH:0
end_of_record
TN:
SF:components\ui\StatusBadge.tsx
FN:12,StatusBadge
FNF:1
FNH:1
FNDA:2,StatusBadge
DA:13,2
DA:27,1
LF:2
LH:2
BRDA:18,0,0,1
BRDA:18,0,1,1
BRF:2
BRH:2
end_of_record
TN:
SF:context\AuthContext.tsx
FN:41,AuthProvider
FN:47,(anonymous_1)
FN:54,(anonymous_2)
FN:67,(anonymous_3)
FN:81,(anonymous_4)
FN:88,(anonymous_5)
FN:92,(anonymous_6)
FN:102,(anonymous_7)
FN:111,(anonymous_8)
FN:118,(anonymous_9)
FN:145,useAuth
FNF:11
FNH:0
FNDA:0,AuthProvider
FNDA:0,(anonymous_1)
FNDA:0,(anonymous_2)
FNDA:0,(anonymous_3)
FNDA:0,(anonymous_4)
FNDA:0,(anonymous_5)
FNDA:0,(anonymous_6)
FNDA:0,(anonymous_7)
FNDA:0,(anonymous_8)
FNDA:0,(anonymous_9)
FNDA:0,useAuth
DA:39,4
DA:42,0
DA:43,0
DA:44,0
DA:45,0
DA:47,0
DA:48,0
DA:49,0
DA:50,0
DA:51,0
DA:54,0
DA:55,0
DA:56,0
DA:60,0
DA:61,0
DA:62,0
DA:64,0
DA:67,0
DA:68,0
DA:69,0
DA:70,0
DA:74,0
DA:75,0
DA:76,0
DA:78,0
DA:81,0
DA:82,0
DA:83,0
DA:84,0
DA:85,0
DA:88,0
DA:89,0
DA:90,0
DA:92,0
DA:93,0
DA:94,0
DA:95,0
DA:96,0
DA:97,0
DA:100,0
DA:102,0
DA:103,0
DA:104,0
DA:105,0
DA:106,0
DA:107,0
DA:111,0
DA:112,0
DA:113,0
DA:117,0
DA:118,0
DA:142,0
DA:146,0
DA:147,0
DA:148,0
DA:150,0
LF:56
LH:1
BRDA:60,0,0,0
BRDA:60,0,1,0
BRDA:74,1,0,0
BRDA:74,1,1,0
BRDA:94,2,0,0
BRDA:94,2,1,0
BRDA:103,3,0,0
BRDA:103,3,1,0
BRDA:106,4,0,0
BRDA:106,4,1,0
BRDA:121,5,0,0
BRDA:121,5,1,0
BRDA:147,6,0,0
BRDA:147,6,1,0
BRF:14
BRH:0
end_of_record
TN:
SF:context\LoadsContext.tsx
FN:28,LoadsProvider
FN:32,(anonymous_1)
FN:32,(anonymous_2)
FN:36,(anonymous_3)
FN:37,(anonymous_4)
FN:38,(anonymous_5)
FN:42,(anonymous_6)
FN:46,(anonymous_7)
FN:47,(anonymous_8)
FN:48,(anonymous_9)
FN:57,(anonymous_10)
FN:70,useLoads
FNF:12
FNH:5
FNDA:9,LoadsProvider
FNDA:9,(anonymous_1)
FNDA:4,(anonymous_2)
FNDA:0,(anonymous_3)
FNDA:0,(anonymous_4)
FNDA:0,(anonymous_5)
FNDA:0,(anonymous_6)
FNDA:0,(anonymous_7)
FNDA:0,(anonymous_8)
FNDA:0,(anonymous_9)
FNDA:9,(anonymous_10)
FNDA:9,useLoads
DA:20,2
DA:29,9
DA:31,9
DA:32,9
DA:36,9
DA:37,0
DA:38,0
DA:42,9
DA:43,0
DA:46,9
DA:47,0
DA:48,0
DA:49,0
DA:50,0
DA:51,0
DA:52,0
DA:56,9
DA:57,9
DA:67,9
DA:71,9
DA:72,9
DA:73,0
DA:75,9
LF:23
LH:13
BRDA:28,0,0,0
BRDA:38,1,0,0
BRDA:38,1,1,0
BRDA:49,2,0,0
BRDA:49,2,1,0
BRDA:72,3,0,0
BRDA:72,3,1,9
BRF:7
BRH:1
end_of_record
TN:
SF:hooks\useAssignedLoadsQuery.ts
FN:30,useAssignedLoadsQuery
FN:55,(anonymous_1)
FN:64,(anonymous_2)
FN:69,(anonymous_3)
FN:69,(anonymous_4)
FN:77,(anonymous_5)
FN:84,(anonymous_6)
FN:90,(anonymous_7)
FNF:8
FNH:6
FNDA:8,useAssignedLoadsQuery
FNDA:4,(anonymous_1)
FNDA:12,(anonymous_2)
FNDA:7,(anonymous_3)
FNDA:4,(anonymous_4)
FNDA:0,(anonymous_5)
FNDA:0,(anonymous_6)
FNDA:1,(anonymous_7)
DA:31,8
DA:32,8
DA:33,8
DA:35,8
DA:36,8
DA:43,8
DA:51,8
DA:56,4
DA:59,4
DA:60,1
DA:62,3
DA:65,12
DA:68,8
DA:69,7
DA:73,8
DA:74,8
DA:75,8
DA:77,8
DA:78,0
DA:79,0
DA:81,0
DA:84,8
DA:85,0
DA:88,8
DA:90,8
DA:91,1
DA:92,0
DA:94,1
DA:98,8
DA:102,8
DA:105,8
DA:108,8
LF:32
LH:27
BRDA:35,0,0,8
BRDA:35,0,1,0
BRDA:59,1,0,1
BRDA:59,1,1,3
BRDA:65,2,0,5
BRDA:65,2,1,7
BRDA:69,3,0,7
BRDA:69,3,1,4
BRDA:74,4,0,8
BRDA:74,4,1,5
BRDA:75,5,0,8
BRDA:75,5,1,5
BRDA:78,6,0,0
BRDA:78,6,1,0
BRDA:91,7,0,0
BRDA:91,7,1,1
BRDA:91,8,0,1
BRDA:91,8,1,1
BRDA:98,9,0,8
BRDA:98,9,1,8
BRDA:98,9,2,8
BRDA:98,9,3,7
BRDA:98,9,4,3
BRDA:102,10,0,8
BRDA:102,10,1,0
BRDA:105,11,0,8
BRDA:105,11,1,7
BRDA:106,12,0,1
BRDA:106,12,1,6
BRF:29
BRH:24
end_of_record
TN:
SF:hooks\useAuth.ts
FNF:0
FNH:0
LF:0
LH:0
BRF:0
BRH:0
end_of_record
TN:
SF:hooks\useLoadDetailQuery.ts
FN:27,useLoadDetailQuery
FN:56,(anonymous_1)
FN:69,(anonymous_2)
FNF:3
FNH:2
FNDA:9,useLoadDetailQuery
FNDA:4,(anonymous_1)
FNDA:0,(anonymous_2)
DA:28,9
DA:29,9
DA:30,9
DA:31,9
DA:33,9
DA:34,9
DA:36,9
DA:44,9
DA:52,9
DA:57,4
DA:62,4
DA:63,1
DA:65,3
DA:69,9
DA:70,0
DA:71,0
DA:73,0
DA:76,9
DA:77,9
DA:80,9
DA:85,9
DA:86,9
DA:87,9
DA:90,9
DA:94,9
DA:100,9
LF:26
LH:23
BRDA:33,0,0,9
BRDA:33,0,1,0
BRDA:34,1,0,9
BRDA:34,1,1,0
BRDA:44,2,0,9
BRDA:44,2,1,8
BRDA:53,3,0,9
BRDA:53,3,1,0
BRDA:62,4,0,1
BRDA:62,4,1,3
BRDA:70,5,0,0
BRDA:70,5,1,0
BRDA:70,6,0,0
BRDA:70,6,1,0
BRDA:80,7,0,9
BRDA:80,7,1,9
BRDA:80,7,2,9
BRDA:80,7,3,9
BRDA:80,7,4,8
BRDA:80,7,5,2
BRDA:86,8,0,9
BRDA:86,8,1,5
BRDA:87,9,0,9
BRDA:87,9,1,5
BRDA:87,9,2,4
BRDA:90,10,0,9
BRDA:90,10,1,8
BRDA:91,11,0,1
BRDA:91,11,1,7
BRDA:94,12,0,9
BRDA:94,12,1,9
BRDA:94,12,2,8
BRDA:94,12,3,5
BRDA:94,12,4,1
BRF:34
BRH:27
end_of_record
TN:
SF:hooks\useProfile.ts
FNF:0
FNH:0
LF:0
LH:0
BRF:0
BRH:0
end_of_record
TN:
SF:hooks\testing\hooks-test-utils.tsx
FN:11,createTestQueryClient
FN:30,(anonymous_1)
FN:38,createHookWrapper
FN:41,Wrapper
FN:52,renderDriverHook
FNF:5
FNH:4
FNDA:9,createTestQueryClient
FNDA:0,(anonymous_1)
FNDA:9,createHookWrapper
FNDA:9,Wrapper
FNDA:9,renderDriverHook
DA:9,2
DA:12,9
DA:19,2
DA:25,2
DA:39,9
DA:42,9
DA:49,9
DA:56,9
DA:57,9
LF:9
LH:9
BRDA:38,0,0,0
BRDA:39,1,0,9
BRDA:39,1,1,9
BRDA:44,2,0,9
BRDA:44,2,1,7
BRDA:56,3,0,9
BRDA:56,3,1,7
BRF:7
BRH:6
end_of_record
TN:
SF:hooks\testing\fixtures\mock-load-detail.ts
FN:5,createMockLoadDetail
FNF:1
FNH:1
FNDA:7,createMockLoadDetail
DA:8,7
LF:1
LH:1
BRDA:6,0,0,0
BRF:1
BRH:0
end_of_record
TN:
SF:lib\auth\expected-auth-errors.ts
FN:5,isExpectedAuthError
FNF:1
FNH:0
FNDA:0,isExpectedAuthError
DA:3,4
DA:6,0
LF:2
LH:1
BRF:0
BRH:0
end_of_record
TN:
SF:lib\auth\mock-credentials.ts
FN:4,isMockCredentials
FNF:1
FNH:0
FNDA:0,isMockCredentials
DA:5,0
LF:1
LH:0
BRDA:6,0,0,0
BRDA:6,0,1,0
BRF:2
BRH:0
end_of_record
TN:
SF:lib\auth\redirect-uri.ts
FN:4,getAuthRedirectUri
FNF:1
FNH:0
FNDA:0,getAuthRedirectUri
DA:5,0
LF:1
LH:0
BRF:0
BRH:0
end_of_record
TN:
SF:lib\config\env.ts
FN:5,requireEnv
FNF:1
FNH:0
FNDA:0,requireEnv
DA:6,0
DA:7,0
DA:11,0
DA:14,0
DA:16,0
DA:17,0
DA:22,0
LF:7
LH:0
BRDA:6,0,0,0
BRDA:6,0,1,0
BRDA:14,1,0,0
BRDA:14,1,1,0
BRDA:16,2,0,0
BRDA:16,2,1,0
BRDA:25,3,0,0
BRDA:25,3,1,0
BRDA:29,4,0,0
BRDA:29,4,1,0
BRDA:34,5,0,0
BRDA:34,5,1,0
BRDA:34,5,2,0
BRDA:42,6,0,0
BRDA:42,6,1,0
BRF:15
BRH:0
end_of_record
TN:
SF:lib\loads\active-holds.ts
FN:2,getActiveHoldKeysFromLoad
FN:29,formatHoldLabel
FNF:2
FNH:2
FNDA:20,getActiveHoldKeysFromLoad
FNDA:3,formatHoldLabel
DA:10,20
DA:11,20
DA:12,20
DA:13,20
DA:14,20
DA:15,20
DA:16,20
DA:17,20
DA:20,4
DA:30,3
LF:10
LH:10
BRDA:11,0,0,4
BRDA:11,0,1,16
BRDA:12,1,0,1
BRDA:12,1,1,19
BRDA:13,2,0,1
BRDA:13,2,1,19
BRDA:14,3,0,1
BRDA:14,3,1,19
BRDA:15,4,0,1
BRDA:15,4,1,19
BRDA:16,5,0,3
BRDA:16,5,1,17
BRDA:30,6,0,3
BRDA:30,6,1,1
BRF:14
BRH:14
end_of_record
TN:
SF:lib\loads\constants.ts
FNF:0
FNH:0
DA:4,2
DA:23,2
LF:2
LH:2
BRF:0
BRH:0
end_of_record
TN:
SF:lib\loads\driver-actions.ts
FN:6,getDriverActionsForStatus
FN:8,(anonymous_1)
FN:11,canDriverTransition
FNF:3
FNH:3
FNDA:4,getDriverActionsForStatus
FNDA:10,(anonymous_1)
FNDA:2,canDriverTransition
DA:7,4
DA:8,10
DA:12,2
LF:3
LH:3
BRDA:7,0,0,4
BRDA:7,0,1,0
BRDA:8,1,0,10
BRDA:8,1,1,4
BRF:4
BRH:3
end_of_record
TN:
SF:lib\loads\format.ts
FN:14,formatLoadStatus
FN:18,formatAppointment
FN:30,formatAppointmentRange
FN:43,formatReference
FNF:4
FNH:4
FNDA:11,formatLoadStatus
FNDA:11,formatAppointment
FNDA:4,formatAppointmentRange
FNDA:2,formatReference
DA:3,2
DA:15,11
DA:19,11
DA:20,9
DA:21,9
DA:22,8
DA:34,4
DA:35,3
DA:36,2
DA:37,2
DA:38,2
DA:40,1
DA:44,2
LF:13
LH:13
BRDA:15,0,0,11
BRDA:15,0,1,1
BRDA:19,1,0,2
BRDA:19,1,1,9
BRDA:21,2,0,1
BRDA:21,2,1,8
BRDA:34,3,0,1
BRDA:34,3,1,3
BRDA:34,4,0,4
BRDA:34,4,1,1
BRDA:35,5,0,2
BRDA:35,5,1,1
BRDA:35,6,0,3
BRDA:35,6,1,3
BRDA:38,7,0,1
BRDA:38,7,1,1
BRDA:40,8,0,1
BRDA:40,8,1,0
BRDA:44,9,0,1
BRDA:44,9,1,1
BRF:20
BRH:19
end_of_record
TN:
SF:lib\loads\index.ts
FNF:0
FNH:0
LF:0
LH:0
BRF:0
BRH:0
end_of_record
TN:
SF:lib\loads\load-detail-helpers.ts
FN:4,formatDisplayValue
FN:9,hasShipmentInfo
FN:19,hasContainerInfo
FN:30,hasTimeline
FN:39,hasLoadFlags
FNF:5
FNH:5
FNDA:4,formatDisplayValue
FNDA:2,hasShipmentInfo
FNDA:2,hasContainerInfo
FNDA:1,hasTimeline
FNDA:2,hasLoadFlags
DA:5,4
DA:6,4
DA:10,2
DA:20,2
DA:31,1
DA:40,2
LF:6
LH:6
BRDA:6,0,0,1
BRDA:6,0,1,3
BRDA:11,1,0,2
BRDA:11,1,1,2
BRDA:11,1,2,2
BRDA:11,1,3,1
BRDA:11,1,4,1
BRDA:21,2,0,2
BRDA:21,2,1,1
BRDA:21,2,2,1
BRDA:21,2,3,1
BRDA:21,2,4,1
BRDA:21,2,5,1
BRDA:32,3,0,1
BRDA:32,3,1,0
BRDA:32,3,2,0
BRDA:32,3,3,0
BRDA:40,4,0,2
BRDA:40,4,1,1
BRDA:40,4,2,1
BRF:20
BRH:17
end_of_record
TN:
SF:lib\logging\safe-log.ts
FN:8,redactValue
FN:16,sanitizeMeta
FN:35,(anonymous_2)
FN:45,(anonymous_3)
FN:49,(anonymous_4)
FNF:5
FNH:0
FNDA:0,redactValue
FNDA:0,sanitizeMeta
FNDA:0,(anonymous_2)
FNDA:0,(anonymous_3)
FNDA:0,(anonymous_4)
DA:3,4
DA:6,4
DA:9,0
DA:10,0
DA:11,0
DA:13,0
DA:17,0
DA:18,0
DA:19,0
DA:20,0
DA:22,0
DA:34,4
DA:36,0
DA:37,0
DA:38,0
DA:39,0
DA:41,0
DA:46,0
DA:47,0
DA:50,0
DA:51,0
LF:21
LH:3
BRDA:9,0,0,0
BRDA:9,0,1,0
BRDA:10,1,0,0
BRDA:10,1,1,0
BRDA:10,2,0,0
BRDA:10,2,1,0
BRDA:17,3,0,0
BRDA:17,3,1,0
BRDA:36,4,0,0
BRDA:36,4,1,0
BRDA:38,5,0,0
BRDA:38,5,1,0
BRDA:38,6,0,0
BRDA:38,6,1,0
BRDA:46,7,0,0
BRDA:46,7,1,0
BRDA:46,8,0,0
BRDA:46,8,1,0
BRDA:50,9,0,0
BRDA:50,9,1,0
BRF:20
BRH:0
end_of_record
TN:
SF:lib\query\QueryProvider.tsx
FN:7,QueryCacheAuthSync
FN:11,(anonymous_1)
FN:24,QueryProvider
FN:25,(anonymous_3)
FNF:4
FNH:0
FNDA:0,QueryCacheAuthSync
FNDA:0,(anonymous_1)
FNDA:0,QueryProvider
FNDA:0,(anonymous_3)
DA:8,0
DA:9,0
DA:11,0
DA:12,0
DA:13,0
DA:17,0
DA:25,0
DA:27,0
LF:8
LH:0
BRDA:12,0,0,0
BRDA:12,0,1,0
BRF:2
BRH:0
end_of_record
TN:
SF:lib\query\driver-query-gate.ts
FN:11,getDriverQueryGateError
FN:22,isDriverLoadsQueryEnabled
FNF:2
FNH:2
FNDA:17,getDriverQueryGateError
FNDA:17,isDriverLoadsQueryEnabled
DA:12,17
DA:13,17
DA:14,0
DA:16,17
DA:17,2
DA:19,15
DA:29,17
LF:7
LH:6
BRDA:13,0,0,0
BRDA:13,0,1,17
BRDA:13,1,0,17
BRDA:13,1,1,17
BRDA:16,2,0,2
BRDA:16,2,1,15
BRDA:17,3,0,2
BRDA:17,3,1,0
BRDA:30,4,0,17
BRDA:30,4,1,17
BRDA:30,4,2,17
BRDA:30,4,3,17
BRDA:30,4,4,15
BRF:13
BRH:11
end_of_record
TN:
SF:lib\query\index.ts
FNF:0
FNH:0
LF:0
LH:0
BRF:0
BRH:0
end_of_record
TN:
SF:lib\query\invalidate-loads.ts
FN:6,invalidateDriverLoads
FN:15,invalidateLoadDetail
FNF:2
FNH:0
FNDA:0,invalidateDriverLoads
FNDA:0,invalidateLoadDetail
DA:10,0
DA:20,0
LF:2
LH:0
BRF:0
BRH:0
end_of_record
TN:
SF:lib\query\patch-load-status.ts
FN:11,setLoadStatusInCache
FN:19,(anonymous_1)
FN:24,(anonymous_2)
FN:28,(anonymous_3)
FN:30,(anonymous_4)
FNF:5
FNH:0
FNDA:0,setLoadStatusInCache
FNDA:0,(anonymous_1)
FNDA:0,(anonymous_2)
FNDA:0,(anonymous_3)
FNDA:0,(anonymous_4)
DA:17,0
DA:19,0
DA:22,0
DA:25,0
DA:26,0
DA:28,0
DA:31,0
LF:7
LH:0
BRDA:19,0,0,0
BRDA:19,0,1,0
BRDA:25,1,0,0
BRDA:25,1,1,0
BRDA:31,2,0,0
BRDA:31,2,1,0
BRF:6
BRH:0
end_of_record
TN:
SF:lib\query\query-client.ts
FN:3,createAppQueryClient
FN:18,getQueryClient
FN:26,resetQueryClientForTests
FNF:3
FNH:0
FNDA:0,createAppQueryClient
FNDA:0,getQueryClient
FNDA:0,resetQueryClientForTests
DA:4,0
DA:16,0
DA:19,0
DA:20,0
DA:22,0
DA:27,0
LF:6
LH:0
BRDA:19,0,0,0
BRDA:19,0,1,0
BRF:2
BRH:0
end_of_record
TN:
SF:lib\query\query-keys.ts
FN:4,(anonymous_0)
FN:6,(anonymous_1)
FN:7,(anonymous_2)
FN:8,(anonymous_3)
FNF:4
FNH:3
FNDA:0,(anonymous_0)
FNDA:20,(anonymous_1)
FNDA:9,(anonymous_2)
FNDA:10,(anonymous_3)
DA:2,3
DA:4,0
DA:6,20
DA:7,9
DA:9,10
LF:5
LH:4
BRF:0
BRH:0
end_of_record
TN:
SF:lib\router\route-params.ts
FN:2,resolveRouteParam
FNF:1
FNH:1
FNDA:5,resolveRouteParam
DA:5,5
DA:6,4
DA:7,4
DA:8,4
LF:4
LH:4
BRDA:5,0,0,1
BRDA:5,0,1,4
BRDA:6,1,0,2
BRDA:6,1,1,2
BRDA:8,2,0,2
BRDA:8,2,1,2
BRF:6
BRH:6
end_of_record
TN:
SF:lib\supabase\assert-anon-key.ts
FN:5,assertSupabaseAnonKey
FNF:1
FNH:1
FNDA:3,assertSupabaseAnonKey
DA:6,3
DA:7,3
DA:8,1
DA:11,2
DA:12,2
DA:13,2
DA:14,2
DA:20,2
DA:21,1
DA:26,1
DA:27,1
LF:11
LH:11
BRDA:7,0,0,1
BRDA:7,0,1,2
BRDA:15,1,0,2
BRDA:15,1,1,0
BRDA:20,2,0,1
BRDA:20,2,1,1
BRDA:26,3,0,1
BRDA:26,3,1,0
BRDA:26,4,0,1
BRDA:26,4,1,1
BRF:10
BRH:8
end_of_record
TN:
SF:lib\supabase\auth-callback.ts
FN:14,handleAuthCallbackUrl
FNF:1
FNH:0
FNDA:0,handleAuthCallbackUrl
DA:15,0
DA:17,0
DA:18,0
DA:19,0
DA:26,0
DA:27,0
DA:29,0
DA:30,0
DA:31,0
DA:32,0
DA:33,0
DA:35,0
DA:38,0
DA:39,0
DA:41,0
DA:42,0
DA:46,0
DA:47,0
DA:48,0
DA:50,0
DA:53,0
LF:21
LH:0
BRDA:17,0,0,0
BRDA:17,0,1,0
BRDA:29,1,0,0
BRDA:29,1,1,0
BRDA:31,2,0,0
BRDA:31,2,1,0
BRDA:41,3,0,0
BRDA:41,3,1,0
BRDA:41,4,0,0
BRDA:41,4,1,0
BRDA:46,5,0,0
BRDA:46,5,1,0
BRF:12
BRH:0
end_of_record
TN:
SF:lib\supabase\auth-session.ts
FN:9,fetchInitialSession
FN:24,subscribeToAuthChanges
FN:28,(anonymous_2)
FN:31,(anonymous_3)
FNF:4
FNH:4
FNDA:2,fetchInitialSession
FNDA:1,subscribeToAuthChanges
FNDA:1,(anonymous_2)
FNDA:1,(anonymous_3)
DA:12,2
DA:13,2
DA:14,1
DA:16,1
DA:28,1
DA:29,1
DA:31,1
LF:7
LH:7
BRDA:13,0,0,1
BRDA:13,0,1,1
BRDA:16,1,0,1
BRDA:16,1,1,0
BRF:4
BRH:3
end_of_record
TN:
SF:lib\supabase\client.ts
FN:9,(anonymous_0)
FN:10,(anonymous_1)
FN:11,(anonymous_2)
FN:23,getSupabase
FN:39,resetSupabaseClientForTests
FNF:5
FNH:0
FNDA:0,(anonymous_0)
FNDA:0,(anonymous_1)
FNDA:0,(anonymous_2)
FNDA:0,getSupabase
FNDA:0,resetSupabaseClientForTests
DA:8,0
DA:9,0
DA:10,0
DA:11,0
DA:14,0
DA:24,0
DA:25,0
DA:26,0
DA:35,0
DA:40,0
LF:10
LH:0
BRDA:24,0,0,0
BRDA:24,0,1,0
BRF:2
BRH:0
end_of_record
TN:
SF:lib\supabase\index.ts
FNF:0
FNH:0
LF:0
LH:0
BRF:0
BRH:0
end_of_record
TN:
SF:lib\supabase\hooks\useAuth.ts
FNF:0
FNH:0
LF:0
LH:0
BRF:0
BRH:0
end_of_record
TN:
SF:lib\supabase\hooks\useProfile.ts
FN:20,useProfile
FN:26,(anonymous_1)
FN:47,(anonymous_2)
FN:54,(anonymous_3)
FN:85,(anonymous_4)
FNF:5
FNH:0
FNDA:0,useProfile
FNDA:0,(anonymous_1)
FNDA:0,(anonymous_2)
FNDA:0,(anonymous_3)
FNDA:0,(anonymous_4)
DA:21,0
DA:22,0
DA:23,0
DA:24,0
DA:26,0
DA:27,0
DA:28,0
DA:29,0
DA:30,0
DA:31,0
DA:34,0
DA:35,0
DA:37,0
DA:42,0
DA:43,0
DA:44,0
DA:47,0
DA:48,0
DA:49,0
DA:52,0
DA:54,0
DA:55,0
DA:56,0
DA:57,0
DA:58,0
DA:59,0
DA:61,0
DA:64,0
DA:65,0
DA:66,0
DA:69,0
DA:74,0
DA:75,0
DA:78,0
DA:79,0
DA:80,0
DA:83,0
DA:85,0
DA:86,0
DA:90,0
LF:40
LH:0
BRDA:27,0,0,0
BRDA:27,0,1,0
BRDA:27,1,0,0
BRDA:27,1,1,0
BRDA:48,2,0,0
BRDA:48,2,1,0
BRDA:55,3,0,0
BRDA:55,3,1,0
BRDA:55,4,0,0
BRDA:55,4,1,0
BRDA:56,5,0,0
BRDA:56,5,1,0
BRDA:64,6,0,0
BRDA:64,6,1,0
BRDA:74,7,0,0
BRDA:74,7,1,0
BRDA:92,8,0,0
BRDA:92,8,1,0
BRF:18
BRH:0
end_of_record
TN:
SF:lib\supabase\queries\index.ts
FNF:0
FNH:0
LF:0
LH:0
BRF:0
BRH:0
end_of_record
TN:
SF:lib\supabase\queries\loads.ts
FN:119,fetchDriverLoadsPage
FN:162,fetchLoadsForDriver
FN:177,fetchLoadDetailForDriver
FNF:3
FNH:0
FNDA:0,fetchDriverLoadsPage
FNDA:0,fetchLoadsForDriver
FNDA:0,fetchLoadDetailForDriver
DA:33,0
DA:58,0
DA:124,0
DA:125,0
DA:126,0
DA:127,0
DA:129,0
DA:136,0
DA:137,0
DA:147,0
DA:148,0
DA:149,0
DA:151,0
DA:167,0
DA:171,0
DA:182,0
DA:189,0
DA:190,0
DA:193,0
DA:194,0
DA:197,0
DA:198,0
LF:22
LH:0
BRDA:122,0,0,0
BRDA:124,1,0,0
BRDA:124,1,1,0
BRDA:125,2,0,0
BRDA:125,2,1,0
BRDA:136,3,0,0
BRDA:136,3,1,0
BRDA:147,4,0,0
BRDA:147,4,1,0
BRDA:149,5,0,0
BRDA:149,5,1,0
BRDA:165,6,0,0
BRDA:189,7,0,0
BRDA:189,7,1,0
BRDA:193,8,0,0
BRDA:193,8,1,0
BRF:16
BRH:0
end_of_record
TN:
SF:lib\supabase\queries\map-load-row.ts
FN:70,firstEmbed
FN:75,formatCustomerAddress
FN:81,(anonymous_2)
FN:109,mapLoadRowToDetail
FN:136,mapLoadDetailRowToDetail
FN:168,mapLoadRowsToDetails
FN:173,hasMoreDriverLoads
FNF:7
FNH:7
FNDA:36,firstEmbed
FNDA:2,formatCustomerAddress
FNDA:3,(anonymous_2)
FNDA:15,mapLoadRowToDetail
FNDA:2,mapLoadDetailRowToDetail
FNDA:1,mapLoadRowsToDetails
FNDA:5,hasMoreDriverLoads
DA:71,36
DA:72,11
DA:76,2
DA:77,1
DA:81,3
DA:82,1
DA:85,3
DA:110,15
DA:111,15
DA:113,15
DA:137,2
DA:138,2
DA:139,2
DA:140,2
DA:142,2
DA:169,1
DA:179,5
DA:180,5
DA:181,4
DA:182,2
DA:184,2
LF:21
LH:21
BRDA:71,0,0,25
BRDA:71,0,1,11
BRDA:72,1,0,2
BRDA:72,1,1,9
BRDA:72,2,0,2
BRDA:72,2,1,0
BRDA:76,3,0,1
BRDA:76,3,1,1
BRDA:81,4,0,3
BRDA:81,4,1,3
BRDA:82,5,0,1
BRDA:82,5,1,0
BRDA:117,6,0,15
BRDA:117,6,1,11
BRDA:127,7,0,15
BRDA:127,7,1,12
BRDA:130,8,0,15
BRDA:130,8,1,14
BRDA:131,9,0,15
BRDA:131,9,1,14
BRDA:132,10,0,15
BRDA:132,10,1,13
BRDA:149,11,0,2
BRDA:149,11,1,0
BRDA:149,11,2,0
BRDA:151,12,0,2
BRDA:151,12,1,1
BRDA:151,12,2,1
BRDA:152,13,0,2
BRDA:152,13,1,1
BRDA:153,14,0,2
BRDA:153,14,1,1
BRDA:159,15,0,2
BRDA:159,15,1,1
BRDA:161,16,0,2
BRDA:161,16,1,1
BRDA:162,17,0,2
BRDA:162,17,1,1
BRDA:163,18,0,2
BRDA:163,18,1,2
BRDA:164,19,0,2
BRDA:164,19,1,1
BRDA:180,20,0,1
BRDA:180,20,1,4
BRDA:181,21,0,2
BRDA:181,21,1,2
BRF:46
BRH:42
end_of_record
TN:
SF:lib\supabase\queries\profile.ts
FN:12,fetchUserProfile
FNF:1
FNH:0
FNDA:0,fetchUserProfile
DA:10,0
DA:16,0
DA:22,0
DA:23,0
DA:26,0
DA:27,0
DA:30,0
LF:7
LH:0
BRDA:22,0,0,0
BRDA:22,0,1,0
BRDA:26,1,0,0
BRDA:26,1,1,0
BRF:4
BRH:0
end_of_record
TN:
SF:lib\supabase\schema\driver-loads.ts
FN:59,driverLoadsFilter
FNF:1
FNH:0
FNDA:0,driverLoadsFilter
DA:7,0
DA:10,0
DA:12,0
DA:15,0
DA:42,0
DA:48,0
DA:56,0
DA:60,0
LF:8
LH:0
BRF:0
BRH:0
end_of_record
